#
# A fatal error has been detected by the Java Runtime Environment:
#
#  SIGSEGV (0xb) at pc=0x00007f4a6661cfe5, pid=8247, tid=139956859696896
#
# JRE version: Java(TM) SE Runtime Environment (8.0_91-b14) (build 1.8.0_91-b14)
# Java VM: Java HotSpot(TM) 64-Bit Server VM (25.91-b14 mixed mode linux-amd64 compressed oops)
# Problematic frame:
# C  [libc.so.6+0x14dfe5]
#
# Failed to write core dump. Core dumps have been disabled. To enable core dumping, try "ulimit -c unlimited" before starting Java again
#
# If you would like to submit a bug report, please visit:
#   http://bugreport.java.com/bugreport/crash.jsp
# The crash happened outside the Java Virtual Machine in native code.
# See problematic frame for where to report the bug.
#

---------------  T H R E A D  ---------------

Current thread (0x00007f4a601dd800):  JavaThread "QuantumRenderer-0" daemon [_thread_in_native, id=8271, stack(0x00007f4a3ed7f000,0x00007f4a3ee80000)]

siginfo: si_signo: 11 (SIGSEGV), si_code: 2 (SEGV_ACCERR), si_addr: 0x0000000738ce0014

Registers:
RAX=0x00007f49d2f82c00, RBX=0x0000000000000000, RCX=0x000000000000000c, RDX=0x000000000000000c
RSP=0x00007f4a3ee7db98, RBP=0x0000000000002c0c, RSI=0x0000000738ce0010, RDI=0x00007f49d2f82c00
R8 =0x00007f4a3ee7dc00, R9 =0x0000000000000001, R10=0x000000002002033c, R11=0x00007f49e41898a0
R12=0x00007f4a3ee7dc00, R13=0x00007f49e41898a0, R14=0x0000000738ce0010, R15=0x0000000000002c00
RIP=0x00007f4a6661cfe5, EFLAGS=0x0000000000010202, CSGSFS=0x6948000000000033, ERR=0x0000000000000004
  TRAPNO=0x000000000000000e

Top of Stack: (sp=0x00007f4a3ee7db98)
0x00007f4a3ee7db98:   00007f49ea441aad 00007f4a3ee7e680
0x00007f4a3ee7dba8:   00007f4a516d4a04 00000005ca463680
0x00007f4a3ee7dbb8:   000000000000000c 0000000000000001
0x00007f4a3ee7dbc8:   0000000000000004 0000000000000000
0x00007f4a3ee7dbd8:   00007f49e41898a0 00007f49eab6f238
0x00007f4a3ee7dbe8:   00007f49ea55cd08 00007f49e40bc800
0x00007f4a3ee7dbf8:   00007f4a3ee7dc00 0000000000000006
0x00007f4a3ee7dc08:   69486b4e7f9f3f00 00000005ca419840
0x00007f4a3ee7dc18:   00007f49e41898a0 00007f49eab6f1d8
0x00007f4a3ee7dc28:   000000000003d08b 00007f49e418d300
0x00007f4a3ee7dc38:   00007f49e4189cb0 00007f49eab6f238
0x00007f4a3ee7dc48:   00007f49ea55203d 000000000000000f
0x00007f4a3ee7dc58:   00007f49e41898a0 00007f49e40bc310
0x00007f4a3ee7dc68:   00007f4a3ee7de50 0000000000000001
0x00007f4a3ee7dc78:   0000000000000000 00007f4a3ee7dd90
0x00007f4a3ee7dc88:   00007f49ea552217 000000050000001f
0x00007f4a3ee7dc98:   00000005ca52c4e0 00007f49e40bc800
0x00007f4a3ee7dca8:   00007f49ea55e0e8 00007f49e41898a0
0x00007f4a3ee7dcb8:   00000005ca767f28 00000000ca465f90
0x00007f4a3ee7dcc8:   00000005ca44ee68 00000005ca769460
0x00007f4a3ee7dcd8:   00007f49e40b3da0 00007f49bc2f4e10
0x00007f4a3ee7dce8:   0000000000000000 00007f49bc3db548
0x00007f4a3ee7dcf8:   00007f49ea39208d 00007f4a3ee7ddb4
0x00007f4a3ee7dd08:   00007f4a00000000 3ff0000a7c5ac472
0x00007f4a3ee7dd18:   00000005ca768480 00000000ca768818
0x00007f4a3ee7dd28:   00007f49bc3db4f0 00007f49bc316250
0x00007f4a3ee7dd38:   0000000000000000 00007f49e4152f28
0x00007f4a3ee7dd48:   69486b4e7f9f3f00 00007f49e418b8c8
0x00007f4a3ee7dd58:   00007f49e41b5edc 00007f49e4150ee0
0x00007f4a3ee7dd68:   00007f4a3ee7de50 0000000000000001
0x00007f4a3ee7dd78:   0000000000000000 00007f49e41b4420
0x00007f4a3ee7dd88:   00007f49ea3237f2 0000000600000000 

Instructions: (pc=0x00007f4a6661cfe5)
0x00007f4a6661cfc5:   fa 6f 7c 16 f0 c5 fa 7f 07 c5 fa 7f 7c 17 f0 c3
0x00007f4a6661cfd5:   90 66 2e 0f 1f 84 00 00 00 00 00 80 fa 08 72 1b
0x00007f4a6661cfe5:   48 8b 4c 16 f8 48 8b 36 48 89 37 48 89 4c 17 f8
0x00007f4a6661cff5:   c3 66 2e 0f 1f 84 00 00 00 00 00 80 fa 04 72 0d 

Register to memory mapping:

RAX=0x00007f49d2f82c00 is an unknown value
RBX=0x0000000000000000 is an unknown value
RCX=0x000000000000000c is an unknown value
RDX=0x000000000000000c is an unknown value
RSP=0x00007f4a3ee7db98 is pointing into the stack for thread: 0x00007f4a601dd800
RBP=0x0000000000002c0c is an unknown value
RSI=0x0000000738ce0010 is an unallocated location in the heap
RDI=0x00007f49d2f82c00 is an unknown value
R8 =0x00007f4a3ee7dc00 is pointing into the stack for thread: 0x00007f4a601dd800
R9 =0x0000000000000001 is an unknown value
R10=0x000000002002033c is an unknown value
R11=0x00007f49e41898a0 is an unknown value
R12=0x00007f4a3ee7dc00 is pointing into the stack for thread: 0x00007f4a601dd800
R13=0x00007f49e41898a0 is an unknown value
R14=0x0000000738ce0010 is an unallocated location in the heap
R15=0x0000000000002c00 is an unknown value


Stack: [0x00007f4a3ed7f000,0x00007f4a3ee80000],  sp=0x00007f4a3ee7db98,  free space=1018k
Native frames: (J=compiled Java code, j=interpreted, Vv=VM code, C=native code)
C  [libc.so.6+0x14dfe5]

Java frames: (J=compiled Java code, j=interpreted, Vv=VM code)
J 1843  com.sun.prism.es2.GLContext.nClearBuffers(JFFFFZZZ)V (0 bytes) @ 0x00007f4a5156c0ca [0x00007f4a5156c080+0x4a]
J 2681 C2 com.sun.prism.es2.ES2Graphics.clear(Lcom/sun/prism/paint/Color;)V (36 bytes) @ 0x00007f4a518692f0 [0x00007f4a51869220+0xd0]
J 2537 C1 com.sun.javafx.tk.quantum.ViewPainter.doPaint(Lcom/sun/prism/Graphics;Lcom/sun/javafx/sg/prism/NodePath;)V (205 bytes) @ 0x00007f4a517c93ac [0x00007f4a517c8cc0+0x6ec]
J 2224 C1 com.sun.javafx.tk.quantum.ViewPainter.paintImpl(Lcom/sun/prism/Graphics;)V (1457 bytes) @ 0x00007f4a51688b1c [0x00007f4a51685fc0+0x2b5c]
J 2478 C1 com.sun.javafx.tk.quantum.PresentingPainter.run()V (675 bytes) @ 0x00007f4a517857fc [0x00007f4a517837a0+0x205c]
J 2467 C1 java.util.concurrent.Executors$RunnableAdapter.call()Ljava/lang/Object; (14 bytes) @ 0x00007f4a51778554 [0x00007f4a51778440+0x114]
J 2524 C1 java.util.concurrent.FutureTask.runAndReset()Z (128 bytes) @ 0x00007f4a517bb8ac [0x00007f4a517bb640+0x26c]
J 2523 C1 com.sun.javafx.tk.RenderJob.run()V (105 bytes) @ 0x00007f4a517bea6c [0x00007f4a517be9e0+0x8c]
j  java.util.concurrent.ThreadPoolExecutor.runWorker(Ljava/util/concurrent/ThreadPoolExecutor$Worker;)V+95
j  java.util.concurrent.ThreadPoolExecutor$Worker.run()V+5
j  com.sun.javafx.tk.quantum.QuantumRenderer$PipelineRunnable.run()V+8
j  java.lang.Thread.run()V+11
v  ~StubRoutines::call_stub

---------------  P R O C E S S  ---------------

Java Threads: ( => current thread )
  0x00007f49d4252000 JavaThread "pool-2-thread-1" [_thread_in_native, id=8276, stack(0x00007f49e011e000,0x00007f49e021f000)]
  0x00007f49d42b4000 JavaThread "Prism Font Disposer" daemon [_thread_blocked, id=8275, stack(0x00007f49e0636000,0x00007f49e0737000)]
  0x00007f4a60248800 JavaThread "JavaFX-Launcher" [_thread_blocked, id=8274, stack(0x00007f49e87fd000,0x00007f49e88fe000)]
  0x00007f4a60245000 JavaThread "JavaFX Application Thread" [_thread_in_native, id=8273, stack(0x00007f49e897e000,0x00007f49e8a7f000)]
  0x00007f4a60241000 JavaThread "Thread-1" daemon [_thread_blocked, id=8272, stack(0x00007f4a10015000,0x00007f4a10116000)]
=>0x00007f4a601dd800 JavaThread "QuantumRenderer-0" daemon [_thread_in_native, id=8271, stack(0x00007f4a3ed7f000,0x00007f4a3ee80000)]
  0x00007f4a600e2800 JavaThread "Service Thread" daemon [_thread_blocked, id=8269, stack(0x00007f4a3f016000,0x00007f4a3f117000)]
  0x00007f4a600c5800 JavaThread "C1 CompilerThread3" daemon [_thread_blocked, id=8268, stack(0x00007f4a3f117000,0x00007f4a3f218000)]
  0x00007f4a600c3000 JavaThread "C2 CompilerThread2" daemon [_thread_blocked, id=8267, stack(0x00007f4a3f218000,0x00007f4a3f319000)]
  0x00007f4a600c1800 JavaThread "C2 CompilerThread1" daemon [_thread_blocked, id=8266, stack(0x00007f4a3f319000,0x00007f4a3f41a000)]
  0x00007f4a600be800 JavaThread "C2 CompilerThread0" daemon [_thread_blocked, id=8265, stack(0x00007f4a3f41a000,0x00007f4a3f51b000)]
  0x00007f4a600bd000 JavaThread "Signal Dispatcher" daemon [_thread_blocked, id=8264, stack(0x00007f4a3f51b000,0x00007f4a3f61c000)]
  0x00007f4a6008a000 JavaThread "Finalizer" daemon [_thread_blocked, id=8263, stack(0x00007f4a3f8f9000,0x00007f4a3f9fa000)]
  0x00007f4a60085000 JavaThread "Reference Handler" daemon [_thread_blocked, id=8262, stack(0x00007f4a3f9fa000,0x00007f4a3fafb000)]
  0x00007f4a60007800 JavaThread "main" [_thread_blocked, id=8252, stack(0x00007f4a66fce000,0x00007f4a670cf000)]

Other Threads:
  0x00007f4a6007d800 VMThread [stack: 0x00007f4a3fafb000,0x00007f4a3fbfc000] [id=8261]
  0x00007f4a600ed800 WatcherThread [stack: 0x00007f4a3ef15000,0x00007f4a3f016000] [id=8270]

VM state:not at safepoint (normal execution)

VM Mutex/Monitor currently owned by a thread: None

Heap:
 PSYoungGen      total 496128K, used 11096K [0x0000000718c00000, 0x0000000738a80000, 0x00000007c0000000)
  eden space 495616K, 2% used [0x0000000718c00000,0x0000000719696020,0x0000000737000000)
  from space 512K, 50% used [0x0000000738400000,0x0000000738440000,0x0000000738480000)
  to   space 6144K, 0% used [0x0000000738480000,0x0000000738480000,0x0000000738a80000)
 ParOldGen       total 343040K, used 5580K [0x00000005ca400000, 0x00000005df300000, 0x0000000718c00000)
  object space 343040K, 1% used [0x00000005ca400000,0x00000005ca9730a0,0x00000005df300000)
 Metaspace       used 15906K, capacity 16488K, committed 16640K, reserved 1062912K
  class space    used 2134K, capacity 2302K, committed 2304K, reserved 1048576K

Card table byte_map: [0x00007f4a50051000,0x00007f4a51000000] byte_map_base: 0x00007f4a4d1ff000

Marking Bits: (ParMarkBitMap*) 0x00007f4a664a2d60
 Begin Bits: [0x00007f4a10520000, 0x00007f4a18290000)
 End Bits:   [0x00007f4a18290000, 0x00007f4a20000000)

Polling page: 0x00007f4a670f2000

CodeCache: size=245760Kb used=9040Kb max_used=9054Kb free=236719Kb
 bounds [0x00007f4a51000000, 0x00007f4a518f0000, 0x00007f4a60000000]
 total_blobs=3342 nmethods=2729 adapters=526
 compilation: enabled

Compilation events (10 events):
Event: 4,996 Thread 0x00007f4a600be800 2725       4       java.util.ArrayList$Itr::checkForComodification (23 bytes)
Event: 4,996 Thread 0x00007f4a600be800 nmethod 2725 0x00007f4a5189bb90 code [0x00007f4a5189bce0, 0x00007f4a5189bd78]
Event: 5,014 Thread 0x00007f4a600c3000 2726       4       com.sun.javafx.geom.transform.AffineBase::transform3DBounds (653 bytes)
Event: 5,020 Thread 0x00007f4a600c3000 nmethod 2726 0x00007f4a518938d0 code [0x00007f4a51893b00, 0x00007f4a51894628]
Event: 5,054 Thread 0x00007f4a600c1800 2727  s!   4       com.sun.scenario.effect.impl.ImagePool::checkOut (447 bytes)
Event: 5,078 Thread 0x00007f4a600be800 2728       4       java.util.concurrent.atomic.AtomicBoolean::compareAndSet (35 bytes)
Event: 5,079 Thread 0x00007f4a600be800 nmethod 2728 0x00007f4a517cdc10 code [0x00007f4a517cdd60, 0x00007f4a517cddd8]
Event: 5,096 Thread 0x00007f4a600c1800 nmethod 2727 0x00007f4a518dfd10 code [0x00007f4a518e00a0, 0x00007f4a518e1e50]
Event: 5,134 Thread 0x00007f4a600c3000 2729       4       com.sun.scenario.effect.impl.Renderer::releaseCompatibleImage (37 bytes)
Event: 5,146 Thread 0x00007f4a600c3000 nmethod 2729 0x00007f4a51891a50 code [0x00007f4a51891c60, 0x00007f4a51892918]

GC Heap History (10 events):
Event: 2,677 GC heap before
{Heap before GC invocations=3 (full 0):
 PSYoungGen      total 150016K, used 134528K [0x0000000718c00000, 0x0000000723300000, 0x00000007c0000000)
  eden space 129024K, 100% used [0x0000000718c00000,0x0000000720a00000,0x0000000720a00000)
  from space 20992K, 26% used [0x0000000721e80000,0x00000007223e0068,0x0000000723300000)
  to   space 20992K, 0% used [0x0000000720a00000,0x0000000720a00000,0x0000000721e80000)
 ParOldGen       total 343040K, used 99K [0x00000005ca400000, 0x00000005df300000, 0x0000000718c00000)
  object space 343040K, 0% used [0x00000005ca400000,0x00000005ca418c40,0x00000005df300000)
 Metaspace       used 15884K, capacity 16488K, committed 16640K, reserved 1062912K
  class space    used 2133K, capacity 2302K, committed 2304K, reserved 1048576K
Event: 2,682 GC heap after
Heap after GC invocations=3 (full 0):
 PSYoungGen      total 150016K, used 5554K [0x0000000718c00000, 0x000000072b100000, 0x00000007c0000000)
  eden space 129024K, 0% used [0x0000000718c00000,0x0000000718c00000,0x0000000720a00000)
  from space 20992K, 26% used [0x0000000720a00000,0x0000000720f6cb08,0x0000000721e80000)
  to   space 20992K, 0% used [0x0000000729c80000,0x0000000729c80000,0x000000072b100000)
 ParOldGen       total 343040K, used 107K [0x00000005ca400000, 0x00000005df300000, 0x0000000718c00000)
  object space 343040K, 0% used [0x00000005ca400000,0x00000005ca41ac40,0x00000005df300000)
 Metaspace       used 15884K, capacity 16488K, committed 16640K, reserved 1062912K
  class space    used 2133K, capacity 2302K, committed 2304K, reserved 1048576K
}
Event: 2,923 GC heap before
{Heap before GC invocations=4 (full 0):
 PSYoungGen      total 150016K, used 134578K [0x0000000718c00000, 0x000000072b100000, 0x00000007c0000000)
  eden space 129024K, 100% used [0x0000000718c00000,0x0000000720a00000,0x0000000720a00000)
  from space 20992K, 26% used [0x0000000720a00000,0x0000000720f6cb08,0x0000000721e80000)
  to   space 20992K, 0% used [0x0000000729c80000,0x0000000729c80000,0x000000072b100000)
 ParOldGen       total 343040K, used 107K [0x00000005ca400000, 0x00000005df300000, 0x0000000718c00000)
  object space 343040K, 0% used [0x00000005ca400000,0x00000005ca41ac40,0x00000005df300000)
 Metaspace       used 15895K, capacity 16488K, committed 16640K, reserved 1062912K
  class space    used 2133K, capacity 2302K, committed 2304K, reserved 1048576K
Event: 2,928 GC heap after
Heap after GC invocations=4 (full 0):
 PSYoungGen      total 279040K, used 5648K [0x0000000718c00000, 0x000000072b100000, 0x00000007c0000000)
  eden space 258048K, 0% used [0x0000000718c00000,0x0000000718c00000,0x0000000728800000)
  from space 20992K, 26% used [0x0000000729c80000,0x000000072a204058,0x000000072b100000)
  to   space 20992K, 0% used [0x0000000728800000,0x0000000728800000,0x0000000729c80000)
 ParOldGen       total 343040K, used 115K [0x00000005ca400000, 0x00000005df300000, 0x0000000718c00000)
  object space 343040K, 0% used [0x00000005ca400000,0x00000005ca41cc40,0x00000005df300000)
 Metaspace       used 15895K, capacity 16488K, committed 16640K, reserved 1062912K
  class space    used 2133K, capacity 2302K, committed 2304K, reserved 1048576K
}
Event: 3,480 GC heap before
{Heap before GC invocations=5 (full 0):
 PSYoungGen      total 279040K, used 263696K [0x0000000718c00000, 0x000000072b100000, 0x00000007c0000000)
  eden space 258048K, 100% used [0x0000000718c00000,0x0000000728800000,0x0000000728800000)
  from space 20992K, 26% used [0x0000000729c80000,0x000000072a204058,0x000000072b100000)
  to   space 20992K, 0% used [0x0000000728800000,0x0000000728800000,0x0000000729c80000)
 ParOldGen       total 343040K, used 115K [0x00000005ca400000, 0x00000005df300000, 0x0000000718c00000)
  object space 343040K, 0% used [0x00000005ca400000,0x00000005ca41cc40,0x00000005df300000)
 Metaspace       used 15900K, capacity 16488K, committed 16640K, reserved 1062912K
  class space    used 2133K, capacity 2302K, committed 2304K, reserved 1048576K
Event: 3,486 GC heap after
Heap after GC invocations=5 (full 0):
 PSYoungGen      total 279040K, used 5584K [0x0000000718c00000, 0x0000000739000000, 0x00000007c0000000)
  eden space 258048K, 0% used [0x0000000718c00000,0x0000000718c00000,0x0000000728800000)
  from space 20992K, 26% used [0x0000000728800000,0x0000000728d74078,0x0000000729c80000)
  to   space 6144K, 0% used [0x0000000738a00000,0x0000000738a00000,0x0000000739000000)
 ParOldGen       total 343040K, used 123K [0x00000005ca400000, 0x00000005df300000, 0x0000000718c00000)
  object space 343040K, 0% used [0x00000005ca400000,0x00000005ca41ec40,0x00000005df300000)
 Metaspace       used 15900K, capacity 16488K, committed 16640K, reserved 1062912K
  class space    used 2133K, capacity 2302K, committed 2304K, reserved 1048576K
}
Event: 4,014 GC heap before
{Heap before GC invocations=6 (full 0):
 PSYoungGen      total 279040K, used 263632K [0x0000000718c00000, 0x0000000739000000, 0x00000007c0000000)
  eden space 258048K, 100% used [0x0000000718c00000,0x0000000728800000,0x0000000728800000)
  from space 20992K, 26% used [0x0000000728800000,0x0000000728d74078,0x0000000729c80000)
  to   space 6144K, 0% used [0x0000000738a00000,0x0000000738a00000,0x0000000739000000)
 ParOldGen       total 343040K, used 123K [0x00000005ca400000, 0x00000005df300000, 0x0000000718c00000)
  object space 343040K, 0% used [0x00000005ca400000,0x00000005ca41ec40,0x00000005df300000)
 Metaspace       used 15901K, capacity 16488K, committed 16640K, reserved 1062912K
  class space    used 2133K, capacity 2302K, committed 2304K, reserved 1048576K
Event: 4,020 GC heap after
Heap after GC invocations=6 (full 0):
 PSYoungGen      total 522240K, used 5637K [0x0000000718c00000, 0x0000000739000000, 0x00000007c0000000)
  eden space 516096K, 0% used [0x0000000718c00000,0x0000000718c00000,0x0000000738400000)
  from space 6144K, 91% used [0x0000000738a00000,0x0000000738f81548,0x0000000739000000)
  to   space 6144K, 0% used [0x0000000738400000,0x0000000738400000,0x0000000738a00000)
 ParOldGen       total 343040K, used 123K [0x00000005ca400000, 0x00000005df300000, 0x0000000718c00000)
  object space 343040K, 0% used [0x00000005ca400000,0x00000005ca41ec40,0x00000005df300000)
 Metaspace       used 15901K, capacity 16488K, committed 16640K, reserved 1062912K
  class space    used 2133K, capacity 2302K, committed 2304K, reserved 1048576K
}
Event: 5,146 GC heap before
{Heap before GC invocations=7 (full 0):
 PSYoungGen      total 522240K, used 521733K [0x0000000718c00000, 0x0000000739000000, 0x00000007c0000000)
  eden space 516096K, 100% used [0x0000000718c00000,0x0000000738400000,0x0000000738400000)
  from space 6144K, 91% used [0x0000000738a00000,0x0000000738f81548,0x0000000739000000)
  to   space 6144K, 0% used [0x0000000738400000,0x0000000738400000,0x0000000738a00000)
 ParOldGen       total 343040K, used 123K [0x00000005ca400000, 0x00000005df300000, 0x0000000718c00000)
  object space 343040K, 0% used [0x00000005ca400000,0x00000005ca41ec40,0x00000005df300000)
 Metaspace       used 15906K, capacity 16488K, committed 16640K, reserved 1062912K
  class space    used 2134K, capacity 2302K, committed 2304K, reserved 1048576K
Event: 5,152 GC heap after
Heap after GC invocations=7 (full 0):
 PSYoungGen      total 496128K, used 256K [0x0000000718c00000, 0x0000000738a80000, 0x00000007c0000000)
  eden space 495616K, 0% used [0x0000000718c00000,0x0000000718c00000,0x0000000737000000)
  from space 512K, 50% used [0x0000000738400000,0x0000000738440000,0x0000000738480000)
  to   space 6144K, 0% used [0x0000000738480000,0x0000000738480000,0x0000000738a80000)
 ParOldGen       total 343040K, used 5580K [0x00000005ca400000, 0x00000005df300000, 0x0000000718c00000)
  object space 343040K, 1% used [0x00000005ca400000,0x00000005ca9730a0,0x00000005df300000)
 Metaspace       used 15906K, capacity 16488K, committed 16640K, reserved 1062912K
  class space    used 2134K, capacity 2302K, committed 2304K, reserved 1048576K
}

Deoptimization events (10 events):
Event: 3,901 Thread 0x00007f4a601dd800 Uncommon trap: reason=class_check action=maybe_recompile pc=0x00007f4a5183eee4 method=com.sun.prism.impl.shape.OpenPiscesPrismUtils.setupRenderer(Lcom/sun/javafx/geom/Path2D;Lcom/sun/prism/BasicStroke;Lcom/sun/javafx/geom/transform/BaseTransform;Lcom/sun/
Event: 3,901 Thread 0x00007f4a60245000 Uncommon trap: reason=class_check action=maybe_recompile pc=0x00007f4a517701c0 method=javafx.scene.Node.getLocalBounds(Lcom/sun/javafx/geom/BaseBounds;Lcom/sun/javafx/geom/transform/BaseTransform;)Lcom/sun/javafx/geom/BaseBounds; @ 42
Event: 3,902 Thread 0x00007f4a60245000 Uncommon trap: reason=class_check action=maybe_recompile pc=0x00007f4a517701c0 method=javafx.scene.Node.getLocalBounds(Lcom/sun/javafx/geom/BaseBounds;Lcom/sun/javafx/geom/transform/BaseTransform;)Lcom/sun/javafx/geom/BaseBounds; @ 42
Event: 4,509 Thread 0x00007f4a60245000 Uncommon trap: reason=bimorphic action=maybe_recompile pc=0x00007f4a51885e78 method=javafx.scene.layout.Region.impl_pickNodeLocal(Lcom/sun/javafx/geom/PickRay;Lcom/sun/javafx/scene/input/PickResultChooser;)V @ 14
Event: 4,509 Thread 0x00007f4a60245000 Uncommon trap: reason=unstable_if action=reinterpret pc=0x00007f4a5182bee0 method=javafx.scene.Node$MiscProperties.isDisable()Z @ 4
Event: 4,511 Thread 0x00007f4a60245000 Uncommon trap: reason=bimorphic action=maybe_recompile pc=0x00007f4a51885e78 method=javafx.scene.layout.Region.impl_pickNodeLocal(Lcom/sun/javafx/geom/PickRay;Lcom/sun/javafx/scene/input/PickResultChooser;)V @ 14
Event: 4,513 Thread 0x00007f4a60245000 Uncommon trap: reason=bimorphic action=maybe_recompile pc=0x00007f4a51885e78 method=javafx.scene.layout.Region.impl_pickNodeLocal(Lcom/sun/javafx/geom/PickRay;Lcom/sun/javafx/scene/input/PickResultChooser;)V @ 14
Event: 4,516 Thread 0x00007f4a60245000 Uncommon trap: reason=bimorphic action=maybe_recompile pc=0x00007f4a51885e78 method=javafx.scene.layout.Region.impl_pickNodeLocal(Lcom/sun/javafx/geom/PickRay;Lcom/sun/javafx/scene/input/PickResultChooser;)V @ 14
Event: 4,533 Thread 0x00007f4a60245000 Uncommon trap: reason=unstable_if action=reinterpret pc=0x00007f4a5182d1ec method=javafx.scene.Node.impl_intersectsBounds(Lcom/sun/javafx/geom/PickRay;)D @ 119
Event: 4,695 Thread 0x00007f4a601dd800 Uncommon trap: reason=bimorphic action=maybe_recompile pc=0x00007f4a5187fa00 method=com.sun.prism.impl.shape.OpenPiscesPrismUtils.setupRenderer(Lcom/sun/javafx/geom/Path2D;Lcom/sun/prism/BasicStroke;Lcom/sun/javafx/geom/transform/BaseTransform;Lcom/sun/ja

Internal exceptions (10 events):
Event: 0,094 Thread 0x00007f4a60007800 Exception <a 'java/security/PrivilegedActionException'> (0x0000000718dfbc80) thrown at [/HUDSON/workspace/8-2-build-linux-amd64/jdk8u91/6644/hotspot/src/share/vm/prims/jvm.cpp, line 1386]
Event: 0,095 Thread 0x00007f4a60007800 Exception <a 'java/lang/NullPointerException'> (0x0000000718dfc258) thrown at [/HUDSON/workspace/8-2-build-linux-amd64/jdk8u91/6644/hotspot/src/share/vm/interpreter/linkResolver.cpp, line 1178]
Event: 0,295 Thread 0x00007f4a60245000 Exception <a 'java/lang/NullPointerException'> (0x0000000719ea6be8) thrown at [/HUDSON/workspace/8-2-build-linux-amd64/jdk8u91/6644/hotspot/src/share/vm/interpreter/linkResolver.cpp, line 1178]
Event: 0,295 Thread 0x00007f4a60245000 Exception <a 'java/lang/NullPointerException'> (0x0000000719ea6be8) thrown at [/HUDSON/workspace/8-2-build-linux-amd64/jdk8u91/6644/hotspot/src/share/vm/prims/jvm.cpp, line 1390]
Event: 0,351 Thread 0x00007f4a60245000 Exception <a 'java/lang/ArrayIndexOutOfBoundsException'> (0x000000071a2e6be0) thrown at [/HUDSON/workspace/8-2-build-linux-amd64/jdk8u91/6644/hotspot/src/share/vm/runtime/sharedRuntime.cpp, line 605]
Event: 0,351 Thread 0x00007f4a60245000 Exception <a 'java/lang/ArrayIndexOutOfBoundsException'> (0x000000071a2e78e0) thrown at [/HUDSON/workspace/8-2-build-linux-amd64/jdk8u91/6644/hotspot/src/share/vm/runtime/sharedRuntime.cpp, line 605]
Event: 0,351 Thread 0x00007f4a60245000 Exception <a 'java/lang/ArrayIndexOutOfBoundsException'> (0x000000071a2e8c88) thrown at [/HUDSON/workspace/8-2-build-linux-amd64/jdk8u91/6644/hotspot/src/share/vm/runtime/sharedRuntime.cpp, line 605]
Event: 0,405 Thread 0x00007f4a60245000 Implicit null exception at 0x00007f4a51290a75 to 0x00007f4a51290cad
Event: 0,442 Thread 0x00007f4a60245000 Exception <a 'java/io/FileNotFoundException'> (0x000000071a6e53e0) thrown at [/HUDSON/workspace/8-2-build-linux-amd64/jdk8u91/6644/hotspot/src/share/vm/prims/jni.cpp, line 709]
Event: 4,509 Thread 0x00007f4a60245000 Implicit null exception at 0x00007f4a5182bb56 to 0x00007f4a5182bec5

Events (10 events):
Event: 4,533 Thread 0x00007f4a60245000 Uncommon trap: trap_request=0xffffff65 fr.pc=0x00007f4a5182d1ec
Event: 4,533 Thread 0x00007f4a60245000 DEOPT PACKING pc=0x00007f4a5182d1ec sp=0x00007f49e8a7b6e0
Event: 4,533 Thread 0x00007f4a60245000 DEOPT UNPACKING pc=0x00007f4a51005229 sp=0x00007f49e8a7b5b0 mode 2
Event: 4,588 loading class java/util/WeakHashMap$1
Event: 4,588 loading class java/util/WeakHashMap$1 done
Event: 4,695 Thread 0x00007f4a601dd800 Uncommon trap: trap_request=0xffffffc6 fr.pc=0x00007f4a5187fa00
Event: 4,695 Thread 0x00007f4a601dd800 DEOPT PACKING pc=0x00007f4a5187fa00 sp=0x00007f4a3ee7d1c0
Event: 4,695 Thread 0x00007f4a601dd800 DEOPT UNPACKING pc=0x00007f4a51005229 sp=0x00007f4a3ee7d168 mode 2
Event: 5,146 Executing VM operation: ParallelGCFailedAllocation
Event: 5,152 Executing VM operation: ParallelGCFailedAllocation done


Dynamic libraries:
00400000-00401000 r-xp 00000000 08:03 71174188                           /usr/share/jdk1.8.0_91/bin/java
00600000-00601000 rw-p 00000000 08:03 71174188                           /usr/share/jdk1.8.0_91/bin/java
01c8d000-01cae000 rw-p 00000000 00:00 0                                  [heap]
5ca400000-5df300000 rw-p 00000000 00:00 0 
5df300000-718c00000 ---p 00000000 00:00 0 
718c00000-738a80000 rw-p 00000000 00:00 0 
738a80000-7c0000000 ---p 00000000 00:00 0 
7c0000000-7c0240000 rw-p 00000000 00:00 0 
7c0240000-800000000 ---p 00000000 00:00 0 
7f49b8000000-7f49bc485000 rw-p 00000000 00:00 0 
7f49bc485000-7f49c0000000 ---p 00000000 00:00 0 
7f49c0000000-7f49c8000000 rw-p 00000000 00:00 0 
7f49c8000000-7f49c8021000 rw-p 00000000 00:00 0 
7f49c8021000-7f49cc000000 ---p 00000000 00:00 0 
7f49cc000000-7f49cc021000 rw-p 00000000 00:00 0 
7f49cc021000-7f49d0000000 ---p 00000000 00:00 0 
7f49d2f80000-7f49d3180000 rw-s 12f347000 00:06 330                       /dev/dri/card0
7f49d3180000-7f49d3380000 rw-s 12ef73000 00:06 330                       /dev/dri/card0
7f49d3380000-7f49d3580000 rw-s 12ed73000 00:06 330                       /dev/dri/card0
7f49d3580000-7f49d3600000 rw-s 12c14a000 00:06 330                       /dev/dri/card0
7f49d3600000-7f49d4000000 rwxp 00000000 00:00 0 
7f49d4000000-7f49d42bc000 rw-p 00000000 00:00 0 
7f49d42bc000-7f49d8000000 ---p 00000000 00:00 0 
7f49d8000000-7f49d8021000 rw-p 00000000 00:00 0 
7f49d8021000-7f49dc000000 ---p 00000000 00:00 0 
7f49dc000000-7f49dc021000 rw-p 00000000 00:00 0 
7f49dc021000-7f49e0000000 ---p 00000000 00:00 0 
7f49e001e000-7f49e009e000 rw-s 12c0ca000 00:06 330                       /dev/dri/card0
7f49e009e000-7f49e011e000 rw-s 12c04a000 00:06 330                       /dev/dri/card0
7f49e011e000-7f49e0121000 ---p 00000000 00:00 0 
7f49e0121000-7f49e021f000 rw-p 00000000 00:00 0 
7f49e0223000-7f49e0423000 rw-p 00000000 00:00 0 
7f49e0423000-7f49e0623000 rw-s 12e1d7000 00:06 330                       /dev/dri/card0
7f49e0623000-7f49e0636000 r--s 00344000 08:03 71303565                   /usr/share/jdk1.8.0_91/jre/lib/resources.jar
7f49e0636000-7f49e0639000 ---p 00000000 00:00 0 
7f49e0639000-7f49e0737000 rw-p 00000000 00:00 0 
7f49e0737000-7f49e07f0000 r--p 00000000 08:03 591338                     /usr/share/fonts/truetype/dejavu/DejaVuSans.ttf
7f49e07f0000-7f49e083e000 r--p 00000000 08:03 37833929                   /usr/share/jdk1.8.0_91/jre/lib/fonts/LucidaSansDemiBold.ttf
7f49e083e000-7f49e0878000 r--p 00000000 08:03 37833928                   /usr/share/jdk1.8.0_91/jre/lib/fonts/LucidaTypewriterBold.ttf
7f49e0878000-7f49e087c000 r-xp 00000000 08:03 71174145                   /usr/share/jdk1.8.0_91/jre/lib/amd64/libjavafx_font_pango.so
7f49e087c000-7f49e0a7b000 ---p 00004000 08:03 71174145                   /usr/share/jdk1.8.0_91/jre/lib/amd64/libjavafx_font_pango.so
7f49e0a7b000-7f49e0a7c000 rw-p 00003000 08:03 71174145                   /usr/share/jdk1.8.0_91/jre/lib/amd64/libjavafx_font_pango.so
7f49e0a7c000-7f49e0c7c000 rw-p 00000000 00:00 0 
7f49e0c7c000-7f49e0c86000 r-xp 00000000 08:03 71551662                   /usr/lib/x86_64-linux-gnu/gtk-2.0/2.10.0/engines/libpixmap.so
7f49e0c86000-7f49e0e85000 ---p 0000a000 08:03 71551662                   /usr/lib/x86_64-linux-gnu/gtk-2.0/2.10.0/engines/libpixmap.so
7f49e0e85000-7f49e0e86000 r--p 00009000 08:03 71551662                   /usr/lib/x86_64-linux-gnu/gtk-2.0/2.10.0/engines/libpixmap.so
7f49e0e86000-7f49e0e87000 rw-p 0000a000 08:03 71551662                   /usr/lib/x86_64-linux-gnu/gtk-2.0/2.10.0/engines/libpixmap.so
7f49e0e87000-7f49e0eb7000 r-xp 00000000 08:03 72043352                   /usr/lib/x86_64-linux-gnu/gtk-2.0/2.10.0/engines/libmurrine.so
7f49e0eb7000-7f49e10b7000 ---p 00030000 08:03 72043352                   /usr/lib/x86_64-linux-gnu/gtk-2.0/2.10.0/engines/libmurrine.so
7f49e10b7000-7f49e10b8000 r--p 00030000 08:03 72043352                   /usr/lib/x86_64-linux-gnu/gtk-2.0/2.10.0/engines/libmurrine.so
7f49e10b8000-7f49e10b9000 rw-p 00031000 08:03 72043352                   /usr/lib/x86_64-linux-gnu/gtk-2.0/2.10.0/engines/libmurrine.so
7f49e10b9000-7f49e3c97000 r-xp 00000000 08:03 33570386                   /usr/lib/x86_64-linux-gnu/libLLVM-4.0.so.1
7f49e3c97000-7f49e3c98000 ---p 02bde000 08:03 33570386                   /usr/lib/x86_64-linux-gnu/libLLVM-4.0.so.1
7f49e3c98000-7f49e3fac000 r--p 02bde000 08:03 33570386                   /usr/lib/x86_64-linux-gnu/libLLVM-4.0.so.1
7f49e3fac000-7f49e3fb1000 rw-p 02ef2000 08:03 33570386                   /usr/lib/x86_64-linux-gnu/libLLVM-4.0.so.1
7f49e3fb1000-7f49e4000000 rw-p 00000000 00:00 0 
7f49e4000000-7f49e8000000 rw-p 00000000 00:00 0 
7f49e8003000-7f49e8017000 r--p 00000000 08:03 37833930                   /usr/share/jdk1.8.0_91/jre/lib/fonts/LucidaBrightItalic.ttf
7f49e8017000-7f49e802a000 r--p 00000000 08:03 37833927                   /usr/share/jdk1.8.0_91/jre/lib/fonts/LucidaBrightDemiItalic.ttf
7f49e802a000-7f49e807f000 r--p 00000000 08:03 37833926                   /usr/share/jdk1.8.0_91/jre/lib/fonts/LucidaBrightRegular.ttf
7f49e807f000-7f49e812a000 r--p 00000000 08:03 37833925                   /usr/share/jdk1.8.0_91/jre/lib/fonts/LucidaSansRegular.ttf
7f49e812a000-7f49e813d000 r--p 00000000 08:03 37833924                   /usr/share/jdk1.8.0_91/jre/lib/fonts/LucidaBrightDemiBold.ttf
7f49e813d000-7f49e8179000 r--p 00000000 08:03 37833922                   /usr/share/jdk1.8.0_91/jre/lib/fonts/LucidaTypewriterRegular.ttf
7f49e8179000-7f49e817d000 r--s 00097000 08:03 71304089                   /usr/share/jdk1.8.0_91/jre/lib/jsse.jar
7f49e817d000-7f49e8182000 r--s 00084000 08:03 71174183                   /usr/share/jdk1.8.0_91/jre/lib/jfr.jar
7f49e8182000-7f49e8186000 r--s 00000000 08:03 37593931                   /var/cache/fontconfig/6aa41aa22e18b8fa06a12da28ea9c28b-le64.cache-6
7f49e8186000-7f49e8191000 r--s 00000000 08:03 37737514                   /var/cache/fontconfig/945677eb7aeaf62f1d50efc3fb3ec7d8-le64.cache-6
7f49e8191000-7f49e8197000 r--s 00000000 08:03 37737495                   /var/cache/fontconfig/2cd17615ca594fa2959ae173292e504c-le64.cache-6
7f49e8197000-7f49e819b000 r--s 00000000 08:03 37737493                   /var/cache/fontconfig/de156ccd2eddbdc19d37a45b8b2aac9c-le64.cache-6
7f49e819b000-7f49e81b0000 r--s 00000000 08:03 37737492                   /var/cache/fontconfig/04aabc0a78ac019cf9454389977116d2-le64.cache-6
7f49e81b0000-7f49e81b4000 r--s 00000000 08:03 37737490                   /var/cache/fontconfig/385c0604a188198f04d133e54aba7fe7-le64.cache-6
7f49e81b4000-7f49e81db000 r--s 00000000 08:03 37737486                   /var/cache/fontconfig/0bd3dc0958fa2205aaaa8ebb13e2872b-le64.cache-6
7f49e81db000-7f49e81e2000 r--s 00000000 08:03 37737483                   /var/cache/fontconfig/3047814df9a2f067bd2d96a2b9c36e5a-le64.cache-6
7f49e81e2000-7f49e81f5000 r--s 00000000 08:03 37737478                   /var/cache/fontconfig/d52a8644073d54c13679302ca1180695-le64.cache-6
7f49e81f5000-7f49e81fa000 r-xp 00000000 08:03 71174167                   /usr/share/jdk1.8.0_91/jre/lib/amd64/libjavafx_font_freetype.so
7f49e81fa000-7f49e83f9000 ---p 00005000 08:03 71174167                   /usr/share/jdk1.8.0_91/jre/lib/amd64/libjavafx_font_freetype.so
7f49e83f9000-7f49e83fa000 rw-p 00004000 08:03 71174167                   /usr/share/jdk1.8.0_91/jre/lib/amd64/libjavafx_font_freetype.so
7f49e83fa000-7f49e83fd000 r-xp 00000000 08:03 71174164                   /usr/share/jdk1.8.0_91/jre/lib/amd64/libjavafx_font.so
7f49e83fd000-7f49e85fc000 ---p 00003000 08:03 71174164                   /usr/share/jdk1.8.0_91/jre/lib/amd64/libjavafx_font.so
7f49e85fc000-7f49e85fd000 rw-p 00002000 08:03 71174164                   /usr/share/jdk1.8.0_91/jre/lib/amd64/libjavafx_font.so
7f49e85fd000-7f49e87fd000 rw-p 00000000 00:00 0 
7f49e87fd000-7f49e8800000 ---p 00000000 00:00 0 
7f49e8800000-7f49e88fe000 rw-p 00000000 00:00 0 
7f49e88fe000-7f49e897e000 rw-s 12cf0b000 00:06 330                       /dev/dri/card0
7f49e897e000-7f49e8981000 ---p 00000000 00:00 0 
7f49e8981000-7f49e8a7f000 rw-p 00000000 00:00 0 
7f49e8a7f000-7f49e8aa8000 r-xp 00000000 08:03 71174168                   /usr/share/jdk1.8.0_91/jre/lib/amd64/libglass.so
7f49e8aa8000-7f49e8ca7000 ---p 00029000 08:03 71174168                   /usr/share/jdk1.8.0_91/jre/lib/amd64/libglass.so
7f49e8ca7000-7f49e8caa000 rw-p 00028000 08:03 71174168                   /usr/share/jdk1.8.0_91/jre/lib/amd64/libglass.so
7f49e8caa000-7f49e8ce1000 r-xp 00000000 08:03 34823622                   /usr/lib/x86_64-linux-gnu/libtxc_dxtn_s2tc.so.0.0.0
7f49e8ce1000-7f49e8ee0000 ---p 00037000 08:03 34823622                   /usr/lib/x86_64-linux-gnu/libtxc_dxtn_s2tc.so.0.0.0
7f49e8ee0000-7f49e8ee1000 r--p 00036000 08:03 34823622                   /usr/lib/x86_64-linux-gnu/libtxc_dxtn_s2tc.so.0.0.0
7f49e8ee1000-7f49e8ee2000 rw-p 00037000 08:03 34823622                   /usr/lib/x86_64-linux-gnu/libtxc_dxtn_s2tc.so.0.0.0
7f49e8ee2000-7f49e8ef5000 r-xp 00000000 08:03 33648825                   /lib/x86_64-linux-gnu/libbsd.so.0.8.2
7f49e8ef5000-7f49e90f4000 ---p 00013000 08:03 33648825                   /lib/x86_64-linux-gnu/libbsd.so.0.8.2
7f49e90f4000-7f49e90f5000 r--p 00012000 08:03 33648825                   /lib/x86_64-linux-gnu/libbsd.so.0.8.2
7f49e90f5000-7f49e90f6000 rw-p 00013000 08:03 33648825                   /lib/x86_64-linux-gnu/libbsd.so.0.8.2
7f49e90f6000-7f49e90f7000 rw-p 00000000 00:00 0 
7f49e90f7000-7f49e911c000 r-xp 00000000 08:03 33570071                   /lib/x86_64-linux-gnu/libtinfo.so.5.9
7f49e911c000-7f49e931b000 ---p 00025000 08:03 33570071                   /lib/x86_64-linux-gnu/libtinfo.so.5.9
7f49e931b000-7f49e931f000 r--p 00024000 08:03 33570071                   /lib/x86_64-linux-gnu/libtinfo.so.5.9
7f49e931f000-7f49e9320000 rw-p 00028000 08:03 33570071                   /lib/x86_64-linux-gnu/libtinfo.so.5.9
7f49e9320000-7f49e9351000 r-xp 00000000 08:03 34261711                   /usr/lib/x86_64-linux-gnu/libedit.so.2.0.53
7f49e9351000-7f49e9551000 ---p 00031000 08:03 34261711                   /usr/lib/x86_64-linux-gnu/libedit.so.2.0.53
7f49e9551000-7f49e9553000 r--p 00031000 08:03 34261711                   /usr/lib/x86_64-linux-gnu/libedit.so.2.0.53
7f49e9553000-7f49e9554000 rw-p 00033000 08:03 34261711                   /usr/lib/x86_64-linux-gnu/libedit.so.2.0.53
7f49e9554000-7f49e9558000 rw-p 00000000 00:00 0 
7f49e9558000-7f49e956f000 r-xp 00000000 08:03 34261705                   /usr/lib/x86_64-linux-gnu/libelf-0.165.so
7f49e956f000-7f49e976e000 ---p 00017000 08:03 34261705                   /usr/lib/x86_64-linux-gnu/libelf-0.165.so
7f49e976e000-7f49e976f000 r--p 00016000 08:03 34261705                   /usr/lib/x86_64-linux-gnu/libelf-0.165.so
7f49e976f000-7f49e9770000 rw-p 00017000 08:03 34261705                   /usr/lib/x86_64-linux-gnu/libelf-0.165.so
7f49e9770000-7f49e9779000 r-xp 00000000 08:03 33922155                   /usr/lib/x86_64-linux-gnu/libdrm_amdgpu.so.1.0.0
7f49e9779000-7f49e9978000 ---p 00009000 08:03 33922155                   /usr/lib/x86_64-linux-gnu/libdrm_amdgpu.so.1.0.0
7f49e9978000-7f49e9979000 r--p 00008000 08:03 33922155                   /usr/lib/x86_64-linux-gnu/libdrm_amdgpu.so.1.0.0
7f49e9979000-7f49e997a000 rw-p 00009000 08:03 33922155                   /usr/lib/x86_64-linux-gnu/libdrm_amdgpu.so.1.0.0
7f49e997a000-7f49e9985000 r-xp 00000000 08:03 33713611                   /usr/lib/x86_64-linux-gnu/libdrm_radeon.so.1.0.1
7f49e9985000-7f49e9b84000 ---p 0000b000 08:03 33713611                   /usr/lib/x86_64-linux-gnu/libdrm_radeon.so.1.0.1
7f49e9b84000-7f49e9b85000 r--p 0000a000 08:03 33713611                   /usr/lib/x86_64-linux-gnu/libdrm_radeon.so.1.0.1
7f49e9b85000-7f49e9b86000 rw-p 0000b000 08:03 33713611                   /usr/lib/x86_64-linux-gnu/libdrm_radeon.so.1.0.1
7f49e9b86000-7f49e9b8d000 r-xp 00000000 08:03 33713617                   /usr/lib/x86_64-linux-gnu/libdrm_nouveau.so.2.0.0
7f49e9b8d000-7f49e9d8c000 ---p 00007000 08:03 33713617                   /usr/lib/x86_64-linux-gnu/libdrm_nouveau.so.2.0.0
7f49e9d8c000-7f49e9d8d000 r--p 00006000 08:03 33713617                   /usr/lib/x86_64-linux-gnu/libdrm_nouveau.so.2.0.0
7f49e9d8d000-7f49e9d8e000 rw-p 00007000 08:03 33713617                   /usr/lib/x86_64-linux-gnu/libdrm_nouveau.so.2.0.0
7f49e9d8e000-7f49e9d9c000 r-xp 00000000 08:03 35507254                   /usr/lib/x86_64-linux-gnu/libsensors.so.4.4.0
7f49e9d9c000-7f49e9f9b000 ---p 0000e000 08:03 35507254                   /usr/lib/x86_64-linux-gnu/libsensors.so.4.4.0
7f49e9f9b000-7f49e9f9c000 r--p 0000d000 08:03 35507254                   /usr/lib/x86_64-linux-gnu/libsensors.so.4.4.0
7f49e9f9c000-7f49e9f9d000 rw-p 0000e000 08:03 35507254                   /usr/lib/x86_64-linux-gnu/libsensors.so.4.4.0
7f49e9f9d000-7f49ea92a000 r-xp 00000000 08:03 101030972                  /usr/lib/x86_64-linux-gnu/dri/nouveau_dri.so
7f49ea92a000-7f49eab2a000 ---p 0098d000 08:03 101030972                  /usr/lib/x86_64-linux-gnu/dri/nouveau_dri.so
7f49eab2a000-7f49eab65000 r--p 0098d000 08:03 101030972                  /usr/lib/x86_64-linux-gnu/dri/nouveau_dri.so
7f49eab65000-7f49eab71000 rw-p 009c8000 08:03 101030972                  /usr/lib/x86_64-linux-gnu/dri/nouveau_dri.so
7f49eab71000-7f49ead68000 rw-p 00000000 00:00 0 
7f49ead68000-7f49ead6e000 r-xp 00000000 08:03 34154441                   /usr/lib/x86_64-linux-gnu/libdatrie.so.1.3.3
7f49ead6e000-7f49eaf6e000 ---p 00006000 08:03 34154441                   /usr/lib/x86_64-linux-gnu/libdatrie.so.1.3.3
7f49eaf6e000-7f49eaf6f000 r--p 00006000 08:03 34154441                   /usr/lib/x86_64-linux-gnu/libdatrie.so.1.3.3
7f49eaf6f000-7f49eaf70000 rw-p 00007000 08:03 34154441                   /usr/lib/x86_64-linux-gnu/libdatrie.so.1.3.3
7f49eaf70000-7f49eaf75000 r-xp 00000000 08:03 34035872                   /usr/lib/x86_64-linux-gnu/libXdmcp.so.6.0.0
7f49eaf75000-7f49eb174000 ---p 00005000 08:03 34035872                   /usr/lib/x86_64-linux-gnu/libXdmcp.so.6.0.0
7f49eb174000-7f49eb175000 r--p 00004000 08:03 34035872                   /usr/lib/x86_64-linux-gnu/libXdmcp.so.6.0.0
7f49eb175000-7f49eb176000 rw-p 00005000 08:03 34035872                   /usr/lib/x86_64-linux-gnu/libXdmcp.so.6.0.0
7f49eb176000-7f49eb178000 r-xp 00000000 08:03 34035846                   /usr/lib/x86_64-linux-gnu/libXau.so.6.0.0
7f49eb178000-7f49eb378000 ---p 00002000 08:03 34035846                   /usr/lib/x86_64-linux-gnu/libXau.so.6.0.0
7f49eb378000-7f49eb379000 r--p 00002000 08:03 34035846                   /usr/lib/x86_64-linux-gnu/libXau.so.6.0.0
7f49eb379000-7f49eb37a000 rw-p 00003000 08:03 34035846                   /usr/lib/x86_64-linux-gnu/libXau.so.6.0.0
7f49eb37a000-7f49eb39e000 r-xp 00000000 08:03 34151317                   /usr/lib/x86_64-linux-gnu/libgraphite2.so.3.0.1
7f49eb39e000-7f49eb59d000 ---p 00024000 08:03 34151317                   /usr/lib/x86_64-linux-gnu/libgraphite2.so.3.0.1
7f49eb59d000-7f49eb59f000 r--p 00023000 08:03 34151317                   /usr/lib/x86_64-linux-gnu/libgraphite2.so.3.0.1
7f49eb59f000-7f49eb5a0000 rw-p 00025000 08:03 34151317                   /usr/lib/x86_64-linux-gnu/libgraphite2.so.3.0.1
7f49eb5a0000-7f49eb5b0000 r-xp 00000000 08:03 33713623                   /usr/lib/x86_64-linux-gnu/libdrm.so.2.4.0
7f49eb5b0000-7f49eb7af000 ---p 00010000 08:03 33713623                   /usr/lib/x86_64-linux-gnu/libdrm.so.2.4.0
7f49eb7af000-7f49eb7b0000 r--p 0000f000 08:03 33713623                   /usr/lib/x86_64-linux-gnu/libdrm.so.2.4.0
7f49eb7b0000-7f49eb7b1000 rw-p 00010000 08:03 33713623                   /usr/lib/x86_64-linux-gnu/libdrm.so.2.4.0
7f49eb7b1000-7f49eb7b5000 r-xp 00000000 08:03 34258681                   /usr/lib/x86_64-linux-gnu/libxcb-dri2.so.0.0.0
7f49eb7b5000-7f49eb9b4000 ---p 00004000 08:03 34258681                   /usr/lib/x86_64-linux-gnu/libxcb-dri2.so.0.0.0
7f49eb9b4000-7f49eb9b5000 r--p 00003000 08:03 34258681                   /usr/lib/x86_64-linux-gnu/libxcb-dri2.so.0.0.0
7f49eb9b5000-7f49eb9b6000 rw-p 00004000 08:03 34258681                   /usr/lib/x86_64-linux-gnu/libxcb-dri2.so.0.0.0
7f49eb9b6000-7f49eb9cd000 r-xp 00000000 08:03 34421015                   /usr/lib/x86_64-linux-gnu/libxcb-glx.so.0.0.0
7f49eb9cd000-7f49ebbcc000 ---p 00017000 08:03 34421015                   /usr/lib/x86_64-linux-gnu/libxcb-glx.so.0.0.0
7f49ebbcc000-7f49ebbce000 r--p 00016000 08:03 34421015                   /usr/lib/x86_64-linux-gnu/libxcb-glx.so.0.0.0
7f49ebbce000-7f49ebbcf000 rw-p 00018000 08:03 34421015                   /usr/lib/x86_64-linux-gnu/libxcb-glx.so.0.0.0
7f49ebbcf000-7f49ebbd0000 r-xp 00000000 08:03 34258678                   /usr/lib/x86_64-linux-gnu/libX11-xcb.so.1.0.0
7f49ebbd0000-7f49ebdcf000 ---p 00001000 08:03 34258678                   /usr/lib/x86_64-linux-gnu/libX11-xcb.so.1.0.0
7f49ebdcf000-7f49ebdd0000 r--p 00000000 08:03 34258678                   /usr/lib/x86_64-linux-gnu/libX11-xcb.so.1.0.0
7f49ebdd0000-7f49ebdd1000 rw-p 00001000 08:03 34258678                   /usr/lib/x86_64-linux-gnu/libX11-xcb.so.1.0.0
7f49ebdd1000-7f49ebdfb000 r-xp 00000000 08:03 33571056                   /usr/lib/x86_64-linux-gnu/libglapi.so.0.0.0
7f49ebdfb000-7f49ebffa000 ---p 0002a000 08:03 33571056                   /usr/lib/x86_64-linux-gnu/libglapi.so.0.0.0
7f49ebffa000-7f49ebffe000 r--p 00029000 08:03 33571056                   /usr/lib/x86_64-linux-gnu/libglapi.so.0.0.0
7f49ebffe000-7f49ebfff000 rw-p 0002d000 08:03 33571056                   /usr/lib/x86_64-linux-gnu/libglapi.so.0.0.0
7f49ebfff000-7f49ec000000 rw-p 00000000 00:00 0 
7f49ec000000-7f49ec021000 rw-p 00000000 00:00 0 
7f49ec021000-7f49f0000000 ---p 00000000 00:00 0 
7f49f0000000-7f49f0021000 rw-p 00000000 00:00 0 
7f49f0021000-7f49f4000000 ---p 00000000 00:00 0 
7f49f4000000-7f49f54f6000 rw-p 00000000 00:00 0 
7f49f54f6000-7f49f8000000 ---p 00000000 00:00 0 
7f49f8000000-7f49f8466000 rw-p 00000000 00:00 0 
7f49f8466000-7f49fc000000 ---p 00000000 00:00 0 
7f49fc000000-7f49fd96d000 rw-p 00000000 00:00 0 
7f49fd96d000-7f4a00000000 ---p 00000000 00:00 0 
7f4a00000000-7f4a01745000 rw-p 00000000 00:00 0 
7f4a01745000-7f4a04000000 ---p 00000000 00:00 0 
7f4a04000000-7f4a04021000 rw-p 00000000 00:00 0 
7f4a04021000-7f4a08000000 ---p 00000000 00:00 0 
7f4a08000000-7f4a08021000 rw-p 00000000 00:00 0 
7f4a08021000-7f4a0c000000 ---p 00000000 00:00 0 
7f4a0c000000-7f4a0c021000 rw-p 00000000 00:00 0 
7f4a0c021000-7f4a10000000 ---p 00000000 00:00 0 
7f4a10002000-7f4a1000a000 r--s 00000000 08:03 37737482                   /var/cache/fontconfig/bf3b770c553c462765856025a94f1ce6-le64.cache-6
7f4a1000a000-7f4a10015000 r--s 00000000 08:03 37737476                   /var/cache/fontconfig/d589a48862398ed80a3d6066f4f56f4c-le64.cache-6
7f4a10015000-7f4a10018000 ---p 00000000 00:00 0 
7f4a10018000-7f4a10116000 rw-p 00000000 00:00 0 
7f4a10116000-7f4a10117000 r-xp 00000000 08:03 34261681                   /usr/lib/x86_64-linux-gnu/libxshmfence.so.1.0.0
7f4a10117000-7f4a10317000 ---p 00001000 08:03 34261681                   /usr/lib/x86_64-linux-gnu/libxshmfence.so.1.0.0
7f4a10317000-7f4a10318000 r--p 00001000 08:03 34261681                   /usr/lib/x86_64-linux-gnu/libxshmfence.so.1.0.0
7f4a10318000-7f4a10319000 rw-p 00002000 08:03 34261681                   /usr/lib/x86_64-linux-gnu/libxshmfence.so.1.0.0
7f4a10319000-7f4a1031e000 r-xp 00000000 08:03 34261671                   /usr/lib/x86_64-linux-gnu/libxcb-sync.so.1.0.0
7f4a1031e000-7f4a1051e000 ---p 00005000 08:03 34261671                   /usr/lib/x86_64-linux-gnu/libxcb-sync.so.1.0.0
7f4a1051e000-7f4a1051f000 r--p 00005000 08:03 34261671                   /usr/lib/x86_64-linux-gnu/libxcb-sync.so.1.0.0
7f4a1051f000-7f4a10520000 rw-p 00006000 08:03 34261671                   /usr/lib/x86_64-linux-gnu/libxcb-sync.so.1.0.0
7f4a10520000-7f4a20000000 rw-p 00000000 00:00 0 
7f4a20000000-7f4a20021000 rw-p 00000000 00:00 0 
7f4a20021000-7f4a24000000 ---p 00000000 00:00 0 
7f4a24000000-7f4a24021000 rw-p 00000000 00:00 0 
7f4a24021000-7f4a28000000 ---p 00000000 00:00 0 
7f4a28000000-7f4a28021000 rw-p 00000000 00:00 0 
7f4a28021000-7f4a2c000000 ---p 00000000 00:00 0 
7f4a2c000000-7f4a2c021000 rw-p 00000000 00:00 0 
7f4a2c021000-7f4a30000000 ---p 00000000 00:00 0 
7f4a30000000-7f4a30021000 rw-p 00000000 00:00 0 
7f4a30021000-7f4a34000000 ---p 00000000 00:00 0 
7f4a34001000-7f4a34004000 r--s 00000000 08:03 37737488                   /var/cache/fontconfig/767a8244fc0220cfb567a839d0392e0b-le64.cache-6
7f4a34004000-7f4a34006000 r-xp 00000000 08:03 34261666                   /usr/lib/x86_64-linux-gnu/libxcb-present.so.0.0.0
7f4a34006000-7f4a34205000 ---p 00002000 08:03 34261666                   /usr/lib/x86_64-linux-gnu/libxcb-present.so.0.0.0
7f4a34205000-7f4a34206000 r--p 00001000 08:03 34261666                   /usr/lib/x86_64-linux-gnu/libxcb-present.so.0.0.0
7f4a34206000-7f4a34207000 rw-p 00002000 08:03 34261666                   /usr/lib/x86_64-linux-gnu/libxcb-present.so.0.0.0
7f4a34207000-7f4a34209000 r-xp 00000000 08:03 34258686                   /usr/lib/x86_64-linux-gnu/libxcb-dri3.so.0.0.0
7f4a34209000-7f4a34408000 ---p 00002000 08:03 34258686                   /usr/lib/x86_64-linux-gnu/libxcb-dri3.so.0.0.0
7f4a34408000-7f4a34409000 r--p 00001000 08:03 34258686                   /usr/lib/x86_64-linux-gnu/libxcb-dri3.so.0.0.0
7f4a34409000-7f4a3440a000 rw-p 00002000 08:03 34258686                   /usr/lib/x86_64-linux-gnu/libxcb-dri3.so.0.0.0
7f4a3440a000-7f4a34478000 r-xp 00000000 08:03 33570033                   /lib/x86_64-linux-gnu/libpcre.so.3.13.2
7f4a34478000-7f4a34678000 ---p 0006e000 08:03 33570033                   /lib/x86_64-linux-gnu/libpcre.so.3.13.2
7f4a34678000-7f4a34679000 r--p 0006e000 08:03 33570033                   /lib/x86_64-linux-gnu/libpcre.so.3.13.2
7f4a34679000-7f4a3467a000 rw-p 0006f000 08:03 33570033                   /lib/x86_64-linux-gnu/libpcre.so.3.13.2
7f4a3467a000-7f4a34681000 r-xp 00000000 08:03 33648829                   /usr/lib/x86_64-linux-gnu/libffi.so.6.0.4
7f4a34681000-7f4a34880000 ---p 00007000 08:03 33648829                   /usr/lib/x86_64-linux-gnu/libffi.so.6.0.4
7f4a34880000-7f4a34881000 r--p 00006000 08:03 33648829                   /usr/lib/x86_64-linux-gnu/libffi.so.6.0.4
7f4a34881000-7f4a34882000 rw-p 00007000 08:03 33648829                   /usr/lib/x86_64-linux-gnu/libffi.so.6.0.4
7f4a34882000-7f4a348a8000 r-xp 00000000 08:03 33922161                   /lib/x86_64-linux-gnu/libexpat.so.1.6.0
7f4a348a8000-7f4a34aa8000 ---p 00026000 08:03 33922161                   /lib/x86_64-linux-gnu/libexpat.so.1.6.0
7f4a34aa8000-7f4a34aaa000 r--p 00026000 08:03 33922161                   /lib/x86_64-linux-gnu/libexpat.so.1.6.0
7f4a34aaa000-7f4a34aab000 rw-p 00028000 08:03 33922161                   /lib/x86_64-linux-gnu/libexpat.so.1.6.0
7f4a34aab000-7f4a34ab3000 r-xp 00000000 08:03 34154444                   /usr/lib/x86_64-linux-gnu/libthai.so.0.2.4
7f4a34ab3000-7f4a34cb2000 ---p 00008000 08:03 34154444                   /usr/lib/x86_64-linux-gnu/libthai.so.0.2.4
7f4a34cb2000-7f4a34cb3000 r--p 00007000 08:03 34154444                   /usr/lib/x86_64-linux-gnu/libthai.so.0.2.4
7f4a34cb3000-7f4a34cb4000 rw-p 00008000 08:03 34154444                   /usr/lib/x86_64-linux-gnu/libthai.so.0.2.4
7f4a34cb4000-7f4a34cd5000 r-xp 00000000 08:03 34035901                   /usr/lib/x86_64-linux-gnu/libxcb.so.1.1.0
7f4a34cd5000-7f4a34ed4000 ---p 00021000 08:03 34035901                   /usr/lib/x86_64-linux-gnu/libxcb.so.1.1.0
7f4a34ed4000-7f4a34ed5000 r--p 00020000 08:03 34035901                   /usr/lib/x86_64-linux-gnu/libxcb.so.1.1.0
7f4a34ed5000-7f4a34ed6000 rw-p 00021000 08:03 34035901                   /usr/lib/x86_64-linux-gnu/libxcb.so.1.1.0
7f4a34ed6000-7f4a34ede000 r-xp 00000000 08:03 34080400                   /usr/lib/x86_64-linux-gnu/libxcb-render.so.0.0.0
7f4a34ede000-7f4a350de000 ---p 00008000 08:03 34080400                   /usr/lib/x86_64-linux-gnu/libxcb-render.so.0.0.0
7f4a350de000-7f4a350df000 r--p 00008000 08:03 34080400                   /usr/lib/x86_64-linux-gnu/libxcb-render.so.0.0.0
7f4a350df000-7f4a350e0000 rw-p 00009000 08:03 34080400                   /usr/lib/x86_64-linux-gnu/libxcb-render.so.0.0.0
7f4a350e0000-7f4a350e2000 r-xp 00000000 08:03 34080404                   /usr/lib/x86_64-linux-gnu/libxcb-shm.so.0.0.0
7f4a350e2000-7f4a352e2000 ---p 00002000 08:03 34080404                   /usr/lib/x86_64-linux-gnu/libxcb-shm.so.0.0.0
7f4a352e2000-7f4a352e3000 r--p 00002000 08:03 34080404                   /usr/lib/x86_64-linux-gnu/libxcb-shm.so.0.0.0
7f4a352e3000-7f4a352e4000 rw-p 00003000 08:03 34080404                   /usr/lib/x86_64-linux-gnu/libxcb-shm.so.0.0.0
7f4a352e4000-7f4a35308000 r-xp 00000000 08:03 33687915                   /lib/x86_64-linux-gnu/libpng12.so.0.54.0
7f4a35308000-7f4a35507000 ---p 00024000 08:03 33687915                   /lib/x86_64-linux-gnu/libpng12.so.0.54.0
7f4a35507000-7f4a35508000 r--p 00023000 08:03 33687915                   /lib/x86_64-linux-gnu/libpng12.so.0.54.0
7f4a35508000-7f4a35509000 rw-p 00024000 08:03 33687915                   /lib/x86_64-linux-gnu/libpng12.so.0.54.0
7f4a35509000-7f4a355a8000 r-xp 00000000 08:03 34080395                   /usr/lib/x86_64-linux-gnu/libpixman-1.so.0.33.6
7f4a355a8000-7f4a357a8000 ---p 0009f000 08:03 34080395                   /usr/lib/x86_64-linux-gnu/libpixman-1.so.0.33.6
7f4a357a8000-7f4a357b0000 r--p 0009f000 08:03 34080395                   /usr/lib/x86_64-linux-gnu/libpixman-1.so.0.33.6
7f4a357b0000-7f4a357b1000 rw-p 000a7000 08:03 34080395                   /usr/lib/x86_64-linux-gnu/libpixman-1.so.0.33.6
7f4a357b1000-7f4a3580d000 r-xp 00000000 08:03 34154460                   /usr/lib/x86_64-linux-gnu/libharfbuzz.so.0.10000.1
7f4a3580d000-7f4a35a0d000 ---p 0005c000 08:03 34154460                   /usr/lib/x86_64-linux-gnu/libharfbuzz.so.0.10000.1
7f4a35a0d000-7f4a35a0e000 r--p 0005c000 08:03 34154460                   /usr/lib/x86_64-linux-gnu/libharfbuzz.so.0.10000.1
7f4a35a0e000-7f4a35a0f000 rw-p 0005d000 08:03 34154460                   /usr/lib/x86_64-linux-gnu/libharfbuzz.so.0.10000.1
7f4a35a0f000-7f4a35a26000 r-xp 00000000 08:03 33570503                   /lib/x86_64-linux-gnu/libresolv-2.23.so
7f4a35a26000-7f4a35c26000 ---p 00017000 08:03 33570503                   /lib/x86_64-linux-gnu/libresolv-2.23.so
7f4a35c26000-7f4a35c27000 r--p 00017000 08:03 33570503                   /lib/x86_64-linux-gnu/libresolv-2.23.so
7f4a35c27000-7f4a35c28000 rw-p 00018000 08:03 33570503                   /lib/x86_64-linux-gnu/libresolv-2.23.so
7f4a35c28000-7f4a35c2a000 rw-p 00000000 00:00 0 
7f4a35c2a000-7f4a35c49000 r-xp 00000000 08:03 33570049                   /lib/x86_64-linux-gnu/libselinux.so.1
7f4a35c49000-7f4a35e48000 ---p 0001f000 08:03 33570049                   /lib/x86_64-linux-gnu/libselinux.so.1
7f4a35e48000-7f4a35e49000 r--p 0001e000 08:03 33570049                   /lib/x86_64-linux-gnu/libselinux.so.1
7f4a35e49000-7f4a35e4a000 rw-p 0001f000 08:03 33570049                   /lib/x86_64-linux-gnu/libselinux.so.1
7f4a35e4a000-7f4a35e4c000 rw-p 00000000 00:00 0 
7f4a35e4c000-7f4a35e65000 r-xp 00000000 08:03 33570329                   /lib/x86_64-linux-gnu/libz.so.1.2.8
7f4a35e65000-7f4a36064000 ---p 00019000 08:03 33570329                   /lib/x86_64-linux-gnu/libz.so.1.2.8
7f4a36064000-7f4a36065000 r--p 00018000 08:03 33570329                   /lib/x86_64-linux-gnu/libz.so.1.2.8
7f4a36065000-7f4a36066000 rw-p 00019000 08:03 33570329                   /lib/x86_64-linux-gnu/libz.so.1.2.8
7f4a36066000-7f4a36077000 r-xp 00000000 08:03 34034192                   /usr/lib/x86_64-linux-gnu/libXext.so.6.4.0
7f4a36077000-7f4a36276000 ---p 00011000 08:03 34034192                   /usr/lib/x86_64-linux-gnu/libXext.so.6.4.0
7f4a36276000-7f4a36277000 r--p 00010000 08:03 34034192                   /usr/lib/x86_64-linux-gnu/libXext.so.6.4.0
7f4a36277000-7f4a36278000 rw-p 00011000 08:03 34034192                   /usr/lib/x86_64-linux-gnu/libXext.so.6.4.0
7f4a36278000-7f4a3627a000 r-xp 00000000 08:03 34344623                   /usr/lib/x86_64-linux-gnu/libXdamage.so.1.1.0
7f4a3627a000-7f4a36479000 ---p 00002000 08:03 34344623                   /usr/lib/x86_64-linux-gnu/libXdamage.so.1.1.0
7f4a36479000-7f4a3647a000 r--p 00001000 08:03 34344623                   /usr/lib/x86_64-linux-gnu/libXdamage.so.1.1.0
7f4a3647a000-7f4a3647b000 rw-p 00002000 08:03 34344623                   /usr/lib/x86_64-linux-gnu/libXdamage.so.1.1.0
7f4a3647b000-7f4a3647d000 r-xp 00000000 08:03 34344619                   /usr/lib/x86_64-linux-gnu/libXcomposite.so.1.0.0
7f4a3647d000-7f4a3667c000 ---p 00002000 08:03 34344619                   /usr/lib/x86_64-linux-gnu/libXcomposite.so.1.0.0
7f4a3667c000-7f4a3667d000 r--p 00001000 08:03 34344619                   /usr/lib/x86_64-linux-gnu/libXcomposite.so.1.0.0
7f4a3667d000-7f4a3667e000 rw-p 00002000 08:03 34344619                   /usr/lib/x86_64-linux-gnu/libXcomposite.so.1.0.0
7f4a3667e000-7f4a36687000 r-xp 00000000 08:03 34344629                   /usr/lib/x86_64-linux-gnu/libXcursor.so.1.0.2
7f4a36687000-7f4a36886000 ---p 00009000 08:03 34344629                   /usr/lib/x86_64-linux-gnu/libXcursor.so.1.0.2
7f4a36886000-7f4a36887000 r--p 00008000 08:03 34344629                   /usr/lib/x86_64-linux-gnu/libXcursor.so.1.0.2
7f4a36887000-7f4a36888000 rw-p 00009000 08:03 34344629                   /usr/lib/x86_64-linux-gnu/libXcursor.so.1.0.2
7f4a36888000-7f4a36892000 r-xp 00000000 08:03 34344650                   /usr/lib/x86_64-linux-gnu/libXrandr.so.2.2.0
7f4a36892000-7f4a36a91000 ---p 0000a000 08:03 34344650                   /usr/lib/x86_64-linux-gnu/libXrandr.so.2.2.0
7f4a36a91000-7f4a36a92000 r--p 00009000 08:03 34344650                   /usr/lib/x86_64-linux-gnu/libXrandr.so.2.2.0
7f4a36a92000-7f4a36a93000 rw-p 0000a000 08:03 34344650                   /usr/lib/x86_64-linux-gnu/libXrandr.so.2.2.0
7f4a36a93000-7f4a36aa2000 r-xp 00000000 08:03 34344639                   /usr/lib/x86_64-linux-gnu/libXi.so.6.1.0
7f4a36aa2000-7f4a36ca1000 ---p 0000f000 08:03 34344639                   /usr/lib/x86_64-linux-gnu/libXi.so.6.1.0
7f4a36ca1000-7f4a36ca2000 r--p 0000e000 08:03 34344639                   /usr/lib/x86_64-linux-gnu/libXi.so.6.1.0
7f4a36ca2000-7f4a36ca3000 rw-p 0000f000 08:03 34344639                   /usr/lib/x86_64-linux-gnu/libXi.so.6.1.0
7f4a36ca3000-7f4a36ca5000 r-xp 00000000 08:03 34344633                   /usr/lib/x86_64-linux-gnu/libXinerama.so.1.0.0
7f4a36ca5000-7f4a36ea4000 ---p 00002000 08:03 34344633                   /usr/lib/x86_64-linux-gnu/libXinerama.so.1.0.0
7f4a36ea4000-7f4a36ea5000 r--p 00001000 08:03 34344633                   /usr/lib/x86_64-linux-gnu/libXinerama.so.1.0.0
7f4a36ea5000-7f4a36ea6000 rw-p 00002000 08:03 34344633                   /usr/lib/x86_64-linux-gnu/libXinerama.so.1.0.0
7f4a36ea6000-7f4a36eaf000 r-xp 00000000 08:03 34080407                   /usr/lib/x86_64-linux-gnu/libXrender.so.1.3.0
7f4a36eaf000-7f4a370ae000 ---p 00009000 08:03 34080407                   /usr/lib/x86_64-linux-gnu/libXrender.so.1.3.0
7f4a370ae000-7f4a370af000 r--p 00008000 08:03 34080407                   /usr/lib/x86_64-linux-gnu/libXrender.so.1.3.0
7f4a370af000-7f4a370b0000 rw-p 00009000 08:03 34080407                   /usr/lib/x86_64-linux-gnu/libXrender.so.1.3.0
7f4a370b0000-7f4a370b5000 r-xp 00000000 08:03 34344613                   /usr/lib/x86_64-linux-gnu/libXfixes.so.3.1.0
7f4a370b5000-7f4a372b4000 ---p 00005000 08:03 34344613                   /usr/lib/x86_64-linux-gnu/libXfixes.so.3.1.0
7f4a372b4000-7f4a372b5000 r--p 00004000 08:03 34344613                   /usr/lib/x86_64-linux-gnu/libXfixes.so.3.1.0
7f4a372b5000-7f4a372b6000 rw-p 00005000 08:03 34344613                   /usr/lib/x86_64-linux-gnu/libXfixes.so.3.1.0
7f4a372b6000-7f4a372cc000 r-xp 00000000 08:03 33569974                   /lib/x86_64-linux-gnu/libgcc_s.so.1
7f4a372cc000-7f4a374cb000 ---p 00016000 08:03 33569974                   /lib/x86_64-linux-gnu/libgcc_s.so.1
7f4a374cb000-7f4a374cc000 rw-p 00015000 08:03 33569974                   /lib/x86_64-linux-gnu/libgcc_s.so.1
7f4a374cc000-7f4a3763e000 r-xp 00000000 08:03 33646122                   /usr/lib/x86_64-linux-gnu/libstdc++.so.6.0.21
7f4a3763e000-7f4a3783e000 ---p 00172000 08:03 33646122                   /usr/lib/x86_64-linux-gnu/libstdc++.so.6.0.21
7f4a3783e000-7f4a37848000 r--p 00172000 08:03 33646122                   /usr/lib/x86_64-linux-gnu/libstdc++.so.6.0.21
7f4a37848000-7f4a3784a000 rw-p 0017c000 08:03 33646122                   /usr/lib/x86_64-linux-gnu/libstdc++.so.6.0.21
7f4a3784a000-7f4a3784e000 rw-p 00000000 00:00 0 
7f4a3784e000-7f4a378bc000 r-xp 00000000 08:03 71358372                   /usr/lib/x86_64-linux-gnu/mesa/libGL.so.1.2.0
7f4a378bc000-7f4a37abb000 ---p 0006e000 08:03 71358372                   /usr/lib/x86_64-linux-gnu/mesa/libGL.so.1.2.0
7f4a37abb000-7f4a37abe000 r--p 0006d000 08:03 71358372                   /usr/lib/x86_64-linux-gnu/mesa/libGL.so.1.2.0
7f4a37abe000-7f4a37abf000 rw-p 00070000 08:03 71358372                   /usr/lib/x86_64-linux-gnu/mesa/libGL.so.1.2.0
7f4a37abf000-7f4a37ac0000 rw-p 00000000 00:00 0 
7f4a37ac0000-7f4a37ac5000 r-xp 00000000 08:03 34421024                   /usr/lib/x86_64-linux-gnu/libXxf86vm.so.1.0.0
7f4a37ac5000-7f4a37cc4000 ---p 00005000 08:03 34421024                   /usr/lib/x86_64-linux-gnu/libXxf86vm.so.1.0.0
7f4a37cc4000-7f4a37cc5000 r--p 00004000 08:03 34421024                   /usr/lib/x86_64-linux-gnu/libXxf86vm.so.1.0.0
7f4a37cc5000-7f4a37cc6000 rw-p 00005000 08:03 34421024                   /usr/lib/x86_64-linux-gnu/libXxf86vm.so.1.0.0
7f4a37cc6000-7f4a37dfb000 r-xp 00000000 08:03 34034189                   /usr/lib/x86_64-linux-gnu/libX11.so.6.3.0
7f4a37dfb000-7f4a37ffb000 ---p 00135000 08:03 34034189                   /usr/lib/x86_64-linux-gnu/libX11.so.6.3.0
7f4a37ffb000-7f4a37ffc000 r--p 00135000 08:03 34034189                   /usr/lib/x86_64-linux-gnu/libX11.so.6.3.0
7f4a37ffc000-7f4a38000000 rw-p 00136000 08:03 34034189                   /usr/lib/x86_64-linux-gnu/libX11.so.6.3.0
7f4a38000000-7f4a38021000 rw-p 00000000 00:00 0 
7f4a38021000-7f4a3c000000 ---p 00000000 00:00 0 
7f4a3c001000-7f4a3c006000 r--s 00000000 08:03 37737485                   /var/cache/fontconfig/8801497958630a81b71ace7c5f9b32a8-le64.cache-6
7f4a3c006000-7f4a3c011000 r--s 00000000 08:03 37737472                   /var/cache/fontconfig/83bf95040141907cd45bb53cf7c1c148-le64.cache-6
7f4a3c011000-7f4a3c023000 r--s 00000000 08:03 37737512                   /var/cache/fontconfig/9b89f8e3dae116d678bbf48e5f21f69b-le64.cache-6
7f4a3c023000-7f4a3c044000 r--s 00000000 08:03 37593926                   /var/cache/fontconfig/467c019e582ee353435ea5c21d137ef6-le64.cache-6
7f4a3c044000-7f4a3c0c4000 rw-s 12bfca000 00:06 330                       /dev/dri/card0
7f4a3c0c4000-7f4a3c0c9000 r-xp 00000000 08:03 34640110                   /usr/lib/x86_64-linux-gnu/libXtst.so.6.1.0
7f4a3c0c9000-7f4a3c2c8000 ---p 00005000 08:03 34640110                   /usr/lib/x86_64-linux-gnu/libXtst.so.6.1.0
7f4a3c2c8000-7f4a3c2c9000 r--p 00004000 08:03 34640110                   /usr/lib/x86_64-linux-gnu/libXtst.so.6.1.0
7f4a3c2c9000-7f4a3c2ca000 rw-p 00005000 08:03 34640110                   /usr/lib/x86_64-linux-gnu/libXtst.so.6.1.0
7f4a3c2ca000-7f4a3c3d9000 r-xp 00000000 08:03 33570867                   /lib/x86_64-linux-gnu/libglib-2.0.so.0.4800.2
7f4a3c3d9000-7f4a3c5d8000 ---p 0010f000 08:03 33570867                   /lib/x86_64-linux-gnu/libglib-2.0.so.0.4800.2
7f4a3c5d8000-7f4a3c5d9000 r--p 0010e000 08:03 33570867                   /lib/x86_64-linux-gnu/libglib-2.0.so.0.4800.2
7f4a3c5d9000-7f4a3c5da000 rw-p 0010f000 08:03 33570867                   /lib/x86_64-linux-gnu/libglib-2.0.so.0.4800.2
7f4a3c5da000-7f4a3c5db000 rw-p 00000000 00:00 0 
7f4a3c5db000-7f4a3c5dc000 r-xp 00000000 08:03 33570869                   /usr/lib/x86_64-linux-gnu/libgthread-2.0.so.0.4800.2
7f4a3c5dc000-7f4a3c7db000 ---p 00001000 08:03 33570869                   /usr/lib/x86_64-linux-gnu/libgthread-2.0.so.0.4800.2
7f4a3c7db000-7f4a3c7dc000 r--p 00000000 08:03 33570869                   /usr/lib/x86_64-linux-gnu/libgthread-2.0.so.0.4800.2
7f4a3c7dc000-7f4a3c7dd000 rw-p 00001000 08:03 33570869                   /usr/lib/x86_64-linux-gnu/libgthread-2.0.so.0.4800.2
7f4a3c7dd000-7f4a3c7e0000 r-xp 00000000 08:03 33570868                   /usr/lib/x86_64-linux-gnu/libgmodule-2.0.so.0.4800.2
7f4a3c7e0000-7f4a3c9df000 ---p 00003000 08:03 33570868                   /usr/lib/x86_64-linux-gnu/libgmodule-2.0.so.0.4800.2
7f4a3c9df000-7f4a3c9e0000 r--p 00002000 08:03 33570868                   /usr/lib/x86_64-linux-gnu/libgmodule-2.0.so.0.4800.2
7f4a3c9e0000-7f4a3c9e1000 rw-p 00003000 08:03 33570868                   /usr/lib/x86_64-linux-gnu/libgmodule-2.0.so.0.4800.2
7f4a3c9e1000-7f4a3ca33000 r-xp 00000000 08:03 33570870                   /usr/lib/x86_64-linux-gnu/libgobject-2.0.so.0.4800.2
7f4a3ca33000-7f4a3cc32000 ---p 00052000 08:03 33570870                   /usr/lib/x86_64-linux-gnu/libgobject-2.0.so.0.4800.2
7f4a3cc32000-7f4a3cc33000 r--p 00051000 08:03 33570870                   /usr/lib/x86_64-linux-gnu/libgobject-2.0.so.0.4800.2
7f4a3cc33000-7f4a3cc34000 rw-p 00052000 08:03 33570870                   /usr/lib/x86_64-linux-gnu/libgobject-2.0.so.0.4800.2
7f4a3cc34000-7f4a3cc71000 r-xp 00000000 08:03 34075569                   /usr/lib/x86_64-linux-gnu/libfontconfig.so.1.9.0
7f4a3cc71000-7f4a3ce70000 ---p 0003d000 08:03 34075569                   /usr/lib/x86_64-linux-gnu/libfontconfig.so.1.9.0
7f4a3ce70000-7f4a3ce72000 r--p 0003c000 08:03 34075569                   /usr/lib/x86_64-linux-gnu/libfontconfig.so.1.9.0
7f4a3ce72000-7f4a3ce77000 rw-p 0003e000 08:03 34075569                   /usr/lib/x86_64-linux-gnu/libfontconfig.so.1.9.0
7f4a3ce77000-7f4a3cf1b000 r-xp 00000000 08:03 34075575                   /usr/lib/x86_64-linux-gnu/libfreetype.so.6.12.1
7f4a3cf1b000-7f4a3d11a000 ---p 000a4000 08:03 34075575                   /usr/lib/x86_64-linux-gnu/libfreetype.so.6.12.1
7f4a3d11a000-7f4a3d120000 r--p 000a3000 08:03 34075575                   /usr/lib/x86_64-linux-gnu/libfreetype.so.6.12.1
7f4a3d120000-7f4a3d121000 rw-p 000a9000 08:03 34075575                   /usr/lib/x86_64-linux-gnu/libfreetype.so.6.12.1
7f4a3d121000-7f4a3d16a000 r-xp 00000000 08:03 34154450                   /usr/lib/x86_64-linux-gnu/libpango-1.0.so.0.3800.1
7f4a3d16a000-7f4a3d36a000 ---p 00049000 08:03 34154450                   /usr/lib/x86_64-linux-gnu/libpango-1.0.so.0.3800.1
7f4a3d36a000-7f4a3d36c000 r--p 00049000 08:03 34154450                   /usr/lib/x86_64-linux-gnu/libpango-1.0.so.0.3800.1
7f4a3d36c000-7f4a3d36d000 rw-p 0004b000 08:03 34154450                   /usr/lib/x86_64-linux-gnu/libpango-1.0.so.0.3800.1
7f4a3d36d000-7f4a3d47b000 r-xp 00000000 08:03 34080413                   /usr/lib/x86_64-linux-gnu/libcairo.so.2.11400.6
7f4a3d47b000-7f4a3d67b000 ---p 0010e000 08:03 34080413                   /usr/lib/x86_64-linux-gnu/libcairo.so.2.11400.6
7f4a3d67b000-7f4a3d67e000 r--p 0010e000 08:03 34080413                   /usr/lib/x86_64-linux-gnu/libcairo.so.2.11400.6
7f4a3d67e000-7f4a3d67f000 rw-p 00111000 08:03 34080413                   /usr/lib/x86_64-linux-gnu/libcairo.so.2.11400.6
7f4a3d67f000-7f4a3d681000 rw-p 00000000 00:00 0 
7f4a3d681000-7f4a3d68d000 r-xp 00000000 08:03 34158089                   /usr/lib/x86_64-linux-gnu/libpangocairo-1.0.so.0.3800.1
7f4a3d68d000-7f4a3d88c000 ---p 0000c000 08:03 34158089                   /usr/lib/x86_64-linux-gnu/libpangocairo-1.0.so.0.3800.1
7f4a3d88c000-7f4a3d88d000 r--p 0000b000 08:03 34158089                   /usr/lib/x86_64-linux-gnu/libpangocairo-1.0.so.0.3800.1
7f4a3d88d000-7f4a3d88e000 rw-p 0000c000 08:03 34158089                   /usr/lib/x86_64-linux-gnu/libpangocairo-1.0.so.0.3800.1
7f4a3d88e000-7f4a3d8af000 r-xp 00000000 08:03 33583084                   /usr/lib/x86_64-linux-gnu/libgdk_pixbuf-2.0.so.0.3200.2
7f4a3d8af000-7f4a3daae000 ---p 00021000 08:03 33583084                   /usr/lib/x86_64-linux-gnu/libgdk_pixbuf-2.0.so.0.3200.2
7f4a3daae000-7f4a3daaf000 r--p 00020000 08:03 33583084                   /usr/lib/x86_64-linux-gnu/libgdk_pixbuf-2.0.so.0.3200.2
7f4a3daaf000-7f4a3dab0000 rw-p 00021000 08:03 33583084                   /usr/lib/x86_64-linux-gnu/libgdk_pixbuf-2.0.so.0.3200.2
7f4a3dab0000-7f4a3dac4000 r-xp 00000000 08:03 34158081                   /usr/lib/x86_64-linux-gnu/libpangoft2-1.0.so.0.3800.1
7f4a3dac4000-7f4a3dcc4000 ---p 00014000 08:03 34158081                   /usr/lib/x86_64-linux-gnu/libpangoft2-1.0.so.0.3800.1
7f4a3dcc4000-7f4a3dcc5000 r--p 00014000 08:03 34158081                   /usr/lib/x86_64-linux-gnu/libpangoft2-1.0.so.0.3800.1
7f4a3dcc5000-7f4a3dcc6000 rw-p 00015000 08:03 34158081                   /usr/lib/x86_64-linux-gnu/libpangoft2-1.0.so.0.3800.1
7f4a3dcc6000-7f4a3de46000 r-xp 00000000 08:03 33570871                   /usr/lib/x86_64-linux-gnu/libgio-2.0.so.0.4800.2
7f4a3de46000-7f4a3e046000 ---p 00180000 08:03 33570871                   /usr/lib/x86_64-linux-gnu/libgio-2.0.so.0.4800.2
7f4a3e046000-7f4a3e04a000 r--p 00180000 08:03 33570871                   /usr/lib/x86_64-linux-gnu/libgio-2.0.so.0.4800.2
7f4a3e04a000-7f4a3e04c000 rw-p 00184000 08:03 33570871                   /usr/lib/x86_64-linux-gnu/libgio-2.0.so.0.4800.2
7f4a3e04c000-7f4a3e04e000 rw-p 00000000 00:00 0 
7f4a3e04e000-7f4a3e070000 r-xp 00000000 08:03 34244691                   /usr/lib/x86_64-linux-gnu/libatk-1.0.so.0.21809.1
7f4a3e070000-7f4a3e26f000 ---p 00022000 08:03 34244691                   /usr/lib/x86_64-linux-gnu/libatk-1.0.so.0.21809.1
7f4a3e26f000-7f4a3e272000 r--p 00021000 08:03 34244691                   /usr/lib/x86_64-linux-gnu/libatk-1.0.so.0.21809.1
7f4a3e272000-7f4a3e273000 rw-p 00024000 08:03 34244691                   /usr/lib/x86_64-linux-gnu/libatk-1.0.so.0.21809.1
7f4a3e273000-7f4a3e323000 r-xp 00000000 08:03 34391839                   /usr/lib/x86_64-linux-gnu/libgdk-x11-2.0.so.0.2400.30
7f4a3e323000-7f4a3e522000 ---p 000b0000 08:03 34391839                   /usr/lib/x86_64-linux-gnu/libgdk-x11-2.0.so.0.2400.30
7f4a3e522000-7f4a3e526000 r--p 000af000 08:03 34391839                   /usr/lib/x86_64-linux-gnu/libgdk-x11-2.0.so.0.2400.30
7f4a3e526000-7f4a3e528000 rw-p 000b3000 08:03 34391839                   /usr/lib/x86_64-linux-gnu/libgdk-x11-2.0.so.0.2400.30
7f4a3e528000-7f4a3e966000 r-xp 00000000 08:03 34393737                   /usr/lib/x86_64-linux-gnu/libgtk-x11-2.0.so.0.2400.30
7f4a3e966000-7f4a3eb65000 ---p 0043e000 08:03 34393737                   /usr/lib/x86_64-linux-gnu/libgtk-x11-2.0.so.0.2400.30
7f4a3eb65000-7f4a3eb6c000 r--p 0043d000 08:03 34393737                   /usr/lib/x86_64-linux-gnu/libgtk-x11-2.0.so.0.2400.30
7f4a3eb6c000-7f4a3eb70000 rw-p 00444000 08:03 34393737                   /usr/lib/x86_64-linux-gnu/libgtk-x11-2.0.so.0.2400.30
7f4a3eb70000-7f4a3eb73000 rw-p 00000000 00:00 0 
7f4a3eb73000-7f4a3eb7f000 r-xp 00000000 08:03 71303457                   /usr/share/jdk1.8.0_91/jre/lib/amd64/libprism_es2.so
7f4a3eb7f000-7f4a3ed7e000 ---p 0000c000 08:03 71303457                   /usr/share/jdk1.8.0_91/jre/lib/amd64/libprism_es2.so
7f4a3ed7e000-7f4a3ed7f000 rw-p 0000b000 08:03 71303457                   /usr/share/jdk1.8.0_91/jre/lib/amd64/libprism_es2.so
7f4a3ed7f000-7f4a3ed82000 ---p 00000000 00:00 0 
7f4a3ed82000-7f4a3ee80000 rw-p 00000000 00:00 0 
7f4a3ee80000-7f4a3ef15000 r--s 01103000 08:03 102835431                  /usr/share/jdk1.8.0_91/jre/lib/ext/jfxrt.jar
7f4a3ef15000-7f4a3ef16000 ---p 00000000 00:00 0 
7f4a3ef16000-7f4a3f016000 rw-p 00000000 00:00 0 
7f4a3f016000-7f4a3f019000 ---p 00000000 00:00 0 
7f4a3f019000-7f4a3f117000 rw-p 00000000 00:00 0 
7f4a3f117000-7f4a3f11a000 ---p 00000000 00:00 0 
7f4a3f11a000-7f4a3f218000 rw-p 00000000 00:00 0 
7f4a3f218000-7f4a3f21b000 ---p 00000000 00:00 0 
7f4a3f21b000-7f4a3f319000 rw-p 00000000 00:00 0 
7f4a3f319000-7f4a3f31c000 ---p 00000000 00:00 0 
7f4a3f31c000-7f4a3f41a000 rw-p 00000000 00:00 0 
7f4a3f41a000-7f4a3f41d000 ---p 00000000 00:00 0 
7f4a3f41d000-7f4a3f51b000 rw-p 00000000 00:00 0 
7f4a3f51b000-7f4a3f51e000 ---p 00000000 00:00 0 
7f4a3f51e000-7f4a3f61c000 rw-p 00000000 00:00 0 
7f4a3f61c000-7f4a3f8f9000 r--p 00000000 08:03 67144637                   /usr/lib/locale/locale-archive
7f4a3f8f9000-7f4a3f8fc000 ---p 00000000 00:00 0 
7f4a3f8fc000-7f4a3f9fa000 rw-p 00000000 00:00 0 
7f4a3f9fa000-7f4a3f9fd000 ---p 00000000 00:00 0 
7f4a3f9fd000-7f4a3fafb000 rw-p 00000000 00:00 0 
7f4a3fafb000-7f4a3fafc000 ---p 00000000 00:00 0 
7f4a3fafc000-7f4a40000000 rw-p 00000000 00:00 0 
7f4a40000000-7f4a40021000 rw-p 00000000 00:00 0 
7f4a40021000-7f4a44000000 ---p 00000000 00:00 0 
7f4a44000000-7f4a44021000 rw-p 00000000 00:00 0 
7f4a44021000-7f4a48000000 ---p 00000000 00:00 0 
7f4a48000000-7f4a48021000 rw-p 00000000 00:00 0 
7f4a48021000-7f4a4c000000 ---p 00000000 00:00 0 
7f4a4c000000-7f4a4c001000 r--s 00000000 08:03 37737494                   /var/cache/fontconfig/0d8c3b2ac0904cb8a57a757ad11a4a08-le64.cache-6
7f4a4c001000-7f4a4c002000 r--s 00000000 08:03 37737491                   /var/cache/fontconfig/1ac9eb803944fde146138c791f5cc56a-le64.cache-6
7f4a4c002000-7f4a4c008000 r--s 00000000 08:03 37737479                   /var/cache/fontconfig/b47c4e1ecd0709278f4910c18777a504-le64.cache-6
7f4a4c008000-7f4a4c01e000 r--s 00000000 08:03 41371486                   /var/cache/fontconfig/e13b20fdb08344e0e664864cc2ede53d-le64.cache-6
7f4a4c01e000-7f4a4c049000 r--p 00000000 08:03 37754511                   /usr/share/locale-langpack/fr/LC_MESSAGES/gtk20-properties.mo
7f4a4c049000-7f4a4c06f000 r--p 00000000 08:03 34047513                   /usr/share/locale-langpack/fr/LC_MESSAGES/libc.mo
7f4a4c06f000-7f4a4d8dd000 rw-p 00000000 00:00 0 
7f4a4d8dd000-7f4a4dab6000 r--s 03d1f000 08:03 71304087                   /usr/share/jdk1.8.0_91/jre/lib/rt.jar
7f4a4dab6000-7f4a4f2da000 rw-p 00000000 00:00 0 
7f4a4f2da000-7f4a4f2db000 ---p 00000000 00:00 0 
7f4a4f2db000-7f4a4f3db000 rw-p 00000000 00:00 0 
7f4a4f3db000-7f4a4f3dc000 ---p 00000000 00:00 0 
7f4a4f3dc000-7f4a4f4dc000 rw-p 00000000 00:00 0 
7f4a4f4dc000-7f4a4f4dd000 ---p 00000000 00:00 0 
7f4a4f4dd000-7f4a4f685000 rw-p 00000000 00:00 0 
7f4a4f685000-7f4a50051000 ---p 00000000 00:00 0 
7f4a50051000-7f4a500f9000 rw-p 00000000 00:00 0 
7f4a500f9000-7f4a50ac5000 ---p 00000000 00:00 0 
7f4a50ac5000-7f4a50bc5000 rw-p 00000000 00:00 0 
7f4a50bc5000-7f4a50fff000 ---p 00000000 00:00 0 
7f4a50fff000-7f4a51000000 rw-p 00000000 00:00 0 
7f4a51000000-7f4a518f0000 rwxp 00000000 00:00 0 
7f4a518f0000-7f4a60000000 ---p 00000000 00:00 0 
7f4a60000000-7f4a6042b000 rw-p 00000000 00:00 0 
7f4a6042b000-7f4a64000000 ---p 00000000 00:00 0 
7f4a64000000-7f4a6400d000 r--s 00000000 08:03 37593928                   /var/cache/fontconfig/8f02d4cb045bd6ce15663e43f347c9f8-le64.cache-6
7f4a6400d000-7f4a6401c000 r--p 00000000 08:03 37754517                   /usr/share/locale-langpack/fr/LC_MESSAGES/gtk20.mo
7f4a6401c000-7f4a640c0000 rw-p 00000000 00:00 0 
7f4a640c0000-7f4a640c1000 ---p 00000000 00:00 0 
7f4a640c1000-7f4a641c1000 rw-p 00000000 00:00 0 
7f4a641c1000-7f4a641c2000 ---p 00000000 00:00 0 
7f4a641c2000-7f4a642c2000 rw-p 00000000 00:00 0 
7f4a642c2000-7f4a642c3000 ---p 00000000 00:00 0 
7f4a642c3000-7f4a643c3000 rw-p 00000000 00:00 0 
7f4a643c3000-7f4a643c4000 ---p 00000000 00:00 0 
7f4a643c4000-7f4a644c4000 rw-p 00000000 00:00 0 
7f4a644c4000-7f4a644c5000 ---p 00000000 00:00 0 
7f4a644c5000-7f4a645e9000 rw-p 00000000 00:00 0 
7f4a645e9000-7f4a64985000 ---p 00000000 00:00 0 
7f4a64985000-7f4a6499f000 r-xp 00000000 08:03 71303463                   /usr/share/jdk1.8.0_91/jre/lib/amd64/libzip.so
7f4a6499f000-7f4a64b9f000 ---p 0001a000 08:03 71303463                   /usr/share/jdk1.8.0_91/jre/lib/amd64/libzip.so
7f4a64b9f000-7f4a64ba0000 rw-p 0001a000 08:03 71303463                   /usr/share/jdk1.8.0_91/jre/lib/amd64/libzip.so
7f4a64ba0000-7f4a64bca000 r-xp 00000000 08:03 71174144                   /usr/share/jdk1.8.0_91/jre/lib/amd64/libjava.so
7f4a64bca000-7f4a64dca000 ---p 0002a000 08:03 71174144                   /usr/share/jdk1.8.0_91/jre/lib/amd64/libjava.so
7f4a64dca000-7f4a64dcc000 rw-p 0002a000 08:03 71174144                   /usr/share/jdk1.8.0_91/jre/lib/amd64/libjava.so
7f4a64dcc000-7f4a64dd9000 r-xp 00000000 08:03 71303472                   /usr/share/jdk1.8.0_91/jre/lib/amd64/libverify.so
7f4a64dd9000-7f4a64fd9000 ---p 0000d000 08:03 71303472                   /usr/share/jdk1.8.0_91/jre/lib/amd64/libverify.so
7f4a64fd9000-7f4a64fdb000 rw-p 0000d000 08:03 71303472                   /usr/share/jdk1.8.0_91/jre/lib/amd64/libverify.so
7f4a64fdb000-7f4a64fe2000 r-xp 00000000 08:03 33570494                   /lib/x86_64-linux-gnu/librt-2.23.so
7f4a64fe2000-7f4a651e1000 ---p 00007000 08:03 33570494                   /lib/x86_64-linux-gnu/librt-2.23.so
7f4a651e1000-7f4a651e2000 r--p 00006000 08:03 33570494                   /lib/x86_64-linux-gnu/librt-2.23.so
7f4a651e2000-7f4a651e3000 rw-p 00007000 08:03 33570494                   /lib/x86_64-linux-gnu/librt-2.23.so
7f4a651e3000-7f4a652eb000 r-xp 00000000 08:03 33570506                   /lib/x86_64-linux-gnu/libm-2.23.so
7f4a652eb000-7f4a654ea000 ---p 00108000 08:03 33570506                   /lib/x86_64-linux-gnu/libm-2.23.so
7f4a654ea000-7f4a654eb000 r--p 00107000 08:03 33570506                   /lib/x86_64-linux-gnu/libm-2.23.so
7f4a654eb000-7f4a654ec000 rw-p 00108000 08:03 33570506                   /lib/x86_64-linux-gnu/libm-2.23.so
7f4a654ec000-7f4a661ac000 r-xp 00000000 08:03 2682248                    /usr/share/jdk1.8.0_91/jre/lib/amd64/server/libjvm.so
7f4a661ac000-7f4a663ac000 ---p 00cc0000 08:03 2682248                    /usr/share/jdk1.8.0_91/jre/lib/amd64/server/libjvm.so
7f4a663ac000-7f4a66484000 rw-p 00cc0000 08:03 2682248                    /usr/share/jdk1.8.0_91/jre/lib/amd64/server/libjvm.so
7f4a66484000-7f4a664cf000 rw-p 00000000 00:00 0 
7f4a664cf000-7f4a6668f000 r-xp 00000000 08:03 33570512                   /lib/x86_64-linux-gnu/libc-2.23.so
7f4a6668f000-7f4a6688f000 ---p 001c0000 08:03 33570512                   /lib/x86_64-linux-gnu/libc-2.23.so
7f4a6688f000-7f4a66893000 r--p 001c0000 08:03 33570512                   /lib/x86_64-linux-gnu/libc-2.23.so
7f4a66893000-7f4a66895000 rw-p 001c4000 08:03 33570512                   /lib/x86_64-linux-gnu/libc-2.23.so
7f4a66895000-7f4a66899000 rw-p 00000000 00:00 0 
7f4a66899000-7f4a6689c000 r-xp 00000000 08:03 33570500                   /lib/x86_64-linux-gnu/libdl-2.23.so
7f4a6689c000-7f4a66a9b000 ---p 00003000 08:03 33570500                   /lib/x86_64-linux-gnu/libdl-2.23.so
7f4a66a9b000-7f4a66a9c000 r--p 00002000 08:03 33570500                   /lib/x86_64-linux-gnu/libdl-2.23.so
7f4a66a9c000-7f4a66a9d000 rw-p 00003000 08:03 33570500                   /lib/x86_64-linux-gnu/libdl-2.23.so
7f4a66a9d000-7f4a66ab2000 r-xp 00000000 08:03 38453224                   /usr/share/jdk1.8.0_91/lib/amd64/jli/libjli.so
7f4a66ab2000-7f4a66cb2000 ---p 00015000 08:03 38453224                   /usr/share/jdk1.8.0_91/lib/amd64/jli/libjli.so
7f4a66cb2000-7f4a66cb3000 rw-p 00015000 08:03 38453224                   /usr/share/jdk1.8.0_91/lib/amd64/jli/libjli.so
7f4a66cb3000-7f4a66ccb000 r-xp 00000000 08:03 33570491                   /lib/x86_64-linux-gnu/libpthread-2.23.so
7f4a66ccb000-7f4a66eca000 ---p 00018000 08:03 33570491                   /lib/x86_64-linux-gnu/libpthread-2.23.so
7f4a66eca000-7f4a66ecb000 r--p 00017000 08:03 33570491                   /lib/x86_64-linux-gnu/libpthread-2.23.so
7f4a66ecb000-7f4a66ecc000 rw-p 00018000 08:03 33570491                   /lib/x86_64-linux-gnu/libpthread-2.23.so
7f4a66ecc000-7f4a66ed0000 rw-p 00000000 00:00 0 
7f4a66ed0000-7f4a66ef6000 r-xp 00000000 08:03 33569962                   /lib/x86_64-linux-gnu/ld-2.23.so
7f4a66ef6000-7f4a66ef7000 r--s 00000000 08:03 37737489                   /var/cache/fontconfig/dc05db6664285cc2f12bf69c139ae4c3-le64.cache-6
7f4a66ef7000-7f4a66ef8000 r--s 00000000 08:03 37737487                   /var/cache/fontconfig/4794a0821666d79190d59a36cb4f44b5-le64.cache-6
7f4a66ef8000-7f4a66ef9000 r--s 00000000 08:03 37737484                   /var/cache/fontconfig/bab58bb527bb656aaa9f116d68a48d89-le64.cache-6
7f4a66ef9000-7f4a66efa000 r--s 00000000 08:03 37737481                   /var/cache/fontconfig/56cf4f4769d0f4abc89a4895d7bd3ae1-le64.cache-6
7f4a66efa000-7f4a66efb000 r--s 00000000 08:03 37737480                   /var/cache/fontconfig/b9d506c9ac06c20b433354fa67a72993-le64.cache-6
7f4a66efb000-7f4a66efc000 r--s 00000000 08:03 37737477                   /var/cache/fontconfig/551ecf3b0e8b0bca0f25c0944f561853-le64.cache-6
7f4a66efc000-7f4a66f99000 rw-p 00000000 00:00 0 
7f4a66f99000-7f4a66fce000 r--s 00000000 08:03 36752293                   /var/cache/nscd/passwd
7f4a66fce000-7f4a66fd1000 ---p 00000000 00:00 0 
7f4a66fd1000-7f4a670d3000 rw-p 00000000 00:00 0 
7f4a670d3000-7f4a670d4000 r--s 00000000 08:03 37737475                   /var/cache/fontconfig/30829fa25452a46451e813d634d7f916-le64.cache-6
7f4a670d4000-7f4a670d5000 r--s 00000000 08:03 37737513                   /var/cache/fontconfig/0c9eb80ebd1c36541ebe2852d3bb0c49-le64.cache-6
7f4a670d5000-7f4a670d8000 r--s 00000000 08:03 37737473                   /var/cache/fontconfig/75114ca45c98e8a441da0ff356701271-le64.cache-6
7f4a670d8000-7f4a670dc000 r--s 00000000 08:03 37737502                   /var/cache/fontconfig/7ef2298fde41cc6eeb7af42e48b7d293-le64.cache-6
7f4a670dc000-7f4a670de000 r--s 00000000 08:03 37593929                   /var/cache/fontconfig/16326683038b281783a0ef8c680e3a10-le64.cache-6
7f4a670de000-7f4a670df000 r--s 00000000 08:03 37593927                   /var/cache/fontconfig/e0aa53bcfa504e64f87823c16bc01eb6-le64.cache-6
7f4a670df000-7f4a670e0000 r--s 00008000 08:03 82441433                   /opt/eclipse/plugins/org.eclipse.fx.ide.css.jfx8_2.4.0.201605112122.jar
7f4a670e0000-7f4a670e1000 rw-s 00000000 00:05 2825736                    /memfd:xshmfence (deleted)
7f4a670e1000-7f4a670e2000 rw-s 12c1ca000 00:06 330                       /dev/dri/card0
7f4a670e2000-7f4a670e9000 r--s 00000000 08:03 309579                     /usr/lib/x86_64-linux-gnu/gconv/gconv-modules.cache
7f4a670e9000-7f4a670f1000 rw-s 00000000 08:06 67109003                   /tmp/hsperfdata_ribb0001/8247
7f4a670f1000-7f4a670f2000 rw-p 00000000 00:00 0 
7f4a670f2000-7f4a670f3000 r--p 00000000 00:00 0 
7f4a670f3000-7f4a670f5000 rw-p 00000000 00:00 0 
7f4a670f5000-7f4a670f6000 r--p 00025000 08:03 33569962                   /lib/x86_64-linux-gnu/ld-2.23.so
7f4a670f6000-7f4a670f7000 rw-p 00026000 08:03 33569962                   /lib/x86_64-linux-gnu/ld-2.23.so
7f4a670f7000-7f4a670f8000 rw-p 00000000 00:00 0 
7fff5186c000-7fff5188d000 rw-p 00000000 00:00 0                          [stack]
7fff518b0000-7fff518b2000 r--p 00000000 00:00 0                          [vvar]
7fff518b2000-7fff518b4000 r-xp 00000000 00:00 0                          [vdso]
ffffffffff600000-ffffffffff601000 r-xp 00000000 00:00 0                  [vsyscall]

VM Arguments:
jvm_args: -Dfile.encoding=UTF-8 
java_command: quota.Main
java_class_path (initial): /home/Etudiants/ribb0001/workspace/Quota/bin:/opt/eclipse/plugins/org.eclipse.fx.ide.css.jfx8_2.4.0.201605112122.jar
Launcher Type: SUN_STANDARD

Environment Variables:
JAVA_HOME=/usr/share/jdk1.8.0_91/
PATH=/opt/oracle/instantclient_12_1:/usr/local/sbin:/usr/local/bin:/usr/sbin:/usr/bin:/sbin:/bin:/usr/games:/usr/local/games:/opt/android-sdk/tools:/opt/android-sdk/platform-tools:/snap/bin:/usr/share/jdk1.8.0_91/bin/
LD_LIBRARY_PATH=/opt/oracle/instantclient_12_1:
SHELL=/bin/bash
DISPLAY=:0.0

Signal Handlers:
SIGSEGV: [libjvm.so+0xabca10], sa_mask[0]=11111111011111111101111111111110, sa_flags=SA_RESTART|SA_SIGINFO
SIGBUS: [libjvm.so+0xabca10], sa_mask[0]=11111111011111111101111111111110, sa_flags=SA_RESTART|SA_SIGINFO
SIGFPE: [libjvm.so+0x919a20], sa_mask[0]=11111111011111111101111111111110, sa_flags=SA_RESTART|SA_SIGINFO
SIGPIPE: SIG_IGN, sa_mask[0]=00000000000010000000000000000000, sa_flags=SA_RESTART
SIGXFSZ: [libjvm.so+0x919a20], sa_mask[0]=11111111011111111101111111111110, sa_flags=SA_RESTART|SA_SIGINFO
SIGILL: [libjvm.so+0x919a20], sa_mask[0]=11111111011111111101111111111110, sa_flags=SA_RESTART|SA_SIGINFO
SIGUSR1: SIG_DFL, sa_mask[0]=00000000000000000000000000000000, sa_flags=none
SIGUSR2: [libjvm.so+0x91b050], sa_mask[0]=00100000000000000000000000000000, sa_flags=SA_RESTART|SA_SIGINFO
SIGHUP: [libjvm.so+0x91c450], sa_mask[0]=11111111011111111101111111111110, sa_flags=SA_RESTART|SA_SIGINFO
SIGINT: [libjvm.so+0x91c450], sa_mask[0]=11111111011111111101111111111110, sa_flags=SA_RESTART|SA_SIGINFO
SIGTERM: [libjvm.so+0x91c450], sa_mask[0]=11111111011111111101111111111110, sa_flags=SA_RESTART|SA_SIGINFO
SIGQUIT: [libjvm.so+0x91c450], sa_mask[0]=11111111011111111101111111111110, sa_flags=SA_RESTART|SA_SIGINFO


---------------  S Y S T E M  ---------------

OS:DISTRIB_ID=Ubuntu
DISTRIB_RELEASE=16.04
DISTRIB_CODENAME=xenial
DISTRIB_DESCRIPTION="Ubuntu 16.04.3 LTS"

uname:Linux 4.4.0-98-generic #121-Ubuntu SMP Tue Oct 10 14:24:03 UTC 2017 x86_64
libc:glibc 2.23 NPTL 2.23 
rlimit: STACK 8192k, CORE 0k, NPROC 128270, NOFILE 1048576, AS infinity
load average:1,44 1,01 1,21

/proc/meminfo:
MemTotal:       32877824 kB
MemFree:        27397148 kB
MemAvailable:   28848320 kB
Buffers:            2328 kB
Cached:          1677604 kB
SwapCached:            0 kB
Active:          4078732 kB
Inactive:         716144 kB
Active(anon):    3116020 kB
Inactive(anon):    65056 kB
Active(file):     962712 kB
Inactive(file):   651088 kB
Unevictable:          32 kB
Mlocked:              32 kB
SwapTotal:       3998716 kB
SwapFree:        3998716 kB
Dirty:                52 kB
Writeback:             0 kB
AnonPages:       3137552 kB
Mapped:           347872 kB
Shmem:             66132 kB
Slab:             302748 kB
SReclaimable:     241668 kB
SUnreclaim:        61080 kB
KernelStack:       12128 kB
PageTables:        36308 kB
NFS_Unstable:          0 kB
Bounce:                0 kB
WritebackTmp:          0 kB
CommitLimit:    20437628 kB
Committed_AS:    7118084 kB
VmallocTotal:   34359738367 kB
VmallocUsed:           0 kB
VmallocChunk:          0 kB
HardwareCorrupted:     0 kB
AnonHugePages:   1753088 kB
CmaTotal:              0 kB
CmaFree:               0 kB
HugePages_Total:       0
HugePages_Free:        0
HugePages_Rsvd:        0
HugePages_Surp:        0
Hugepagesize:       2048 kB
DirectMap4k:      127336 kB
DirectMap2M:     6094848 kB
DirectMap1G:    28311552 kB


CPU:total 8 (4 cores per cpu, 2 threads per core) family 6 model 94 stepping 3, cmov, cx8, fxsr, mmx, sse, sse2, sse3, ssse3, sse4.1, sse4.2, popcnt, avx, avx2, aes, clmul, erms, rtm, 3dnowpref, lzcnt, ht, tsc, tscinvbit, bmi1, bmi2, adx

/proc/cpuinfo:
processor	: 0
vendor_id	: GenuineIntel
cpu family	: 6
model		: 94
model name	: Intel(R) Core(TM) i7-6700 CPU @ 3.40GHz
stepping	: 3
microcode	: 0xb2
cpu MHz		: 3708.390
cache size	: 8192 KB
physical id	: 0
siblings	: 8
core id		: 0
cpu cores	: 4
apicid		: 0
initial apicid	: 0
fpu		: yes
fpu_exception	: yes
cpuid level	: 22
wp		: yes
flags		: fpu vme de pse tsc msr pae mce cx8 apic sep mtrr pge mca cmov pat pse36 clflush dts acpi mmx fxsr sse sse2 ss ht tm pbe syscall nx pdpe1gb rdtscp lm constant_tsc art arch_perfmon pebs bts rep_good nopl xtopology nonstop_tsc aperfmperf eagerfpu pni pclmulqdq dtes64 monitor ds_cpl vmx smx est tm2 ssse3 sdbg fma cx16 xtpr pdcm pcid sse4_1 sse4_2 x2apic movbe popcnt tsc_deadline_timer aes xsave avx f16c rdrand lahf_lm abm 3dnowprefetch epb intel_pt tpr_shadow vnmi flexpriority ept vpid fsgsbase tsc_adjust bmi1 hle avx2 smep bmi2 erms invpcid rtm mpx rdseed adx smap clflushopt xsaveopt xsavec xgetbv1 dtherm ida arat pln pts hwp hwp_notify hwp_act_window hwp_epp
bugs		:
bogomips	: 6816.61
clflush size	: 64
cache_alignment	: 64
address sizes	: 39 bits physical, 48 bits virtual
power management:

processor	: 1
vendor_id	: GenuineIntel
cpu family	: 6
model		: 94
model name	: Intel(R) Core(TM) i7-6700 CPU @ 3.40GHz
stepping	: 3
microcode	: 0xb2
cpu MHz		: 3783.828
cache size	: 8192 KB
physical id	: 0
siblings	: 8
core id		: 1
cpu cores	: 4
apicid		: 2
initial apicid	: 2
fpu		: yes
fpu_exception	: yes
cpuid level	: 22
wp		: yes
flags		: fpu vme de pse tsc msr pae mce cx8 apic sep mtrr pge mca cmov pat pse36 clflush dts acpi mmx fxsr sse sse2 ss ht tm pbe syscall nx pdpe1gb rdtscp lm constant_tsc art arch_perfmon pebs bts rep_good nopl xtopology nonstop_tsc aperfmperf eagerfpu pni pclmulqdq dtes64 monitor ds_cpl vmx smx est tm2 ssse3 sdbg fma cx16 xtpr pdcm pcid sse4_1 sse4_2 x2apic movbe popcnt tsc_deadline_timer aes xsave avx f16c rdrand lahf_lm abm 3dnowprefetch epb intel_pt tpr_shadow vnmi flexpriority ept vpid fsgsbase tsc_adjust bmi1 hle avx2 smep bmi2 erms invpcid rtm mpx rdseed adx smap clflushopt xsaveopt xsavec xgetbv1 dtherm ida arat pln pts hwp hwp_notify hwp_act_window hwp_epp
bugs		:
bogomips	: 6816.61
clflush size	: 64
cache_alignment	: 64
address sizes	: 39 bits physical, 48 bits virtual
power management:

processor	: 2
vendor_id	: GenuineIntel
cpu family	: 6
model		: 94
model name	: Intel(R) Core(TM) i7-6700 CPU @ 3.40GHz
stepping	: 3
microcode	: 0xb2
cpu MHz		: 3741.062
cache size	: 8192 KB
physical id	: 0
siblings	: 8
core id		: 2
cpu cores	: 4
apicid		: 4
initial apicid	: 4
fpu		: yes
fpu_exception	: yes
cpuid level	: 22
wp		: yes
flags		: fpu vme de pse tsc msr pae mce cx8 apic sep mtrr pge mca cmov pat pse36 clflush dts acpi mmx fxsr sse sse2 ss ht tm pbe syscall nx pdpe1gb rdtscp lm constant_tsc art arch_perfmon pebs bts rep_good nopl xtopology nonstop_tsc aperfmperf eagerfpu pni pclmulqdq dtes64 monitor ds_cpl vmx smx est tm2 ssse3 sdbg fma cx16 xtpr pdcm pcid sse4_1 sse4_2 x2apic movbe popcnt tsc_deadline_timer aes xsave avx f16c rdrand lahf_lm abm 3dnowprefetch epb intel_pt tpr_shadow vnmi flexpriority ept vpid fsgsbase tsc_adjust bmi1 hle avx2 smep bmi2 erms invpcid rtm mpx rdseed adx smap clflushopt xsaveopt xsavec xgetbv1 dtherm ida arat pln pts hwp hwp_notify hwp_act_window hwp_epp
bugs		:
bogomips	: 6816.61
clflush size	: 64
cache_alignment	: 64
address sizes	: 39 bits physical, 48 bits virtual
power management:

processor	: 3
vendor_id	: GenuineIntel
cpu family	: 6
model		: 94
model name	: Intel(R) Core(TM) i7-6700 CPU @ 3.40GHz
stepping	: 3
microcode	: 0xb2
cpu MHz		: 3700.023
cache size	: 8192 KB
physical id	: 0
siblings	: 8
core id		: 3
cpu cores	: 4
apicid		: 6
initial apicid	: 6
fpu		: yes
fpu_exception	: yes
cpuid level	: 22
wp		: yes
flags		: fpu vme de pse tsc msr pae mce cx8 apic sep mtrr pge mca cmov pat pse36 clflush dts acpi mmx fxsr sse sse2 ss ht tm pbe syscall nx pdpe1gb rdtscp lm constant_tsc art arch_perfmon pebs bts rep_good nopl xtopology nonstop_tsc aperfmperf eagerfpu pni pclmulqdq dtes64 monitor ds_cpl vmx smx est tm2 ssse3 sdbg fma cx16 xtpr pdcm pcid sse4_1 sse4_2 x2apic movbe popcnt tsc_deadline_timer aes xsave avx f16c rdrand lahf_lm abm 3dnowprefetch epb intel_pt tpr_shadow vnmi flexpriority ept vpid fsgsbase tsc_adjust bmi1 hle avx2 smep bmi2 erms invpcid rtm mpx rdseed adx smap clflushopt xsaveopt xsavec xgetbv1 dtherm ida arat pln pts hwp hwp_notify hwp_act_window hwp_epp
bugs		:
bogomips	: 6816.61
clflush size	: 64
cache_alignment	: 64
address sizes	: 39 bits physical, 48 bits virtual
power management:

processor	: 4
vendor_id	: GenuineIntel
cpu family	: 6
model		: 94
model name	: Intel(R) Core(TM) i7-6700 CPU @ 3.40GHz
stepping	: 3
microcode	: 0xb2
cpu MHz		: 3732.031
cache size	: 8192 KB
physical id	: 0
siblings	: 8
core id		: 0
cpu cores	: 4
apicid		: 1
initial apicid	: 1
fpu		: yes
fpu_exception	: yes
cpuid level	: 22
wp		: yes
flags		: fpu vme de pse tsc msr pae mce cx8 apic sep mtrr pge mca cmov pat pse36 clflush dts acpi mmx fxsr sse sse2 ss ht tm pbe syscall nx pdpe1gb rdtscp lm constant_tsc art arch_perfmon pebs bts rep_good nopl xtopology nonstop_tsc aperfmperf eagerfpu pni pclmulqdq dtes64 monitor ds_cpl vmx smx est tm2 ssse3 sdbg fma cx16 xtpr pdcm pcid sse4_1 sse4_2 x2apic movbe popcnt tsc_deadline_timer aes xsave avx f16c rdrand lahf_lm abm 3dnowprefetch epb intel_pt tpr_shadow vnmi flexpriority ept vpid fsgsbase tsc_adjust bmi1 hle avx2 smep bmi2 erms invpcid rtm mpx rdseed adx smap clflushopt xsaveopt xsavec xgetbv1 dtherm ida arat pln pts hwp hwp_notify hwp_act_window hwp_epp
bugs		:
bogomips	: 6816.61
clflush size	: 64
cache_alignment	: 64
address sizes	: 39 bits physical, 48 bits virtual
power management:

processor	: 5
vendor_id	: GenuineIntel
cpu family	: 6
model		: 94
model name	: Intel(R) Core(TM) i7-6700 CPU @ 3.40GHz
stepping	: 3
microcode	: 0xb2
cpu MHz		: 3711.179
cache size	: 8192 KB
physical id	: 0
siblings	: 8
core id		: 1
cpu cores	: 4
apicid		: 3
initial apicid	: 3
fpu		: yes
fpu_exception	: yes
cpuid level	: 22
wp		: yes
flags		: fpu vme de pse tsc msr pae mce cx8 apic sep mtrr pge mca cmov pat pse36 clflush dts acpi mmx fxsr sse sse2 ss ht tm pbe syscall nx pdpe1gb rdtscp lm constant_tsc art arch_perfmon pebs bts rep_good nopl xtopology nonstop_tsc aperfmperf eagerfpu pni pclmulqdq dtes64 monitor ds_cpl vmx smx est tm2 ssse3 sdbg fma cx16 xtpr pdcm pcid sse4_1 sse4_2 x2apic movbe popcnt tsc_deadline_timer aes xsave avx f16c rdrand lahf_lm abm 3dnowprefetch epb intel_pt tpr_shadow vnmi flexpriority ept vpid fsgsbase tsc_adjust bmi1 hle avx2 smep bmi2 erms invpcid rtm mpx rdseed adx smap clflushopt xsaveopt xsavec xgetbv1 dtherm ida arat pln pts hwp hwp_notify hwp_act_window hwp_epp
bugs		:
bogomips	: 6816.61
clflush size	: 64
cache_alignment	: 64
address sizes	: 39 bits physical, 48 bits virtual
power management:

processor	: 6
vendor_id	: GenuineIntel
cpu family	: 6
model		: 94
model name	: Intel(R) Core(TM) i7-6700 CPU @ 3.40GHz
stepping	: 3
microcode	: 0xb2
cpu MHz		: 3706.000
cache size	: 8192 KB
physical id	: 0
siblings	: 8
core id		: 2
cpu cores	: 4
apicid		: 5
initial apicid	: 5
fpu		: yes
fpu_exception	: yes
cpuid level	: 22
wp		: yes
flags		: fpu vme de pse tsc msr pae mce cx8 apic sep mtrr pge mca cmov pat pse36 clflush dts acpi mmx fxsr sse sse2 ss ht tm pbe syscall nx pdpe1gb rdtscp lm constant_tsc art arch_perfmon pebs bts rep_good nopl xtopology nonstop_tsc aperfmperf eagerfpu pni pclmulqdq dtes64 monitor ds_cpl vmx smx est tm2 ssse3 sdbg fma cx16 xtpr pdcm pcid sse4_1 sse4_2 x2apic movbe popcnt tsc_deadline_timer aes xsave avx f16c rdrand lahf_lm abm 3dnowprefetch epb intel_pt tpr_shadow vnmi flexpriority ept vpid fsgsbase tsc_adjust bmi1 hle avx2 smep bmi2 erms invpcid rtm mpx rdseed adx smap clflushopt xsaveopt xsavec xgetbv1 dtherm ida arat pln pts hwp hwp_notify hwp_act_window hwp_epp
bugs		:
bogomips	: 6816.61
clflush size	: 64
cache_alignment	: 64
address sizes	: 39 bits physical, 48 bits virtual
power management:

processor	: 7
vendor_id	: GenuineIntel
cpu family	: 6
model		: 94
model name	: Intel(R) Core(TM) i7-6700 CPU @ 3.40GHz
stepping	: 3
microcode	: 0xb2
cpu MHz		: 3700.289
cache size	: 8192 KB
physical id	: 0
siblings	: 8
core id		: 3
cpu cores	: 4
apicid		: 7
initial apicid	: 7
fpu		: yes
fpu_exception	: yes
cpuid level	: 22
wp		: yes
flags		: fpu vme de pse tsc msr pae mce cx8 apic sep mtrr pge mca cmov pat pse36 clflush dts acpi mmx fxsr sse sse2 ss ht tm pbe syscall nx pdpe1gb rdtscp lm constant_tsc art arch_perfmon pebs bts rep_good nopl xtopology nonstop_tsc aperfmperf eagerfpu pni pclmulqdq dtes64 monitor ds_cpl vmx smx est tm2 ssse3 sdbg fma cx16 xtpr pdcm pcid sse4_1 sse4_2 x2apic movbe popcnt tsc_deadline_timer aes xsave avx f16c rdrand lahf_lm abm 3dnowprefetch epb intel_pt tpr_shadow vnmi flexpriority ept vpid fsgsbase tsc_adjust bmi1 hle avx2 smep bmi2 erms invpcid rtm mpx rdseed adx smap clflushopt xsaveopt xsavec xgetbv1 dtherm ida arat pln pts hwp hwp_notify hwp_act_window hwp_epp
bugs		:
bogomips	: 6816.61
clflush size	: 64
cache_alignment	: 64
address sizes	: 39 bits physical, 48 bits virtual
power management:



Memory: 4k page, physical 32877824k(27397148k free), swap 3998716k(3998716k free)

vm_info: Java HotSpot(TM) 64-Bit Server VM (25.91-b14) for linux-amd64 JRE (1.8.0_91-b14), built on Apr  1 2016 00:57:21 by "java_re" with gcc 4.3.0 20080428 (Red Hat 4.3.0-8)

time: Fri Nov 17 10:10:13 2017
elapsed time: 5 seconds (0d 0h 0m 5s)

