#
# A fatal error has been detected by the Java Runtime Environment:
#
#  SIGSEGV (0xb) at pc=0x00007f8a951d9fe5, pid=6054, tid=140232656316160
#
# JRE version: Java(TM) SE Runtime Environment (8.0_91-b14) (build 1.8.0_91-b14)
# Java VM: Java HotSpot(TM) 64-Bit Server VM (25.91-b14 mixed mode linux-amd64 compressed oops)
# Problematic frame:
# C  [libc.so.6+0x14dfe5]
#
# Failed to write core dump. Core dumps have been disabled. To enable core dumping, try "ulimit -c unlimited" before starting Java again
#
# If you would like to submit a bug report, please visit:
#   http://bugreport.java.com/bugreport/crash.jsp
# The crash happened outside the Java Virtual Machine in native code.
# See problematic frame for where to report the bug.
#

---------------  T H R E A D  ---------------

Current thread (0x00007f8a8c1cd800):  JavaThread "QuantumRenderer-0" daemon [_thread_in_native, id=6078, stack(0x00007f8a759a6000,0x00007f8a75aa7000)]

siginfo: si_signo: 11 (SIGSEGV), si_code: 2 (SEGV_ACCERR), si_addr: 0x0000000721fdc034

Registers:
RAX=0x00007f8a01d8620c, RBX=0x0000000000000000, RCX=0x000000000000000c, RDX=0x000000000000000c
RSP=0x00007f8a75aa50a8, RBP=0x0000000000058218, RSI=0x0000000721fdc030, RDI=0x00007f8a01d8620c
R8 =0x00007f8a75aa5110, R9 =0x0000000000000001, R10=0x000000002002033c, R11=0x00007f8a14084b20
R12=0x00007f8a75aa5110, R13=0x00007f8a14084b20, R14=0x0000000721fdc030, R15=0x000000000005820c
RIP=0x00007f8a951d9fe5, EFLAGS=0x0000000000010202, CSGSFS=0x0000000000000033, ERR=0x0000000000000004
  TRAPNO=0x000000000000000e

Top of Stack: (sp=0x00007f8a75aa50a8)
0x00007f8a75aa50a8:   00007f8a18f5baad 0000000720a93110
0x00007f8a75aa50b8:   0000000720a03270 0000000000000020
0x00007f8a75aa50c8:   000000000000000c 0000000000000001
0x00007f8a75aa50d8:   0000000000000004 0000000000000000
0x00007f8a75aa50e8:   00007f8a14084b20 00007f8a19689238
0x00007f8a75aa50f8:   00007f8a19076d08 00007f8a140bc810
0x00007f8a75aa5108:   00007f8a75aa5110 0000000000000006
0x00007f8a75aa5118:   a75fa9a3f0e52e00 0000000720a50240
0x00007f8a75aa5128:   00007f8a14084b20 00007f8a196891d8
0x00007f8a75aa5138:   000000000003d08b 00007f8a140882e0
0x00007f8a75aa5148:   00007f8a14084f30 00007f8a19689238
0x00007f8a75aa5158:   00007f8a1906c03d 000000000000000f
0x00007f8a75aa5168:   00007f8a14084b20 00007f8a140bc320
0x00007f8a75aa5178:   00007f8a75aa5360 0000000000000001
0x00007f8a75aa5188:   0000000000000000 00007f8a75aa52a0
0x00007f8a75aa5198:   00007f8a1906c217 000000000000001f
0x00007f8a75aa51a8:   402e000000000000 00007f8a140bc810
0x00007f8a75aa51b8:   00007f8a190780e8 00007f8a14084b20
0x00007f8a75aa51c8:   0000000720e42d30 000000003fc00000
0x00007f8a75aa51d8:   0000000720a930f0 0000000720a93110
0x00007f8a75aa51e8:   00007f8a140b3db0 00007f88cfcc27a0
0x00007f8a75aa51f8:   0000000000000000 00007f88d045f0d8
0x00007f8a75aa5208:   00007f8a18eac08d 00007f8a75aa52c4
0x00007f8a75aa5218:   00007f8a00000000 0000000720a932a8
0x00007f8a75aa5228:   00007f8a7d8277c0 0000000020a04f60
0x00007f8a75aa5238:   00007f88d045f080 00007f88d03cb5c0
0x00007f8a75aa5248:   0000000000000000 00007f8a1414bcf8
0x00007f8a75aa5258:   a75fa9a3f0e52e00 00007f8a14086b48
0x00007f8a75aa5268:   00007f8a141b605c 00007f8a14149cb0
0x00007f8a75aa5278:   00007f8a75aa5360 0000000000000001
0x00007f8a75aa5288:   0000000000000000 00007f8a141b45a0
0x00007f8a75aa5298:   00007f8a18e3d7f2 0000000600000000 

Instructions: (pc=0x00007f8a951d9fe5)
0x00007f8a951d9fc5:   fa 6f 7c 16 f0 c5 fa 7f 07 c5 fa 7f 7c 17 f0 c3
0x00007f8a951d9fd5:   90 66 2e 0f 1f 84 00 00 00 00 00 80 fa 08 72 1b
0x00007f8a951d9fe5:   48 8b 4c 16 f8 48 8b 36 48 89 37 48 89 4c 17 f8
0x00007f8a951d9ff5:   c3 66 2e 0f 1f 84 00 00 00 00 00 80 fa 04 72 0d 

Register to memory mapping:

RAX=0x00007f8a01d8620c is an unknown value
RBX=0x0000000000000000 is an unknown value
RCX=0x000000000000000c is an unknown value
RDX=0x000000000000000c is an unknown value
RSP=0x00007f8a75aa50a8 is pointing into the stack for thread: 0x00007f8a8c1cd800
RBP=0x0000000000058218 is an unknown value
RSI=0x0000000721fdc030 is an unallocated location in the heap
RDI=0x00007f8a01d8620c is an unknown value
R8 =0x00007f8a75aa5110 is pointing into the stack for thread: 0x00007f8a8c1cd800
R9 =0x0000000000000001 is an unknown value
R10=0x000000002002033c is an unknown value
R11=0x00007f8a14084b20 is an unknown value
R12=0x00007f8a75aa5110 is pointing into the stack for thread: 0x00007f8a8c1cd800
R13=0x00007f8a14084b20 is an unknown value
R14=0x0000000721fdc030 is an unallocated location in the heap
R15=0x000000000005820c is an unknown value


Stack: [0x00007f8a759a6000,0x00007f8a75aa7000],  sp=0x00007f8a75aa50a8,  free space=1020k
Native frames: (J=compiled Java code, j=interpreted, Vv=VM code, C=native code)
C  [libc.so.6+0x14dfe5]

Java frames: (J=compiled Java code, j=interpreted, Vv=VM code)
J 1739  com.sun.prism.es2.GLContext.nClearBuffers(JFFFFZZZ)V (0 bytes) @ 0x00007f8a7d52178a [0x00007f8a7d521740+0x4a]
J 2866 C2 com.sun.javafx.tk.quantum.ViewPainter.paintImpl(Lcom/sun/prism/Graphics;)V (1457 bytes) @ 0x00007f8a7d9b6510 [0x00007f8a7d9b5260+0x12b0]
J 2908 C2 com.sun.javafx.tk.quantum.PresentingPainter.run()V (675 bytes) @ 0x00007f8a7d9fe598 [0x00007f8a7d9fdf40+0x658]
J 2898 C2 com.sun.javafx.tk.RenderJob.run()V (105 bytes) @ 0x00007f8a7d9e49b0 [0x00007f8a7d9e48e0+0xd0]
j  java.util.concurrent.ThreadPoolExecutor.runWorker(Ljava/util/concurrent/ThreadPoolExecutor$Worker;)V+95
j  java.util.concurrent.ThreadPoolExecutor$Worker.run()V+5
j  com.sun.javafx.tk.quantum.QuantumRenderer$PipelineRunnable.run()V+8
j  java.lang.Thread.run()V+11
v  ~StubRoutines::call_stub

---------------  P R O C E S S  ---------------

Java Threads: ( => current thread )
  0x00007f8a0426c000 JavaThread "pool-2-thread-1" [_thread_in_vm_trans, id=6083, stack(0x00007f8a022ae000,0x00007f8a023af000)]
  0x00007f8a04236800 JavaThread "Prism Font Disposer" daemon [_thread_blocked, id=6082, stack(0x00007f8a031af000,0x00007f8a032b0000)]
  0x00007f8a8c238800 JavaThread "JavaFX-Launcher" [_thread_blocked, id=6081, stack(0x00007f8a102dd000,0x00007f8a103de000)]
  0x00007f8a8c235000 JavaThread "JavaFX Application Thread" [_thread_blocked, id=6080, stack(0x00007f8a103de000,0x00007f8a104df000)]
  0x00007f8a8c231000 JavaThread "Thread-1" daemon [_thread_blocked, id=6079, stack(0x00007f8a104df000,0x00007f8a105e0000)]
=>0x00007f8a8c1cd800 JavaThread "QuantumRenderer-0" daemon [_thread_in_native, id=6078, stack(0x00007f8a759a6000,0x00007f8a75aa7000)]
  0x00007f8a8c0d0800 JavaThread "Service Thread" daemon [_thread_blocked, id=6076, stack(0x00007f8a75c3d000,0x00007f8a75d3e000)]
  0x00007f8a8c0c5800 JavaThread "C1 CompilerThread3" daemon [_thread_blocked, id=6075, stack(0x00007f8a75d3e000,0x00007f8a75e3f000)]
  0x00007f8a8c0c3000 JavaThread "C2 CompilerThread2" daemon [_thread_blocked, id=6074, stack(0x00007f8a75e3f000,0x00007f8a75f40000)]
  0x00007f8a8c0c1800 JavaThread "C2 CompilerThread1" daemon [_thread_blocked, id=6073, stack(0x00007f8a75f40000,0x00007f8a76041000)]
  0x00007f8a8c0be800 JavaThread "C2 CompilerThread0" daemon [_thread_blocked, id=6072, stack(0x00007f8a76041000,0x00007f8a76142000)]
  0x00007f8a8c0bd000 JavaThread "Signal Dispatcher" daemon [_thread_blocked, id=6071, stack(0x00007f8a76142000,0x00007f8a76243000)]
  0x00007f8a8c08a000 JavaThread "Finalizer" daemon [_thread_blocked, id=6070, stack(0x00007f8a76520000,0x00007f8a76621000)]
  0x00007f8a8c085000 JavaThread "Reference Handler" daemon [_thread_blocked, id=6069, stack(0x00007f8a76621000,0x00007f8a76722000)]
  0x00007f8a8c007800 JavaThread "main" [_thread_blocked, id=6056, stack(0x00007f8a95b8b000,0x00007f8a95c8c000)]

Other Threads:
  0x00007f8a8c07d800 VMThread [stack: 0x00007f8a76722000,0x00007f8a76823000] [id=6068]
  0x00007f8a8c0d3800 WatcherThread [stack: 0x00007f8a75b3c000,0x00007f8a75c3d000] [id=6077]

VM state:not at safepoint (normal execution)

VM Mutex/Monitor currently owned by a thread: None

Heap:
 PSYoungGen      total 132096K, used 11180K [0x0000000718c00000, 0x0000000721f00000, 0x00000007c0000000)
  eden space 125952K, 4% used [0x0000000718c00000,0x000000071914a7e0,0x0000000720700000)
  from space 6144K, 93% used [0x0000000720a00000,0x0000000720fa0ad8,0x0000000721000000)
  to   space 6144K, 0% used [0x0000000721900000,0x0000000721900000,0x0000000721f00000)
 ParOldGen       total 343040K, used 125K [0x00000005ca400000, 0x00000005df300000, 0x0000000718c00000)
  object space 343040K, 0% used [0x00000005ca400000,0x00000005ca41f710,0x00000005df300000)
 Metaspace       used 15917K, capacity 16482K, committed 16640K, reserved 1062912K
  class space    used 2133K, capacity 2300K, committed 2304K, reserved 1048576K

Card table byte_map: [0x00007f8a921d3000,0x00007f8a93182000] byte_map_base: 0x00007f8a8f381000

Marking Bits: (ParMarkBitMap*) 0x00007f8a9505fd60
 Begin Bits: [0x00007f8a40520000, 0x00007f8a48290000)
 End Bits:   [0x00007f8a48290000, 0x00007f8a50000000)

Polling page: 0x00007f8a95caf000

CodeCache: size=245760Kb used=10540Kb max_used=10549Kb free=235219Kb
 bounds [0x00007f8a7d000000, 0x00007f8a7da60000, 0x00007f8a8c000000]
 total_blobs=3561 nmethods=2947 adapters=526
 compilation: enabled

Compilation events (10 events):
Event: 39,569 Thread 0x00007f8a8c0be800 2971       4       com.sun.scenario.effect.CoreEffect::getPeer (45 bytes)
Event: 39,584 Thread 0x00007f8a8c0be800 nmethod 2971 0x00007f8a7da54710 code [0x00007f8a7da54940, 0x00007f8a7da56070]
Event: 39,832 Thread 0x00007f8a8c0c3000 2972       4       com.sun.javafx.geom.transform.AffineBase::transform (365 bytes)
Event: 39,834 Thread 0x00007f8a8c0c3000 nmethod 2972 0x00007f8a7da47fd0 code [0x00007f8a7da48120, 0x00007f8a7da483c8]
Event: 40,052 Thread 0x00007f8a8c0c1800 2973  s!   4       com.sun.scenario.effect.impl.ImagePool::checkOut (447 bytes)
Event: 40,082 Thread 0x00007f8a8c0c1800 nmethod 2973 0x00007f8a7da57650 code [0x00007f8a7da579e0, 0x00007f8a7da597f0]
Event: 40,319 Thread 0x00007f8a8c0c5800 2974       1       com.sun.javafx.scene.NodeEventDispatcher::getFirstDispatcher (5 bytes)
Event: 40,319 Thread 0x00007f8a8c0c5800 nmethod 2974 0x00007f8a7da02890 code [0x00007f8a7da029e0, 0x00007f8a7da02af0]
Event: 40,319 Thread 0x00007f8a8c0c5800 2975       1       com.sun.javafx.scene.NodeEventDispatcher::getLastDispatcher (5 bytes)
Event: 40,319 Thread 0x00007f8a8c0c5800 nmethod 2975 0x00007f8a7d101010 code [0x00007f8a7d101160, 0x00007f8a7d101270]

GC Heap History (10 events):
Event: 8,864 GC heap before
{Heap before GC invocations=1 (full 0):
 PSYoungGen      total 150016K, used 129024K [0x0000000718c00000, 0x0000000723300000, 0x00000007c0000000)
  eden space 129024K, 100% used [0x0000000718c00000,0x0000000720a00000,0x0000000720a00000)
  from space 20992K, 0% used [0x0000000721e80000,0x0000000721e80000,0x0000000723300000)
  to   space 20992K, 0% used [0x0000000720a00000,0x0000000720a00000,0x0000000721e80000)
 ParOldGen       total 343040K, used 0K [0x00000005ca400000, 0x00000005df300000, 0x0000000718c00000)
  object space 343040K, 0% used [0x00000005ca400000,0x00000005ca400000,0x00000005df300000)
 Metaspace       used 15884K, capacity 16418K, committed 16640K, reserved 1062912K
  class space    used 2132K, capacity 2300K, committed 2304K, reserved 1048576K
Event: 8,871 GC heap after
Heap after GC invocations=1 (full 0):
 PSYoungGen      total 150016K, used 5714K [0x0000000718c00000, 0x0000000723300000, 0x00000007c0000000)
  eden space 129024K, 0% used [0x0000000718c00000,0x0000000718c00000,0x0000000720a00000)
  from space 20992K, 27% used [0x0000000720a00000,0x0000000720f94ae8,0x0000000721e80000)
  to   space 20992K, 0% used [0x0000000721e80000,0x0000000721e80000,0x0000000723300000)
 ParOldGen       total 343040K, used 88K [0x00000005ca400000, 0x00000005df300000, 0x0000000718c00000)
  object space 343040K, 0% used [0x00000005ca400000,0x00000005ca416010,0x00000005df300000)
 Metaspace       used 15884K, capacity 16418K, committed 16640K, reserved 1062912K
  class space    used 2132K, capacity 2300K, committed 2304K, reserved 1048576K
}
Event: 17,594 GC heap before
{Heap before GC invocations=2 (full 0):
 PSYoungGen      total 150016K, used 134738K [0x0000000718c00000, 0x0000000723300000, 0x00000007c0000000)
  eden space 129024K, 100% used [0x0000000718c00000,0x0000000720a00000,0x0000000720a00000)
  from space 20992K, 27% used [0x0000000720a00000,0x0000000720f94ae8,0x0000000721e80000)
  to   space 20992K, 0% used [0x0000000721e80000,0x0000000721e80000,0x0000000723300000)
 ParOldGen       total 343040K, used 88K [0x00000005ca400000, 0x00000005df300000, 0x0000000718c00000)
  object space 343040K, 0% used [0x00000005ca400000,0x00000005ca416010,0x00000005df300000)
 Metaspace       used 15907K, capacity 16482K, committed 16640K, reserved 1062912K
  class space    used 2132K, capacity 2300K, committed 2304K, reserved 1048576K
Event: 17,600 GC heap after
Heap after GC invocations=2 (full 0):
 PSYoungGen      total 150016K, used 5616K [0x0000000718c00000, 0x0000000723300000, 0x00000007c0000000)
  eden space 129024K, 0% used [0x0000000718c00000,0x0000000718c00000,0x0000000720a00000)
  from space 20992K, 26% used [0x0000000721e80000,0x00000007223fc078,0x0000000723300000)
  to   space 20992K, 0% used [0x0000000720a00000,0x0000000720a00000,0x0000000721e80000)
 ParOldGen       total 343040K, used 96K [0x00000005ca400000, 0x00000005df300000, 0x0000000718c00000)
  object space 343040K, 0% used [0x00000005ca400000,0x00000005ca418010,0x00000005df300000)
 Metaspace       used 15907K, capacity 16482K, committed 16640K, reserved 1062912K
  class space    used 2132K, capacity 2300K, committed 2304K, reserved 1048576K
}
Event: 24,757 GC heap before
{Heap before GC invocations=3 (full 0):
 PSYoungGen      total 150016K, used 134640K [0x0000000718c00000, 0x0000000723300000, 0x00000007c0000000)
  eden space 129024K, 100% used [0x0000000718c00000,0x0000000720a00000,0x0000000720a00000)
  from space 20992K, 26% used [0x0000000721e80000,0x00000007223fc078,0x0000000723300000)
  to   space 20992K, 0% used [0x0000000720a00000,0x0000000720a00000,0x0000000721e80000)
 ParOldGen       total 343040K, used 96K [0x00000005ca400000, 0x00000005df300000, 0x0000000718c00000)
  object space 343040K, 0% used [0x00000005ca400000,0x00000005ca418010,0x00000005df300000)
 Metaspace       used 15907K, capacity 16482K, committed 16640K, reserved 1062912K
  class space    used 2132K, capacity 2300K, committed 2304K, reserved 1048576K
Event: 24,765 GC heap after
Heap after GC invocations=3 (full 0):
 PSYoungGen      total 150016K, used 5584K [0x0000000718c00000, 0x0000000723300000, 0x00000007c0000000)
  eden space 129024K, 0% used [0x0000000718c00000,0x0000000718c00000,0x0000000720a00000)
  from space 20992K, 26% used [0x0000000720a00000,0x0000000720f74058,0x0000000721e80000)
  to   space 20992K, 0% used [0x0000000721e80000,0x0000000721e80000,0x0000000723300000)
 ParOldGen       total 343040K, used 104K [0x00000005ca400000, 0x00000005df300000, 0x0000000718c00000)
  object space 343040K, 0% used [0x00000005ca400000,0x00000005ca41a010,0x00000005df300000)
 Metaspace       used 15907K, capacity 16482K, committed 16640K, reserved 1062912K
  class space    used 2132K, capacity 2300K, committed 2304K, reserved 1048576K
}
Event: 36,366 GC heap before
{Heap before GC invocations=4 (full 0):
 PSYoungGen      total 150016K, used 134608K [0x0000000718c00000, 0x0000000723300000, 0x00000007c0000000)
  eden space 129024K, 100% used [0x0000000718c00000,0x0000000720a00000,0x0000000720a00000)
  from space 20992K, 26% used [0x0000000720a00000,0x0000000720f74058,0x0000000721e80000)
  to   space 20992K, 0% used [0x0000000721e80000,0x0000000721e80000,0x0000000723300000)
 ParOldGen       total 343040K, used 104K [0x00000005ca400000, 0x00000005df300000, 0x0000000718c00000)
  object space 343040K, 0% used [0x00000005ca400000,0x00000005ca41a0c0,0x00000005df300000)
 Metaspace       used 15913K, capacity 16482K, committed 16640K, reserved 1062912K
  class space    used 2133K, capacity 2300K, committed 2304K, reserved 1048576K
Event: 36,371 GC heap after
Heap after GC invocations=4 (full 0):
 PSYoungGen      total 150016K, used 5554K [0x0000000718c00000, 0x0000000723300000, 0x00000007c0000000)
  eden space 129024K, 0% used [0x0000000718c00000,0x0000000718c00000,0x0000000720a00000)
  from space 20992K, 26% used [0x0000000721e80000,0x00000007223ecae8,0x0000000723300000)
  to   space 20992K, 0% used [0x0000000720a00000,0x0000000720a00000,0x0000000721e80000)
 ParOldGen       total 343040K, used 112K [0x00000005ca400000, 0x00000005df300000, 0x0000000718c00000)
  object space 343040K, 0% used [0x00000005ca400000,0x00000005ca41c0c0,0x00000005df300000)
 Metaspace       used 15913K, capacity 16482K, committed 16640K, reserved 1062912K
  class space    used 2133K, capacity 2300K, committed 2304K, reserved 1048576K
}
Event: 40,651 GC heap before
{Heap before GC invocations=5 (full 0):
 PSYoungGen      total 150016K, used 134578K [0x0000000718c00000, 0x0000000723300000, 0x00000007c0000000)
  eden space 129024K, 100% used [0x0000000718c00000,0x0000000720a00000,0x0000000720a00000)
  from space 20992K, 26% used [0x0000000721e80000,0x00000007223ecae8,0x0000000723300000)
  to   space 20992K, 0% used [0x0000000720a00000,0x0000000720a00000,0x0000000721e80000)
 ParOldGen       total 343040K, used 117K [0x00000005ca400000, 0x00000005df300000, 0x0000000718c00000)
  object space 343040K, 0% used [0x00000005ca400000,0x00000005ca41d710,0x00000005df300000)
 Metaspace       used 15917K, capacity 16482K, committed 16640K, reserved 1062912K
  class space    used 2133K, capacity 2300K, committed 2304K, reserved 1048576K
Event: 40,656 GC heap after
Heap after GC invocations=5 (full 0):
 PSYoungGen      total 132096K, used 5762K [0x0000000718c00000, 0x0000000721f00000, 0x00000007c0000000)
  eden space 125952K, 0% used [0x0000000718c00000,0x0000000718c00000,0x0000000720700000)
  from space 6144K, 93% used [0x0000000720a00000,0x0000000720fa0ad8,0x0000000721000000)
  to   space 6144K, 0% used [0x0000000721900000,0x0000000721900000,0x0000000721f00000)
 ParOldGen       total 343040K, used 125K [0x00000005ca400000, 0x00000005df300000, 0x0000000718c00000)
  object space 343040K, 0% used [0x00000005ca400000,0x00000005ca41f710,0x00000005df300000)
 Metaspace       used 15917K, capacity 16482K, committed 16640K, reserved 1062912K
  class space    used 2133K, capacity 2300K, committed 2304K, reserved 1048576K
}

Deoptimization events (10 events):
Event: 27,476 Thread 0x00007f8a8c1cd800 Uncommon trap: reason=unstable_if action=reinterpret pc=0x00007f8a7d91a560 method=com.sun.javafx.geom.transform.AffineBase.updateState2D()V @ 86
Event: 27,476 Thread 0x00007f8a8c1cd800 Uncommon trap: reason=unstable_if action=reinterpret pc=0x00007f8a7d964b24 method=com.sun.scenario.effect.impl.ImagePool.checkOut(Lcom/sun/scenario/effect/impl/Renderer;II)Lcom/sun/scenario/effect/impl/PoolFilterable; @ 1
Event: 27,476 Thread 0x00007f8a8c1cd800 Uncommon trap: reason=unstable_if action=reinterpret pc=0x00007f8a7d9ac060 method=com.sun.javafx.geom.transform.AffineBase.updateState2D()V @ 86
Event: 27,476 Thread 0x00007f8a8c1cd800 Uncommon trap: reason=unstable_if action=reinterpret pc=0x00007f8a7d9124d4 method=com.sun.openpisces.TransformingPathConsumer2D$FilterSet.getConsumer(Lcom/sun/javafx/geom/PathConsumer2D;Lcom/sun/javafx/geom/transform/BaseTransform;)Lcom/sun/javafx/geom/Pa
Event: 27,477 Thread 0x00007f8a8c1cd800 Uncommon trap: reason=unstable_if action=reinterpret pc=0x00007f8a7d749f64 method=com.sun.javafx.geom.transform.AffineBase.updateState2D()V @ 86
Event: 27,477 Thread 0x00007f8a8c1cd800 Uncommon trap: reason=unstable_if action=reinterpret pc=0x00007f8a7d742cb8 method=com.sun.javafx.geom.transform.AffineBase.updateState2D()V @ 86
Event: 27,477 Thread 0x00007f8a8c1cd800 Uncommon trap: reason=unstable_if action=reinterpret pc=0x00007f8a7d5ed1a0 method=com.sun.javafx.geom.transform.AffineBase.updateState2D()V @ 86
Event: 27,477 Thread 0x00007f8a8c1cd800 Uncommon trap: reason=unstable_if action=reinterpret pc=0x00007f8a7d5bca7c method=com.sun.javafx.geom.transform.AffineBase.updateState2D()V @ 86
Event: 27,477 Thread 0x00007f8a8c1cd800 Uncommon trap: reason=unstable_if action=reinterpret pc=0x00007f8a7d953ebc method=com.sun.javafx.geom.Rectangle.isEmpty()Z @ 4
Event: 36,371 Thread 0x00007f8a8c1cd800 Uncommon trap: reason=unstable_if action=reinterpret pc=0x00007f8a7d87c4fc method=java.lang.ref.SoftReference.get()Ljava/lang/Object; @ 17

Internal exceptions (10 events):
Event: 0,090 Thread 0x00007f8a8c007800 Exception <a 'java/security/PrivilegedActionException'> (0x0000000718dfba70) thrown at [/HUDSON/workspace/8-2-build-linux-amd64/jdk8u91/6644/hotspot/src/share/vm/prims/jvm.cpp, line 1386]
Event: 0,090 Thread 0x00007f8a8c007800 Exception <a 'java/security/PrivilegedActionException'> (0x0000000718dfbc80) thrown at [/HUDSON/workspace/8-2-build-linux-amd64/jdk8u91/6644/hotspot/src/share/vm/prims/jvm.cpp, line 1386]
Event: 0,090 Thread 0x00007f8a8c007800 Exception <a 'java/lang/NullPointerException'> (0x0000000718dfc258) thrown at [/HUDSON/workspace/8-2-build-linux-amd64/jdk8u91/6644/hotspot/src/share/vm/interpreter/linkResolver.cpp, line 1178]
Event: 0,297 Thread 0x00007f8a8c235000 Exception <a 'java/lang/NullPointerException'> (0x0000000719ea6be8) thrown at [/HUDSON/workspace/8-2-build-linux-amd64/jdk8u91/6644/hotspot/src/share/vm/interpreter/linkResolver.cpp, line 1178]
Event: 0,297 Thread 0x00007f8a8c235000 Exception <a 'java/lang/NullPointerException'> (0x0000000719ea6be8) thrown at [/HUDSON/workspace/8-2-build-linux-amd64/jdk8u91/6644/hotspot/src/share/vm/prims/jvm.cpp, line 1390]
Event: 0,358 Thread 0x00007f8a8c235000 Exception <a 'java/lang/ArrayIndexOutOfBoundsException'> (0x000000071a2e6be0) thrown at [/HUDSON/workspace/8-2-build-linux-amd64/jdk8u91/6644/hotspot/src/share/vm/runtime/sharedRuntime.cpp, line 605]
Event: 0,359 Thread 0x00007f8a8c235000 Exception <a 'java/lang/ArrayIndexOutOfBoundsException'> (0x000000071a2e78e0) thrown at [/HUDSON/workspace/8-2-build-linux-amd64/jdk8u91/6644/hotspot/src/share/vm/runtime/sharedRuntime.cpp, line 605]
Event: 0,359 Thread 0x00007f8a8c235000 Exception <a 'java/lang/ArrayIndexOutOfBoundsException'> (0x000000071a2e8c88) thrown at [/HUDSON/workspace/8-2-build-linux-amd64/jdk8u91/6644/hotspot/src/share/vm/runtime/sharedRuntime.cpp, line 605]
Event: 0,416 Thread 0x00007f8a8c235000 Implicit null exception at 0x00007f8a7d290635 to 0x00007f8a7d29086d
Event: 0,458 Thread 0x00007f8a8c235000 Exception <a 'java/io/FileNotFoundException'> (0x000000071a6e53e0) thrown at [/HUDSON/workspace/8-2-build-linux-amd64/jdk8u91/6644/hotspot/src/share/vm/prims/jni.cpp, line 709]

Events (10 events):
Event: 30,551 Thread 0x00007f8a8c0c3000 flushing nmethod 0x00007f8a7d1d6410
Event: 36,366 Executing VM operation: ParallelGCFailedAllocation
Event: 36,366 Executing VM operation: ParallelGCFailedAllocation done
Event: 36,366 Executing VM operation: ParallelGCSystemGC
Event: 36,371 Executing VM operation: ParallelGCSystemGC done
Event: 36,371 Thread 0x00007f8a8c1cd800 Uncommon trap: trap_request=0xffffff65 fr.pc=0x00007f8a7d87c4fc
Event: 36,371 Thread 0x00007f8a8c1cd800 DEOPT PACKING pc=0x00007f8a7d87c4fc sp=0x00007f8a75aa4bb0
Event: 36,371 Thread 0x00007f8a8c1cd800 DEOPT UNPACKING pc=0x00007f8a7d005229 sp=0x00007f8a75aa4aa8 mode 2
Event: 40,651 Executing VM operation: ParallelGCFailedAllocation
Event: 40,656 Executing VM operation: ParallelGCFailedAllocation done


Dynamic libraries:
00400000-00401000 r-xp 00000000 08:03 71174188                           /usr/share/jdk1.8.0_91/bin/java
00600000-00601000 rw-p 00000000 08:03 71174188                           /usr/share/jdk1.8.0_91/bin/java
01a87000-01aa8000 rw-p 00000000 00:00 0                                  [heap]
5ca400000-5df300000 rw-p 00000000 00:00 0 
5df300000-718c00000 ---p 00000000 00:00 0 
718c00000-721f00000 rw-p 00000000 00:00 0 
721f00000-7c0000000 ---p 00000000 00:00 0 
7c0000000-7c0240000 rw-p 00000000 00:00 0 
7c0240000-800000000 ---p 00000000 00:00 0 
7f88cc000000-7f88d07ae000 rw-p 00000000 00:00 0 
7f88d07ae000-7f88d4000000 ---p 00000000 00:00 0 
7f88d4000000-7f88dc000000 rw-p 00000000 00:00 0 
7f88dc000000-7f88e4000000 rw-p 00000000 00:00 0 
7f88e4000000-7f88ec000000 rw-p 00000000 00:00 0 
7f88ec000000-7f88f4000000 rw-p 00000000 00:00 0 
7f88f4000000-7f88fc000000 rw-p 00000000 00:00 0 
7f88fc000000-7f8904000000 rw-p 00000000 00:00 0 
7f8904000000-7f890c000000 rw-p 00000000 00:00 0 
7f890c000000-7f8914000000 rw-p 00000000 00:00 0 
7f8914000000-7f891c000000 rw-p 00000000 00:00 0 
7f891c000000-7f8924000000 rw-p 00000000 00:00 0 
7f8924000000-7f892c000000 rw-p 00000000 00:00 0 
7f892c000000-7f8934000000 rw-p 00000000 00:00 0 
7f8934000000-7f893c000000 rw-p 00000000 00:00 0 
7f893c000000-7f8944000000 rw-p 00000000 00:00 0 
7f8944000000-7f894c000000 rw-p 00000000 00:00 0 
7f894c000000-7f8954000000 rw-p 00000000 00:00 0 
7f8954000000-7f895c000000 rw-p 00000000 00:00 0 
7f895c000000-7f8964000000 rw-p 00000000 00:00 0 
7f8964000000-7f896c000000 rw-p 00000000 00:00 0 
7f896c000000-7f8974000000 rw-p 00000000 00:00 0 
7f8974000000-7f897c000000 rw-p 00000000 00:00 0 
7f897c000000-7f8984000000 rw-p 00000000 00:00 0 
7f8984000000-7f898c000000 rw-p 00000000 00:00 0 
7f898c000000-7f8994000000 rw-p 00000000 00:00 0 
7f8994000000-7f899c000000 rw-p 00000000 00:00 0 
7f899c000000-7f89a4000000 rw-p 00000000 00:00 0 
7f89a4000000-7f89ac000000 rw-p 00000000 00:00 0 
7f89ac000000-7f89b4000000 rw-p 00000000 00:00 0 
7f89b4000000-7f89bc000000 rw-p 00000000 00:00 0 
7f89bc000000-7f89c4000000 rw-p 00000000 00:00 0 
7f89c4000000-7f89cc000000 rw-p 00000000 00:00 0 
7f89cc000000-7f89d4000000 rw-p 00000000 00:00 0 
7f89d4000000-7f89dc000000 rw-p 00000000 00:00 0 
7f89dc000000-7f89e4000000 rw-p 00000000 00:00 0 
7f89e4000000-7f89ec000000 rw-p 00000000 00:00 0 
7f89ec000000-7f89f4000000 rw-p 00000000 00:00 0 
7f89f4000000-7f89f4021000 rw-p 00000000 00:00 0 
7f89f4021000-7f89f8000000 ---p 00000000 00:00 0 
7f89f8000000-7f89fc000000 rw-p 00000000 00:00 0 
7f89fc000000-7f89fc021000 rw-p 00000000 00:00 0 
7f89fc021000-7f8a00000000 ---p 00000000 00:00 0 
7f8a01855000-7f8a01a55000 rw-s 11d085000 00:06 330                       /dev/dri/card0
7f8a01d2e000-7f8a01f2e000 rw-s 11cdb7000 00:06 330                       /dev/dri/card0
7f8a01f2e000-7f8a0212e000 rw-s 116fe5000 00:06 330                       /dev/dri/card0
7f8a0212e000-7f8a021ae000 rw-s 11ee2e000 00:06 330                       /dev/dri/card0
7f8a021ae000-7f8a0222e000 rw-s 11edae000 00:06 330                       /dev/dri/card0
7f8a0222e000-7f8a022ae000 rw-s 11ed2e000 00:06 330                       /dev/dri/card0
7f8a022ae000-7f8a022b1000 ---p 00000000 00:00 0 
7f8a022b1000-7f8a025af000 rw-p 00000000 00:00 0 
7f8a025af000-7f8a027af000 rw-s 11c72f000 00:06 330                       /dev/dri/card0
7f8a027af000-7f8a031af000 rwxp 00000000 00:00 0 
7f8a031af000-7f8a031b2000 ---p 00000000 00:00 0 
7f8a031b2000-7f8a032b0000 rw-p 00000000 00:00 0 
7f8a032b0000-7f8a03369000 r--p 00000000 08:03 591338                     /usr/share/fonts/truetype/dejavu/DejaVuSans.ttf
7f8a03369000-7f8a033b7000 r--p 00000000 08:03 37833929                   /usr/share/jdk1.8.0_91/jre/lib/fonts/LucidaSansDemiBold.ttf
7f8a033b7000-7f8a033bb000 r-xp 00000000 08:03 71174145                   /usr/share/jdk1.8.0_91/jre/lib/amd64/libjavafx_font_pango.so
7f8a033bb000-7f8a035ba000 ---p 00004000 08:03 71174145                   /usr/share/jdk1.8.0_91/jre/lib/amd64/libjavafx_font_pango.so
7f8a035ba000-7f8a035bb000 rw-p 00003000 08:03 71174145                   /usr/share/jdk1.8.0_91/jre/lib/amd64/libjavafx_font_pango.so
7f8a035bb000-7f8a037bb000 rw-p 00000000 00:00 0 
7f8a037bb000-7f8a037c5000 r-xp 00000000 08:03 71551662                   /usr/lib/x86_64-linux-gnu/gtk-2.0/2.10.0/engines/libpixmap.so
7f8a037c5000-7f8a039c4000 ---p 0000a000 08:03 71551662                   /usr/lib/x86_64-linux-gnu/gtk-2.0/2.10.0/engines/libpixmap.so
7f8a039c4000-7f8a039c5000 r--p 00009000 08:03 71551662                   /usr/lib/x86_64-linux-gnu/gtk-2.0/2.10.0/engines/libpixmap.so
7f8a039c5000-7f8a039c6000 rw-p 0000a000 08:03 71551662                   /usr/lib/x86_64-linux-gnu/gtk-2.0/2.10.0/engines/libpixmap.so
7f8a039c6000-7f8a039f6000 r-xp 00000000 08:03 72043352                   /usr/lib/x86_64-linux-gnu/gtk-2.0/2.10.0/engines/libmurrine.so
7f8a039f6000-7f8a03bf6000 ---p 00030000 08:03 72043352                   /usr/lib/x86_64-linux-gnu/gtk-2.0/2.10.0/engines/libmurrine.so
7f8a03bf6000-7f8a03bf7000 r--p 00030000 08:03 72043352                   /usr/lib/x86_64-linux-gnu/gtk-2.0/2.10.0/engines/libmurrine.so
7f8a03bf7000-7f8a03bf8000 rw-p 00031000 08:03 72043352                   /usr/lib/x86_64-linux-gnu/gtk-2.0/2.10.0/engines/libmurrine.so
7f8a03bf8000-7f8a03bfd000 r-xp 00000000 08:03 71174167                   /usr/share/jdk1.8.0_91/jre/lib/amd64/libjavafx_font_freetype.so
7f8a03bfd000-7f8a03dfc000 ---p 00005000 08:03 71174167                   /usr/share/jdk1.8.0_91/jre/lib/amd64/libjavafx_font_freetype.so
7f8a03dfc000-7f8a03dfd000 rw-p 00004000 08:03 71174167                   /usr/share/jdk1.8.0_91/jre/lib/amd64/libjavafx_font_freetype.so
7f8a03dfd000-7f8a03e00000 r-xp 00000000 08:03 71174164                   /usr/share/jdk1.8.0_91/jre/lib/amd64/libjavafx_font.so
7f8a03e00000-7f8a03fff000 ---p 00003000 08:03 71174164                   /usr/share/jdk1.8.0_91/jre/lib/amd64/libjavafx_font.so
7f8a03fff000-7f8a04000000 rw-p 00002000 08:03 71174164                   /usr/share/jdk1.8.0_91/jre/lib/amd64/libjavafx_font.so
7f8a04000000-7f8a042be000 rw-p 00000000 00:00 0 
7f8a042be000-7f8a08000000 ---p 00000000 00:00 0 
7f8a08000000-7f8a08021000 rw-p 00000000 00:00 0 
7f8a08021000-7f8a0c000000 ---p 00000000 00:00 0 
7f8a0c000000-7f8a0c021000 rw-p 00000000 00:00 0 
7f8a0c021000-7f8a10000000 ---p 00000000 00:00 0 
7f8a1001f000-7f8a10032000 r--s 00344000 08:03 71303565                   /usr/share/jdk1.8.0_91/jre/lib/resources.jar
7f8a10032000-7f8a100dd000 r--p 00000000 08:03 37833925                   /usr/share/jdk1.8.0_91/jre/lib/fonts/LucidaSansRegular.ttf
7f8a100dd000-7f8a102dd000 rw-p 00000000 00:00 0 
7f8a102dd000-7f8a102e0000 ---p 00000000 00:00 0 
7f8a102e0000-7f8a103de000 rw-p 00000000 00:00 0 
7f8a103de000-7f8a103e1000 ---p 00000000 00:00 0 
7f8a103e1000-7f8a104df000 rw-p 00000000 00:00 0 
7f8a104df000-7f8a104e2000 ---p 00000000 00:00 0 
7f8a104e2000-7f8a105e0000 rw-p 00000000 00:00 0 
7f8a105e0000-7f8a10609000 r-xp 00000000 08:03 71174168                   /usr/share/jdk1.8.0_91/jre/lib/amd64/libglass.so
7f8a10609000-7f8a10808000 ---p 00029000 08:03 71174168                   /usr/share/jdk1.8.0_91/jre/lib/amd64/libglass.so
7f8a10808000-7f8a1080b000 rw-p 00028000 08:03 71174168                   /usr/share/jdk1.8.0_91/jre/lib/amd64/libglass.so
7f8a1080b000-7f8a10842000 r-xp 00000000 08:03 34823622                   /usr/lib/x86_64-linux-gnu/libtxc_dxtn_s2tc.so.0.0.0
7f8a10842000-7f8a10a41000 ---p 00037000 08:03 34823622                   /usr/lib/x86_64-linux-gnu/libtxc_dxtn_s2tc.so.0.0.0
7f8a10a41000-7f8a10a42000 r--p 00036000 08:03 34823622                   /usr/lib/x86_64-linux-gnu/libtxc_dxtn_s2tc.so.0.0.0
7f8a10a42000-7f8a10a43000 rw-p 00037000 08:03 34823622                   /usr/lib/x86_64-linux-gnu/libtxc_dxtn_s2tc.so.0.0.0
7f8a10a43000-7f8a10a56000 r-xp 00000000 08:03 33648825                   /lib/x86_64-linux-gnu/libbsd.so.0.8.2
7f8a10a56000-7f8a10c55000 ---p 00013000 08:03 33648825                   /lib/x86_64-linux-gnu/libbsd.so.0.8.2
7f8a10c55000-7f8a10c56000 r--p 00012000 08:03 33648825                   /lib/x86_64-linux-gnu/libbsd.so.0.8.2
7f8a10c56000-7f8a10c57000 rw-p 00013000 08:03 33648825                   /lib/x86_64-linux-gnu/libbsd.so.0.8.2
7f8a10c57000-7f8a10c58000 rw-p 00000000 00:00 0 
7f8a10c58000-7f8a10c7d000 r-xp 00000000 08:03 33570071                   /lib/x86_64-linux-gnu/libtinfo.so.5.9
7f8a10c7d000-7f8a10e7c000 ---p 00025000 08:03 33570071                   /lib/x86_64-linux-gnu/libtinfo.so.5.9
7f8a10e7c000-7f8a10e80000 r--p 00024000 08:03 33570071                   /lib/x86_64-linux-gnu/libtinfo.so.5.9
7f8a10e80000-7f8a10e81000 rw-p 00028000 08:03 33570071                   /lib/x86_64-linux-gnu/libtinfo.so.5.9
7f8a10e81000-7f8a10eb2000 r-xp 00000000 08:03 34261711                   /usr/lib/x86_64-linux-gnu/libedit.so.2.0.53
7f8a10eb2000-7f8a110b2000 ---p 00031000 08:03 34261711                   /usr/lib/x86_64-linux-gnu/libedit.so.2.0.53
7f8a110b2000-7f8a110b4000 r--p 00031000 08:03 34261711                   /usr/lib/x86_64-linux-gnu/libedit.so.2.0.53
7f8a110b4000-7f8a110b5000 rw-p 00033000 08:03 34261711                   /usr/lib/x86_64-linux-gnu/libedit.so.2.0.53
7f8a110b5000-7f8a110b9000 rw-p 00000000 00:00 0 
7f8a110b9000-7f8a13c97000 r-xp 00000000 08:03 33570386                   /usr/lib/x86_64-linux-gnu/libLLVM-4.0.so.1
7f8a13c97000-7f8a13c98000 ---p 02bde000 08:03 33570386                   /usr/lib/x86_64-linux-gnu/libLLVM-4.0.so.1
7f8a13c98000-7f8a13fac000 r--p 02bde000 08:03 33570386                   /usr/lib/x86_64-linux-gnu/libLLVM-4.0.so.1
7f8a13fac000-7f8a13fb1000 rw-p 02ef2000 08:03 33570386                   /usr/lib/x86_64-linux-gnu/libLLVM-4.0.so.1
7f8a13fb1000-7f8a14000000 rw-p 00000000 00:00 0 
7f8a14000000-7f8a18000000 rw-p 00000000 00:00 0 
7f8a18011000-7f8a18025000 r--p 00000000 08:03 37833930                   /usr/share/jdk1.8.0_91/jre/lib/fonts/LucidaBrightItalic.ttf
7f8a18025000-7f8a1805f000 r--p 00000000 08:03 37833928                   /usr/share/jdk1.8.0_91/jre/lib/fonts/LucidaTypewriterBold.ttf
7f8a1805f000-7f8a18072000 r--p 00000000 08:03 37833927                   /usr/share/jdk1.8.0_91/jre/lib/fonts/LucidaBrightDemiItalic.ttf
7f8a18072000-7f8a18089000 r-xp 00000000 08:03 34261705                   /usr/lib/x86_64-linux-gnu/libelf-0.165.so
7f8a18089000-7f8a18288000 ---p 00017000 08:03 34261705                   /usr/lib/x86_64-linux-gnu/libelf-0.165.so
7f8a18288000-7f8a18289000 r--p 00016000 08:03 34261705                   /usr/lib/x86_64-linux-gnu/libelf-0.165.so
7f8a18289000-7f8a1828a000 rw-p 00017000 08:03 34261705                   /usr/lib/x86_64-linux-gnu/libelf-0.165.so
7f8a1828a000-7f8a18293000 r-xp 00000000 08:03 33922155                   /usr/lib/x86_64-linux-gnu/libdrm_amdgpu.so.1.0.0
7f8a18293000-7f8a18492000 ---p 00009000 08:03 33922155                   /usr/lib/x86_64-linux-gnu/libdrm_amdgpu.so.1.0.0
7f8a18492000-7f8a18493000 r--p 00008000 08:03 33922155                   /usr/lib/x86_64-linux-gnu/libdrm_amdgpu.so.1.0.0
7f8a18493000-7f8a18494000 rw-p 00009000 08:03 33922155                   /usr/lib/x86_64-linux-gnu/libdrm_amdgpu.so.1.0.0
7f8a18494000-7f8a1849f000 r-xp 00000000 08:03 33713611                   /usr/lib/x86_64-linux-gnu/libdrm_radeon.so.1.0.1
7f8a1849f000-7f8a1869e000 ---p 0000b000 08:03 33713611                   /usr/lib/x86_64-linux-gnu/libdrm_radeon.so.1.0.1
7f8a1869e000-7f8a1869f000 r--p 0000a000 08:03 33713611                   /usr/lib/x86_64-linux-gnu/libdrm_radeon.so.1.0.1
7f8a1869f000-7f8a186a0000 rw-p 0000b000 08:03 33713611                   /usr/lib/x86_64-linux-gnu/libdrm_radeon.so.1.0.1
7f8a186a0000-7f8a186a7000 r-xp 00000000 08:03 33713617                   /usr/lib/x86_64-linux-gnu/libdrm_nouveau.so.2.0.0
7f8a186a7000-7f8a188a6000 ---p 00007000 08:03 33713617                   /usr/lib/x86_64-linux-gnu/libdrm_nouveau.so.2.0.0
7f8a188a6000-7f8a188a7000 r--p 00006000 08:03 33713617                   /usr/lib/x86_64-linux-gnu/libdrm_nouveau.so.2.0.0
7f8a188a7000-7f8a188a8000 rw-p 00007000 08:03 33713617                   /usr/lib/x86_64-linux-gnu/libdrm_nouveau.so.2.0.0
7f8a188a8000-7f8a188b6000 r-xp 00000000 08:03 35507254                   /usr/lib/x86_64-linux-gnu/libsensors.so.4.4.0
7f8a188b6000-7f8a18ab5000 ---p 0000e000 08:03 35507254                   /usr/lib/x86_64-linux-gnu/libsensors.so.4.4.0
7f8a18ab5000-7f8a18ab6000 r--p 0000d000 08:03 35507254                   /usr/lib/x86_64-linux-gnu/libsensors.so.4.4.0
7f8a18ab6000-7f8a18ab7000 rw-p 0000e000 08:03 35507254                   /usr/lib/x86_64-linux-gnu/libsensors.so.4.4.0
7f8a18ab7000-7f8a19444000 r-xp 00000000 08:03 101030972                  /usr/lib/x86_64-linux-gnu/dri/nouveau_dri.so
7f8a19444000-7f8a19644000 ---p 0098d000 08:03 101030972                  /usr/lib/x86_64-linux-gnu/dri/nouveau_dri.so
7f8a19644000-7f8a1967f000 r--p 0098d000 08:03 101030972                  /usr/lib/x86_64-linux-gnu/dri/nouveau_dri.so
7f8a1967f000-7f8a1968b000 rw-p 009c8000 08:03 101030972                  /usr/lib/x86_64-linux-gnu/dri/nouveau_dri.so
7f8a1968b000-7f8a19882000 rw-p 00000000 00:00 0 
7f8a19882000-7f8a19888000 r-xp 00000000 08:03 34154441                   /usr/lib/x86_64-linux-gnu/libdatrie.so.1.3.3
7f8a19888000-7f8a19a88000 ---p 00006000 08:03 34154441                   /usr/lib/x86_64-linux-gnu/libdatrie.so.1.3.3
7f8a19a88000-7f8a19a89000 r--p 00006000 08:03 34154441                   /usr/lib/x86_64-linux-gnu/libdatrie.so.1.3.3
7f8a19a89000-7f8a19a8a000 rw-p 00007000 08:03 34154441                   /usr/lib/x86_64-linux-gnu/libdatrie.so.1.3.3
7f8a19a8a000-7f8a19a8f000 r-xp 00000000 08:03 34035872                   /usr/lib/x86_64-linux-gnu/libXdmcp.so.6.0.0
7f8a19a8f000-7f8a19c8e000 ---p 00005000 08:03 34035872                   /usr/lib/x86_64-linux-gnu/libXdmcp.so.6.0.0
7f8a19c8e000-7f8a19c8f000 r--p 00004000 08:03 34035872                   /usr/lib/x86_64-linux-gnu/libXdmcp.so.6.0.0
7f8a19c8f000-7f8a19c90000 rw-p 00005000 08:03 34035872                   /usr/lib/x86_64-linux-gnu/libXdmcp.so.6.0.0
7f8a19c90000-7f8a19c92000 r-xp 00000000 08:03 34035846                   /usr/lib/x86_64-linux-gnu/libXau.so.6.0.0
7f8a19c92000-7f8a19e92000 ---p 00002000 08:03 34035846                   /usr/lib/x86_64-linux-gnu/libXau.so.6.0.0
7f8a19e92000-7f8a19e93000 r--p 00002000 08:03 34035846                   /usr/lib/x86_64-linux-gnu/libXau.so.6.0.0
7f8a19e93000-7f8a19e94000 rw-p 00003000 08:03 34035846                   /usr/lib/x86_64-linux-gnu/libXau.so.6.0.0
7f8a19e94000-7f8a19eb8000 r-xp 00000000 08:03 34151317                   /usr/lib/x86_64-linux-gnu/libgraphite2.so.3.0.1
7f8a19eb8000-7f8a1a0b7000 ---p 00024000 08:03 34151317                   /usr/lib/x86_64-linux-gnu/libgraphite2.so.3.0.1
7f8a1a0b7000-7f8a1a0b9000 r--p 00023000 08:03 34151317                   /usr/lib/x86_64-linux-gnu/libgraphite2.so.3.0.1
7f8a1a0b9000-7f8a1a0ba000 rw-p 00025000 08:03 34151317                   /usr/lib/x86_64-linux-gnu/libgraphite2.so.3.0.1
7f8a1a0ba000-7f8a1a0ca000 r-xp 00000000 08:03 33713623                   /usr/lib/x86_64-linux-gnu/libdrm.so.2.4.0
7f8a1a0ca000-7f8a1a2c9000 ---p 00010000 08:03 33713623                   /usr/lib/x86_64-linux-gnu/libdrm.so.2.4.0
7f8a1a2c9000-7f8a1a2ca000 r--p 0000f000 08:03 33713623                   /usr/lib/x86_64-linux-gnu/libdrm.so.2.4.0
7f8a1a2ca000-7f8a1a2cb000 rw-p 00010000 08:03 33713623                   /usr/lib/x86_64-linux-gnu/libdrm.so.2.4.0
7f8a1a2cb000-7f8a1a2cf000 r-xp 00000000 08:03 34258681                   /usr/lib/x86_64-linux-gnu/libxcb-dri2.so.0.0.0
7f8a1a2cf000-7f8a1a4ce000 ---p 00004000 08:03 34258681                   /usr/lib/x86_64-linux-gnu/libxcb-dri2.so.0.0.0
7f8a1a4ce000-7f8a1a4cf000 r--p 00003000 08:03 34258681                   /usr/lib/x86_64-linux-gnu/libxcb-dri2.so.0.0.0
7f8a1a4cf000-7f8a1a4d0000 rw-p 00004000 08:03 34258681                   /usr/lib/x86_64-linux-gnu/libxcb-dri2.so.0.0.0
7f8a1a4d0000-7f8a1a4e7000 r-xp 00000000 08:03 34421015                   /usr/lib/x86_64-linux-gnu/libxcb-glx.so.0.0.0
7f8a1a4e7000-7f8a1a6e6000 ---p 00017000 08:03 34421015                   /usr/lib/x86_64-linux-gnu/libxcb-glx.so.0.0.0
7f8a1a6e6000-7f8a1a6e8000 r--p 00016000 08:03 34421015                   /usr/lib/x86_64-linux-gnu/libxcb-glx.so.0.0.0
7f8a1a6e8000-7f8a1a6e9000 rw-p 00018000 08:03 34421015                   /usr/lib/x86_64-linux-gnu/libxcb-glx.so.0.0.0
7f8a1a6e9000-7f8a1a6ea000 r-xp 00000000 08:03 34258678                   /usr/lib/x86_64-linux-gnu/libX11-xcb.so.1.0.0
7f8a1a6ea000-7f8a1a8e9000 ---p 00001000 08:03 34258678                   /usr/lib/x86_64-linux-gnu/libX11-xcb.so.1.0.0
7f8a1a8e9000-7f8a1a8ea000 r--p 00000000 08:03 34258678                   /usr/lib/x86_64-linux-gnu/libX11-xcb.so.1.0.0
7f8a1a8ea000-7f8a1a8eb000 rw-p 00001000 08:03 34258678                   /usr/lib/x86_64-linux-gnu/libX11-xcb.so.1.0.0
7f8a1a8eb000-7f8a1a915000 r-xp 00000000 08:03 33571056                   /usr/lib/x86_64-linux-gnu/libglapi.so.0.0.0
7f8a1a915000-7f8a1ab14000 ---p 0002a000 08:03 33571056                   /usr/lib/x86_64-linux-gnu/libglapi.so.0.0.0
7f8a1ab14000-7f8a1ab18000 r--p 00029000 08:03 33571056                   /usr/lib/x86_64-linux-gnu/libglapi.so.0.0.0
7f8a1ab18000-7f8a1ab19000 rw-p 0002d000 08:03 33571056                   /usr/lib/x86_64-linux-gnu/libglapi.so.0.0.0
7f8a1ab19000-7f8a1ab1a000 rw-p 00000000 00:00 0 
7f8a1ab1a000-7f8a1ab1b000 r-xp 00000000 08:03 34261681                   /usr/lib/x86_64-linux-gnu/libxshmfence.so.1.0.0
7f8a1ab1b000-7f8a1ad1b000 ---p 00001000 08:03 34261681                   /usr/lib/x86_64-linux-gnu/libxshmfence.so.1.0.0
7f8a1ad1b000-7f8a1ad1c000 r--p 00001000 08:03 34261681                   /usr/lib/x86_64-linux-gnu/libxshmfence.so.1.0.0
7f8a1ad1c000-7f8a1ad1d000 rw-p 00002000 08:03 34261681                   /usr/lib/x86_64-linux-gnu/libxshmfence.so.1.0.0
7f8a1ad1d000-7f8a1ad22000 r-xp 00000000 08:03 34261671                   /usr/lib/x86_64-linux-gnu/libxcb-sync.so.1.0.0
7f8a1ad22000-7f8a1af22000 ---p 00005000 08:03 34261671                   /usr/lib/x86_64-linux-gnu/libxcb-sync.so.1.0.0
7f8a1af22000-7f8a1af23000 r--p 00005000 08:03 34261671                   /usr/lib/x86_64-linux-gnu/libxcb-sync.so.1.0.0
7f8a1af23000-7f8a1af24000 rw-p 00006000 08:03 34261671                   /usr/lib/x86_64-linux-gnu/libxcb-sync.so.1.0.0
7f8a1af24000-7f8a1af26000 r-xp 00000000 08:03 34261666                   /usr/lib/x86_64-linux-gnu/libxcb-present.so.0.0.0
7f8a1af26000-7f8a1b125000 ---p 00002000 08:03 34261666                   /usr/lib/x86_64-linux-gnu/libxcb-present.so.0.0.0
7f8a1b125000-7f8a1b126000 r--p 00001000 08:03 34261666                   /usr/lib/x86_64-linux-gnu/libxcb-present.so.0.0.0
7f8a1b126000-7f8a1b127000 rw-p 00002000 08:03 34261666                   /usr/lib/x86_64-linux-gnu/libxcb-present.so.0.0.0
7f8a1b127000-7f8a1b129000 r-xp 00000000 08:03 34258686                   /usr/lib/x86_64-linux-gnu/libxcb-dri3.so.0.0.0
7f8a1b129000-7f8a1b328000 ---p 00002000 08:03 34258686                   /usr/lib/x86_64-linux-gnu/libxcb-dri3.so.0.0.0
7f8a1b328000-7f8a1b329000 r--p 00001000 08:03 34258686                   /usr/lib/x86_64-linux-gnu/libxcb-dri3.so.0.0.0
7f8a1b329000-7f8a1b32a000 rw-p 00002000 08:03 34258686                   /usr/lib/x86_64-linux-gnu/libxcb-dri3.so.0.0.0
7f8a1b32a000-7f8a1b398000 r-xp 00000000 08:03 33570033                   /lib/x86_64-linux-gnu/libpcre.so.3.13.2
7f8a1b398000-7f8a1b598000 ---p 0006e000 08:03 33570033                   /lib/x86_64-linux-gnu/libpcre.so.3.13.2
7f8a1b598000-7f8a1b599000 r--p 0006e000 08:03 33570033                   /lib/x86_64-linux-gnu/libpcre.so.3.13.2
7f8a1b599000-7f8a1b59a000 rw-p 0006f000 08:03 33570033                   /lib/x86_64-linux-gnu/libpcre.so.3.13.2
7f8a1b59a000-7f8a1b5a1000 r-xp 00000000 08:03 33648829                   /usr/lib/x86_64-linux-gnu/libffi.so.6.0.4
7f8a1b5a1000-7f8a1b7a0000 ---p 00007000 08:03 33648829                   /usr/lib/x86_64-linux-gnu/libffi.so.6.0.4
7f8a1b7a0000-7f8a1b7a1000 r--p 00006000 08:03 33648829                   /usr/lib/x86_64-linux-gnu/libffi.so.6.0.4
7f8a1b7a1000-7f8a1b7a2000 rw-p 00007000 08:03 33648829                   /usr/lib/x86_64-linux-gnu/libffi.so.6.0.4
7f8a1b7a2000-7f8a1b7c8000 r-xp 00000000 08:03 33922161                   /lib/x86_64-linux-gnu/libexpat.so.1.6.0
7f8a1b7c8000-7f8a1b9c8000 ---p 00026000 08:03 33922161                   /lib/x86_64-linux-gnu/libexpat.so.1.6.0
7f8a1b9c8000-7f8a1b9ca000 r--p 00026000 08:03 33922161                   /lib/x86_64-linux-gnu/libexpat.so.1.6.0
7f8a1b9ca000-7f8a1b9cb000 rw-p 00028000 08:03 33922161                   /lib/x86_64-linux-gnu/libexpat.so.1.6.0
7f8a1b9cb000-7f8a1b9d3000 r-xp 00000000 08:03 34154444                   /usr/lib/x86_64-linux-gnu/libthai.so.0.2.4
7f8a1b9d3000-7f8a1bbd2000 ---p 00008000 08:03 34154444                   /usr/lib/x86_64-linux-gnu/libthai.so.0.2.4
7f8a1bbd2000-7f8a1bbd3000 r--p 00007000 08:03 34154444                   /usr/lib/x86_64-linux-gnu/libthai.so.0.2.4
7f8a1bbd3000-7f8a1bbd4000 rw-p 00008000 08:03 34154444                   /usr/lib/x86_64-linux-gnu/libthai.so.0.2.4
7f8a1bbd4000-7f8a1bbf5000 r-xp 00000000 08:03 34035901                   /usr/lib/x86_64-linux-gnu/libxcb.so.1.1.0
7f8a1bbf5000-7f8a1bdf4000 ---p 00021000 08:03 34035901                   /usr/lib/x86_64-linux-gnu/libxcb.so.1.1.0
7f8a1bdf4000-7f8a1bdf5000 r--p 00020000 08:03 34035901                   /usr/lib/x86_64-linux-gnu/libxcb.so.1.1.0
7f8a1bdf5000-7f8a1bdf6000 rw-p 00021000 08:03 34035901                   /usr/lib/x86_64-linux-gnu/libxcb.so.1.1.0
7f8a1bdf6000-7f8a1bdfe000 r-xp 00000000 08:03 34080400                   /usr/lib/x86_64-linux-gnu/libxcb-render.so.0.0.0
7f8a1bdfe000-7f8a1bffe000 ---p 00008000 08:03 34080400                   /usr/lib/x86_64-linux-gnu/libxcb-render.so.0.0.0
7f8a1bffe000-7f8a1bfff000 r--p 00008000 08:03 34080400                   /usr/lib/x86_64-linux-gnu/libxcb-render.so.0.0.0
7f8a1bfff000-7f8a1c000000 rw-p 00009000 08:03 34080400                   /usr/lib/x86_64-linux-gnu/libxcb-render.so.0.0.0
7f8a1c000000-7f8a1c021000 rw-p 00000000 00:00 0 
7f8a1c021000-7f8a20000000 ---p 00000000 00:00 0 
7f8a20000000-7f8a20021000 rw-p 00000000 00:00 0 
7f8a20021000-7f8a24000000 ---p 00000000 00:00 0 
7f8a24000000-7f8a25651000 rw-p 00000000 00:00 0 
7f8a25651000-7f8a28000000 ---p 00000000 00:00 0 
7f8a28000000-7f8a28368000 rw-p 00000000 00:00 0 
7f8a28368000-7f8a2c000000 ---p 00000000 00:00 0 
7f8a2c000000-7f8a2da39000 rw-p 00000000 00:00 0 
7f8a2da39000-7f8a30000000 ---p 00000000 00:00 0 
7f8a30000000-7f8a31ba3000 rw-p 00000000 00:00 0 
7f8a31ba3000-7f8a34000000 ---p 00000000 00:00 0 
7f8a34000000-7f8a34021000 rw-p 00000000 00:00 0 
7f8a34021000-7f8a38000000 ---p 00000000 00:00 0 
7f8a38000000-7f8a38021000 rw-p 00000000 00:00 0 
7f8a38021000-7f8a3c000000 ---p 00000000 00:00 0 
7f8a3c000000-7f8a3c021000 rw-p 00000000 00:00 0 
7f8a3c021000-7f8a40000000 ---p 00000000 00:00 0 
7f8a40008000-7f8a4005d000 r--p 00000000 08:03 37833926                   /usr/share/jdk1.8.0_91/jre/lib/fonts/LucidaBrightRegular.ttf
7f8a4005d000-7f8a40070000 r--p 00000000 08:03 37833924                   /usr/share/jdk1.8.0_91/jre/lib/fonts/LucidaBrightDemiBold.ttf
7f8a40070000-7f8a400ac000 r--p 00000000 08:03 37833922                   /usr/share/jdk1.8.0_91/jre/lib/fonts/LucidaTypewriterRegular.ttf
7f8a400ac000-7f8a400b0000 r--s 00097000 08:03 71304089                   /usr/share/jdk1.8.0_91/jre/lib/jsse.jar
7f8a400b0000-7f8a400bb000 r--s 00000000 08:03 37737514                   /var/cache/fontconfig/945677eb7aeaf62f1d50efc3fb3ec7d8-le64.cache-6
7f8a400bb000-7f8a400d0000 r--s 00000000 08:03 37737492                   /var/cache/fontconfig/04aabc0a78ac019cf9454389977116d2-le64.cache-6
7f8a400d0000-7f8a400f7000 r--s 00000000 08:03 37737486                   /var/cache/fontconfig/0bd3dc0958fa2205aaaa8ebb13e2872b-le64.cache-6
7f8a400f7000-7f8a400f9000 r-xp 00000000 08:03 34080404                   /usr/lib/x86_64-linux-gnu/libxcb-shm.so.0.0.0
7f8a400f9000-7f8a402f9000 ---p 00002000 08:03 34080404                   /usr/lib/x86_64-linux-gnu/libxcb-shm.so.0.0.0
7f8a402f9000-7f8a402fa000 r--p 00002000 08:03 34080404                   /usr/lib/x86_64-linux-gnu/libxcb-shm.so.0.0.0
7f8a402fa000-7f8a402fb000 rw-p 00003000 08:03 34080404                   /usr/lib/x86_64-linux-gnu/libxcb-shm.so.0.0.0
7f8a402fb000-7f8a4031f000 r-xp 00000000 08:03 33687915                   /lib/x86_64-linux-gnu/libpng12.so.0.54.0
7f8a4031f000-7f8a4051e000 ---p 00024000 08:03 33687915                   /lib/x86_64-linux-gnu/libpng12.so.0.54.0
7f8a4051e000-7f8a4051f000 r--p 00023000 08:03 33687915                   /lib/x86_64-linux-gnu/libpng12.so.0.54.0
7f8a4051f000-7f8a40520000 rw-p 00024000 08:03 33687915                   /lib/x86_64-linux-gnu/libpng12.so.0.54.0
7f8a40520000-7f8a50000000 rw-p 00000000 00:00 0 
7f8a50000000-7f8a50021000 rw-p 00000000 00:00 0 
7f8a50021000-7f8a54000000 ---p 00000000 00:00 0 
7f8a54000000-7f8a54021000 rw-p 00000000 00:00 0 
7f8a54021000-7f8a58000000 ---p 00000000 00:00 0 
7f8a58000000-7f8a58021000 rw-p 00000000 00:00 0 
7f8a58021000-7f8a5c000000 ---p 00000000 00:00 0 
7f8a5c000000-7f8a5c021000 rw-p 00000000 00:00 0 
7f8a5c021000-7f8a60000000 ---p 00000000 00:00 0 
7f8a60000000-7f8a60021000 rw-p 00000000 00:00 0 
7f8a60021000-7f8a64000000 ---p 00000000 00:00 0 
7f8a64000000-7f8a64021000 rw-p 00000000 00:00 0 
7f8a64021000-7f8a68000000 ---p 00000000 00:00 0 
7f8a68000000-7f8a68021000 rw-p 00000000 00:00 0 
7f8a68021000-7f8a6c000000 ---p 00000000 00:00 0 
7f8a6c000000-7f8a6c005000 r--s 00084000 08:03 71174183                   /usr/share/jdk1.8.0_91/jre/lib/jfr.jar
7f8a6c005000-7f8a6c009000 r--s 00000000 08:03 37593931                   /var/cache/fontconfig/6aa41aa22e18b8fa06a12da28ea9c28b-le64.cache-6
7f8a6c009000-7f8a6c00f000 r--s 00000000 08:03 37737495                   /var/cache/fontconfig/2cd17615ca594fa2959ae173292e504c-le64.cache-6
7f8a6c00f000-7f8a6c014000 r--s 00000000 08:03 37737485                   /var/cache/fontconfig/8801497958630a81b71ace7c5f9b32a8-le64.cache-6
7f8a6c014000-7f8a6c01b000 r--s 00000000 08:03 37737483                   /var/cache/fontconfig/3047814df9a2f067bd2d96a2b9c36e5a-le64.cache-6
7f8a6c01b000-7f8a6c023000 r--s 00000000 08:03 37737482                   /var/cache/fontconfig/bf3b770c553c462765856025a94f1ce6-le64.cache-6
7f8a6c023000-7f8a6c036000 r--s 00000000 08:03 37737478                   /var/cache/fontconfig/d52a8644073d54c13679302ca1180695-le64.cache-6
7f8a6c036000-7f8a6c041000 r--s 00000000 08:03 37737476                   /var/cache/fontconfig/d589a48862398ed80a3d6066f4f56f4c-le64.cache-6
7f8a6c041000-7f8a6c04c000 r--s 00000000 08:03 37737472                   /var/cache/fontconfig/83bf95040141907cd45bb53cf7c1c148-le64.cache-6
7f8a6c04c000-7f8a6c06d000 r--s 00000000 08:03 37593926                   /var/cache/fontconfig/467c019e582ee353435ea5c21d137ef6-le64.cache-6
7f8a6c06d000-7f8a6c0ed000 rw-s 11efaf000 00:06 330                       /dev/dri/card0
7f8a6c0ed000-7f8a6c118000 r--p 00000000 08:03 37754511                   /usr/share/locale-langpack/fr/LC_MESSAGES/gtk20-properties.mo
7f8a6c118000-7f8a6c198000 rw-s 11ecae000 00:06 330                       /dev/dri/card0
7f8a6c198000-7f8a6c237000 r-xp 00000000 08:03 34080395                   /usr/lib/x86_64-linux-gnu/libpixman-1.so.0.33.6
7f8a6c237000-7f8a6c437000 ---p 0009f000 08:03 34080395                   /usr/lib/x86_64-linux-gnu/libpixman-1.so.0.33.6
7f8a6c437000-7f8a6c43f000 r--p 0009f000 08:03 34080395                   /usr/lib/x86_64-linux-gnu/libpixman-1.so.0.33.6
7f8a6c43f000-7f8a6c440000 rw-p 000a7000 08:03 34080395                   /usr/lib/x86_64-linux-gnu/libpixman-1.so.0.33.6
7f8a6c440000-7f8a6c49c000 r-xp 00000000 08:03 34154460                   /usr/lib/x86_64-linux-gnu/libharfbuzz.so.0.10000.1
7f8a6c49c000-7f8a6c69c000 ---p 0005c000 08:03 34154460                   /usr/lib/x86_64-linux-gnu/libharfbuzz.so.0.10000.1
7f8a6c69c000-7f8a6c69d000 r--p 0005c000 08:03 34154460                   /usr/lib/x86_64-linux-gnu/libharfbuzz.so.0.10000.1
7f8a6c69d000-7f8a6c69e000 rw-p 0005d000 08:03 34154460                   /usr/lib/x86_64-linux-gnu/libharfbuzz.so.0.10000.1
7f8a6c69e000-7f8a6c6b5000 r-xp 00000000 08:03 33570503                   /lib/x86_64-linux-gnu/libresolv-2.23.so
7f8a6c6b5000-7f8a6c8b5000 ---p 00017000 08:03 33570503                   /lib/x86_64-linux-gnu/libresolv-2.23.so
7f8a6c8b5000-7f8a6c8b6000 r--p 00017000 08:03 33570503                   /lib/x86_64-linux-gnu/libresolv-2.23.so
7f8a6c8b6000-7f8a6c8b7000 rw-p 00018000 08:03 33570503                   /lib/x86_64-linux-gnu/libresolv-2.23.so
7f8a6c8b7000-7f8a6c8b9000 rw-p 00000000 00:00 0 
7f8a6c8b9000-7f8a6c8d8000 r-xp 00000000 08:03 33570049                   /lib/x86_64-linux-gnu/libselinux.so.1
7f8a6c8d8000-7f8a6cad7000 ---p 0001f000 08:03 33570049                   /lib/x86_64-linux-gnu/libselinux.so.1
7f8a6cad7000-7f8a6cad8000 r--p 0001e000 08:03 33570049                   /lib/x86_64-linux-gnu/libselinux.so.1
7f8a6cad8000-7f8a6cad9000 rw-p 0001f000 08:03 33570049                   /lib/x86_64-linux-gnu/libselinux.so.1
7f8a6cad9000-7f8a6cadb000 rw-p 00000000 00:00 0 
7f8a6cadb000-7f8a6caf4000 r-xp 00000000 08:03 33570329                   /lib/x86_64-linux-gnu/libz.so.1.2.8
7f8a6caf4000-7f8a6ccf3000 ---p 00019000 08:03 33570329                   /lib/x86_64-linux-gnu/libz.so.1.2.8
7f8a6ccf3000-7f8a6ccf4000 r--p 00018000 08:03 33570329                   /lib/x86_64-linux-gnu/libz.so.1.2.8
7f8a6ccf4000-7f8a6ccf5000 rw-p 00019000 08:03 33570329                   /lib/x86_64-linux-gnu/libz.so.1.2.8
7f8a6ccf5000-7f8a6cd06000 r-xp 00000000 08:03 34034192                   /usr/lib/x86_64-linux-gnu/libXext.so.6.4.0
7f8a6cd06000-7f8a6cf05000 ---p 00011000 08:03 34034192                   /usr/lib/x86_64-linux-gnu/libXext.so.6.4.0
7f8a6cf05000-7f8a6cf06000 r--p 00010000 08:03 34034192                   /usr/lib/x86_64-linux-gnu/libXext.so.6.4.0
7f8a6cf06000-7f8a6cf07000 rw-p 00011000 08:03 34034192                   /usr/lib/x86_64-linux-gnu/libXext.so.6.4.0
7f8a6cf07000-7f8a6cf09000 r-xp 00000000 08:03 34344623                   /usr/lib/x86_64-linux-gnu/libXdamage.so.1.1.0
7f8a6cf09000-7f8a6d108000 ---p 00002000 08:03 34344623                   /usr/lib/x86_64-linux-gnu/libXdamage.so.1.1.0
7f8a6d108000-7f8a6d109000 r--p 00001000 08:03 34344623                   /usr/lib/x86_64-linux-gnu/libXdamage.so.1.1.0
7f8a6d109000-7f8a6d10a000 rw-p 00002000 08:03 34344623                   /usr/lib/x86_64-linux-gnu/libXdamage.so.1.1.0
7f8a6d10a000-7f8a6d10c000 r-xp 00000000 08:03 34344619                   /usr/lib/x86_64-linux-gnu/libXcomposite.so.1.0.0
7f8a6d10c000-7f8a6d30b000 ---p 00002000 08:03 34344619                   /usr/lib/x86_64-linux-gnu/libXcomposite.so.1.0.0
7f8a6d30b000-7f8a6d30c000 r--p 00001000 08:03 34344619                   /usr/lib/x86_64-linux-gnu/libXcomposite.so.1.0.0
7f8a6d30c000-7f8a6d30d000 rw-p 00002000 08:03 34344619                   /usr/lib/x86_64-linux-gnu/libXcomposite.so.1.0.0
7f8a6d30d000-7f8a6d316000 r-xp 00000000 08:03 34344629                   /usr/lib/x86_64-linux-gnu/libXcursor.so.1.0.2
7f8a6d316000-7f8a6d515000 ---p 00009000 08:03 34344629                   /usr/lib/x86_64-linux-gnu/libXcursor.so.1.0.2
7f8a6d515000-7f8a6d516000 r--p 00008000 08:03 34344629                   /usr/lib/x86_64-linux-gnu/libXcursor.so.1.0.2
7f8a6d516000-7f8a6d517000 rw-p 00009000 08:03 34344629                   /usr/lib/x86_64-linux-gnu/libXcursor.so.1.0.2
7f8a6d517000-7f8a6d521000 r-xp 00000000 08:03 34344650                   /usr/lib/x86_64-linux-gnu/libXrandr.so.2.2.0
7f8a6d521000-7f8a6d720000 ---p 0000a000 08:03 34344650                   /usr/lib/x86_64-linux-gnu/libXrandr.so.2.2.0
7f8a6d720000-7f8a6d721000 r--p 00009000 08:03 34344650                   /usr/lib/x86_64-linux-gnu/libXrandr.so.2.2.0
7f8a6d721000-7f8a6d722000 rw-p 0000a000 08:03 34344650                   /usr/lib/x86_64-linux-gnu/libXrandr.so.2.2.0
7f8a6d722000-7f8a6d731000 r-xp 00000000 08:03 34344639                   /usr/lib/x86_64-linux-gnu/libXi.so.6.1.0
7f8a6d731000-7f8a6d930000 ---p 0000f000 08:03 34344639                   /usr/lib/x86_64-linux-gnu/libXi.so.6.1.0
7f8a6d930000-7f8a6d931000 r--p 0000e000 08:03 34344639                   /usr/lib/x86_64-linux-gnu/libXi.so.6.1.0
7f8a6d931000-7f8a6d932000 rw-p 0000f000 08:03 34344639                   /usr/lib/x86_64-linux-gnu/libXi.so.6.1.0
7f8a6d932000-7f8a6d934000 r-xp 00000000 08:03 34344633                   /usr/lib/x86_64-linux-gnu/libXinerama.so.1.0.0
7f8a6d934000-7f8a6db33000 ---p 00002000 08:03 34344633                   /usr/lib/x86_64-linux-gnu/libXinerama.so.1.0.0
7f8a6db33000-7f8a6db34000 r--p 00001000 08:03 34344633                   /usr/lib/x86_64-linux-gnu/libXinerama.so.1.0.0
7f8a6db34000-7f8a6db35000 rw-p 00002000 08:03 34344633                   /usr/lib/x86_64-linux-gnu/libXinerama.so.1.0.0
7f8a6db35000-7f8a6db3e000 r-xp 00000000 08:03 34080407                   /usr/lib/x86_64-linux-gnu/libXrender.so.1.3.0
7f8a6db3e000-7f8a6dd3d000 ---p 00009000 08:03 34080407                   /usr/lib/x86_64-linux-gnu/libXrender.so.1.3.0
7f8a6dd3d000-7f8a6dd3e000 r--p 00008000 08:03 34080407                   /usr/lib/x86_64-linux-gnu/libXrender.so.1.3.0
7f8a6dd3e000-7f8a6dd3f000 rw-p 00009000 08:03 34080407                   /usr/lib/x86_64-linux-gnu/libXrender.so.1.3.0
7f8a6dd3f000-7f8a6dd44000 r-xp 00000000 08:03 34344613                   /usr/lib/x86_64-linux-gnu/libXfixes.so.3.1.0
7f8a6dd44000-7f8a6df43000 ---p 00005000 08:03 34344613                   /usr/lib/x86_64-linux-gnu/libXfixes.so.3.1.0
7f8a6df43000-7f8a6df44000 r--p 00004000 08:03 34344613                   /usr/lib/x86_64-linux-gnu/libXfixes.so.3.1.0
7f8a6df44000-7f8a6df45000 rw-p 00005000 08:03 34344613                   /usr/lib/x86_64-linux-gnu/libXfixes.so.3.1.0
7f8a6df45000-7f8a6df5b000 r-xp 00000000 08:03 33569974                   /lib/x86_64-linux-gnu/libgcc_s.so.1
7f8a6df5b000-7f8a6e15a000 ---p 00016000 08:03 33569974                   /lib/x86_64-linux-gnu/libgcc_s.so.1
7f8a6e15a000-7f8a6e15b000 rw-p 00015000 08:03 33569974                   /lib/x86_64-linux-gnu/libgcc_s.so.1
7f8a6e15b000-7f8a6e2cd000 r-xp 00000000 08:03 33646122                   /usr/lib/x86_64-linux-gnu/libstdc++.so.6.0.21
7f8a6e2cd000-7f8a6e4cd000 ---p 00172000 08:03 33646122                   /usr/lib/x86_64-linux-gnu/libstdc++.so.6.0.21
7f8a6e4cd000-7f8a6e4d7000 r--p 00172000 08:03 33646122                   /usr/lib/x86_64-linux-gnu/libstdc++.so.6.0.21
7f8a6e4d7000-7f8a6e4d9000 rw-p 0017c000 08:03 33646122                   /usr/lib/x86_64-linux-gnu/libstdc++.so.6.0.21
7f8a6e4d9000-7f8a6e4dd000 rw-p 00000000 00:00 0 
7f8a6e4dd000-7f8a6e54b000 r-xp 00000000 08:03 71358372                   /usr/lib/x86_64-linux-gnu/mesa/libGL.so.1.2.0
7f8a6e54b000-7f8a6e74a000 ---p 0006e000 08:03 71358372                   /usr/lib/x86_64-linux-gnu/mesa/libGL.so.1.2.0
7f8a6e74a000-7f8a6e74d000 r--p 0006d000 08:03 71358372                   /usr/lib/x86_64-linux-gnu/mesa/libGL.so.1.2.0
7f8a6e74d000-7f8a6e74e000 rw-p 00070000 08:03 71358372                   /usr/lib/x86_64-linux-gnu/mesa/libGL.so.1.2.0
7f8a6e74e000-7f8a6e74f000 rw-p 00000000 00:00 0 
7f8a6e74f000-7f8a6e754000 r-xp 00000000 08:03 34421024                   /usr/lib/x86_64-linux-gnu/libXxf86vm.so.1.0.0
7f8a6e754000-7f8a6e953000 ---p 00005000 08:03 34421024                   /usr/lib/x86_64-linux-gnu/libXxf86vm.so.1.0.0
7f8a6e953000-7f8a6e954000 r--p 00004000 08:03 34421024                   /usr/lib/x86_64-linux-gnu/libXxf86vm.so.1.0.0
7f8a6e954000-7f8a6e955000 rw-p 00005000 08:03 34421024                   /usr/lib/x86_64-linux-gnu/libXxf86vm.so.1.0.0
7f8a6e955000-7f8a6ea8a000 r-xp 00000000 08:03 34034189                   /usr/lib/x86_64-linux-gnu/libX11.so.6.3.0
7f8a6ea8a000-7f8a6ec8a000 ---p 00135000 08:03 34034189                   /usr/lib/x86_64-linux-gnu/libX11.so.6.3.0
7f8a6ec8a000-7f8a6ec8b000 r--p 00135000 08:03 34034189                   /usr/lib/x86_64-linux-gnu/libX11.so.6.3.0
7f8a6ec8b000-7f8a6ec8f000 rw-p 00136000 08:03 34034189                   /usr/lib/x86_64-linux-gnu/libX11.so.6.3.0
7f8a6ec8f000-7f8a6ec94000 r-xp 00000000 08:03 34640110                   /usr/lib/x86_64-linux-gnu/libXtst.so.6.1.0
7f8a6ec94000-7f8a6ee93000 ---p 00005000 08:03 34640110                   /usr/lib/x86_64-linux-gnu/libXtst.so.6.1.0
7f8a6ee93000-7f8a6ee94000 r--p 00004000 08:03 34640110                   /usr/lib/x86_64-linux-gnu/libXtst.so.6.1.0
7f8a6ee94000-7f8a6ee95000 rw-p 00005000 08:03 34640110                   /usr/lib/x86_64-linux-gnu/libXtst.so.6.1.0
7f8a6ee95000-7f8a6efa4000 r-xp 00000000 08:03 33570867                   /lib/x86_64-linux-gnu/libglib-2.0.so.0.4800.2
7f8a6efa4000-7f8a6f1a3000 ---p 0010f000 08:03 33570867                   /lib/x86_64-linux-gnu/libglib-2.0.so.0.4800.2
7f8a6f1a3000-7f8a6f1a4000 r--p 0010e000 08:03 33570867                   /lib/x86_64-linux-gnu/libglib-2.0.so.0.4800.2
7f8a6f1a4000-7f8a6f1a5000 rw-p 0010f000 08:03 33570867                   /lib/x86_64-linux-gnu/libglib-2.0.so.0.4800.2
7f8a6f1a5000-7f8a6f1a6000 rw-p 00000000 00:00 0 
7f8a6f1a6000-7f8a6f1a7000 r-xp 00000000 08:03 33570869                   /usr/lib/x86_64-linux-gnu/libgthread-2.0.so.0.4800.2
7f8a6f1a7000-7f8a6f3a6000 ---p 00001000 08:03 33570869                   /usr/lib/x86_64-linux-gnu/libgthread-2.0.so.0.4800.2
7f8a6f3a6000-7f8a6f3a7000 r--p 00000000 08:03 33570869                   /usr/lib/x86_64-linux-gnu/libgthread-2.0.so.0.4800.2
7f8a6f3a7000-7f8a6f3a8000 rw-p 00001000 08:03 33570869                   /usr/lib/x86_64-linux-gnu/libgthread-2.0.so.0.4800.2
7f8a6f3a8000-7f8a6f3ab000 r-xp 00000000 08:03 33570868                   /usr/lib/x86_64-linux-gnu/libgmodule-2.0.so.0.4800.2
7f8a6f3ab000-7f8a6f5aa000 ---p 00003000 08:03 33570868                   /usr/lib/x86_64-linux-gnu/libgmodule-2.0.so.0.4800.2
7f8a6f5aa000-7f8a6f5ab000 r--p 00002000 08:03 33570868                   /usr/lib/x86_64-linux-gnu/libgmodule-2.0.so.0.4800.2
7f8a6f5ab000-7f8a6f5ac000 rw-p 00003000 08:03 33570868                   /usr/lib/x86_64-linux-gnu/libgmodule-2.0.so.0.4800.2
7f8a6f5ac000-7f8a6f5fe000 r-xp 00000000 08:03 33570870                   /usr/lib/x86_64-linux-gnu/libgobject-2.0.so.0.4800.2
7f8a6f5fe000-7f8a6f7fd000 ---p 00052000 08:03 33570870                   /usr/lib/x86_64-linux-gnu/libgobject-2.0.so.0.4800.2
7f8a6f7fd000-7f8a6f7fe000 r--p 00051000 08:03 33570870                   /usr/lib/x86_64-linux-gnu/libgobject-2.0.so.0.4800.2
7f8a6f7fe000-7f8a6f7ff000 rw-p 00052000 08:03 33570870                   /usr/lib/x86_64-linux-gnu/libgobject-2.0.so.0.4800.2
7f8a6f7ff000-7f8a6f83c000 r-xp 00000000 08:03 34075569                   /usr/lib/x86_64-linux-gnu/libfontconfig.so.1.9.0
7f8a6f83c000-7f8a6fa3b000 ---p 0003d000 08:03 34075569                   /usr/lib/x86_64-linux-gnu/libfontconfig.so.1.9.0
7f8a6fa3b000-7f8a6fa3d000 r--p 0003c000 08:03 34075569                   /usr/lib/x86_64-linux-gnu/libfontconfig.so.1.9.0
7f8a6fa3d000-7f8a6fa42000 rw-p 0003e000 08:03 34075569                   /usr/lib/x86_64-linux-gnu/libfontconfig.so.1.9.0
7f8a6fa42000-7f8a6fae6000 r-xp 00000000 08:03 34075575                   /usr/lib/x86_64-linux-gnu/libfreetype.so.6.12.1
7f8a6fae6000-7f8a6fce5000 ---p 000a4000 08:03 34075575                   /usr/lib/x86_64-linux-gnu/libfreetype.so.6.12.1
7f8a6fce5000-7f8a6fceb000 r--p 000a3000 08:03 34075575                   /usr/lib/x86_64-linux-gnu/libfreetype.so.6.12.1
7f8a6fceb000-7f8a6fcec000 rw-p 000a9000 08:03 34075575                   /usr/lib/x86_64-linux-gnu/libfreetype.so.6.12.1
7f8a6fcec000-7f8a6fdfa000 r-xp 00000000 08:03 34080413                   /usr/lib/x86_64-linux-gnu/libcairo.so.2.11400.6
7f8a6fdfa000-7f8a6fffa000 ---p 0010e000 08:03 34080413                   /usr/lib/x86_64-linux-gnu/libcairo.so.2.11400.6
7f8a6fffa000-7f8a6fffd000 r--p 0010e000 08:03 34080413                   /usr/lib/x86_64-linux-gnu/libcairo.so.2.11400.6
7f8a6fffd000-7f8a6fffe000 rw-p 00111000 08:03 34080413                   /usr/lib/x86_64-linux-gnu/libcairo.so.2.11400.6
7f8a6fffe000-7f8a70000000 rw-p 00000000 00:00 0 
7f8a70000000-7f8a70021000 rw-p 00000000 00:00 0 
7f8a70021000-7f8a74000000 ---p 00000000 00:00 0 
7f8a74000000-7f8a74004000 r--s 00000000 08:03 37737493                   /var/cache/fontconfig/de156ccd2eddbdc19d37a45b8b2aac9c-le64.cache-6
7f8a74004000-7f8a74016000 r--s 00000000 08:03 37737512                   /var/cache/fontconfig/9b89f8e3dae116d678bbf48e5f21f69b-le64.cache-6
7f8a74016000-7f8a7403c000 r--p 00000000 08:03 34047513                   /usr/share/locale-langpack/fr/LC_MESSAGES/libc.mo
7f8a7403c000-7f8a74085000 r-xp 00000000 08:03 34154450                   /usr/lib/x86_64-linux-gnu/libpango-1.0.so.0.3800.1
7f8a74085000-7f8a74285000 ---p 00049000 08:03 34154450                   /usr/lib/x86_64-linux-gnu/libpango-1.0.so.0.3800.1
7f8a74285000-7f8a74287000 r--p 00049000 08:03 34154450                   /usr/lib/x86_64-linux-gnu/libpango-1.0.so.0.3800.1
7f8a74287000-7f8a74288000 rw-p 0004b000 08:03 34154450                   /usr/lib/x86_64-linux-gnu/libpango-1.0.so.0.3800.1
7f8a74288000-7f8a74294000 r-xp 00000000 08:03 34158089                   /usr/lib/x86_64-linux-gnu/libpangocairo-1.0.so.0.3800.1
7f8a74294000-7f8a74493000 ---p 0000c000 08:03 34158089                   /usr/lib/x86_64-linux-gnu/libpangocairo-1.0.so.0.3800.1
7f8a74493000-7f8a74494000 r--p 0000b000 08:03 34158089                   /usr/lib/x86_64-linux-gnu/libpangocairo-1.0.so.0.3800.1
7f8a74494000-7f8a74495000 rw-p 0000c000 08:03 34158089                   /usr/lib/x86_64-linux-gnu/libpangocairo-1.0.so.0.3800.1
7f8a74495000-7f8a744b6000 r-xp 00000000 08:03 33583084                   /usr/lib/x86_64-linux-gnu/libgdk_pixbuf-2.0.so.0.3200.2
7f8a744b6000-7f8a746b5000 ---p 00021000 08:03 33583084                   /usr/lib/x86_64-linux-gnu/libgdk_pixbuf-2.0.so.0.3200.2
7f8a746b5000-7f8a746b6000 r--p 00020000 08:03 33583084                   /usr/lib/x86_64-linux-gnu/libgdk_pixbuf-2.0.so.0.3200.2
7f8a746b6000-7f8a746b7000 rw-p 00021000 08:03 33583084                   /usr/lib/x86_64-linux-gnu/libgdk_pixbuf-2.0.so.0.3200.2
7f8a746b7000-7f8a746cb000 r-xp 00000000 08:03 34158081                   /usr/lib/x86_64-linux-gnu/libpangoft2-1.0.so.0.3800.1
7f8a746cb000-7f8a748cb000 ---p 00014000 08:03 34158081                   /usr/lib/x86_64-linux-gnu/libpangoft2-1.0.so.0.3800.1
7f8a748cb000-7f8a748cc000 r--p 00014000 08:03 34158081                   /usr/lib/x86_64-linux-gnu/libpangoft2-1.0.so.0.3800.1
7f8a748cc000-7f8a748cd000 rw-p 00015000 08:03 34158081                   /usr/lib/x86_64-linux-gnu/libpangoft2-1.0.so.0.3800.1
7f8a748cd000-7f8a74a4d000 r-xp 00000000 08:03 33570871                   /usr/lib/x86_64-linux-gnu/libgio-2.0.so.0.4800.2
7f8a74a4d000-7f8a74c4d000 ---p 00180000 08:03 33570871                   /usr/lib/x86_64-linux-gnu/libgio-2.0.so.0.4800.2
7f8a74c4d000-7f8a74c51000 r--p 00180000 08:03 33570871                   /usr/lib/x86_64-linux-gnu/libgio-2.0.so.0.4800.2
7f8a74c51000-7f8a74c53000 rw-p 00184000 08:03 33570871                   /usr/lib/x86_64-linux-gnu/libgio-2.0.so.0.4800.2
7f8a74c53000-7f8a74c55000 rw-p 00000000 00:00 0 
7f8a74c55000-7f8a74c77000 r-xp 00000000 08:03 34244691                   /usr/lib/x86_64-linux-gnu/libatk-1.0.so.0.21809.1
7f8a74c77000-7f8a74e76000 ---p 00022000 08:03 34244691                   /usr/lib/x86_64-linux-gnu/libatk-1.0.so.0.21809.1
7f8a74e76000-7f8a74e79000 r--p 00021000 08:03 34244691                   /usr/lib/x86_64-linux-gnu/libatk-1.0.so.0.21809.1
7f8a74e79000-7f8a74e7a000 rw-p 00024000 08:03 34244691                   /usr/lib/x86_64-linux-gnu/libatk-1.0.so.0.21809.1
7f8a74e7a000-7f8a74f2a000 r-xp 00000000 08:03 34391839                   /usr/lib/x86_64-linux-gnu/libgdk-x11-2.0.so.0.2400.30
7f8a74f2a000-7f8a75129000 ---p 000b0000 08:03 34391839                   /usr/lib/x86_64-linux-gnu/libgdk-x11-2.0.so.0.2400.30
7f8a75129000-7f8a7512d000 r--p 000af000 08:03 34391839                   /usr/lib/x86_64-linux-gnu/libgdk-x11-2.0.so.0.2400.30
7f8a7512d000-7f8a7512f000 rw-p 000b3000 08:03 34391839                   /usr/lib/x86_64-linux-gnu/libgdk-x11-2.0.so.0.2400.30
7f8a7512f000-7f8a7556d000 r-xp 00000000 08:03 34393737                   /usr/lib/x86_64-linux-gnu/libgtk-x11-2.0.so.0.2400.30
7f8a7556d000-7f8a7576c000 ---p 0043e000 08:03 34393737                   /usr/lib/x86_64-linux-gnu/libgtk-x11-2.0.so.0.2400.30
7f8a7576c000-7f8a75773000 r--p 0043d000 08:03 34393737                   /usr/lib/x86_64-linux-gnu/libgtk-x11-2.0.so.0.2400.30
7f8a75773000-7f8a75777000 rw-p 00444000 08:03 34393737                   /usr/lib/x86_64-linux-gnu/libgtk-x11-2.0.so.0.2400.30
7f8a75777000-7f8a7577a000 rw-p 00000000 00:00 0 
7f8a7577a000-7f8a7577e000 r--s 00000000 08:03 37737490                   /var/cache/fontconfig/385c0604a188198f04d133e54aba7fe7-le64.cache-6
7f8a7577e000-7f8a75784000 r--s 00000000 08:03 37737479                   /var/cache/fontconfig/b47c4e1ecd0709278f4910c18777a504-le64.cache-6
7f8a75784000-7f8a7579a000 r--s 00000000 08:03 41371486                   /var/cache/fontconfig/e13b20fdb08344e0e664864cc2ede53d-le64.cache-6
7f8a7579a000-7f8a757a6000 r-xp 00000000 08:03 71303457                   /usr/share/jdk1.8.0_91/jre/lib/amd64/libprism_es2.so
7f8a757a6000-7f8a759a5000 ---p 0000c000 08:03 71303457                   /usr/share/jdk1.8.0_91/jre/lib/amd64/libprism_es2.so
7f8a759a5000-7f8a759a6000 rw-p 0000b000 08:03 71303457                   /usr/share/jdk1.8.0_91/jre/lib/amd64/libprism_es2.so
7f8a759a6000-7f8a759a9000 ---p 00000000 00:00 0 
7f8a759a9000-7f8a75aa7000 rw-p 00000000 00:00 0 
7f8a75aa7000-7f8a75b3c000 r--s 01103000 08:03 102835431                  /usr/share/jdk1.8.0_91/jre/lib/ext/jfxrt.jar
7f8a75b3c000-7f8a75b3d000 ---p 00000000 00:00 0 
7f8a75b3d000-7f8a75c3d000 rw-p 00000000 00:00 0 
7f8a75c3d000-7f8a75c40000 ---p 00000000 00:00 0 
7f8a75c40000-7f8a75d3e000 rw-p 00000000 00:00 0 
7f8a75d3e000-7f8a75d41000 ---p 00000000 00:00 0 
7f8a75d41000-7f8a75e3f000 rw-p 00000000 00:00 0 
7f8a75e3f000-7f8a75e42000 ---p 00000000 00:00 0 
7f8a75e42000-7f8a75f40000 rw-p 00000000 00:00 0 
7f8a75f40000-7f8a75f43000 ---p 00000000 00:00 0 
7f8a75f43000-7f8a76041000 rw-p 00000000 00:00 0 
7f8a76041000-7f8a76044000 ---p 00000000 00:00 0 
7f8a76044000-7f8a76142000 rw-p 00000000 00:00 0 
7f8a76142000-7f8a76145000 ---p 00000000 00:00 0 
7f8a76145000-7f8a76243000 rw-p 00000000 00:00 0 
7f8a76243000-7f8a76520000 r--p 00000000 08:03 67144637                   /usr/lib/locale/locale-archive
7f8a76520000-7f8a76523000 ---p 00000000 00:00 0 
7f8a76523000-7f8a76621000 rw-p 00000000 00:00 0 
7f8a76621000-7f8a76624000 ---p 00000000 00:00 0 
7f8a76624000-7f8a76722000 rw-p 00000000 00:00 0 
7f8a76722000-7f8a76723000 ---p 00000000 00:00 0 
7f8a76723000-7f8a78000000 rw-p 00000000 00:00 0 
7f8a78000000-7f8a78021000 rw-p 00000000 00:00 0 
7f8a78021000-7f8a7c000000 ---p 00000000 00:00 0 
7f8a7c000000-7f8a7c003000 r--s 00000000 08:03 37737488                   /var/cache/fontconfig/767a8244fc0220cfb567a839d0392e0b-le64.cache-6
7f8a7c003000-7f8a7c010000 r--s 00000000 08:03 37593928                   /var/cache/fontconfig/8f02d4cb045bd6ce15663e43f347c9f8-le64.cache-6
7f8a7c010000-7f8a7d000000 rw-p 00000000 00:00 0 
7f8a7d000000-7f8a7da60000 rwxp 00000000 00:00 0 
7f8a7da60000-7f8a8c000000 ---p 00000000 00:00 0 
7f8a8c000000-7f8a8c41b000 rw-p 00000000 00:00 0 
7f8a8c41b000-7f8a90000000 ---p 00000000 00:00 0 
7f8a90000000-7f8a90001000 r--s 00000000 08:03 37737494                   /var/cache/fontconfig/0d8c3b2ac0904cb8a57a757ad11a4a08-le64.cache-6
7f8a90001000-7f8a90002000 r--s 00000000 08:03 37737491                   /var/cache/fontconfig/1ac9eb803944fde146138c791f5cc56a-le64.cache-6
7f8a90002000-7f8a90011000 r--p 00000000 08:03 37754517                   /usr/share/locale-langpack/fr/LC_MESSAGES/gtk20.mo
7f8a90011000-7f8a90485000 rw-p 00000000 00:00 0 
7f8a90485000-7f8a9065e000 r--s 03d1f000 08:03 71304087                   /usr/share/jdk1.8.0_91/jre/lib/rt.jar
7f8a9065e000-7f8a90f57000 rw-p 00000000 00:00 0 
7f8a90f57000-7f8a90f58000 ---p 00000000 00:00 0 
7f8a90f58000-7f8a91058000 rw-p 00000000 00:00 0 
7f8a91058000-7f8a91059000 ---p 00000000 00:00 0 
7f8a91059000-7f8a91159000 rw-p 00000000 00:00 0 
7f8a91159000-7f8a9115a000 ---p 00000000 00:00 0 
7f8a9115a000-7f8a9125a000 rw-p 00000000 00:00 0 
7f8a9125a000-7f8a9125b000 ---p 00000000 00:00 0 
7f8a9125b000-7f8a9135b000 rw-p 00000000 00:00 0 
7f8a9135b000-7f8a9135c000 ---p 00000000 00:00 0 
7f8a9135c000-7f8a9145c000 rw-p 00000000 00:00 0 
7f8a9145c000-7f8a9145d000 ---p 00000000 00:00 0 
7f8a9145d000-7f8a9155d000 rw-p 00000000 00:00 0 
7f8a9155d000-7f8a9155e000 ---p 00000000 00:00 0 
7f8a9155e000-7f8a9165e000 rw-p 00000000 00:00 0 
7f8a9165e000-7f8a9165f000 ---p 00000000 00:00 0 
7f8a9165f000-7f8a91807000 rw-p 00000000 00:00 0 
7f8a91807000-7f8a921d3000 ---p 00000000 00:00 0 
7f8a921d3000-7f8a9227b000 rw-p 00000000 00:00 0 
7f8a9227b000-7f8a92c47000 ---p 00000000 00:00 0 
7f8a92c47000-7f8a92c91000 rw-p 00000000 00:00 0 
7f8a92c91000-7f8a93181000 ---p 00000000 00:00 0 
7f8a93181000-7f8a931ac000 rw-p 00000000 00:00 0 
7f8a931ac000-7f8a93542000 ---p 00000000 00:00 0 
7f8a93542000-7f8a9355c000 r-xp 00000000 08:03 71303463                   /usr/share/jdk1.8.0_91/jre/lib/amd64/libzip.so
7f8a9355c000-7f8a9375c000 ---p 0001a000 08:03 71303463                   /usr/share/jdk1.8.0_91/jre/lib/amd64/libzip.so
7f8a9375c000-7f8a9375d000 rw-p 0001a000 08:03 71303463                   /usr/share/jdk1.8.0_91/jre/lib/amd64/libzip.so
7f8a9375d000-7f8a93787000 r-xp 00000000 08:03 71174144                   /usr/share/jdk1.8.0_91/jre/lib/amd64/libjava.so
7f8a93787000-7f8a93987000 ---p 0002a000 08:03 71174144                   /usr/share/jdk1.8.0_91/jre/lib/amd64/libjava.so
7f8a93987000-7f8a93989000 rw-p 0002a000 08:03 71174144                   /usr/share/jdk1.8.0_91/jre/lib/amd64/libjava.so
7f8a93989000-7f8a93996000 r-xp 00000000 08:03 71303472                   /usr/share/jdk1.8.0_91/jre/lib/amd64/libverify.so
7f8a93996000-7f8a93b96000 ---p 0000d000 08:03 71303472                   /usr/share/jdk1.8.0_91/jre/lib/amd64/libverify.so
7f8a93b96000-7f8a93b98000 rw-p 0000d000 08:03 71303472                   /usr/share/jdk1.8.0_91/jre/lib/amd64/libverify.so
7f8a93b98000-7f8a93b9f000 r-xp 00000000 08:03 33570494                   /lib/x86_64-linux-gnu/librt-2.23.so
7f8a93b9f000-7f8a93d9e000 ---p 00007000 08:03 33570494                   /lib/x86_64-linux-gnu/librt-2.23.so
7f8a93d9e000-7f8a93d9f000 r--p 00006000 08:03 33570494                   /lib/x86_64-linux-gnu/librt-2.23.so
7f8a93d9f000-7f8a93da0000 rw-p 00007000 08:03 33570494                   /lib/x86_64-linux-gnu/librt-2.23.so
7f8a93da0000-7f8a93ea8000 r-xp 00000000 08:03 33570506                   /lib/x86_64-linux-gnu/libm-2.23.so
7f8a93ea8000-7f8a940a7000 ---p 00108000 08:03 33570506                   /lib/x86_64-linux-gnu/libm-2.23.so
7f8a940a7000-7f8a940a8000 r--p 00107000 08:03 33570506                   /lib/x86_64-linux-gnu/libm-2.23.so
7f8a940a8000-7f8a940a9000 rw-p 00108000 08:03 33570506                   /lib/x86_64-linux-gnu/libm-2.23.so
7f8a940a9000-7f8a94d69000 r-xp 00000000 08:03 2682248                    /usr/share/jdk1.8.0_91/jre/lib/amd64/server/libjvm.so
7f8a94d69000-7f8a94f69000 ---p 00cc0000 08:03 2682248                    /usr/share/jdk1.8.0_91/jre/lib/amd64/server/libjvm.so
7f8a94f69000-7f8a95041000 rw-p 00cc0000 08:03 2682248                    /usr/share/jdk1.8.0_91/jre/lib/amd64/server/libjvm.so
7f8a95041000-7f8a9508c000 rw-p 00000000 00:00 0 
7f8a9508c000-7f8a9524c000 r-xp 00000000 08:03 33570512                   /lib/x86_64-linux-gnu/libc-2.23.so
7f8a9524c000-7f8a9544c000 ---p 001c0000 08:03 33570512                   /lib/x86_64-linux-gnu/libc-2.23.so
7f8a9544c000-7f8a95450000 r--p 001c0000 08:03 33570512                   /lib/x86_64-linux-gnu/libc-2.23.so
7f8a95450000-7f8a95452000 rw-p 001c4000 08:03 33570512                   /lib/x86_64-linux-gnu/libc-2.23.so
7f8a95452000-7f8a95456000 rw-p 00000000 00:00 0 
7f8a95456000-7f8a95459000 r-xp 00000000 08:03 33570500                   /lib/x86_64-linux-gnu/libdl-2.23.so
7f8a95459000-7f8a95658000 ---p 00003000 08:03 33570500                   /lib/x86_64-linux-gnu/libdl-2.23.so
7f8a95658000-7f8a95659000 r--p 00002000 08:03 33570500                   /lib/x86_64-linux-gnu/libdl-2.23.so
7f8a95659000-7f8a9565a000 rw-p 00003000 08:03 33570500                   /lib/x86_64-linux-gnu/libdl-2.23.so
7f8a9565a000-7f8a9566f000 r-xp 00000000 08:03 38453224                   /usr/share/jdk1.8.0_91/lib/amd64/jli/libjli.so
7f8a9566f000-7f8a9586f000 ---p 00015000 08:03 38453224                   /usr/share/jdk1.8.0_91/lib/amd64/jli/libjli.so
7f8a9586f000-7f8a95870000 rw-p 00015000 08:03 38453224                   /usr/share/jdk1.8.0_91/lib/amd64/jli/libjli.so
7f8a95870000-7f8a95888000 r-xp 00000000 08:03 33570491                   /lib/x86_64-linux-gnu/libpthread-2.23.so
7f8a95888000-7f8a95a87000 ---p 00018000 08:03 33570491                   /lib/x86_64-linux-gnu/libpthread-2.23.so
7f8a95a87000-7f8a95a88000 r--p 00017000 08:03 33570491                   /lib/x86_64-linux-gnu/libpthread-2.23.so
7f8a95a88000-7f8a95a89000 rw-p 00018000 08:03 33570491                   /lib/x86_64-linux-gnu/libpthread-2.23.so
7f8a95a89000-7f8a95a8d000 rw-p 00000000 00:00 0 
7f8a95a8d000-7f8a95ab3000 r-xp 00000000 08:03 33569962                   /lib/x86_64-linux-gnu/ld-2.23.so
7f8a95ab3000-7f8a95ab4000 r--s 00000000 08:03 37737489                   /var/cache/fontconfig/dc05db6664285cc2f12bf69c139ae4c3-le64.cache-6
7f8a95ab4000-7f8a95ab5000 r--s 00000000 08:03 37737487                   /var/cache/fontconfig/4794a0821666d79190d59a36cb4f44b5-le64.cache-6
7f8a95ab5000-7f8a95ab6000 r--s 00000000 08:03 37737484                   /var/cache/fontconfig/bab58bb527bb656aaa9f116d68a48d89-le64.cache-6
7f8a95ab6000-7f8a95ab7000 r--s 00000000 08:03 37737481                   /var/cache/fontconfig/56cf4f4769d0f4abc89a4895d7bd3ae1-le64.cache-6
7f8a95ab7000-7f8a95ab8000 r--s 00000000 08:03 37737480                   /var/cache/fontconfig/b9d506c9ac06c20b433354fa67a72993-le64.cache-6
7f8a95ab8000-7f8a95ab9000 r--s 00000000 08:03 37737477                   /var/cache/fontconfig/551ecf3b0e8b0bca0f25c0944f561853-le64.cache-6
7f8a95ab9000-7f8a95b56000 rw-p 00000000 00:00 0 
7f8a95b56000-7f8a95b8b000 r--s 00000000 08:03 36752293                   /var/cache/nscd/passwd
7f8a95b8b000-7f8a95b8e000 ---p 00000000 00:00 0 
7f8a95b8e000-7f8a95c90000 rw-p 00000000 00:00 0 
7f8a95c90000-7f8a95c91000 r--s 00000000 08:03 37737475                   /var/cache/fontconfig/30829fa25452a46451e813d634d7f916-le64.cache-6
7f8a95c91000-7f8a95c92000 r--s 00000000 08:03 37737513                   /var/cache/fontconfig/0c9eb80ebd1c36541ebe2852d3bb0c49-le64.cache-6
7f8a95c92000-7f8a95c95000 r--s 00000000 08:03 37737473                   /var/cache/fontconfig/75114ca45c98e8a441da0ff356701271-le64.cache-6
7f8a95c95000-7f8a95c99000 r--s 00000000 08:03 37737502                   /var/cache/fontconfig/7ef2298fde41cc6eeb7af42e48b7d293-le64.cache-6
7f8a95c99000-7f8a95c9b000 r--s 00000000 08:03 37593929                   /var/cache/fontconfig/16326683038b281783a0ef8c680e3a10-le64.cache-6
7f8a95c9b000-7f8a95c9c000 r--s 00000000 08:03 37593927                   /var/cache/fontconfig/e0aa53bcfa504e64f87823c16bc01eb6-le64.cache-6
7f8a95c9c000-7f8a95c9d000 r--s 00008000 08:03 82441433                   /opt/eclipse/plugins/org.eclipse.fx.ide.css.jfx8_2.4.0.201605112122.jar
7f8a95c9d000-7f8a95c9e000 rw-s 00000000 00:05 955375                     /memfd:xshmfence (deleted)
7f8a95c9e000-7f8a95c9f000 rw-s 11eeae000 00:06 330                       /dev/dri/card0
7f8a95c9f000-7f8a95ca6000 r--s 00000000 08:03 309579                     /usr/lib/x86_64-linux-gnu/gconv/gconv-modules.cache
7f8a95ca6000-7f8a95cae000 rw-s 00000000 08:06 67109000                   /tmp/hsperfdata_ribb0001/6054
7f8a95cae000-7f8a95caf000 rw-p 00000000 00:00 0 
7f8a95caf000-7f8a95cb0000 r--p 00000000 00:00 0 
7f8a95cb0000-7f8a95cb2000 rw-p 00000000 00:00 0 
7f8a95cb2000-7f8a95cb3000 r--p 00025000 08:03 33569962                   /lib/x86_64-linux-gnu/ld-2.23.so
7f8a95cb3000-7f8a95cb4000 rw-p 00026000 08:03 33569962                   /lib/x86_64-linux-gnu/ld-2.23.so
7f8a95cb4000-7f8a95cb5000 rw-p 00000000 00:00 0 
7ffdfdbbe000-7ffdfdbdf000 rw-p 00000000 00:00 0                          [stack]
7ffdfdbe8000-7ffdfdbea000 r--p 00000000 00:00 0                          [vvar]
7ffdfdbea000-7ffdfdbec000 r-xp 00000000 00:00 0                          [vdso]
ffffffffff600000-ffffffffff601000 r-xp 00000000 00:00 0                  [vsyscall]

VM Arguments:
jvm_args: -Dfile.encoding=UTF-8 
java_command: quota.Main
java_class_path (initial): /home/Etudiants/ribb0001/workspace/Quota/bin:/opt/eclipse/plugins/org.eclipse.fx.ide.css.jfx8_2.4.0.201605112122.jar
Launcher Type: SUN_STANDARD

Environment Variables:
JAVA_HOME=/usr/share/jdk1.8.0_91/
PATH=/opt/oracle/instantclient_12_1:/usr/local/sbin:/usr/local/bin:/usr/sbin:/usr/bin:/sbin:/bin:/usr/games:/usr/local/games:/opt/android-sdk/tools:/opt/android-sdk/platform-tools:/snap/bin:/usr/share/jdk1.8.0_91/bin/
LD_LIBRARY_PATH=/opt/oracle/instantclient_12_1:
SHELL=/bin/bash
DISPLAY=:0.0

Signal Handlers:
SIGSEGV: [libjvm.so+0xabca10], sa_mask[0]=11111111011111111101111111111110, sa_flags=SA_RESTART|SA_SIGINFO
SIGBUS: [libjvm.so+0xabca10], sa_mask[0]=11111111011111111101111111111110, sa_flags=SA_RESTART|SA_SIGINFO
SIGFPE: [libjvm.so+0x919a20], sa_mask[0]=11111111011111111101111111111110, sa_flags=SA_RESTART|SA_SIGINFO
SIGPIPE: SIG_IGN, sa_mask[0]=00000000000010000000000000000000, sa_flags=SA_RESTART
SIGXFSZ: [libjvm.so+0x919a20], sa_mask[0]=11111111011111111101111111111110, sa_flags=SA_RESTART|SA_SIGINFO
SIGILL: [libjvm.so+0x919a20], sa_mask[0]=11111111011111111101111111111110, sa_flags=SA_RESTART|SA_SIGINFO
SIGUSR1: SIG_DFL, sa_mask[0]=00000000000000000000000000000000, sa_flags=none
SIGUSR2: [libjvm.so+0x91b050], sa_mask[0]=00100000000000000000000000000000, sa_flags=SA_RESTART|SA_SIGINFO
SIGHUP: [libjvm.so+0x91c450], sa_mask[0]=11111111011111111101111111111110, sa_flags=SA_RESTART|SA_SIGINFO
SIGINT: [libjvm.so+0x91c450], sa_mask[0]=11111111011111111101111111111110, sa_flags=SA_RESTART|SA_SIGINFO
SIGTERM: [libjvm.so+0x91c450], sa_mask[0]=11111111011111111101111111111110, sa_flags=SA_RESTART|SA_SIGINFO
SIGQUIT: [libjvm.so+0x91c450], sa_mask[0]=11111111011111111101111111111110, sa_flags=SA_RESTART|SA_SIGINFO


---------------  S Y S T E M  ---------------

OS:DISTRIB_ID=Ubuntu
DISTRIB_RELEASE=16.04
DISTRIB_CODENAME=xenial
DISTRIB_DESCRIPTION="Ubuntu 16.04.3 LTS"

uname:Linux 4.4.0-98-generic #121-Ubuntu SMP Tue Oct 10 14:24:03 UTC 2017 x86_64
libc:glibc 2.23 NPTL 2.23 
rlimit: STACK 8192k, CORE 0k, NPROC 128270, NOFILE 1048576, AS infinity
load average:12,07 12,08 8,88

/proc/meminfo:
MemTotal:       32877824 kB
MemFree:        23377536 kB
MemAvailable:   24659240 kB
Buffers:            2328 kB
Cached:          1569732 kB
SwapCached:            0 kB
Active:          8284532 kB
Inactive:         642900 kB
Active(anon):    7356876 kB
Inactive(anon):    56924 kB
Active(file):     927656 kB
Inactive(file):   585976 kB
Unevictable:          32 kB
Mlocked:              32 kB
SwapTotal:       3998716 kB
SwapFree:        3998716 kB
Dirty:                44 kB
Writeback:             0 kB
AnonPages:       7355836 kB
Mapped:           340804 kB
Shmem:             57992 kB
Slab:             227140 kB
SReclaimable:     172368 kB
SUnreclaim:        54772 kB
KernelStack:       12256 kB
PageTables:        44428 kB
NFS_Unstable:          0 kB
Bounce:                0 kB
WritebackTmp:          0 kB
CommitLimit:    20437628 kB
Committed_AS:    6639904 kB
VmallocTotal:   34359738367 kB
VmallocUsed:           0 kB
VmallocChunk:          0 kB
HardwareCorrupted:     0 kB
AnonHugePages:   1484800 kB
CmaTotal:              0 kB
CmaFree:               0 kB
HugePages_Total:       0
HugePages_Free:        0
HugePages_Rsvd:        0
HugePages_Surp:        0
Hugepagesize:       2048 kB
DirectMap4k:      125288 kB
DirectMap2M:     6096896 kB
DirectMap1G:    28311552 kB


CPU:total 8 (4 cores per cpu, 2 threads per core) family 6 model 94 stepping 3, cmov, cx8, fxsr, mmx, sse, sse2, sse3, ssse3, sse4.1, sse4.2, popcnt, avx, avx2, aes, clmul, erms, rtm, 3dnowpref, lzcnt, ht, tsc, tscinvbit, bmi1, bmi2, adx

/proc/cpuinfo:
processor	: 0
vendor_id	: GenuineIntel
cpu family	: 6
model		: 94
model name	: Intel(R) Core(TM) i7-6700 CPU @ 3.40GHz
stepping	: 3
microcode	: 0xb2
cpu MHz		: 3749.828
cache size	: 8192 KB
physical id	: 0
siblings	: 8
core id		: 0
cpu cores	: 4
apicid		: 0
initial apicid	: 0
fpu		: yes
fpu_exception	: yes
cpuid level	: 22
wp		: yes
flags		: fpu vme de pse tsc msr pae mce cx8 apic sep mtrr pge mca cmov pat pse36 clflush dts acpi mmx fxsr sse sse2 ss ht tm pbe syscall nx pdpe1gb rdtscp lm constant_tsc art arch_perfmon pebs bts rep_good nopl xtopology nonstop_tsc aperfmperf eagerfpu pni pclmulqdq dtes64 monitor ds_cpl vmx smx est tm2 ssse3 sdbg fma cx16 xtpr pdcm pcid sse4_1 sse4_2 x2apic movbe popcnt tsc_deadline_timer aes xsave avx f16c rdrand lahf_lm abm 3dnowprefetch epb intel_pt tpr_shadow vnmi flexpriority ept vpid fsgsbase tsc_adjust bmi1 hle avx2 smep bmi2 erms invpcid rtm mpx rdseed adx smap clflushopt xsaveopt xsavec xgetbv1 dtherm ida arat pln pts hwp hwp_notify hwp_act_window hwp_epp
bugs		:
bogomips	: 6816.61
clflush size	: 64
cache_alignment	: 64
address sizes	: 39 bits physical, 48 bits virtual
power management:

processor	: 1
vendor_id	: GenuineIntel
cpu family	: 6
model		: 94
model name	: Intel(R) Core(TM) i7-6700 CPU @ 3.40GHz
stepping	: 3
microcode	: 0xb2
cpu MHz		: 3754.742
cache size	: 8192 KB
physical id	: 0
siblings	: 8
core id		: 1
cpu cores	: 4
apicid		: 2
initial apicid	: 2
fpu		: yes
fpu_exception	: yes
cpuid level	: 22
wp		: yes
flags		: fpu vme de pse tsc msr pae mce cx8 apic sep mtrr pge mca cmov pat pse36 clflush dts acpi mmx fxsr sse sse2 ss ht tm pbe syscall nx pdpe1gb rdtscp lm constant_tsc art arch_perfmon pebs bts rep_good nopl xtopology nonstop_tsc aperfmperf eagerfpu pni pclmulqdq dtes64 monitor ds_cpl vmx smx est tm2 ssse3 sdbg fma cx16 xtpr pdcm pcid sse4_1 sse4_2 x2apic movbe popcnt tsc_deadline_timer aes xsave avx f16c rdrand lahf_lm abm 3dnowprefetch epb intel_pt tpr_shadow vnmi flexpriority ept vpid fsgsbase tsc_adjust bmi1 hle avx2 smep bmi2 erms invpcid rtm mpx rdseed adx smap clflushopt xsaveopt xsavec xgetbv1 dtherm ida arat pln pts hwp hwp_notify hwp_act_window hwp_epp
bugs		:
bogomips	: 6816.61
clflush size	: 64
cache_alignment	: 64
address sizes	: 39 bits physical, 48 bits virtual
power management:

processor	: 2
vendor_id	: GenuineIntel
cpu family	: 6
model		: 94
model name	: Intel(R) Core(TM) i7-6700 CPU @ 3.40GHz
stepping	: 3
microcode	: 0xb2
cpu MHz		: 3731.632
cache size	: 8192 KB
physical id	: 0
siblings	: 8
core id		: 2
cpu cores	: 4
apicid		: 4
initial apicid	: 4
fpu		: yes
fpu_exception	: yes
cpuid level	: 22
wp		: yes
flags		: fpu vme de pse tsc msr pae mce cx8 apic sep mtrr pge mca cmov pat pse36 clflush dts acpi mmx fxsr sse sse2 ss ht tm pbe syscall nx pdpe1gb rdtscp lm constant_tsc art arch_perfmon pebs bts rep_good nopl xtopology nonstop_tsc aperfmperf eagerfpu pni pclmulqdq dtes64 monitor ds_cpl vmx smx est tm2 ssse3 sdbg fma cx16 xtpr pdcm pcid sse4_1 sse4_2 x2apic movbe popcnt tsc_deadline_timer aes xsave avx f16c rdrand lahf_lm abm 3dnowprefetch epb intel_pt tpr_shadow vnmi flexpriority ept vpid fsgsbase tsc_adjust bmi1 hle avx2 smep bmi2 erms invpcid rtm mpx rdseed adx smap clflushopt xsaveopt xsavec xgetbv1 dtherm ida arat pln pts hwp hwp_notify hwp_act_window hwp_epp
bugs		:
bogomips	: 6816.61
clflush size	: 64
cache_alignment	: 64
address sizes	: 39 bits physical, 48 bits virtual
power management:

processor	: 3
vendor_id	: GenuineIntel
cpu family	: 6
model		: 94
model name	: Intel(R) Core(TM) i7-6700 CPU @ 3.40GHz
stepping	: 3
microcode	: 0xb2
cpu MHz		: 3743.320
cache size	: 8192 KB
physical id	: 0
siblings	: 8
core id		: 3
cpu cores	: 4
apicid		: 6
initial apicid	: 6
fpu		: yes
fpu_exception	: yes
cpuid level	: 22
wp		: yes
flags		: fpu vme de pse tsc msr pae mce cx8 apic sep mtrr pge mca cmov pat pse36 clflush dts acpi mmx fxsr sse sse2 ss ht tm pbe syscall nx pdpe1gb rdtscp lm constant_tsc art arch_perfmon pebs bts rep_good nopl xtopology nonstop_tsc aperfmperf eagerfpu pni pclmulqdq dtes64 monitor ds_cpl vmx smx est tm2 ssse3 sdbg fma cx16 xtpr pdcm pcid sse4_1 sse4_2 x2apic movbe popcnt tsc_deadline_timer aes xsave avx f16c rdrand lahf_lm abm 3dnowprefetch epb intel_pt tpr_shadow vnmi flexpriority ept vpid fsgsbase tsc_adjust bmi1 hle avx2 smep bmi2 erms invpcid rtm mpx rdseed adx smap clflushopt xsaveopt xsavec xgetbv1 dtherm ida arat pln pts hwp hwp_notify hwp_act_window hwp_epp
bugs		:
bogomips	: 6816.61
clflush size	: 64
cache_alignment	: 64
address sizes	: 39 bits physical, 48 bits virtual
power management:

processor	: 4
vendor_id	: GenuineIntel
cpu family	: 6
model		: 94
model name	: Intel(R) Core(TM) i7-6700 CPU @ 3.40GHz
stepping	: 3
microcode	: 0xb2
cpu MHz		: 3749.695
cache size	: 8192 KB
physical id	: 0
siblings	: 8
core id		: 0
cpu cores	: 4
apicid		: 1
initial apicid	: 1
fpu		: yes
fpu_exception	: yes
cpuid level	: 22
wp		: yes
flags		: fpu vme de pse tsc msr pae mce cx8 apic sep mtrr pge mca cmov pat pse36 clflush dts acpi mmx fxsr sse sse2 ss ht tm pbe syscall nx pdpe1gb rdtscp lm constant_tsc art arch_perfmon pebs bts rep_good nopl xtopology nonstop_tsc aperfmperf eagerfpu pni pclmulqdq dtes64 monitor ds_cpl vmx smx est tm2 ssse3 sdbg fma cx16 xtpr pdcm pcid sse4_1 sse4_2 x2apic movbe popcnt tsc_deadline_timer aes xsave avx f16c rdrand lahf_lm abm 3dnowprefetch epb intel_pt tpr_shadow vnmi flexpriority ept vpid fsgsbase tsc_adjust bmi1 hle avx2 smep bmi2 erms invpcid rtm mpx rdseed adx smap clflushopt xsaveopt xsavec xgetbv1 dtherm ida arat pln pts hwp hwp_notify hwp_act_window hwp_epp
bugs		:
bogomips	: 6816.61
clflush size	: 64
cache_alignment	: 64
address sizes	: 39 bits physical, 48 bits virtual
power management:

processor	: 5
vendor_id	: GenuineIntel
cpu family	: 6
model		: 94
model name	: Intel(R) Core(TM) i7-6700 CPU @ 3.40GHz
stepping	: 3
microcode	: 0xb2
cpu MHz		: 3724.726
cache size	: 8192 KB
physical id	: 0
siblings	: 8
core id		: 1
cpu cores	: 4
apicid		: 3
initial apicid	: 3
fpu		: yes
fpu_exception	: yes
cpuid level	: 22
wp		: yes
flags		: fpu vme de pse tsc msr pae mce cx8 apic sep mtrr pge mca cmov pat pse36 clflush dts acpi mmx fxsr sse sse2 ss ht tm pbe syscall nx pdpe1gb rdtscp lm constant_tsc art arch_perfmon pebs bts rep_good nopl xtopology nonstop_tsc aperfmperf eagerfpu pni pclmulqdq dtes64 monitor ds_cpl vmx smx est tm2 ssse3 sdbg fma cx16 xtpr pdcm pcid sse4_1 sse4_2 x2apic movbe popcnt tsc_deadline_timer aes xsave avx f16c rdrand lahf_lm abm 3dnowprefetch epb intel_pt tpr_shadow vnmi flexpriority ept vpid fsgsbase tsc_adjust bmi1 hle avx2 smep bmi2 erms invpcid rtm mpx rdseed adx smap clflushopt xsaveopt xsavec xgetbv1 dtherm ida arat pln pts hwp hwp_notify hwp_act_window hwp_epp
bugs		:
bogomips	: 6816.61
clflush size	: 64
cache_alignment	: 64
address sizes	: 39 bits physical, 48 bits virtual
power management:

processor	: 6
vendor_id	: GenuineIntel
cpu family	: 6
model		: 94
model name	: Intel(R) Core(TM) i7-6700 CPU @ 3.40GHz
stepping	: 3
microcode	: 0xb2
cpu MHz		: 3747.304
cache size	: 8192 KB
physical id	: 0
siblings	: 8
core id		: 2
cpu cores	: 4
apicid		: 5
initial apicid	: 5
fpu		: yes
fpu_exception	: yes
cpuid level	: 22
wp		: yes
flags		: fpu vme de pse tsc msr pae mce cx8 apic sep mtrr pge mca cmov pat pse36 clflush dts acpi mmx fxsr sse sse2 ss ht tm pbe syscall nx pdpe1gb rdtscp lm constant_tsc art arch_perfmon pebs bts rep_good nopl xtopology nonstop_tsc aperfmperf eagerfpu pni pclmulqdq dtes64 monitor ds_cpl vmx smx est tm2 ssse3 sdbg fma cx16 xtpr pdcm pcid sse4_1 sse4_2 x2apic movbe popcnt tsc_deadline_timer aes xsave avx f16c rdrand lahf_lm abm 3dnowprefetch epb intel_pt tpr_shadow vnmi flexpriority ept vpid fsgsbase tsc_adjust bmi1 hle avx2 smep bmi2 erms invpcid rtm mpx rdseed adx smap clflushopt xsaveopt xsavec xgetbv1 dtherm ida arat pln pts hwp hwp_notify hwp_act_window hwp_epp
bugs		:
bogomips	: 6816.61
clflush size	: 64
cache_alignment	: 64
address sizes	: 39 bits physical, 48 bits virtual
power management:

processor	: 7
vendor_id	: GenuineIntel
cpu family	: 6
model		: 94
model name	: Intel(R) Core(TM) i7-6700 CPU @ 3.40GHz
stepping	: 3
microcode	: 0xb2
cpu MHz		: 3752.484
cache size	: 8192 KB
physical id	: 0
siblings	: 8
core id		: 3
cpu cores	: 4
apicid		: 7
initial apicid	: 7
fpu		: yes
fpu_exception	: yes
cpuid level	: 22
wp		: yes
flags		: fpu vme de pse tsc msr pae mce cx8 apic sep mtrr pge mca cmov pat pse36 clflush dts acpi mmx fxsr sse sse2 ss ht tm pbe syscall nx pdpe1gb rdtscp lm constant_tsc art arch_perfmon pebs bts rep_good nopl xtopology nonstop_tsc aperfmperf eagerfpu pni pclmulqdq dtes64 monitor ds_cpl vmx smx est tm2 ssse3 sdbg fma cx16 xtpr pdcm pcid sse4_1 sse4_2 x2apic movbe popcnt tsc_deadline_timer aes xsave avx f16c rdrand lahf_lm abm 3dnowprefetch epb intel_pt tpr_shadow vnmi flexpriority ept vpid fsgsbase tsc_adjust bmi1 hle avx2 smep bmi2 erms invpcid rtm mpx rdseed adx smap clflushopt xsaveopt xsavec xgetbv1 dtherm ida arat pln pts hwp hwp_notify hwp_act_window hwp_epp
bugs		:
bogomips	: 6816.61
clflush size	: 64
cache_alignment	: 64
address sizes	: 39 bits physical, 48 bits virtual
power management:



Memory: 4k page, physical 32877824k(23377536k free), swap 3998716k(3998716k free)

vm_info: Java HotSpot(TM) 64-Bit Server VM (25.91-b14) for linux-amd64 JRE (1.8.0_91-b14), built on Apr  1 2016 00:57:21 by "java_re" with gcc 4.3.0 20080428 (Red Hat 4.3.0-8)

time: Fri Nov 17 09:11:05 2017
elapsed time: 40 seconds (0d 0h 0m 40s)

