#
# A fatal error has been detected by the Java Runtime Environment:
#
#  SIGSEGV (0xb) at pc=0x00007f8742050fe5, pid=6427, tid=140217974580992
#
# JRE version: Java(TM) SE Runtime Environment (8.0_91-b14) (build 1.8.0_91-b14)
# Java VM: Java HotSpot(TM) 64-Bit Server VM (25.91-b14 mixed mode linux-amd64 compressed oops)
# Problematic frame:
# C  [libc.so.6+0x14dfe5]
#
# Failed to write core dump. Core dumps have been disabled. To enable core dumping, try "ulimit -c unlimited" before starting Java again
#
# If you would like to submit a bug report, please visit:
#   http://bugreport.java.com/bugreport/crash.jsp
# The crash happened outside the Java Virtual Machine in native code.
# See problematic frame for where to report the bug.
#

---------------  T H R E A D  ---------------

Current thread (0x00007f873c1dd800):  JavaThread "QuantumRenderer-0" daemon [_thread_in_native, id=6451, stack(0x00007f870a80e000,0x00007f870a90f000)]

siginfo: si_signo: 11 (SIGSEGV), si_code: 2 (SEGV_ACCERR), si_addr: 0x0000000738b04024

Registers:
RAX=0x00007f86aeeebdd0, RBX=0x0000000000000000, RCX=0x000000000000000c, RDX=0x000000000000000c
RSP=0x00007f870a90cd98, RBP=0x000000000016cddc, RSI=0x0000000738b04020, RDI=0x00007f86aeeebdd0
R8 =0x00007f870a90ce00, R9 =0x0000000000000001, R10=0x000000002002033c, R11=0x00007f86cc1898c0
R12=0x00007f870a90ce00, R13=0x00007f86cc1898c0, R14=0x0000000738b04020, R15=0x000000000016cdd0
RIP=0x00007f8742050fe5, EFLAGS=0x0000000000010202, CSGSFS=0x384a000000000033, ERR=0x0000000000000004
  TRAPNO=0x000000000000000e

Top of Stack: (sp=0x00007f870a90cd98)
0x00007f870a90cd98:   00007f86c203baad 0000000000000000
0x00007f870a90cda8:   402e000000000000 0000000000000000
0x00007f870a90cdb8:   000000000000000c 0000000000000001
0x00007f870a90cdc8:   0000000000000004 0000000000000000
0x00007f870a90cdd8:   00007f86cc1898c0 00007f86c2769238
0x00007f870a90cde8:   00007f86c2156d08 00007f86cc0bc810
0x00007f870a90cdf8:   00007f870a90ce00 00007f8600000006
0x00007f870a90ce08:   384af583aab95300 0000000000000001
0x00007f870a90ce18:   00007f86cc1898c0 00007f86c27691d8
0x00007f870a90ce28:   000000000003d08b 00007f86cc18d080
0x00007f870a90ce38:   00007f86cc189cd0 00007f86c2769238
0x00007f870a90ce48:   00007f86c214c03d 000000000000000f
0x00007f870a90ce58:   00007f86cc1898c0 00007f86cc0bc320
0x00007f870a90ce68:   00007f870a90d050 0000000000000001
0x00007f870a90ce78:   0000000000000000 00007f870a90cf90
0x00007f870a90ce88:   00007f86c214c217 000000050000001f
0x00007f870a90ce98:   00000005ca62d9a8 00007f86cc0bc810
0x00007f870a90cea8:   00007f86c21580e8 00007f86cc1898c0
0x00007f870a90ceb8:   3ff0000000000000 0000000000000000
0x00007f870a90cec8:   0000000000000000 0000000000000000
0x00007f870a90ced8:   00007f86cc0b3db0 00007f869231b910
0x00007f870a90cee8:   0000000000000000 00007f869231c3c8
0x00007f870a90cef8:   00007f86c1f8c08d 00007f870a90cfb4
0x00007f870a90cf08:   00007f8700000000 00000005ca461a68
0x00007f870a90cf18:   00000005ca4612d8 00000000ca62d700
0x00007f870a90cf28:   00007f869231c370 00007f8692103e40
0x00007f870a90cf38:   0000000000000000 00007f86cc151f38
0x00007f870a90cf48:   384af583aab95300 00007f86cc18b8e8
0x00007f870a90cf58:   00007f86cc1b5fec 00007f86cc14fef0
0x00007f870a90cf68:   00007f870a90d050 0000000000000001
0x00007f870a90cf78:   0000000000000000 00007f86cc1b4530
0x00007f870a90cf88:   00007f86c1f1d7f2 0000000600000000 

Instructions: (pc=0x00007f8742050fe5)
0x00007f8742050fc5:   fa 6f 7c 16 f0 c5 fa 7f 07 c5 fa 7f 7c 17 f0 c3
0x00007f8742050fd5:   90 66 2e 0f 1f 84 00 00 00 00 00 80 fa 08 72 1b
0x00007f8742050fe5:   48 8b 4c 16 f8 48 8b 36 48 89 37 48 89 4c 17 f8
0x00007f8742050ff5:   c3 66 2e 0f 1f 84 00 00 00 00 00 80 fa 04 72 0d 

Register to memory mapping:

RAX=0x00007f86aeeebdd0 is an unknown value
RBX=0x0000000000000000 is an unknown value
RCX=0x000000000000000c is an unknown value
RDX=0x000000000000000c is an unknown value
RSP=0x00007f870a90cd98 is pointing into the stack for thread: 0x00007f873c1dd800
RBP=0x000000000016cddc is an unknown value
RSI=0x0000000738b04020 is an unallocated location in the heap
RDI=0x00007f86aeeebdd0 is an unknown value
R8 =0x00007f870a90ce00 is pointing into the stack for thread: 0x00007f873c1dd800
R9 =0x0000000000000001 is an unknown value
R10=0x000000002002033c is an unknown value
R11=0x00007f86cc1898c0 is an unknown value
R12=0x00007f870a90ce00 is pointing into the stack for thread: 0x00007f873c1dd800
R13=0x00007f86cc1898c0 is an unknown value
R14=0x0000000738b04020 is an unallocated location in the heap
R15=0x000000000016cdd0 is an unknown value


Stack: [0x00007f870a80e000,0x00007f870a90f000],  sp=0x00007f870a90cd98,  free space=1019k
Native frames: (J=compiled Java code, j=interpreted, Vv=VM code, C=native code)
C  [libc.so.6+0x14dfe5]

Java frames: (J=compiled Java code, j=interpreted, Vv=VM code)
J 1692  com.sun.prism.es2.GLContext.nClearBuffers(JFFFFZZZ)V (0 bytes) @ 0x00007f872d51528a [0x00007f872d515240+0x4a]
J 2568 C2 com.sun.prism.es2.ES2Graphics.clear(Lcom/sun/prism/paint/Color;)V (36 bytes) @ 0x00007f872d8317b0 [0x00007f872d8316e0+0xd0]
J 2208 C1 com.sun.javafx.tk.quantum.ViewPainter.doPaint(Lcom/sun/prism/Graphics;Lcom/sun/javafx/sg/prism/NodePath;)V (205 bytes) @ 0x00007f872d6cf89c [0x00007f872d6cf180+0x71c]
J 2215 C1 com.sun.javafx.tk.quantum.ViewPainter.paintImpl(Lcom/sun/prism/Graphics;)V (1457 bytes) @ 0x00007f872d6d42dc [0x00007f872d6d1780+0x2b5c]
J 2363 C1 com.sun.javafx.tk.quantum.PresentingPainter.run()V (675 bytes) @ 0x00007f872d75df3c [0x00007f872d75bf00+0x203c]
J 2359 C1 java.util.concurrent.Executors$RunnableAdapter.call()Ljava/lang/Object; (14 bytes) @ 0x00007f872d756bd4 [0x00007f872d756ac0+0x114]
J 2360 C1 java.util.concurrent.FutureTask.runAndReset()Z (128 bytes) @ 0x00007f872d7571ec [0x00007f872d756f80+0x26c]
J 2304 C1 com.sun.javafx.tk.RenderJob.run()V (105 bytes) @ 0x00007f872d721d2c [0x00007f872d721ca0+0x8c]
j  java.util.concurrent.ThreadPoolExecutor.runWorker(Ljava/util/concurrent/ThreadPoolExecutor$Worker;)V+95
j  java.util.concurrent.ThreadPoolExecutor$Worker.run()V+5
j  com.sun.javafx.tk.quantum.QuantumRenderer$PipelineRunnable.run()V+8
j  java.lang.Thread.run()V+11
v  ~StubRoutines::call_stub

---------------  P R O C E S S  ---------------

Java Threads: ( => current thread )
  0x00007f86b0271000 JavaThread "pool-2-thread-1" [_thread_in_native, id=6456, stack(0x00007f86af0ff000,0x00007f86af200000)]
  0x00007f86b023e000 JavaThread "Prism Font Disposer" daemon [_thread_blocked, id=6455, stack(0x00007f86bc06c000,0x00007f86bc16d000)]
  0x00007f873c248800 JavaThread "JavaFX-Launcher" [_thread_blocked, id=6454, stack(0x00007f86bd304000,0x00007f86bd405000)]
  0x00007f873c245000 JavaThread "JavaFX Application Thread" [_thread_in_native, id=6453, stack(0x00007f86bd485000,0x00007f86bd586000)]
  0x00007f873c241000 JavaThread "Thread-1" daemon [_thread_blocked, id=6452, stack(0x00007f86bd586000,0x00007f86bd687000)]
=>0x00007f873c1dd800 JavaThread "QuantumRenderer-0" daemon [_thread_in_native, id=6451, stack(0x00007f870a80e000,0x00007f870a90f000)]
  0x00007f873c0c8800 JavaThread "Service Thread" daemon [_thread_blocked, id=6449, stack(0x00007f870aa10000,0x00007f870ab11000)]
  0x00007f873c0c5800 JavaThread "C1 CompilerThread3" daemon [_thread_blocked, id=6448, stack(0x00007f870ab11000,0x00007f870ac12000)]
  0x00007f873c0c3000 JavaThread "C2 CompilerThread2" daemon [_thread_blocked, id=6447, stack(0x00007f870ac12000,0x00007f870ad13000)]
  0x00007f873c0c1800 JavaThread "C2 CompilerThread1" daemon [_thread_blocked, id=6446, stack(0x00007f870ad13000,0x00007f870ae14000)]
  0x00007f873c0be800 JavaThread "C2 CompilerThread0" daemon [_thread_blocked, id=6445, stack(0x00007f870ae14000,0x00007f870af15000)]
  0x00007f873c0bd000 JavaThread "Signal Dispatcher" daemon [_thread_blocked, id=6444, stack(0x00007f870af15000,0x00007f870b016000)]
  0x00007f873c08a000 JavaThread "Finalizer" daemon [_thread_blocked, id=6443, stack(0x00007f870b2f3000,0x00007f870b3f4000)]
  0x00007f873c085000 JavaThread "Reference Handler" daemon [_thread_blocked, id=6442, stack(0x00007f870b3f4000,0x00007f870b4f5000)]
  0x00007f873c007800 JavaThread "main" [_thread_blocked, id=6432, stack(0x00007f8742a02000,0x00007f8742b03000)]

Other Threads:
  0x00007f873c07d800 VMThread [stack: 0x00007f870b4f5000,0x00007f870b5f6000] [id=6441]
  0x00007f873c0cb800 WatcherThread [stack: 0x00007f870a90f000,0x00007f870aa10000] [id=6450]

VM state:not at safepoint (normal execution)

VM Mutex/Monitor currently owned by a thread: None

Heap:
 PSYoungGen      total 496128K, used 10980K [0x0000000718c00000, 0x0000000738a80000, 0x00000007c0000000)
  eden space 495616K, 2% used [0x0000000718c00000,0x0000000719699118,0x0000000737000000)
  from space 512K, 25% used [0x0000000738400000,0x0000000738420000,0x0000000738480000)
  to   space 6144K, 0% used [0x0000000738480000,0x0000000738480000,0x0000000738a80000)
 ParOldGen       total 343040K, used 5561K [0x00000005ca400000, 0x00000005df300000, 0x0000000718c00000)
  object space 343040K, 1% used [0x00000005ca400000,0x00000005ca96e470,0x00000005df300000)
 Metaspace       used 15902K, capacity 16418K, committed 16640K, reserved 1062912K
  class space    used 2132K, capacity 2300K, committed 2304K, reserved 1048576K

Card table byte_map: [0x00007f872bc91000,0x00007f872cc40000] byte_map_base: 0x00007f8728e3f000

Marking Bits: (ParMarkBitMap*) 0x00007f8741ed6d60
 Begin Bits: [0x00007f86f4520000, 0x00007f86fc290000)
 End Bits:   [0x00007f86fc290000, 0x00007f8704000000)

Polling page: 0x00007f8742b26000

CodeCache: size=245760Kb used=9184Kb max_used=9197Kb free=236575Kb
 bounds [0x00007f872d000000, 0x00007f872d910000, 0x00007f873c000000]
 total_blobs=3308 nmethods=2694 adapters=526
 compilation: enabled

Compilation events (10 events):
Event: 5,044 Thread 0x00007f873c0c1800 2690       4       javafx.beans.binding.DoubleExpression::doubleValue (5 bytes)
Event: 5,044 Thread 0x00007f873c0c1800 nmethod 2690 0x00007f872d8f4050 code [0x00007f872d8f41a0, 0x00007f872d8f4218]
Event: 5,233 Thread 0x00007f873c0c3000 2691       4       com.sun.javafx.binding.BindingHelperObserver::invalidated (32 bytes)
Event: 5,234 Thread 0x00007f873c0c3000 nmethod 2691 0x00007f872d8b8b10 code [0x00007f872d8b8c60, 0x00007f872d8b8d78]
Event: 5,646 Thread 0x00007f873c0be800 2692       4       com.sun.scenario.effect.impl.prism.ps.PPSDrawable::getPhysicalHeight (10 bytes)
Event: 5,646 Thread 0x00007f873c0be800 nmethod 2692 0x00007f872d86fd10 code [0x00007f872d86fe60, 0x00007f872d86fef8]
Event: 5,733 Thread 0x00007f873c0c5800 2693       1       com.sun.glass.ui.Window::getPlatformScale (5 bytes)
Event: 5,733 Thread 0x00007f873c0c5800 nmethod 2693 0x00007f872d86f990 code [0x00007f872d86fae0, 0x00007f872d86fbf0]
Event: 5,747 Thread 0x00007f873c0c1800 2694       4       javafx.scene.Parent::impl_computeGeomBounds (430 bytes)
Event: 5,752 Thread 0x00007f873c0c1800 nmethod 2694 0x00007f872d8fc2d0 code [0x00007f872d8fc500, 0x00007f872d8fcc68]

GC Heap History (10 events):
Event: 2,974 GC heap before
{Heap before GC invocations=3 (full 0):
 PSYoungGen      total 150016K, used 134658K [0x0000000718c00000, 0x0000000723300000, 0x00000007c0000000)
  eden space 129024K, 100% used [0x0000000718c00000,0x0000000720a00000,0x0000000720a00000)
  from space 20992K, 26% used [0x0000000721e80000,0x0000000722400b08,0x0000000723300000)
  to   space 20992K, 0% used [0x0000000720a00000,0x0000000720a00000,0x0000000721e80000)
 ParOldGen       total 343040K, used 24K [0x00000005ca400000, 0x00000005df300000, 0x0000000718c00000)
  object space 343040K, 0% used [0x00000005ca400000,0x00000005ca406000,0x00000005df300000)
 Metaspace       used 15817K, capacity 16350K, committed 16384K, reserved 1062912K
  class space    used 2132K, capacity 2300K, committed 2304K, reserved 1048576K
Event: 2,979 GC heap after
Heap after GC invocations=3 (full 0):
 PSYoungGen      total 150016K, used 5602K [0x0000000718c00000, 0x000000072b100000, 0x00000007c0000000)
  eden space 129024K, 0% used [0x0000000718c00000,0x0000000718c00000,0x0000000720a00000)
  from space 20992K, 26% used [0x0000000720a00000,0x0000000720f78ae8,0x0000000721e80000)
  to   space 20992K, 0% used [0x0000000729c80000,0x0000000729c80000,0x000000072b100000)
 ParOldGen       total 343040K, used 32K [0x00000005ca400000, 0x00000005df300000, 0x0000000718c00000)
  object space 343040K, 0% used [0x00000005ca400000,0x00000005ca408000,0x00000005df300000)
 Metaspace       used 15817K, capacity 16350K, committed 16384K, reserved 1062912K
  class space    used 2132K, capacity 2300K, committed 2304K, reserved 1048576K
}
Event: 3,286 GC heap before
{Heap before GC invocations=4 (full 0):
 PSYoungGen      total 150016K, used 134626K [0x0000000718c00000, 0x000000072b100000, 0x00000007c0000000)
  eden space 129024K, 100% used [0x0000000718c00000,0x0000000720a00000,0x0000000720a00000)
  from space 20992K, 26% used [0x0000000720a00000,0x0000000720f78ae8,0x0000000721e80000)
  to   space 20992K, 0% used [0x0000000729c80000,0x0000000729c80000,0x000000072b100000)
 ParOldGen       total 343040K, used 32K [0x00000005ca400000, 0x00000005df300000, 0x0000000718c00000)
  object space 343040K, 0% used [0x00000005ca400000,0x00000005ca408000,0x00000005df300000)
 Metaspace       used 15836K, capacity 16350K, committed 16384K, reserved 1062912K
  class space    used 2132K, capacity 2300K, committed 2304K, reserved 1048576K
Event: 3,292 GC heap after
Heap after GC invocations=4 (full 0):
 PSYoungGen      total 279040K, used 5506K [0x0000000718c00000, 0x000000072b100000, 0x00000007c0000000)
  eden space 258048K, 0% used [0x0000000718c00000,0x0000000718c00000,0x0000000728800000)
  from space 20992K, 26% used [0x0000000729c80000,0x000000072a1e0af8,0x000000072b100000)
  to   space 20992K, 0% used [0x0000000728800000,0x0000000728800000,0x0000000729c80000)
 ParOldGen       total 343040K, used 104K [0x00000005ca400000, 0x00000005df300000, 0x0000000718c00000)
  object space 343040K, 0% used [0x00000005ca400000,0x00000005ca41a010,0x00000005df300000)
 Metaspace       used 15836K, capacity 16350K, committed 16384K, reserved 1062912K
  class space    used 2132K, capacity 2300K, committed 2304K, reserved 1048576K
}
Event: 3,903 GC heap before
{Heap before GC invocations=5 (full 0):
 PSYoungGen      total 279040K, used 263554K [0x0000000718c00000, 0x000000072b100000, 0x00000007c0000000)
  eden space 258048K, 100% used [0x0000000718c00000,0x0000000728800000,0x0000000728800000)
  from space 20992K, 26% used [0x0000000729c80000,0x000000072a1e0af8,0x000000072b100000)
  to   space 20992K, 0% used [0x0000000728800000,0x0000000728800000,0x0000000729c80000)
 ParOldGen       total 343040K, used 104K [0x00000005ca400000, 0x00000005df300000, 0x0000000718c00000)
  object space 343040K, 0% used [0x00000005ca400000,0x00000005ca41a010,0x00000005df300000)
 Metaspace       used 15901K, capacity 16418K, committed 16640K, reserved 1062912K
  class space    used 2132K, capacity 2300K, committed 2304K, reserved 1048576K
Event: 3,909 GC heap after
Heap after GC invocations=5 (full 0):
 PSYoungGen      total 279040K, used 5600K [0x0000000718c00000, 0x0000000739000000, 0x00000007c0000000)
  eden space 258048K, 0% used [0x0000000718c00000,0x0000000718c00000,0x0000000728800000)
  from space 20992K, 26% used [0x0000000728800000,0x0000000728d78068,0x0000000729c80000)
  to   space 6144K, 0% used [0x0000000738a00000,0x0000000738a00000,0x0000000739000000)
 ParOldGen       total 343040K, used 112K [0x00000005ca400000, 0x00000005df300000, 0x0000000718c00000)
  object space 343040K, 0% used [0x00000005ca400000,0x00000005ca41c010,0x00000005df300000)
 Metaspace       used 15901K, capacity 16418K, committed 16640K, reserved 1062912K
  class space    used 2132K, capacity 2300K, committed 2304K, reserved 1048576K
}
Event: 4,579 GC heap before
{Heap before GC invocations=6 (full 0):
 PSYoungGen      total 279040K, used 263648K [0x0000000718c00000, 0x0000000739000000, 0x00000007c0000000)
  eden space 258048K, 100% used [0x0000000718c00000,0x0000000728800000,0x0000000728800000)
  from space 20992K, 26% used [0x0000000728800000,0x0000000728d78068,0x0000000729c80000)
  to   space 6144K, 0% used [0x0000000738a00000,0x0000000738a00000,0x0000000739000000)
 ParOldGen       total 343040K, used 112K [0x00000005ca400000, 0x00000005df300000, 0x0000000718c00000)
  object space 343040K, 0% used [0x00000005ca400000,0x00000005ca41c010,0x00000005df300000)
 Metaspace       used 15902K, capacity 16418K, committed 16640K, reserved 1062912K
  class space    used 2132K, capacity 2300K, committed 2304K, reserved 1048576K
Event: 4,585 GC heap after
Heap after GC invocations=6 (full 0):
 PSYoungGen      total 522240K, used 5554K [0x0000000718c00000, 0x0000000739000000, 0x00000007c0000000)
  eden space 516096K, 0% used [0x0000000718c00000,0x0000000718c00000,0x0000000738400000)
  from space 6144K, 90% used [0x0000000738a00000,0x0000000738f6cae8,0x0000000739000000)
  to   space 6144K, 0% used [0x0000000738400000,0x0000000738400000,0x0000000738a00000)
 ParOldGen       total 343040K, used 120K [0x00000005ca400000, 0x00000005df300000, 0x0000000718c00000)
  object space 343040K, 0% used [0x00000005ca400000,0x00000005ca41e010,0x00000005df300000)
 Metaspace       used 15902K, capacity 16418K, committed 16640K, reserved 1062912K
  class space    used 2132K, capacity 2300K, committed 2304K, reserved 1048576K
}
Event: 5,754 GC heap before
{Heap before GC invocations=7 (full 0):
 PSYoungGen      total 522240K, used 521650K [0x0000000718c00000, 0x0000000739000000, 0x00000007c0000000)
  eden space 516096K, 100% used [0x0000000718c00000,0x0000000738400000,0x0000000738400000)
  from space 6144K, 90% used [0x0000000738a00000,0x0000000738f6cae8,0x0000000739000000)
  to   space 6144K, 0% used [0x0000000738400000,0x0000000738400000,0x0000000738a00000)
 ParOldGen       total 343040K, used 120K [0x00000005ca400000, 0x00000005df300000, 0x0000000718c00000)
  object space 343040K, 0% used [0x00000005ca400000,0x00000005ca41e010,0x00000005df300000)
 Metaspace       used 15902K, capacity 16418K, committed 16640K, reserved 1062912K
  class space    used 2132K, capacity 2300K, committed 2304K, reserved 1048576K
Event: 5,761 GC heap after
Heap after GC invocations=7 (full 0):
 PSYoungGen      total 496128K, used 128K [0x0000000718c00000, 0x0000000738a80000, 0x00000007c0000000)
  eden space 495616K, 0% used [0x0000000718c00000,0x0000000718c00000,0x0000000737000000)
  from space 512K, 25% used [0x0000000738400000,0x0000000738420000,0x0000000738480000)
  to   space 6144K, 0% used [0x0000000738480000,0x0000000738480000,0x0000000738a80000)
 ParOldGen       total 343040K, used 5561K [0x00000005ca400000, 0x00000005df300000, 0x0000000718c00000)
  object space 343040K, 1% used [0x00000005ca400000,0x00000005ca96e470,0x00000005df300000)
 Metaspace       used 15902K, capacity 16418K, committed 16640K, reserved 1062912K
  class space    used 2132K, capacity 2300K, committed 2304K, reserved 1048576K
}

Deoptimization events (10 events):
Event: 3,043 Thread 0x00007f873c1dd800 Uncommon trap: reason=class_check action=maybe_recompile pc=0x00007f872d7d82a4 method=com.sun.prism.impl.shape.OpenPiscesPrismUtils.setupRenderer(Lcom/sun/javafx/geom/Path2D;Lcom/sun/prism/BasicStroke;Lcom/sun/javafx/geom/transform/BaseTransform;Lcom/sun/
Event: 3,044 Thread 0x00007f873c1dd800 Uncommon trap: reason=class_check action=maybe_recompile pc=0x00007f872d7d82a4 method=com.sun.prism.impl.shape.OpenPiscesPrismUtils.setupRenderer(Lcom/sun/javafx/geom/Path2D;Lcom/sun/prism/BasicStroke;Lcom/sun/javafx/geom/transform/BaseTransform;Lcom/sun/
Event: 3,044 Thread 0x00007f873c245000 Uncommon trap: reason=class_check action=maybe_recompile pc=0x00007f872d640738 method=javafx.scene.Node.updateLocalToParentTransform()V @ 327
Event: 3,044 Thread 0x00007f873c245000 Uncommon trap: reason=class_check action=maybe_recompile pc=0x00007f872d73932c method=javafx.scene.Node.getLocalBounds(Lcom/sun/javafx/geom/BaseBounds;Lcom/sun/javafx/geom/transform/BaseTransform;)Lcom/sun/javafx/geom/BaseBounds; @ 42
Event: 3,044 Thread 0x00007f873c1dd800 Uncommon trap: reason=class_check action=maybe_recompile pc=0x00007f872d7d82a4 method=com.sun.prism.impl.shape.OpenPiscesPrismUtils.setupRenderer(Lcom/sun/javafx/geom/Path2D;Lcom/sun/prism/BasicStroke;Lcom/sun/javafx/geom/transform/BaseTransform;Lcom/sun/
Event: 3,044 Thread 0x00007f873c1dd800 Uncommon trap: reason=class_check action=maybe_recompile pc=0x00007f872d7d82a4 method=com.sun.prism.impl.shape.OpenPiscesPrismUtils.setupRenderer(Lcom/sun/javafx/geom/Path2D;Lcom/sun/prism/BasicStroke;Lcom/sun/javafx/geom/transform/BaseTransform;Lcom/sun/
Event: 3,046 Thread 0x00007f873c245000 Uncommon trap: reason=class_check action=maybe_recompile pc=0x00007f872d640738 method=javafx.scene.Node.updateLocalToParentTransform()V @ 327
Event: 3,046 Thread 0x00007f873c245000 Uncommon trap: reason=class_check action=maybe_recompile pc=0x00007f872d73932c method=javafx.scene.Node.getLocalBounds(Lcom/sun/javafx/geom/BaseBounds;Lcom/sun/javafx/geom/transform/BaseTransform;)Lcom/sun/javafx/geom/BaseBounds; @ 42
Event: 3,051 Thread 0x00007f873c245000 Uncommon trap: reason=class_check action=maybe_recompile pc=0x00007f872d640738 method=javafx.scene.Node.updateLocalToParentTransform()V @ 327
Event: 3,051 Thread 0x00007f873c245000 Uncommon trap: reason=class_check action=maybe_recompile pc=0x00007f872d73932c method=javafx.scene.Node.getLocalBounds(Lcom/sun/javafx/geom/BaseBounds;Lcom/sun/javafx/geom/transform/BaseTransform;)Lcom/sun/javafx/geom/BaseBounds; @ 42

Internal exceptions (10 events):
Event: 0,090 Thread 0x00007f873c007800 Exception <a 'java/security/PrivilegedActionException'> (0x0000000718dfba70) thrown at [/HUDSON/workspace/8-2-build-linux-amd64/jdk8u91/6644/hotspot/src/share/vm/prims/jvm.cpp, line 1386]
Event: 0,090 Thread 0x00007f873c007800 Exception <a 'java/security/PrivilegedActionException'> (0x0000000718dfbc80) thrown at [/HUDSON/workspace/8-2-build-linux-amd64/jdk8u91/6644/hotspot/src/share/vm/prims/jvm.cpp, line 1386]
Event: 0,090 Thread 0x00007f873c007800 Exception <a 'java/lang/NullPointerException'> (0x0000000718dfc258) thrown at [/HUDSON/workspace/8-2-build-linux-amd64/jdk8u91/6644/hotspot/src/share/vm/interpreter/linkResolver.cpp, line 1178]
Event: 0,288 Thread 0x00007f873c245000 Exception <a 'java/lang/NullPointerException'> (0x0000000719ea6be8) thrown at [/HUDSON/workspace/8-2-build-linux-amd64/jdk8u91/6644/hotspot/src/share/vm/interpreter/linkResolver.cpp, line 1178]
Event: 0,288 Thread 0x00007f873c245000 Exception <a 'java/lang/NullPointerException'> (0x0000000719ea6be8) thrown at [/HUDSON/workspace/8-2-build-linux-amd64/jdk8u91/6644/hotspot/src/share/vm/prims/jvm.cpp, line 1390]
Event: 0,361 Thread 0x00007f873c245000 Exception <a 'java/lang/ArrayIndexOutOfBoundsException'> (0x000000071a2e6be0) thrown at [/HUDSON/workspace/8-2-build-linux-amd64/jdk8u91/6644/hotspot/src/share/vm/runtime/sharedRuntime.cpp, line 605]
Event: 0,361 Thread 0x00007f873c245000 Exception <a 'java/lang/ArrayIndexOutOfBoundsException'> (0x000000071a2e78e0) thrown at [/HUDSON/workspace/8-2-build-linux-amd64/jdk8u91/6644/hotspot/src/share/vm/runtime/sharedRuntime.cpp, line 605]
Event: 0,361 Thread 0x00007f873c245000 Exception <a 'java/lang/ArrayIndexOutOfBoundsException'> (0x000000071a2e8c88) thrown at [/HUDSON/workspace/8-2-build-linux-amd64/jdk8u91/6644/hotspot/src/share/vm/runtime/sharedRuntime.cpp, line 605]
Event: 0,416 Thread 0x00007f873c245000 Implicit null exception at 0x00007f872d24aff5 to 0x00007f872d24b329
Event: 0,455 Thread 0x00007f873c245000 Exception <a 'java/io/FileNotFoundException'> (0x000000071a6e53e0) thrown at [/HUDSON/workspace/8-2-build-linux-amd64/jdk8u91/6644/hotspot/src/share/vm/prims/jni.cpp, line 709]

Events (10 events):
Event: 3,903 Executing VM operation: ParallelGCFailedAllocation
Event: 3,909 Executing VM operation: ParallelGCFailedAllocation done
Event: 4,039 Executing VM operation: EnableBiasedLocking
Event: 4,039 Executing VM operation: EnableBiasedLocking done
Event: 4,431 loading class java/lang/ref/ReferenceQueue$1
Event: 4,431 loading class java/lang/ref/ReferenceQueue$1 done
Event: 4,579 Executing VM operation: ParallelGCFailedAllocation
Event: 4,585 Executing VM operation: ParallelGCFailedAllocation done
Event: 5,753 Executing VM operation: ParallelGCFailedAllocation
Event: 5,761 Executing VM operation: ParallelGCFailedAllocation done


Dynamic libraries:
00400000-00401000 r-xp 00000000 08:03 71174188                           /usr/share/jdk1.8.0_91/bin/java
00600000-00601000 rw-p 00000000 08:03 71174188                           /usr/share/jdk1.8.0_91/bin/java
01663000-01684000 rw-p 00000000 00:00 0                                  [heap]
5ca400000-5df300000 rw-p 00000000 00:00 0 
5df300000-718c00000 ---p 00000000 00:00 0 
718c00000-738a80000 rw-p 00000000 00:00 0 
738a80000-7c0000000 ---p 00000000 00:00 0 
7c0000000-7c0240000 rw-p 00000000 00:00 0 
7c0240000-800000000 ---p 00000000 00:00 0 
7f868c000000-7f8692390000 rw-p 00000000 00:00 0 
7f8692390000-7f8694000000 ---p 00000000 00:00 0 
7f8694000000-7f869c000000 rw-p 00000000 00:00 0 
7f869c000000-7f86a4000000 rw-p 00000000 00:00 0 
7f86a4000000-7f86a4021000 rw-p 00000000 00:00 0 
7f86a4021000-7f86a8000000 ---p 00000000 00:00 0 
7f86a8000000-7f86a8021000 rw-p 00000000 00:00 0 
7f86a8021000-7f86ac000000 ---p 00000000 00:00 0 
7f86ae97f000-7f86aeb7f000 rw-s 11166e000 00:06 330                       /dev/dri/card0
7f86aeb7f000-7f86aed7f000 rw-s 110f6a000 00:06 330                       /dev/dri/card0
7f86aed7f000-7f86aef7f000 rw-s 119251000 00:06 330                       /dev/dri/card0
7f86aef7f000-7f86aefff000 rw-s 117e62000 00:06 330                       /dev/dri/card0
7f86aefff000-7f86af07f000 rw-s 117de2000 00:06 330                       /dev/dri/card0
7f86af07f000-7f86af0ff000 rw-s 117d62000 00:06 330                       /dev/dri/card0
7f86af0ff000-7f86af102000 ---p 00000000 00:00 0 
7f86af102000-7f86af400000 rw-p 00000000 00:00 0 
7f86af400000-7f86af600000 rw-s 1195dd000 00:06 330                       /dev/dri/card0
7f86af600000-7f86b0000000 rwxp 00000000 00:00 0 
7f86b0000000-7f86b02c1000 rw-p 00000000 00:00 0 
7f86b02c1000-7f86b4000000 ---p 00000000 00:00 0 
7f86b4000000-7f86b4021000 rw-p 00000000 00:00 0 
7f86b4021000-7f86b8000000 ---p 00000000 00:00 0 
7f86b8000000-7f86b8021000 rw-p 00000000 00:00 0 
7f86b8021000-7f86bc000000 ---p 00000000 00:00 0 
7f86bc059000-7f86bc06c000 r--s 00344000 08:03 71303565                   /usr/share/jdk1.8.0_91/jre/lib/resources.jar
7f86bc06c000-7f86bc06f000 ---p 00000000 00:00 0 
7f86bc06f000-7f86bc16d000 rw-p 00000000 00:00 0 
7f86bc16d000-7f86bc226000 r--p 00000000 08:03 591338                     /usr/share/fonts/truetype/dejavu/DejaVuSans.ttf
7f86bc226000-7f86bc23a000 r--p 00000000 08:03 37833930                   /usr/share/jdk1.8.0_91/jre/lib/fonts/LucidaBrightItalic.ttf
7f86bc23a000-7f86bc288000 r--p 00000000 08:03 37833929                   /usr/share/jdk1.8.0_91/jre/lib/fonts/LucidaSansDemiBold.ttf
7f86bc288000-7f86bc2c2000 r--p 00000000 08:03 37833928                   /usr/share/jdk1.8.0_91/jre/lib/fonts/LucidaTypewriterBold.ttf
7f86bc2c2000-7f86bc2d5000 r--p 00000000 08:03 37833927                   /usr/share/jdk1.8.0_91/jre/lib/fonts/LucidaBrightDemiItalic.ttf
7f86bc2d5000-7f86bc32a000 r--p 00000000 08:03 37833926                   /usr/share/jdk1.8.0_91/jre/lib/fonts/LucidaBrightRegular.ttf
7f86bc32a000-7f86bc3d5000 r--p 00000000 08:03 37833925                   /usr/share/jdk1.8.0_91/jre/lib/fonts/LucidaSansRegular.ttf
7f86bc3d5000-7f86bc3e8000 r--p 00000000 08:03 37833924                   /usr/share/jdk1.8.0_91/jre/lib/fonts/LucidaBrightDemiBold.ttf
7f86bc3e8000-7f86bc424000 r--p 00000000 08:03 37833922                   /usr/share/jdk1.8.0_91/jre/lib/fonts/LucidaTypewriterRegular.ttf
7f86bc424000-7f86bc428000 r-xp 00000000 08:03 71174145                   /usr/share/jdk1.8.0_91/jre/lib/amd64/libjavafx_font_pango.so
7f86bc428000-7f86bc627000 ---p 00004000 08:03 71174145                   /usr/share/jdk1.8.0_91/jre/lib/amd64/libjavafx_font_pango.so
7f86bc627000-7f86bc628000 rw-p 00003000 08:03 71174145                   /usr/share/jdk1.8.0_91/jre/lib/amd64/libjavafx_font_pango.so
7f86bc628000-7f86bc62c000 r--s 00097000 08:03 71304089                   /usr/share/jdk1.8.0_91/jre/lib/jsse.jar
7f86bc62c000-7f86bc82c000 rw-p 00000000 00:00 0 
7f86bc82c000-7f86bc831000 r--s 00084000 08:03 71174183                   /usr/share/jdk1.8.0_91/jre/lib/jfr.jar
7f86bc831000-7f86bc83b000 r-xp 00000000 08:03 71551662                   /usr/lib/x86_64-linux-gnu/gtk-2.0/2.10.0/engines/libpixmap.so
7f86bc83b000-7f86bca3a000 ---p 0000a000 08:03 71551662                   /usr/lib/x86_64-linux-gnu/gtk-2.0/2.10.0/engines/libpixmap.so
7f86bca3a000-7f86bca3b000 r--p 00009000 08:03 71551662                   /usr/lib/x86_64-linux-gnu/gtk-2.0/2.10.0/engines/libpixmap.so
7f86bca3b000-7f86bca3c000 rw-p 0000a000 08:03 71551662                   /usr/lib/x86_64-linux-gnu/gtk-2.0/2.10.0/engines/libpixmap.so
7f86bca3c000-7f86bca6c000 r-xp 00000000 08:03 72043352                   /usr/lib/x86_64-linux-gnu/gtk-2.0/2.10.0/engines/libmurrine.so
7f86bca6c000-7f86bcc6c000 ---p 00030000 08:03 72043352                   /usr/lib/x86_64-linux-gnu/gtk-2.0/2.10.0/engines/libmurrine.so
7f86bcc6c000-7f86bcc6d000 r--p 00030000 08:03 72043352                   /usr/lib/x86_64-linux-gnu/gtk-2.0/2.10.0/engines/libmurrine.so
7f86bcc6d000-7f86bcc6e000 rw-p 00031000 08:03 72043352                   /usr/lib/x86_64-linux-gnu/gtk-2.0/2.10.0/engines/libmurrine.so
7f86bcc6e000-7f86bcc72000 r--s 00000000 08:03 37593931                   /var/cache/fontconfig/6aa41aa22e18b8fa06a12da28ea9c28b-le64.cache-6
7f86bcc72000-7f86bcc7d000 r--s 00000000 08:03 37737514                   /var/cache/fontconfig/945677eb7aeaf62f1d50efc3fb3ec7d8-le64.cache-6
7f86bcc7d000-7f86bcc83000 r--s 00000000 08:03 37737495                   /var/cache/fontconfig/2cd17615ca594fa2959ae173292e504c-le64.cache-6
7f86bcc83000-7f86bcc87000 r--s 00000000 08:03 37737493                   /var/cache/fontconfig/de156ccd2eddbdc19d37a45b8b2aac9c-le64.cache-6
7f86bcc87000-7f86bcc9c000 r--s 00000000 08:03 37737492                   /var/cache/fontconfig/04aabc0a78ac019cf9454389977116d2-le64.cache-6
7f86bcc9c000-7f86bcca0000 r--s 00000000 08:03 37737490                   /var/cache/fontconfig/385c0604a188198f04d133e54aba7fe7-le64.cache-6
7f86bcca0000-7f86bccc7000 r--s 00000000 08:03 37737486                   /var/cache/fontconfig/0bd3dc0958fa2205aaaa8ebb13e2872b-le64.cache-6
7f86bccc7000-7f86bcccc000 r--s 00000000 08:03 37737485                   /var/cache/fontconfig/8801497958630a81b71ace7c5f9b32a8-le64.cache-6
7f86bcccc000-7f86bccdf000 r--s 00000000 08:03 37737478                   /var/cache/fontconfig/d52a8644073d54c13679302ca1180695-le64.cache-6
7f86bccdf000-7f86bccea000 r--s 00000000 08:03 37737476                   /var/cache/fontconfig/d589a48862398ed80a3d6066f4f56f4c-le64.cache-6
7f86bccea000-7f86bccfc000 r--s 00000000 08:03 37737512                   /var/cache/fontconfig/9b89f8e3dae116d678bbf48e5f21f69b-le64.cache-6
7f86bccfc000-7f86bcd01000 r-xp 00000000 08:03 71174167                   /usr/share/jdk1.8.0_91/jre/lib/amd64/libjavafx_font_freetype.so
7f86bcd01000-7f86bcf00000 ---p 00005000 08:03 71174167                   /usr/share/jdk1.8.0_91/jre/lib/amd64/libjavafx_font_freetype.so
7f86bcf00000-7f86bcf01000 rw-p 00004000 08:03 71174167                   /usr/share/jdk1.8.0_91/jre/lib/amd64/libjavafx_font_freetype.so
7f86bcf01000-7f86bcf04000 r-xp 00000000 08:03 71174164                   /usr/share/jdk1.8.0_91/jre/lib/amd64/libjavafx_font.so
7f86bcf04000-7f86bd103000 ---p 00003000 08:03 71174164                   /usr/share/jdk1.8.0_91/jre/lib/amd64/libjavafx_font.so
7f86bd103000-7f86bd104000 rw-p 00002000 08:03 71174164                   /usr/share/jdk1.8.0_91/jre/lib/amd64/libjavafx_font.so
7f86bd104000-7f86bd304000 rw-p 00000000 00:00 0 
7f86bd304000-7f86bd307000 ---p 00000000 00:00 0 
7f86bd307000-7f86bd405000 rw-p 00000000 00:00 0 
7f86bd405000-7f86bd485000 rw-s 118c23000 00:06 330                       /dev/dri/card0
7f86bd485000-7f86bd488000 ---p 00000000 00:00 0 
7f86bd488000-7f86bd586000 rw-p 00000000 00:00 0 
7f86bd586000-7f86bd589000 ---p 00000000 00:00 0 
7f86bd589000-7f86bd687000 rw-p 00000000 00:00 0 
7f86bd687000-7f86bd6b2000 r--p 00000000 08:03 37754511                   /usr/share/locale-langpack/fr/LC_MESSAGES/gtk20-properties.mo
7f86bd6b2000-7f86bd6db000 r-xp 00000000 08:03 71174168                   /usr/share/jdk1.8.0_91/jre/lib/amd64/libglass.so
7f86bd6db000-7f86bd8da000 ---p 00029000 08:03 71174168                   /usr/share/jdk1.8.0_91/jre/lib/amd64/libglass.so
7f86bd8da000-7f86bd8dd000 rw-p 00028000 08:03 71174168                   /usr/share/jdk1.8.0_91/jre/lib/amd64/libglass.so
7f86bd8dd000-7f86bd95d000 rw-s 117ce2000 00:06 330                       /dev/dri/card0
7f86bd95d000-7f86bd994000 r-xp 00000000 08:03 34823622                   /usr/lib/x86_64-linux-gnu/libtxc_dxtn_s2tc.so.0.0.0
7f86bd994000-7f86bdb93000 ---p 00037000 08:03 34823622                   /usr/lib/x86_64-linux-gnu/libtxc_dxtn_s2tc.so.0.0.0
7f86bdb93000-7f86bdb94000 r--p 00036000 08:03 34823622                   /usr/lib/x86_64-linux-gnu/libtxc_dxtn_s2tc.so.0.0.0
7f86bdb94000-7f86bdb95000 rw-p 00037000 08:03 34823622                   /usr/lib/x86_64-linux-gnu/libtxc_dxtn_s2tc.so.0.0.0
7f86bdb95000-7f86bdba8000 r-xp 00000000 08:03 33648825                   /lib/x86_64-linux-gnu/libbsd.so.0.8.2
7f86bdba8000-7f86bdda7000 ---p 00013000 08:03 33648825                   /lib/x86_64-linux-gnu/libbsd.so.0.8.2
7f86bdda7000-7f86bdda8000 r--p 00012000 08:03 33648825                   /lib/x86_64-linux-gnu/libbsd.so.0.8.2
7f86bdda8000-7f86bdda9000 rw-p 00013000 08:03 33648825                   /lib/x86_64-linux-gnu/libbsd.so.0.8.2
7f86bdda9000-7f86bddaa000 rw-p 00000000 00:00 0 
7f86bddaa000-7f86bddcf000 r-xp 00000000 08:03 33570071                   /lib/x86_64-linux-gnu/libtinfo.so.5.9
7f86bddcf000-7f86bdfce000 ---p 00025000 08:03 33570071                   /lib/x86_64-linux-gnu/libtinfo.so.5.9
7f86bdfce000-7f86bdfd2000 r--p 00024000 08:03 33570071                   /lib/x86_64-linux-gnu/libtinfo.so.5.9
7f86bdfd2000-7f86bdfd3000 rw-p 00028000 08:03 33570071                   /lib/x86_64-linux-gnu/libtinfo.so.5.9
7f86bdfd3000-7f86be004000 r-xp 00000000 08:03 34261711                   /usr/lib/x86_64-linux-gnu/libedit.so.2.0.53
7f86be004000-7f86be204000 ---p 00031000 08:03 34261711                   /usr/lib/x86_64-linux-gnu/libedit.so.2.0.53
7f86be204000-7f86be206000 r--p 00031000 08:03 34261711                   /usr/lib/x86_64-linux-gnu/libedit.so.2.0.53
7f86be206000-7f86be207000 rw-p 00033000 08:03 34261711                   /usr/lib/x86_64-linux-gnu/libedit.so.2.0.53
7f86be207000-7f86be20b000 rw-p 00000000 00:00 0 
7f86be20b000-7f86c0de9000 r-xp 00000000 08:03 33570386                   /usr/lib/x86_64-linux-gnu/libLLVM-4.0.so.1
7f86c0de9000-7f86c0dea000 ---p 02bde000 08:03 33570386                   /usr/lib/x86_64-linux-gnu/libLLVM-4.0.so.1
7f86c0dea000-7f86c10fe000 r--p 02bde000 08:03 33570386                   /usr/lib/x86_64-linux-gnu/libLLVM-4.0.so.1
7f86c10fe000-7f86c1103000 rw-p 02ef2000 08:03 33570386                   /usr/lib/x86_64-linux-gnu/libLLVM-4.0.so.1
7f86c1103000-7f86c1152000 rw-p 00000000 00:00 0 
7f86c1152000-7f86c1169000 r-xp 00000000 08:03 34261705                   /usr/lib/x86_64-linux-gnu/libelf-0.165.so
7f86c1169000-7f86c1368000 ---p 00017000 08:03 34261705                   /usr/lib/x86_64-linux-gnu/libelf-0.165.so
7f86c1368000-7f86c1369000 r--p 00016000 08:03 34261705                   /usr/lib/x86_64-linux-gnu/libelf-0.165.so
7f86c1369000-7f86c136a000 rw-p 00017000 08:03 34261705                   /usr/lib/x86_64-linux-gnu/libelf-0.165.so
7f86c136a000-7f86c1373000 r-xp 00000000 08:03 33922155                   /usr/lib/x86_64-linux-gnu/libdrm_amdgpu.so.1.0.0
7f86c1373000-7f86c1572000 ---p 00009000 08:03 33922155                   /usr/lib/x86_64-linux-gnu/libdrm_amdgpu.so.1.0.0
7f86c1572000-7f86c1573000 r--p 00008000 08:03 33922155                   /usr/lib/x86_64-linux-gnu/libdrm_amdgpu.so.1.0.0
7f86c1573000-7f86c1574000 rw-p 00009000 08:03 33922155                   /usr/lib/x86_64-linux-gnu/libdrm_amdgpu.so.1.0.0
7f86c1574000-7f86c157f000 r-xp 00000000 08:03 33713611                   /usr/lib/x86_64-linux-gnu/libdrm_radeon.so.1.0.1
7f86c157f000-7f86c177e000 ---p 0000b000 08:03 33713611                   /usr/lib/x86_64-linux-gnu/libdrm_radeon.so.1.0.1
7f86c177e000-7f86c177f000 r--p 0000a000 08:03 33713611                   /usr/lib/x86_64-linux-gnu/libdrm_radeon.so.1.0.1
7f86c177f000-7f86c1780000 rw-p 0000b000 08:03 33713611                   /usr/lib/x86_64-linux-gnu/libdrm_radeon.so.1.0.1
7f86c1780000-7f86c1787000 r-xp 00000000 08:03 33713617                   /usr/lib/x86_64-linux-gnu/libdrm_nouveau.so.2.0.0
7f86c1787000-7f86c1986000 ---p 00007000 08:03 33713617                   /usr/lib/x86_64-linux-gnu/libdrm_nouveau.so.2.0.0
7f86c1986000-7f86c1987000 r--p 00006000 08:03 33713617                   /usr/lib/x86_64-linux-gnu/libdrm_nouveau.so.2.0.0
7f86c1987000-7f86c1988000 rw-p 00007000 08:03 33713617                   /usr/lib/x86_64-linux-gnu/libdrm_nouveau.so.2.0.0
7f86c1988000-7f86c1996000 r-xp 00000000 08:03 35507254                   /usr/lib/x86_64-linux-gnu/libsensors.so.4.4.0
7f86c1996000-7f86c1b95000 ---p 0000e000 08:03 35507254                   /usr/lib/x86_64-linux-gnu/libsensors.so.4.4.0
7f86c1b95000-7f86c1b96000 r--p 0000d000 08:03 35507254                   /usr/lib/x86_64-linux-gnu/libsensors.so.4.4.0
7f86c1b96000-7f86c1b97000 rw-p 0000e000 08:03 35507254                   /usr/lib/x86_64-linux-gnu/libsensors.so.4.4.0
7f86c1b97000-7f86c2524000 r-xp 00000000 08:03 101030972                  /usr/lib/x86_64-linux-gnu/dri/nouveau_dri.so
7f86c2524000-7f86c2724000 ---p 0098d000 08:03 101030972                  /usr/lib/x86_64-linux-gnu/dri/nouveau_dri.so
7f86c2724000-7f86c275f000 r--p 0098d000 08:03 101030972                  /usr/lib/x86_64-linux-gnu/dri/nouveau_dri.so
7f86c275f000-7f86c276b000 rw-p 009c8000 08:03 101030972                  /usr/lib/x86_64-linux-gnu/dri/nouveau_dri.so
7f86c276b000-7f86c2962000 rw-p 00000000 00:00 0 
7f86c2962000-7f86c2968000 r-xp 00000000 08:03 34154441                   /usr/lib/x86_64-linux-gnu/libdatrie.so.1.3.3
7f86c2968000-7f86c2b68000 ---p 00006000 08:03 34154441                   /usr/lib/x86_64-linux-gnu/libdatrie.so.1.3.3
7f86c2b68000-7f86c2b69000 r--p 00006000 08:03 34154441                   /usr/lib/x86_64-linux-gnu/libdatrie.so.1.3.3
7f86c2b69000-7f86c2b6a000 rw-p 00007000 08:03 34154441                   /usr/lib/x86_64-linux-gnu/libdatrie.so.1.3.3
7f86c2b6a000-7f86c2b6f000 r-xp 00000000 08:03 34035872                   /usr/lib/x86_64-linux-gnu/libXdmcp.so.6.0.0
7f86c2b6f000-7f86c2d6e000 ---p 00005000 08:03 34035872                   /usr/lib/x86_64-linux-gnu/libXdmcp.so.6.0.0
7f86c2d6e000-7f86c2d6f000 r--p 00004000 08:03 34035872                   /usr/lib/x86_64-linux-gnu/libXdmcp.so.6.0.0
7f86c2d6f000-7f86c2d70000 rw-p 00005000 08:03 34035872                   /usr/lib/x86_64-linux-gnu/libXdmcp.so.6.0.0
7f86c2d70000-7f86c2d72000 r-xp 00000000 08:03 34035846                   /usr/lib/x86_64-linux-gnu/libXau.so.6.0.0
7f86c2d72000-7f86c2f72000 ---p 00002000 08:03 34035846                   /usr/lib/x86_64-linux-gnu/libXau.so.6.0.0
7f86c2f72000-7f86c2f73000 r--p 00002000 08:03 34035846                   /usr/lib/x86_64-linux-gnu/libXau.so.6.0.0
7f86c2f73000-7f86c2f74000 rw-p 00003000 08:03 34035846                   /usr/lib/x86_64-linux-gnu/libXau.so.6.0.0
7f86c2f74000-7f86c2f98000 r-xp 00000000 08:03 34151317                   /usr/lib/x86_64-linux-gnu/libgraphite2.so.3.0.1
7f86c2f98000-7f86c3197000 ---p 00024000 08:03 34151317                   /usr/lib/x86_64-linux-gnu/libgraphite2.so.3.0.1
7f86c3197000-7f86c3199000 r--p 00023000 08:03 34151317                   /usr/lib/x86_64-linux-gnu/libgraphite2.so.3.0.1
7f86c3199000-7f86c319a000 rw-p 00025000 08:03 34151317                   /usr/lib/x86_64-linux-gnu/libgraphite2.so.3.0.1
7f86c319a000-7f86c31aa000 r-xp 00000000 08:03 33713623                   /usr/lib/x86_64-linux-gnu/libdrm.so.2.4.0
7f86c31aa000-7f86c33a9000 ---p 00010000 08:03 33713623                   /usr/lib/x86_64-linux-gnu/libdrm.so.2.4.0
7f86c33a9000-7f86c33aa000 r--p 0000f000 08:03 33713623                   /usr/lib/x86_64-linux-gnu/libdrm.so.2.4.0
7f86c33aa000-7f86c33ab000 rw-p 00010000 08:03 33713623                   /usr/lib/x86_64-linux-gnu/libdrm.so.2.4.0
7f86c33ab000-7f86c33af000 r-xp 00000000 08:03 34258681                   /usr/lib/x86_64-linux-gnu/libxcb-dri2.so.0.0.0
7f86c33af000-7f86c35ae000 ---p 00004000 08:03 34258681                   /usr/lib/x86_64-linux-gnu/libxcb-dri2.so.0.0.0
7f86c35ae000-7f86c35af000 r--p 00003000 08:03 34258681                   /usr/lib/x86_64-linux-gnu/libxcb-dri2.so.0.0.0
7f86c35af000-7f86c35b0000 rw-p 00004000 08:03 34258681                   /usr/lib/x86_64-linux-gnu/libxcb-dri2.so.0.0.0
7f86c35b0000-7f86c35c7000 r-xp 00000000 08:03 34421015                   /usr/lib/x86_64-linux-gnu/libxcb-glx.so.0.0.0
7f86c35c7000-7f86c37c6000 ---p 00017000 08:03 34421015                   /usr/lib/x86_64-linux-gnu/libxcb-glx.so.0.0.0
7f86c37c6000-7f86c37c8000 r--p 00016000 08:03 34421015                   /usr/lib/x86_64-linux-gnu/libxcb-glx.so.0.0.0
7f86c37c8000-7f86c37c9000 rw-p 00018000 08:03 34421015                   /usr/lib/x86_64-linux-gnu/libxcb-glx.so.0.0.0
7f86c37c9000-7f86c37ca000 r-xp 00000000 08:03 34258678                   /usr/lib/x86_64-linux-gnu/libX11-xcb.so.1.0.0
7f86c37ca000-7f86c39c9000 ---p 00001000 08:03 34258678                   /usr/lib/x86_64-linux-gnu/libX11-xcb.so.1.0.0
7f86c39c9000-7f86c39ca000 r--p 00000000 08:03 34258678                   /usr/lib/x86_64-linux-gnu/libX11-xcb.so.1.0.0
7f86c39ca000-7f86c39cb000 rw-p 00001000 08:03 34258678                   /usr/lib/x86_64-linux-gnu/libX11-xcb.so.1.0.0
7f86c39cb000-7f86c39f5000 r-xp 00000000 08:03 33571056                   /usr/lib/x86_64-linux-gnu/libglapi.so.0.0.0
7f86c39f5000-7f86c3bf4000 ---p 0002a000 08:03 33571056                   /usr/lib/x86_64-linux-gnu/libglapi.so.0.0.0
7f86c3bf4000-7f86c3bf8000 r--p 00029000 08:03 33571056                   /usr/lib/x86_64-linux-gnu/libglapi.so.0.0.0
7f86c3bf8000-7f86c3bf9000 rw-p 0002d000 08:03 33571056                   /usr/lib/x86_64-linux-gnu/libglapi.so.0.0.0
7f86c3bf9000-7f86c3bfa000 rw-p 00000000 00:00 0 
7f86c3bfa000-7f86c3bfb000 r-xp 00000000 08:03 34261681                   /usr/lib/x86_64-linux-gnu/libxshmfence.so.1.0.0
7f86c3bfb000-7f86c3dfb000 ---p 00001000 08:03 34261681                   /usr/lib/x86_64-linux-gnu/libxshmfence.so.1.0.0
7f86c3dfb000-7f86c3dfc000 r--p 00001000 08:03 34261681                   /usr/lib/x86_64-linux-gnu/libxshmfence.so.1.0.0
7f86c3dfc000-7f86c3dfd000 rw-p 00002000 08:03 34261681                   /usr/lib/x86_64-linux-gnu/libxshmfence.so.1.0.0
7f86c3dfd000-7f86c3e02000 r-xp 00000000 08:03 34261671                   /usr/lib/x86_64-linux-gnu/libxcb-sync.so.1.0.0
7f86c3e02000-7f86c4002000 ---p 00005000 08:03 34261671                   /usr/lib/x86_64-linux-gnu/libxcb-sync.so.1.0.0
7f86c4002000-7f86c4003000 r--p 00005000 08:03 34261671                   /usr/lib/x86_64-linux-gnu/libxcb-sync.so.1.0.0
7f86c4003000-7f86c4004000 rw-p 00006000 08:03 34261671                   /usr/lib/x86_64-linux-gnu/libxcb-sync.so.1.0.0
7f86c4004000-7f86c4006000 r-xp 00000000 08:03 34261666                   /usr/lib/x86_64-linux-gnu/libxcb-present.so.0.0.0
7f86c4006000-7f86c4205000 ---p 00002000 08:03 34261666                   /usr/lib/x86_64-linux-gnu/libxcb-present.so.0.0.0
7f86c4205000-7f86c4206000 r--p 00001000 08:03 34261666                   /usr/lib/x86_64-linux-gnu/libxcb-present.so.0.0.0
7f86c4206000-7f86c4207000 rw-p 00002000 08:03 34261666                   /usr/lib/x86_64-linux-gnu/libxcb-present.so.0.0.0
7f86c4207000-7f86c4209000 r-xp 00000000 08:03 34258686                   /usr/lib/x86_64-linux-gnu/libxcb-dri3.so.0.0.0
7f86c4209000-7f86c4408000 ---p 00002000 08:03 34258686                   /usr/lib/x86_64-linux-gnu/libxcb-dri3.so.0.0.0
7f86c4408000-7f86c4409000 r--p 00001000 08:03 34258686                   /usr/lib/x86_64-linux-gnu/libxcb-dri3.so.0.0.0
7f86c4409000-7f86c440a000 rw-p 00002000 08:03 34258686                   /usr/lib/x86_64-linux-gnu/libxcb-dri3.so.0.0.0
7f86c440a000-7f86c4478000 r-xp 00000000 08:03 33570033                   /lib/x86_64-linux-gnu/libpcre.so.3.13.2
7f86c4478000-7f86c4678000 ---p 0006e000 08:03 33570033                   /lib/x86_64-linux-gnu/libpcre.so.3.13.2
7f86c4678000-7f86c4679000 r--p 0006e000 08:03 33570033                   /lib/x86_64-linux-gnu/libpcre.so.3.13.2
7f86c4679000-7f86c467a000 rw-p 0006f000 08:03 33570033                   /lib/x86_64-linux-gnu/libpcre.so.3.13.2
7f86c467a000-7f86c4681000 r-xp 00000000 08:03 33648829                   /usr/lib/x86_64-linux-gnu/libffi.so.6.0.4
7f86c4681000-7f86c4880000 ---p 00007000 08:03 33648829                   /usr/lib/x86_64-linux-gnu/libffi.so.6.0.4
7f86c4880000-7f86c4881000 r--p 00006000 08:03 33648829                   /usr/lib/x86_64-linux-gnu/libffi.so.6.0.4
7f86c4881000-7f86c4882000 rw-p 00007000 08:03 33648829                   /usr/lib/x86_64-linux-gnu/libffi.so.6.0.4
7f86c4882000-7f86c48a8000 r-xp 00000000 08:03 33922161                   /lib/x86_64-linux-gnu/libexpat.so.1.6.0
7f86c48a8000-7f86c4aa8000 ---p 00026000 08:03 33922161                   /lib/x86_64-linux-gnu/libexpat.so.1.6.0
7f86c4aa8000-7f86c4aaa000 r--p 00026000 08:03 33922161                   /lib/x86_64-linux-gnu/libexpat.so.1.6.0
7f86c4aaa000-7f86c4aab000 rw-p 00028000 08:03 33922161                   /lib/x86_64-linux-gnu/libexpat.so.1.6.0
7f86c4aab000-7f86c4ab3000 r-xp 00000000 08:03 34154444                   /usr/lib/x86_64-linux-gnu/libthai.so.0.2.4
7f86c4ab3000-7f86c4cb2000 ---p 00008000 08:03 34154444                   /usr/lib/x86_64-linux-gnu/libthai.so.0.2.4
7f86c4cb2000-7f86c4cb3000 r--p 00007000 08:03 34154444                   /usr/lib/x86_64-linux-gnu/libthai.so.0.2.4
7f86c4cb3000-7f86c4cb4000 rw-p 00008000 08:03 34154444                   /usr/lib/x86_64-linux-gnu/libthai.so.0.2.4
7f86c4cb4000-7f86c4cd5000 r-xp 00000000 08:03 34035901                   /usr/lib/x86_64-linux-gnu/libxcb.so.1.1.0
7f86c4cd5000-7f86c4ed4000 ---p 00021000 08:03 34035901                   /usr/lib/x86_64-linux-gnu/libxcb.so.1.1.0
7f86c4ed4000-7f86c4ed5000 r--p 00020000 08:03 34035901                   /usr/lib/x86_64-linux-gnu/libxcb.so.1.1.0
7f86c4ed5000-7f86c4ed6000 rw-p 00021000 08:03 34035901                   /usr/lib/x86_64-linux-gnu/libxcb.so.1.1.0
7f86c4ed6000-7f86c4ede000 r-xp 00000000 08:03 34080400                   /usr/lib/x86_64-linux-gnu/libxcb-render.so.0.0.0
7f86c4ede000-7f86c50de000 ---p 00008000 08:03 34080400                   /usr/lib/x86_64-linux-gnu/libxcb-render.so.0.0.0
7f86c50de000-7f86c50df000 r--p 00008000 08:03 34080400                   /usr/lib/x86_64-linux-gnu/libxcb-render.so.0.0.0
7f86c50df000-7f86c50e0000 rw-p 00009000 08:03 34080400                   /usr/lib/x86_64-linux-gnu/libxcb-render.so.0.0.0
7f86c50e0000-7f86c50e2000 r-xp 00000000 08:03 34080404                   /usr/lib/x86_64-linux-gnu/libxcb-shm.so.0.0.0
7f86c50e2000-7f86c52e2000 ---p 00002000 08:03 34080404                   /usr/lib/x86_64-linux-gnu/libxcb-shm.so.0.0.0
7f86c52e2000-7f86c52e3000 r--p 00002000 08:03 34080404                   /usr/lib/x86_64-linux-gnu/libxcb-shm.so.0.0.0
7f86c52e3000-7f86c52e4000 rw-p 00003000 08:03 34080404                   /usr/lib/x86_64-linux-gnu/libxcb-shm.so.0.0.0
7f86c52e4000-7f86c5308000 r-xp 00000000 08:03 33687915                   /lib/x86_64-linux-gnu/libpng12.so.0.54.0
7f86c5308000-7f86c5507000 ---p 00024000 08:03 33687915                   /lib/x86_64-linux-gnu/libpng12.so.0.54.0
7f86c5507000-7f86c5508000 r--p 00023000 08:03 33687915                   /lib/x86_64-linux-gnu/libpng12.so.0.54.0
7f86c5508000-7f86c5509000 rw-p 00024000 08:03 33687915                   /lib/x86_64-linux-gnu/libpng12.so.0.54.0
7f86c5509000-7f86c55a8000 r-xp 00000000 08:03 34080395                   /usr/lib/x86_64-linux-gnu/libpixman-1.so.0.33.6
7f86c55a8000-7f86c57a8000 ---p 0009f000 08:03 34080395                   /usr/lib/x86_64-linux-gnu/libpixman-1.so.0.33.6
7f86c57a8000-7f86c57b0000 r--p 0009f000 08:03 34080395                   /usr/lib/x86_64-linux-gnu/libpixman-1.so.0.33.6
7f86c57b0000-7f86c57b1000 rw-p 000a7000 08:03 34080395                   /usr/lib/x86_64-linux-gnu/libpixman-1.so.0.33.6
7f86c57b1000-7f86c580d000 r-xp 00000000 08:03 34154460                   /usr/lib/x86_64-linux-gnu/libharfbuzz.so.0.10000.1
7f86c580d000-7f86c5a0d000 ---p 0005c000 08:03 34154460                   /usr/lib/x86_64-linux-gnu/libharfbuzz.so.0.10000.1
7f86c5a0d000-7f86c5a0e000 r--p 0005c000 08:03 34154460                   /usr/lib/x86_64-linux-gnu/libharfbuzz.so.0.10000.1
7f86c5a0e000-7f86c5a0f000 rw-p 0005d000 08:03 34154460                   /usr/lib/x86_64-linux-gnu/libharfbuzz.so.0.10000.1
7f86c5a0f000-7f86c5a26000 r-xp 00000000 08:03 33570503                   /lib/x86_64-linux-gnu/libresolv-2.23.so
7f86c5a26000-7f86c5c26000 ---p 00017000 08:03 33570503                   /lib/x86_64-linux-gnu/libresolv-2.23.so
7f86c5c26000-7f86c5c27000 r--p 00017000 08:03 33570503                   /lib/x86_64-linux-gnu/libresolv-2.23.so
7f86c5c27000-7f86c5c28000 rw-p 00018000 08:03 33570503                   /lib/x86_64-linux-gnu/libresolv-2.23.so
7f86c5c28000-7f86c5c2a000 rw-p 00000000 00:00 0 
7f86c5c2a000-7f86c5c49000 r-xp 00000000 08:03 33570049                   /lib/x86_64-linux-gnu/libselinux.so.1
7f86c5c49000-7f86c5e48000 ---p 0001f000 08:03 33570049                   /lib/x86_64-linux-gnu/libselinux.so.1
7f86c5e48000-7f86c5e49000 r--p 0001e000 08:03 33570049                   /lib/x86_64-linux-gnu/libselinux.so.1
7f86c5e49000-7f86c5e4a000 rw-p 0001f000 08:03 33570049                   /lib/x86_64-linux-gnu/libselinux.so.1
7f86c5e4a000-7f86c5e4c000 rw-p 00000000 00:00 0 
7f86c5e4c000-7f86c5e65000 r-xp 00000000 08:03 33570329                   /lib/x86_64-linux-gnu/libz.so.1.2.8
7f86c5e65000-7f86c6064000 ---p 00019000 08:03 33570329                   /lib/x86_64-linux-gnu/libz.so.1.2.8
7f86c6064000-7f86c6065000 r--p 00018000 08:03 33570329                   /lib/x86_64-linux-gnu/libz.so.1.2.8
7f86c6065000-7f86c6066000 rw-p 00019000 08:03 33570329                   /lib/x86_64-linux-gnu/libz.so.1.2.8
7f86c6066000-7f86c6077000 r-xp 00000000 08:03 34034192                   /usr/lib/x86_64-linux-gnu/libXext.so.6.4.0
7f86c6077000-7f86c6276000 ---p 00011000 08:03 34034192                   /usr/lib/x86_64-linux-gnu/libXext.so.6.4.0
7f86c6276000-7f86c6277000 r--p 00010000 08:03 34034192                   /usr/lib/x86_64-linux-gnu/libXext.so.6.4.0
7f86c6277000-7f86c6278000 rw-p 00011000 08:03 34034192                   /usr/lib/x86_64-linux-gnu/libXext.so.6.4.0
7f86c6278000-7f86c627a000 r-xp 00000000 08:03 34344623                   /usr/lib/x86_64-linux-gnu/libXdamage.so.1.1.0
7f86c627a000-7f86c6479000 ---p 00002000 08:03 34344623                   /usr/lib/x86_64-linux-gnu/libXdamage.so.1.1.0
7f86c6479000-7f86c647a000 r--p 00001000 08:03 34344623                   /usr/lib/x86_64-linux-gnu/libXdamage.so.1.1.0
7f86c647a000-7f86c647b000 rw-p 00002000 08:03 34344623                   /usr/lib/x86_64-linux-gnu/libXdamage.so.1.1.0
7f86c647b000-7f86c647d000 r-xp 00000000 08:03 34344619                   /usr/lib/x86_64-linux-gnu/libXcomposite.so.1.0.0
7f86c647d000-7f86c667c000 ---p 00002000 08:03 34344619                   /usr/lib/x86_64-linux-gnu/libXcomposite.so.1.0.0
7f86c667c000-7f86c667d000 r--p 00001000 08:03 34344619                   /usr/lib/x86_64-linux-gnu/libXcomposite.so.1.0.0
7f86c667d000-7f86c667e000 rw-p 00002000 08:03 34344619                   /usr/lib/x86_64-linux-gnu/libXcomposite.so.1.0.0
7f86c667e000-7f86c6687000 r-xp 00000000 08:03 34344629                   /usr/lib/x86_64-linux-gnu/libXcursor.so.1.0.2
7f86c6687000-7f86c6886000 ---p 00009000 08:03 34344629                   /usr/lib/x86_64-linux-gnu/libXcursor.so.1.0.2
7f86c6886000-7f86c6887000 r--p 00008000 08:03 34344629                   /usr/lib/x86_64-linux-gnu/libXcursor.so.1.0.2
7f86c6887000-7f86c6888000 rw-p 00009000 08:03 34344629                   /usr/lib/x86_64-linux-gnu/libXcursor.so.1.0.2
7f86c6888000-7f86c6892000 r-xp 00000000 08:03 34344650                   /usr/lib/x86_64-linux-gnu/libXrandr.so.2.2.0
7f86c6892000-7f86c6a91000 ---p 0000a000 08:03 34344650                   /usr/lib/x86_64-linux-gnu/libXrandr.so.2.2.0
7f86c6a91000-7f86c6a92000 r--p 00009000 08:03 34344650                   /usr/lib/x86_64-linux-gnu/libXrandr.so.2.2.0
7f86c6a92000-7f86c6a93000 rw-p 0000a000 08:03 34344650                   /usr/lib/x86_64-linux-gnu/libXrandr.so.2.2.0
7f86c6a93000-7f86c6aa2000 r-xp 00000000 08:03 34344639                   /usr/lib/x86_64-linux-gnu/libXi.so.6.1.0
7f86c6aa2000-7f86c6ca1000 ---p 0000f000 08:03 34344639                   /usr/lib/x86_64-linux-gnu/libXi.so.6.1.0
7f86c6ca1000-7f86c6ca2000 r--p 0000e000 08:03 34344639                   /usr/lib/x86_64-linux-gnu/libXi.so.6.1.0
7f86c6ca2000-7f86c6ca3000 rw-p 0000f000 08:03 34344639                   /usr/lib/x86_64-linux-gnu/libXi.so.6.1.0
7f86c6ca3000-7f86c6ca5000 r-xp 00000000 08:03 34344633                   /usr/lib/x86_64-linux-gnu/libXinerama.so.1.0.0
7f86c6ca5000-7f86c6ea4000 ---p 00002000 08:03 34344633                   /usr/lib/x86_64-linux-gnu/libXinerama.so.1.0.0
7f86c6ea4000-7f86c6ea5000 r--p 00001000 08:03 34344633                   /usr/lib/x86_64-linux-gnu/libXinerama.so.1.0.0
7f86c6ea5000-7f86c6ea6000 rw-p 00002000 08:03 34344633                   /usr/lib/x86_64-linux-gnu/libXinerama.so.1.0.0
7f86c6ea6000-7f86c6eaf000 r-xp 00000000 08:03 34080407                   /usr/lib/x86_64-linux-gnu/libXrender.so.1.3.0
7f86c6eaf000-7f86c70ae000 ---p 00009000 08:03 34080407                   /usr/lib/x86_64-linux-gnu/libXrender.so.1.3.0
7f86c70ae000-7f86c70af000 r--p 00008000 08:03 34080407                   /usr/lib/x86_64-linux-gnu/libXrender.so.1.3.0
7f86c70af000-7f86c70b0000 rw-p 00009000 08:03 34080407                   /usr/lib/x86_64-linux-gnu/libXrender.so.1.3.0
7f86c70b0000-7f86c70b5000 r-xp 00000000 08:03 34344613                   /usr/lib/x86_64-linux-gnu/libXfixes.so.3.1.0
7f86c70b5000-7f86c72b4000 ---p 00005000 08:03 34344613                   /usr/lib/x86_64-linux-gnu/libXfixes.so.3.1.0
7f86c72b4000-7f86c72b5000 r--p 00004000 08:03 34344613                   /usr/lib/x86_64-linux-gnu/libXfixes.so.3.1.0
7f86c72b5000-7f86c72b6000 rw-p 00005000 08:03 34344613                   /usr/lib/x86_64-linux-gnu/libXfixes.so.3.1.0
7f86c72b6000-7f86c72cc000 r-xp 00000000 08:03 33569974                   /lib/x86_64-linux-gnu/libgcc_s.so.1
7f86c72cc000-7f86c74cb000 ---p 00016000 08:03 33569974                   /lib/x86_64-linux-gnu/libgcc_s.so.1
7f86c74cb000-7f86c74cc000 rw-p 00015000 08:03 33569974                   /lib/x86_64-linux-gnu/libgcc_s.so.1
7f86c74cc000-7f86c763e000 r-xp 00000000 08:03 33646122                   /usr/lib/x86_64-linux-gnu/libstdc++.so.6.0.21
7f86c763e000-7f86c783e000 ---p 00172000 08:03 33646122                   /usr/lib/x86_64-linux-gnu/libstdc++.so.6.0.21
7f86c783e000-7f86c7848000 r--p 00172000 08:03 33646122                   /usr/lib/x86_64-linux-gnu/libstdc++.so.6.0.21
7f86c7848000-7f86c784a000 rw-p 0017c000 08:03 33646122                   /usr/lib/x86_64-linux-gnu/libstdc++.so.6.0.21
7f86c784a000-7f86c784e000 rw-p 00000000 00:00 0 
7f86c784e000-7f86c78bc000 r-xp 00000000 08:03 71358372                   /usr/lib/x86_64-linux-gnu/mesa/libGL.so.1.2.0
7f86c78bc000-7f86c7abb000 ---p 0006e000 08:03 71358372                   /usr/lib/x86_64-linux-gnu/mesa/libGL.so.1.2.0
7f86c7abb000-7f86c7abe000 r--p 0006d000 08:03 71358372                   /usr/lib/x86_64-linux-gnu/mesa/libGL.so.1.2.0
7f86c7abe000-7f86c7abf000 rw-p 00070000 08:03 71358372                   /usr/lib/x86_64-linux-gnu/mesa/libGL.so.1.2.0
7f86c7abf000-7f86c7ac0000 rw-p 00000000 00:00 0 
7f86c7ac0000-7f86c7ac5000 r-xp 00000000 08:03 34421024                   /usr/lib/x86_64-linux-gnu/libXxf86vm.so.1.0.0
7f86c7ac5000-7f86c7cc4000 ---p 00005000 08:03 34421024                   /usr/lib/x86_64-linux-gnu/libXxf86vm.so.1.0.0
7f86c7cc4000-7f86c7cc5000 r--p 00004000 08:03 34421024                   /usr/lib/x86_64-linux-gnu/libXxf86vm.so.1.0.0
7f86c7cc5000-7f86c7cc6000 rw-p 00005000 08:03 34421024                   /usr/lib/x86_64-linux-gnu/libXxf86vm.so.1.0.0
7f86c7cc6000-7f86c7dfb000 r-xp 00000000 08:03 34034189                   /usr/lib/x86_64-linux-gnu/libX11.so.6.3.0
7f86c7dfb000-7f86c7ffb000 ---p 00135000 08:03 34034189                   /usr/lib/x86_64-linux-gnu/libX11.so.6.3.0
7f86c7ffb000-7f86c7ffc000 r--p 00135000 08:03 34034189                   /usr/lib/x86_64-linux-gnu/libX11.so.6.3.0
7f86c7ffc000-7f86c8000000 rw-p 00136000 08:03 34034189                   /usr/lib/x86_64-linux-gnu/libX11.so.6.3.0
7f86c8000000-7f86c8021000 rw-p 00000000 00:00 0 
7f86c8021000-7f86cc000000 ---p 00000000 00:00 0 
7f86cc000000-7f86d0000000 rw-p 00000000 00:00 0 
7f86d0000000-7f86d09dd000 rw-p 00000000 00:00 0 
7f86d09dd000-7f86d4000000 ---p 00000000 00:00 0 
7f86d4000000-7f86d4021000 rw-p 00000000 00:00 0 
7f86d4021000-7f86d8000000 ---p 00000000 00:00 0 
7f86d8000000-7f86d93d5000 rw-p 00000000 00:00 0 
7f86d93d5000-7f86dc000000 ---p 00000000 00:00 0 
7f86dc000000-7f86dd3c2000 rw-p 00000000 00:00 0 
7f86dd3c2000-7f86e0000000 ---p 00000000 00:00 0 
7f86e0000000-7f86e0021000 rw-p 00000000 00:00 0 
7f86e0021000-7f86e4000000 ---p 00000000 00:00 0 
7f86e4000000-7f86e63f1000 rw-p 00000000 00:00 0 
7f86e63f1000-7f86e8000000 ---p 00000000 00:00 0 
7f86e8000000-7f86e8021000 rw-p 00000000 00:00 0 
7f86e8021000-7f86ec000000 ---p 00000000 00:00 0 
7f86ec000000-7f86ec021000 rw-p 00000000 00:00 0 
7f86ec021000-7f86f0000000 ---p 00000000 00:00 0 
7f86f0000000-7f86f0021000 rw-p 00000000 00:00 0 
7f86f0021000-7f86f4000000 ---p 00000000 00:00 0 
7f86f4002000-7f86f4009000 r--s 00000000 08:03 37737483                   /var/cache/fontconfig/3047814df9a2f067bd2d96a2b9c36e5a-le64.cache-6
7f86f4009000-7f86f400e000 r-xp 00000000 08:03 34640110                   /usr/lib/x86_64-linux-gnu/libXtst.so.6.1.0
7f86f400e000-7f86f420d000 ---p 00005000 08:03 34640110                   /usr/lib/x86_64-linux-gnu/libXtst.so.6.1.0
7f86f420d000-7f86f420e000 r--p 00004000 08:03 34640110                   /usr/lib/x86_64-linux-gnu/libXtst.so.6.1.0
7f86f420e000-7f86f420f000 rw-p 00005000 08:03 34640110                   /usr/lib/x86_64-linux-gnu/libXtst.so.6.1.0
7f86f420f000-7f86f431e000 r-xp 00000000 08:03 33570867                   /lib/x86_64-linux-gnu/libglib-2.0.so.0.4800.2
7f86f431e000-7f86f451d000 ---p 0010f000 08:03 33570867                   /lib/x86_64-linux-gnu/libglib-2.0.so.0.4800.2
7f86f451d000-7f86f451e000 r--p 0010e000 08:03 33570867                   /lib/x86_64-linux-gnu/libglib-2.0.so.0.4800.2
7f86f451e000-7f86f451f000 rw-p 0010f000 08:03 33570867                   /lib/x86_64-linux-gnu/libglib-2.0.so.0.4800.2
7f86f451f000-7f8704000000 rw-p 00000000 00:00 0 
7f8704000000-7f8704021000 rw-p 00000000 00:00 0 
7f8704021000-7f8708000000 ---p 00000000 00:00 0 
7f8708003000-7f8708024000 r--s 00000000 08:03 37593926                   /var/cache/fontconfig/467c019e582ee353435ea5c21d137ef6-le64.cache-6
7f8708024000-7f870804a000 r--p 00000000 08:03 34047513                   /usr/share/locale-langpack/fr/LC_MESSAGES/libc.mo
7f870804a000-7f870804b000 r-xp 00000000 08:03 33570869                   /usr/lib/x86_64-linux-gnu/libgthread-2.0.so.0.4800.2
7f870804b000-7f870824a000 ---p 00001000 08:03 33570869                   /usr/lib/x86_64-linux-gnu/libgthread-2.0.so.0.4800.2
7f870824a000-7f870824b000 r--p 00000000 08:03 33570869                   /usr/lib/x86_64-linux-gnu/libgthread-2.0.so.0.4800.2
7f870824b000-7f870824c000 rw-p 00001000 08:03 33570869                   /usr/lib/x86_64-linux-gnu/libgthread-2.0.so.0.4800.2
7f870824c000-7f870824f000 r-xp 00000000 08:03 33570868                   /usr/lib/x86_64-linux-gnu/libgmodule-2.0.so.0.4800.2
7f870824f000-7f870844e000 ---p 00003000 08:03 33570868                   /usr/lib/x86_64-linux-gnu/libgmodule-2.0.so.0.4800.2
7f870844e000-7f870844f000 r--p 00002000 08:03 33570868                   /usr/lib/x86_64-linux-gnu/libgmodule-2.0.so.0.4800.2
7f870844f000-7f8708450000 rw-p 00003000 08:03 33570868                   /usr/lib/x86_64-linux-gnu/libgmodule-2.0.so.0.4800.2
7f8708450000-7f87084a2000 r-xp 00000000 08:03 33570870                   /usr/lib/x86_64-linux-gnu/libgobject-2.0.so.0.4800.2
7f87084a2000-7f87086a1000 ---p 00052000 08:03 33570870                   /usr/lib/x86_64-linux-gnu/libgobject-2.0.so.0.4800.2
7f87086a1000-7f87086a2000 r--p 00051000 08:03 33570870                   /usr/lib/x86_64-linux-gnu/libgobject-2.0.so.0.4800.2
7f87086a2000-7f87086a3000 rw-p 00052000 08:03 33570870                   /usr/lib/x86_64-linux-gnu/libgobject-2.0.so.0.4800.2
7f87086a3000-7f87086e0000 r-xp 00000000 08:03 34075569                   /usr/lib/x86_64-linux-gnu/libfontconfig.so.1.9.0
7f87086e0000-7f87088df000 ---p 0003d000 08:03 34075569                   /usr/lib/x86_64-linux-gnu/libfontconfig.so.1.9.0
7f87088df000-7f87088e1000 r--p 0003c000 08:03 34075569                   /usr/lib/x86_64-linux-gnu/libfontconfig.so.1.9.0
7f87088e1000-7f87088e6000 rw-p 0003e000 08:03 34075569                   /usr/lib/x86_64-linux-gnu/libfontconfig.so.1.9.0
7f87088e6000-7f870898a000 r-xp 00000000 08:03 34075575                   /usr/lib/x86_64-linux-gnu/libfreetype.so.6.12.1
7f870898a000-7f8708b89000 ---p 000a4000 08:03 34075575                   /usr/lib/x86_64-linux-gnu/libfreetype.so.6.12.1
7f8708b89000-7f8708b8f000 r--p 000a3000 08:03 34075575                   /usr/lib/x86_64-linux-gnu/libfreetype.so.6.12.1
7f8708b8f000-7f8708b90000 rw-p 000a9000 08:03 34075575                   /usr/lib/x86_64-linux-gnu/libfreetype.so.6.12.1
7f8708b90000-7f8708bd9000 r-xp 00000000 08:03 34154450                   /usr/lib/x86_64-linux-gnu/libpango-1.0.so.0.3800.1
7f8708bd9000-7f8708dd9000 ---p 00049000 08:03 34154450                   /usr/lib/x86_64-linux-gnu/libpango-1.0.so.0.3800.1
7f8708dd9000-7f8708ddb000 r--p 00049000 08:03 34154450                   /usr/lib/x86_64-linux-gnu/libpango-1.0.so.0.3800.1
7f8708ddb000-7f8708ddc000 rw-p 0004b000 08:03 34154450                   /usr/lib/x86_64-linux-gnu/libpango-1.0.so.0.3800.1
7f8708ddc000-7f8708eea000 r-xp 00000000 08:03 34080413                   /usr/lib/x86_64-linux-gnu/libcairo.so.2.11400.6
7f8708eea000-7f87090ea000 ---p 0010e000 08:03 34080413                   /usr/lib/x86_64-linux-gnu/libcairo.so.2.11400.6
7f87090ea000-7f87090ed000 r--p 0010e000 08:03 34080413                   /usr/lib/x86_64-linux-gnu/libcairo.so.2.11400.6
7f87090ed000-7f87090ee000 rw-p 00111000 08:03 34080413                   /usr/lib/x86_64-linux-gnu/libcairo.so.2.11400.6
7f87090ee000-7f87090f0000 rw-p 00000000 00:00 0 
7f87090f0000-7f87090fc000 r-xp 00000000 08:03 34158089                   /usr/lib/x86_64-linux-gnu/libpangocairo-1.0.so.0.3800.1
7f87090fc000-7f87092fb000 ---p 0000c000 08:03 34158089                   /usr/lib/x86_64-linux-gnu/libpangocairo-1.0.so.0.3800.1
7f87092fb000-7f87092fc000 r--p 0000b000 08:03 34158089                   /usr/lib/x86_64-linux-gnu/libpangocairo-1.0.so.0.3800.1
7f87092fc000-7f87092fd000 rw-p 0000c000 08:03 34158089                   /usr/lib/x86_64-linux-gnu/libpangocairo-1.0.so.0.3800.1
7f87092fd000-7f870931e000 r-xp 00000000 08:03 33583084                   /usr/lib/x86_64-linux-gnu/libgdk_pixbuf-2.0.so.0.3200.2
7f870931e000-7f870951d000 ---p 00021000 08:03 33583084                   /usr/lib/x86_64-linux-gnu/libgdk_pixbuf-2.0.so.0.3200.2
7f870951d000-7f870951e000 r--p 00020000 08:03 33583084                   /usr/lib/x86_64-linux-gnu/libgdk_pixbuf-2.0.so.0.3200.2
7f870951e000-7f870951f000 rw-p 00021000 08:03 33583084                   /usr/lib/x86_64-linux-gnu/libgdk_pixbuf-2.0.so.0.3200.2
7f870951f000-7f8709533000 r-xp 00000000 08:03 34158081                   /usr/lib/x86_64-linux-gnu/libpangoft2-1.0.so.0.3800.1
7f8709533000-7f8709733000 ---p 00014000 08:03 34158081                   /usr/lib/x86_64-linux-gnu/libpangoft2-1.0.so.0.3800.1
7f8709733000-7f8709734000 r--p 00014000 08:03 34158081                   /usr/lib/x86_64-linux-gnu/libpangoft2-1.0.so.0.3800.1
7f8709734000-7f8709735000 rw-p 00015000 08:03 34158081                   /usr/lib/x86_64-linux-gnu/libpangoft2-1.0.so.0.3800.1
7f8709735000-7f87098b5000 r-xp 00000000 08:03 33570871                   /usr/lib/x86_64-linux-gnu/libgio-2.0.so.0.4800.2
7f87098b5000-7f8709ab5000 ---p 00180000 08:03 33570871                   /usr/lib/x86_64-linux-gnu/libgio-2.0.so.0.4800.2
7f8709ab5000-7f8709ab9000 r--p 00180000 08:03 33570871                   /usr/lib/x86_64-linux-gnu/libgio-2.0.so.0.4800.2
7f8709ab9000-7f8709abb000 rw-p 00184000 08:03 33570871                   /usr/lib/x86_64-linux-gnu/libgio-2.0.so.0.4800.2
7f8709abb000-7f8709abd000 rw-p 00000000 00:00 0 
7f8709abd000-7f8709adf000 r-xp 00000000 08:03 34244691                   /usr/lib/x86_64-linux-gnu/libatk-1.0.so.0.21809.1
7f8709adf000-7f8709cde000 ---p 00022000 08:03 34244691                   /usr/lib/x86_64-linux-gnu/libatk-1.0.so.0.21809.1
7f8709cde000-7f8709ce1000 r--p 00021000 08:03 34244691                   /usr/lib/x86_64-linux-gnu/libatk-1.0.so.0.21809.1
7f8709ce1000-7f8709ce2000 rw-p 00024000 08:03 34244691                   /usr/lib/x86_64-linux-gnu/libatk-1.0.so.0.21809.1
7f8709ce2000-7f8709d92000 r-xp 00000000 08:03 34391839                   /usr/lib/x86_64-linux-gnu/libgdk-x11-2.0.so.0.2400.30
7f8709d92000-7f8709f91000 ---p 000b0000 08:03 34391839                   /usr/lib/x86_64-linux-gnu/libgdk-x11-2.0.so.0.2400.30
7f8709f91000-7f8709f95000 r--p 000af000 08:03 34391839                   /usr/lib/x86_64-linux-gnu/libgdk-x11-2.0.so.0.2400.30
7f8709f95000-7f8709f97000 rw-p 000b3000 08:03 34391839                   /usr/lib/x86_64-linux-gnu/libgdk-x11-2.0.so.0.2400.30
7f8709f97000-7f870a3d5000 r-xp 00000000 08:03 34393737                   /usr/lib/x86_64-linux-gnu/libgtk-x11-2.0.so.0.2400.30
7f870a3d5000-7f870a5d4000 ---p 0043e000 08:03 34393737                   /usr/lib/x86_64-linux-gnu/libgtk-x11-2.0.so.0.2400.30
7f870a5d4000-7f870a5db000 r--p 0043d000 08:03 34393737                   /usr/lib/x86_64-linux-gnu/libgtk-x11-2.0.so.0.2400.30
7f870a5db000-7f870a5df000 rw-p 00444000 08:03 34393737                   /usr/lib/x86_64-linux-gnu/libgtk-x11-2.0.so.0.2400.30
7f870a5df000-7f870a5e2000 rw-p 00000000 00:00 0 
7f870a5e2000-7f870a5e3000 r--s 00000000 08:03 37737494                   /var/cache/fontconfig/0d8c3b2ac0904cb8a57a757ad11a4a08-le64.cache-6
7f870a5e3000-7f870a5e4000 r--s 00000000 08:03 37737491                   /var/cache/fontconfig/1ac9eb803944fde146138c791f5cc56a-le64.cache-6
7f870a5e4000-7f870a5ec000 r--s 00000000 08:03 37737482                   /var/cache/fontconfig/bf3b770c553c462765856025a94f1ce6-le64.cache-6
7f870a5ec000-7f870a602000 r--s 00000000 08:03 41371486                   /var/cache/fontconfig/e13b20fdb08344e0e664864cc2ede53d-le64.cache-6
7f870a602000-7f870a60e000 r-xp 00000000 08:03 71303457                   /usr/share/jdk1.8.0_91/jre/lib/amd64/libprism_es2.so
7f870a60e000-7f870a80d000 ---p 0000c000 08:03 71303457                   /usr/share/jdk1.8.0_91/jre/lib/amd64/libprism_es2.so
7f870a80d000-7f870a80e000 rw-p 0000b000 08:03 71303457                   /usr/share/jdk1.8.0_91/jre/lib/amd64/libprism_es2.so
7f870a80e000-7f870a811000 ---p 00000000 00:00 0 
7f870a811000-7f870a90f000 rw-p 00000000 00:00 0 
7f870a90f000-7f870a910000 ---p 00000000 00:00 0 
7f870a910000-7f870aa10000 rw-p 00000000 00:00 0 
7f870aa10000-7f870aa13000 ---p 00000000 00:00 0 
7f870aa13000-7f870ab11000 rw-p 00000000 00:00 0 
7f870ab11000-7f870ab14000 ---p 00000000 00:00 0 
7f870ab14000-7f870ac12000 rw-p 00000000 00:00 0 
7f870ac12000-7f870ac15000 ---p 00000000 00:00 0 
7f870ac15000-7f870ad13000 rw-p 00000000 00:00 0 
7f870ad13000-7f870ad16000 ---p 00000000 00:00 0 
7f870ad16000-7f870ae14000 rw-p 00000000 00:00 0 
7f870ae14000-7f870ae17000 ---p 00000000 00:00 0 
7f870ae17000-7f870af15000 rw-p 00000000 00:00 0 
7f870af15000-7f870af18000 ---p 00000000 00:00 0 
7f870af18000-7f870b016000 rw-p 00000000 00:00 0 
7f870b016000-7f870b2f3000 r--p 00000000 08:03 67144637                   /usr/lib/locale/locale-archive
7f870b2f3000-7f870b2f6000 ---p 00000000 00:00 0 
7f870b2f6000-7f870b3f4000 rw-p 00000000 00:00 0 
7f870b3f4000-7f870b3f7000 ---p 00000000 00:00 0 
7f870b3f7000-7f870b4f5000 rw-p 00000000 00:00 0 
7f870b4f5000-7f870b4f6000 ---p 00000000 00:00 0 
7f870b4f6000-7f870c000000 rw-p 00000000 00:00 0 
7f870c000000-7f870c021000 rw-p 00000000 00:00 0 
7f870c021000-7f8710000000 ---p 00000000 00:00 0 
7f8710000000-7f8710021000 rw-p 00000000 00:00 0 
7f8710021000-7f8714000000 ---p 00000000 00:00 0 
7f8714000000-7f8714021000 rw-p 00000000 00:00 0 
7f8714021000-7f8718000000 ---p 00000000 00:00 0 
7f8718000000-7f8718021000 rw-p 00000000 00:00 0 
7f8718021000-7f871c000000 ---p 00000000 00:00 0 
7f871c000000-7f871c021000 rw-p 00000000 00:00 0 
7f871c021000-7f8720000000 ---p 00000000 00:00 0 
7f8720000000-7f8720021000 rw-p 00000000 00:00 0 
7f8720021000-7f8724000000 ---p 00000000 00:00 0 
7f8724000000-7f8724021000 rw-p 00000000 00:00 0 
7f8724021000-7f8728000000 ---p 00000000 00:00 0 
7f8728000000-7f8728006000 r--s 00000000 08:03 37737479                   /var/cache/fontconfig/b47c4e1ecd0709278f4910c18777a504-le64.cache-6
7f8728006000-7f8728011000 r--s 00000000 08:03 37737472                   /var/cache/fontconfig/83bf95040141907cd45bb53cf7c1c148-le64.cache-6
7f8728011000-7f872801e000 r--s 00000000 08:03 37593928                   /var/cache/fontconfig/8f02d4cb045bd6ce15663e43f347c9f8-le64.cache-6
7f872801e000-7f87280b3000 r--s 01103000 08:03 102835431                  /usr/share/jdk1.8.0_91/jre/lib/ext/jfxrt.jar
7f87280b3000-7f872931b000 rw-p 00000000 00:00 0 
7f872931b000-7f87294f4000 r--s 03d1f000 08:03 71304087                   /usr/share/jdk1.8.0_91/jre/lib/rt.jar
7f87294f4000-7f872ad18000 rw-p 00000000 00:00 0 
7f872ad18000-7f872ad19000 ---p 00000000 00:00 0 
7f872ad19000-7f872ae19000 rw-p 00000000 00:00 0 
7f872ae19000-7f872ae1a000 ---p 00000000 00:00 0 
7f872ae1a000-7f872af1a000 rw-p 00000000 00:00 0 
7f872af1a000-7f872af1b000 ---p 00000000 00:00 0 
7f872af1b000-7f872b01b000 rw-p 00000000 00:00 0 
7f872b01b000-7f872b01c000 ---p 00000000 00:00 0 
7f872b01c000-7f872b11c000 rw-p 00000000 00:00 0 
7f872b11c000-7f872b11d000 ---p 00000000 00:00 0 
7f872b11d000-7f872b2c5000 rw-p 00000000 00:00 0 
7f872b2c5000-7f872bc91000 ---p 00000000 00:00 0 
7f872bc91000-7f872bd39000 rw-p 00000000 00:00 0 
7f872bd39000-7f872c705000 ---p 00000000 00:00 0 
7f872c705000-7f872c805000 rw-p 00000000 00:00 0 
7f872c805000-7f872cc3f000 ---p 00000000 00:00 0 
7f872cc3f000-7f872cc65000 rw-p 00000000 00:00 0 
7f872cc65000-7f872d000000 ---p 00000000 00:00 0 
7f872d000000-7f872d910000 rwxp 00000000 00:00 0 
7f872d910000-7f873c000000 ---p 00000000 00:00 0 
7f873c000000-7f873c42b000 rw-p 00000000 00:00 0 
7f873c42b000-7f8740000000 ---p 00000000 00:00 0 
7f8740000000-7f8740003000 r--s 00000000 08:03 37737488                   /var/cache/fontconfig/767a8244fc0220cfb567a839d0392e0b-le64.cache-6
7f8740003000-7f8740012000 r--p 00000000 08:03 37754517                   /usr/share/locale-langpack/fr/LC_MESSAGES/gtk20.mo
7f8740012000-7f87400b6000 rw-p 00000000 00:00 0 
7f87400b6000-7f87400b7000 ---p 00000000 00:00 0 
7f87400b7000-7f87401b7000 rw-p 00000000 00:00 0 
7f87401b7000-7f87401b8000 ---p 00000000 00:00 0 
7f87401b8000-7f87402b8000 rw-p 00000000 00:00 0 
7f87402b8000-7f87402b9000 ---p 00000000 00:00 0 
7f87402b9000-7f87403b9000 rw-p 00000000 00:00 0 
7f87403b9000-7f87403d3000 r-xp 00000000 08:03 71303463                   /usr/share/jdk1.8.0_91/jre/lib/amd64/libzip.so
7f87403d3000-7f87405d3000 ---p 0001a000 08:03 71303463                   /usr/share/jdk1.8.0_91/jre/lib/amd64/libzip.so
7f87405d3000-7f87405d4000 rw-p 0001a000 08:03 71303463                   /usr/share/jdk1.8.0_91/jre/lib/amd64/libzip.so
7f87405d4000-7f87405fe000 r-xp 00000000 08:03 71174144                   /usr/share/jdk1.8.0_91/jre/lib/amd64/libjava.so
7f87405fe000-7f87407fe000 ---p 0002a000 08:03 71174144                   /usr/share/jdk1.8.0_91/jre/lib/amd64/libjava.so
7f87407fe000-7f8740800000 rw-p 0002a000 08:03 71174144                   /usr/share/jdk1.8.0_91/jre/lib/amd64/libjava.so
7f8740800000-7f874080d000 r-xp 00000000 08:03 71303472                   /usr/share/jdk1.8.0_91/jre/lib/amd64/libverify.so
7f874080d000-7f8740a0d000 ---p 0000d000 08:03 71303472                   /usr/share/jdk1.8.0_91/jre/lib/amd64/libverify.so
7f8740a0d000-7f8740a0f000 rw-p 0000d000 08:03 71303472                   /usr/share/jdk1.8.0_91/jre/lib/amd64/libverify.so
7f8740a0f000-7f8740a16000 r-xp 00000000 08:03 33570494                   /lib/x86_64-linux-gnu/librt-2.23.so
7f8740a16000-7f8740c15000 ---p 00007000 08:03 33570494                   /lib/x86_64-linux-gnu/librt-2.23.so
7f8740c15000-7f8740c16000 r--p 00006000 08:03 33570494                   /lib/x86_64-linux-gnu/librt-2.23.so
7f8740c16000-7f8740c17000 rw-p 00007000 08:03 33570494                   /lib/x86_64-linux-gnu/librt-2.23.so
7f8740c17000-7f8740d1f000 r-xp 00000000 08:03 33570506                   /lib/x86_64-linux-gnu/libm-2.23.so
7f8740d1f000-7f8740f1e000 ---p 00108000 08:03 33570506                   /lib/x86_64-linux-gnu/libm-2.23.so
7f8740f1e000-7f8740f1f000 r--p 00107000 08:03 33570506                   /lib/x86_64-linux-gnu/libm-2.23.so
7f8740f1f000-7f8740f20000 rw-p 00108000 08:03 33570506                   /lib/x86_64-linux-gnu/libm-2.23.so
7f8740f20000-7f8741be0000 r-xp 00000000 08:03 2682248                    /usr/share/jdk1.8.0_91/jre/lib/amd64/server/libjvm.so
7f8741be0000-7f8741de0000 ---p 00cc0000 08:03 2682248                    /usr/share/jdk1.8.0_91/jre/lib/amd64/server/libjvm.so
7f8741de0000-7f8741eb8000 rw-p 00cc0000 08:03 2682248                    /usr/share/jdk1.8.0_91/jre/lib/amd64/server/libjvm.so
7f8741eb8000-7f8741f03000 rw-p 00000000 00:00 0 
7f8741f03000-7f87420c3000 r-xp 00000000 08:03 33570512                   /lib/x86_64-linux-gnu/libc-2.23.so
7f87420c3000-7f87422c3000 ---p 001c0000 08:03 33570512                   /lib/x86_64-linux-gnu/libc-2.23.so
7f87422c3000-7f87422c7000 r--p 001c0000 08:03 33570512                   /lib/x86_64-linux-gnu/libc-2.23.so
7f87422c7000-7f87422c9000 rw-p 001c4000 08:03 33570512                   /lib/x86_64-linux-gnu/libc-2.23.so
7f87422c9000-7f87422cd000 rw-p 00000000 00:00 0 
7f87422cd000-7f87422d0000 r-xp 00000000 08:03 33570500                   /lib/x86_64-linux-gnu/libdl-2.23.so
7f87422d0000-7f87424cf000 ---p 00003000 08:03 33570500                   /lib/x86_64-linux-gnu/libdl-2.23.so
7f87424cf000-7f87424d0000 r--p 00002000 08:03 33570500                   /lib/x86_64-linux-gnu/libdl-2.23.so
7f87424d0000-7f87424d1000 rw-p 00003000 08:03 33570500                   /lib/x86_64-linux-gnu/libdl-2.23.so
7f87424d1000-7f87424e6000 r-xp 00000000 08:03 38453224                   /usr/share/jdk1.8.0_91/lib/amd64/jli/libjli.so
7f87424e6000-7f87426e6000 ---p 00015000 08:03 38453224                   /usr/share/jdk1.8.0_91/lib/amd64/jli/libjli.so
7f87426e6000-7f87426e7000 rw-p 00015000 08:03 38453224                   /usr/share/jdk1.8.0_91/lib/amd64/jli/libjli.so
7f87426e7000-7f87426ff000 r-xp 00000000 08:03 33570491                   /lib/x86_64-linux-gnu/libpthread-2.23.so
7f87426ff000-7f87428fe000 ---p 00018000 08:03 33570491                   /lib/x86_64-linux-gnu/libpthread-2.23.so
7f87428fe000-7f87428ff000 r--p 00017000 08:03 33570491                   /lib/x86_64-linux-gnu/libpthread-2.23.so
7f87428ff000-7f8742900000 rw-p 00018000 08:03 33570491                   /lib/x86_64-linux-gnu/libpthread-2.23.so
7f8742900000-7f8742904000 rw-p 00000000 00:00 0 
7f8742904000-7f874292a000 r-xp 00000000 08:03 33569962                   /lib/x86_64-linux-gnu/ld-2.23.so
7f874292a000-7f874292b000 r--s 00000000 08:03 37737489                   /var/cache/fontconfig/dc05db6664285cc2f12bf69c139ae4c3-le64.cache-6
7f874292b000-7f874292c000 r--s 00000000 08:03 37737487                   /var/cache/fontconfig/4794a0821666d79190d59a36cb4f44b5-le64.cache-6
7f874292c000-7f874292d000 r--s 00000000 08:03 37737484                   /var/cache/fontconfig/bab58bb527bb656aaa9f116d68a48d89-le64.cache-6
7f874292d000-7f874292e000 r--s 00000000 08:03 37737481                   /var/cache/fontconfig/56cf4f4769d0f4abc89a4895d7bd3ae1-le64.cache-6
7f874292e000-7f874292f000 r--s 00000000 08:03 37737480                   /var/cache/fontconfig/b9d506c9ac06c20b433354fa67a72993-le64.cache-6
7f874292f000-7f8742930000 r--s 00000000 08:03 37737477                   /var/cache/fontconfig/551ecf3b0e8b0bca0f25c0944f561853-le64.cache-6
7f8742930000-7f87429cd000 rw-p 00000000 00:00 0 
7f87429cd000-7f8742a02000 r--s 00000000 08:03 36752293                   /var/cache/nscd/passwd
7f8742a02000-7f8742a05000 ---p 00000000 00:00 0 
7f8742a05000-7f8742b07000 rw-p 00000000 00:00 0 
7f8742b07000-7f8742b08000 r--s 00000000 08:03 37737475                   /var/cache/fontconfig/30829fa25452a46451e813d634d7f916-le64.cache-6
7f8742b08000-7f8742b09000 r--s 00000000 08:03 37737513                   /var/cache/fontconfig/0c9eb80ebd1c36541ebe2852d3bb0c49-le64.cache-6
7f8742b09000-7f8742b0c000 r--s 00000000 08:03 37737473                   /var/cache/fontconfig/75114ca45c98e8a441da0ff356701271-le64.cache-6
7f8742b0c000-7f8742b10000 r--s 00000000 08:03 37737502                   /var/cache/fontconfig/7ef2298fde41cc6eeb7af42e48b7d293-le64.cache-6
7f8742b10000-7f8742b12000 r--s 00000000 08:03 37593929                   /var/cache/fontconfig/16326683038b281783a0ef8c680e3a10-le64.cache-6
7f8742b12000-7f8742b13000 r--s 00000000 08:03 37593927                   /var/cache/fontconfig/e0aa53bcfa504e64f87823c16bc01eb6-le64.cache-6
7f8742b13000-7f8742b14000 r--s 00008000 08:03 82441433                   /opt/eclipse/plugins/org.eclipse.fx.ide.css.jfx8_2.4.0.201605112122.jar
7f8742b14000-7f8742b15000 rw-s 00000000 00:05 1243808                    /memfd:xshmfence (deleted)
7f8742b15000-7f8742b16000 rw-s 117ee2000 00:06 330                       /dev/dri/card0
7f8742b16000-7f8742b1d000 r--s 00000000 08:03 309579                     /usr/lib/x86_64-linux-gnu/gconv/gconv-modules.cache
7f8742b1d000-7f8742b25000 rw-s 00000000 08:06 67109365                   /tmp/hsperfdata_ribb0001/6427
7f8742b25000-7f8742b26000 rw-p 00000000 00:00 0 
7f8742b26000-7f8742b27000 r--p 00000000 00:00 0 
7f8742b27000-7f8742b29000 rw-p 00000000 00:00 0 
7f8742b29000-7f8742b2a000 r--p 00025000 08:03 33569962                   /lib/x86_64-linux-gnu/ld-2.23.so
7f8742b2a000-7f8742b2b000 rw-p 00026000 08:03 33569962                   /lib/x86_64-linux-gnu/ld-2.23.so
7f8742b2b000-7f8742b2c000 rw-p 00000000 00:00 0 
7fff18a31000-7fff18a52000 rw-p 00000000 00:00 0                          [stack]
7fff18bee000-7fff18bf0000 r--p 00000000 00:00 0                          [vvar]
7fff18bf0000-7fff18bf2000 r-xp 00000000 00:00 0                          [vdso]
ffffffffff600000-ffffffffff601000 r-xp 00000000 00:00 0                  [vsyscall]

VM Arguments:
jvm_args: -Dfile.encoding=UTF-8 
java_command: quota.Main
java_class_path (initial): /home/Etudiants/ribb0001/workspace/Quota/bin:/opt/eclipse/plugins/org.eclipse.fx.ide.css.jfx8_2.4.0.201605112122.jar
Launcher Type: SUN_STANDARD

Environment Variables:
JAVA_HOME=/usr/share/jdk1.8.0_91/
PATH=/opt/oracle/instantclient_12_1:/usr/local/sbin:/usr/local/bin:/usr/sbin:/usr/bin:/sbin:/bin:/usr/games:/usr/local/games:/opt/android-sdk/tools:/opt/android-sdk/platform-tools:/snap/bin:/usr/share/jdk1.8.0_91/bin/
LD_LIBRARY_PATH=/opt/oracle/instantclient_12_1:
SHELL=/bin/bash
DISPLAY=:0.0

Signal Handlers:
SIGSEGV: [libjvm.so+0xabca10], sa_mask[0]=11111111011111111101111111111110, sa_flags=SA_RESTART|SA_SIGINFO
SIGBUS: [libjvm.so+0xabca10], sa_mask[0]=11111111011111111101111111111110, sa_flags=SA_RESTART|SA_SIGINFO
SIGFPE: [libjvm.so+0x919a20], sa_mask[0]=11111111011111111101111111111110, sa_flags=SA_RESTART|SA_SIGINFO
SIGPIPE: SIG_IGN, sa_mask[0]=00000000000010000000000000000000, sa_flags=SA_RESTART
SIGXFSZ: [libjvm.so+0x919a20], sa_mask[0]=11111111011111111101111111111110, sa_flags=SA_RESTART|SA_SIGINFO
SIGILL: [libjvm.so+0x919a20], sa_mask[0]=11111111011111111101111111111110, sa_flags=SA_RESTART|SA_SIGINFO
SIGUSR1: SIG_DFL, sa_mask[0]=00000000000000000000000000000000, sa_flags=none
SIGUSR2: [libjvm.so+0x91b050], sa_mask[0]=00100000000000000000000000000000, sa_flags=SA_RESTART|SA_SIGINFO
SIGHUP: [libjvm.so+0x91c450], sa_mask[0]=11111111011111111101111111111110, sa_flags=SA_RESTART|SA_SIGINFO
SIGINT: [libjvm.so+0x91c450], sa_mask[0]=11111111011111111101111111111110, sa_flags=SA_RESTART|SA_SIGINFO
SIGTERM: [libjvm.so+0x91c450], sa_mask[0]=11111111011111111101111111111110, sa_flags=SA_RESTART|SA_SIGINFO
SIGQUIT: [libjvm.so+0x91c450], sa_mask[0]=11111111011111111101111111111110, sa_flags=SA_RESTART|SA_SIGINFO


---------------  S Y S T E M  ---------------

OS:DISTRIB_ID=Ubuntu
DISTRIB_RELEASE=16.04
DISTRIB_CODENAME=xenial
DISTRIB_DESCRIPTION="Ubuntu 16.04.3 LTS"

uname:Linux 4.4.0-98-generic #121-Ubuntu SMP Tue Oct 10 14:24:03 UTC 2017 x86_64
libc:glibc 2.23 NPTL 2.23 
rlimit: STACK 8192k, CORE 0k, NPROC 128270, NOFILE 1048576, AS infinity
load average:1,66 6,14 7,18

/proc/meminfo:
MemTotal:       32877824 kB
MemFree:        27137204 kB
MemAvailable:   28525108 kB
Buffers:            2328 kB
Cached:          1671252 kB
SwapCached:            0 kB
Active:          4381212 kB
Inactive:         743424 kB
Active(anon):    3452116 kB
Inactive(anon):    64844 kB
Active(file):     929096 kB
Inactive(file):   678580 kB
Unevictable:          32 kB
Mlocked:              32 kB
SwapTotal:       3998716 kB
SwapFree:        3998716 kB
Dirty:                64 kB
Writeback:             0 kB
AnonPages:       3471664 kB
Mapped:           406728 kB
Shmem:             65904 kB
Slab:             243796 kB
SReclaimable:     184524 kB
SUnreclaim:        59272 kB
KernelStack:       12912 kB
PageTables:        40208 kB
NFS_Unstable:          0 kB
Bounce:                0 kB
WritebackTmp:          0 kB
CommitLimit:    20437628 kB
Committed_AS:    7508248 kB
VmallocTotal:   34359738367 kB
VmallocUsed:           0 kB
VmallocChunk:          0 kB
HardwareCorrupted:     0 kB
AnonHugePages:   1894400 kB
CmaTotal:              0 kB
CmaFree:               0 kB
HugePages_Total:       0
HugePages_Free:        0
HugePages_Rsvd:        0
HugePages_Surp:        0
Hugepagesize:       2048 kB
DirectMap4k:      127336 kB
DirectMap2M:     6094848 kB
DirectMap1G:    28311552 kB


CPU:total 8 (4 cores per cpu, 2 threads per core) family 6 model 94 stepping 3, cmov, cx8, fxsr, mmx, sse, sse2, sse3, ssse3, sse4.1, sse4.2, popcnt, avx, avx2, aes, clmul, erms, rtm, 3dnowpref, lzcnt, ht, tsc, tscinvbit, bmi1, bmi2, adx

/proc/cpuinfo:
processor	: 0
vendor_id	: GenuineIntel
cpu family	: 6
model		: 94
model name	: Intel(R) Core(TM) i7-6700 CPU @ 3.40GHz
stepping	: 3
microcode	: 0xb2
cpu MHz		: 3737.476
cache size	: 8192 KB
physical id	: 0
siblings	: 8
core id		: 0
cpu cores	: 4
apicid		: 0
initial apicid	: 0
fpu		: yes
fpu_exception	: yes
cpuid level	: 22
wp		: yes
flags		: fpu vme de pse tsc msr pae mce cx8 apic sep mtrr pge mca cmov pat pse36 clflush dts acpi mmx fxsr sse sse2 ss ht tm pbe syscall nx pdpe1gb rdtscp lm constant_tsc art arch_perfmon pebs bts rep_good nopl xtopology nonstop_tsc aperfmperf eagerfpu pni pclmulqdq dtes64 monitor ds_cpl vmx smx est tm2 ssse3 sdbg fma cx16 xtpr pdcm pcid sse4_1 sse4_2 x2apic movbe popcnt tsc_deadline_timer aes xsave avx f16c rdrand lahf_lm abm 3dnowprefetch epb intel_pt tpr_shadow vnmi flexpriority ept vpid fsgsbase tsc_adjust bmi1 hle avx2 smep bmi2 erms invpcid rtm mpx rdseed adx smap clflushopt xsaveopt xsavec xgetbv1 dtherm ida arat pln pts hwp hwp_notify hwp_act_window hwp_epp
bugs		:
bogomips	: 6816.61
clflush size	: 64
cache_alignment	: 64
address sizes	: 39 bits physical, 48 bits virtual
power management:

processor	: 1
vendor_id	: GenuineIntel
cpu family	: 6
model		: 94
model name	: Intel(R) Core(TM) i7-6700 CPU @ 3.40GHz
stepping	: 3
microcode	: 0xb2
cpu MHz		: 3758.859
cache size	: 8192 KB
physical id	: 0
siblings	: 8
core id		: 1
cpu cores	: 4
apicid		: 2
initial apicid	: 2
fpu		: yes
fpu_exception	: yes
cpuid level	: 22
wp		: yes
flags		: fpu vme de pse tsc msr pae mce cx8 apic sep mtrr pge mca cmov pat pse36 clflush dts acpi mmx fxsr sse sse2 ss ht tm pbe syscall nx pdpe1gb rdtscp lm constant_tsc art arch_perfmon pebs bts rep_good nopl xtopology nonstop_tsc aperfmperf eagerfpu pni pclmulqdq dtes64 monitor ds_cpl vmx smx est tm2 ssse3 sdbg fma cx16 xtpr pdcm pcid sse4_1 sse4_2 x2apic movbe popcnt tsc_deadline_timer aes xsave avx f16c rdrand lahf_lm abm 3dnowprefetch epb intel_pt tpr_shadow vnmi flexpriority ept vpid fsgsbase tsc_adjust bmi1 hle avx2 smep bmi2 erms invpcid rtm mpx rdseed adx smap clflushopt xsaveopt xsavec xgetbv1 dtherm ida arat pln pts hwp hwp_notify hwp_act_window hwp_epp
bugs		:
bogomips	: 6816.61
clflush size	: 64
cache_alignment	: 64
address sizes	: 39 bits physical, 48 bits virtual
power management:

processor	: 2
vendor_id	: GenuineIntel
cpu family	: 6
model		: 94
model name	: Intel(R) Core(TM) i7-6700 CPU @ 3.40GHz
stepping	: 3
microcode	: 0xb2
cpu MHz		: 3750.492
cache size	: 8192 KB
physical id	: 0
siblings	: 8
core id		: 2
cpu cores	: 4
apicid		: 4
initial apicid	: 4
fpu		: yes
fpu_exception	: yes
cpuid level	: 22
wp		: yes
flags		: fpu vme de pse tsc msr pae mce cx8 apic sep mtrr pge mca cmov pat pse36 clflush dts acpi mmx fxsr sse sse2 ss ht tm pbe syscall nx pdpe1gb rdtscp lm constant_tsc art arch_perfmon pebs bts rep_good nopl xtopology nonstop_tsc aperfmperf eagerfpu pni pclmulqdq dtes64 monitor ds_cpl vmx smx est tm2 ssse3 sdbg fma cx16 xtpr pdcm pcid sse4_1 sse4_2 x2apic movbe popcnt tsc_deadline_timer aes xsave avx f16c rdrand lahf_lm abm 3dnowprefetch epb intel_pt tpr_shadow vnmi flexpriority ept vpid fsgsbase tsc_adjust bmi1 hle avx2 smep bmi2 erms invpcid rtm mpx rdseed adx smap clflushopt xsaveopt xsavec xgetbv1 dtherm ida arat pln pts hwp hwp_notify hwp_act_window hwp_epp
bugs		:
bogomips	: 6816.61
clflush size	: 64
cache_alignment	: 64
address sizes	: 39 bits physical, 48 bits virtual
power management:

processor	: 3
vendor_id	: GenuineIntel
cpu family	: 6
model		: 94
model name	: Intel(R) Core(TM) i7-6700 CPU @ 3.40GHz
stepping	: 3
microcode	: 0xb2
cpu MHz		: 3708.523
cache size	: 8192 KB
physical id	: 0
siblings	: 8
core id		: 3
cpu cores	: 4
apicid		: 6
initial apicid	: 6
fpu		: yes
fpu_exception	: yes
cpuid level	: 22
wp		: yes
flags		: fpu vme de pse tsc msr pae mce cx8 apic sep mtrr pge mca cmov pat pse36 clflush dts acpi mmx fxsr sse sse2 ss ht tm pbe syscall nx pdpe1gb rdtscp lm constant_tsc art arch_perfmon pebs bts rep_good nopl xtopology nonstop_tsc aperfmperf eagerfpu pni pclmulqdq dtes64 monitor ds_cpl vmx smx est tm2 ssse3 sdbg fma cx16 xtpr pdcm pcid sse4_1 sse4_2 x2apic movbe popcnt tsc_deadline_timer aes xsave avx f16c rdrand lahf_lm abm 3dnowprefetch epb intel_pt tpr_shadow vnmi flexpriority ept vpid fsgsbase tsc_adjust bmi1 hle avx2 smep bmi2 erms invpcid rtm mpx rdseed adx smap clflushopt xsaveopt xsavec xgetbv1 dtherm ida arat pln pts hwp hwp_notify hwp_act_window hwp_epp
bugs		:
bogomips	: 6816.61
clflush size	: 64
cache_alignment	: 64
address sizes	: 39 bits physical, 48 bits virtual
power management:

processor	: 4
vendor_id	: GenuineIntel
cpu family	: 6
model		: 94
model name	: Intel(R) Core(TM) i7-6700 CPU @ 3.40GHz
stepping	: 3
microcode	: 0xb2
cpu MHz		: 3736.148
cache size	: 8192 KB
physical id	: 0
siblings	: 8
core id		: 0
cpu cores	: 4
apicid		: 1
initial apicid	: 1
fpu		: yes
fpu_exception	: yes
cpuid level	: 22
wp		: yes
flags		: fpu vme de pse tsc msr pae mce cx8 apic sep mtrr pge mca cmov pat pse36 clflush dts acpi mmx fxsr sse sse2 ss ht tm pbe syscall nx pdpe1gb rdtscp lm constant_tsc art arch_perfmon pebs bts rep_good nopl xtopology nonstop_tsc aperfmperf eagerfpu pni pclmulqdq dtes64 monitor ds_cpl vmx smx est tm2 ssse3 sdbg fma cx16 xtpr pdcm pcid sse4_1 sse4_2 x2apic movbe popcnt tsc_deadline_timer aes xsave avx f16c rdrand lahf_lm abm 3dnowprefetch epb intel_pt tpr_shadow vnmi flexpriority ept vpid fsgsbase tsc_adjust bmi1 hle avx2 smep bmi2 erms invpcid rtm mpx rdseed adx smap clflushopt xsaveopt xsavec xgetbv1 dtherm ida arat pln pts hwp hwp_notify hwp_act_window hwp_epp
bugs		:
bogomips	: 6816.61
clflush size	: 64
cache_alignment	: 64
address sizes	: 39 bits physical, 48 bits virtual
power management:

processor	: 5
vendor_id	: GenuineIntel
cpu family	: 6
model		: 94
model name	: Intel(R) Core(TM) i7-6700 CPU @ 3.40GHz
stepping	: 3
microcode	: 0xb2
cpu MHz		: 3755.406
cache size	: 8192 KB
physical id	: 0
siblings	: 8
core id		: 1
cpu cores	: 4
apicid		: 3
initial apicid	: 3
fpu		: yes
fpu_exception	: yes
cpuid level	: 22
wp		: yes
flags		: fpu vme de pse tsc msr pae mce cx8 apic sep mtrr pge mca cmov pat pse36 clflush dts acpi mmx fxsr sse sse2 ss ht tm pbe syscall nx pdpe1gb rdtscp lm constant_tsc art arch_perfmon pebs bts rep_good nopl xtopology nonstop_tsc aperfmperf eagerfpu pni pclmulqdq dtes64 monitor ds_cpl vmx smx est tm2 ssse3 sdbg fma cx16 xtpr pdcm pcid sse4_1 sse4_2 x2apic movbe popcnt tsc_deadline_timer aes xsave avx f16c rdrand lahf_lm abm 3dnowprefetch epb intel_pt tpr_shadow vnmi flexpriority ept vpid fsgsbase tsc_adjust bmi1 hle avx2 smep bmi2 erms invpcid rtm mpx rdseed adx smap clflushopt xsaveopt xsavec xgetbv1 dtherm ida arat pln pts hwp hwp_notify hwp_act_window hwp_epp
bugs		:
bogomips	: 6816.61
clflush size	: 64
cache_alignment	: 64
address sizes	: 39 bits physical, 48 bits virtual
power management:

processor	: 6
vendor_id	: GenuineIntel
cpu family	: 6
model		: 94
model name	: Intel(R) Core(TM) i7-6700 CPU @ 3.40GHz
stepping	: 3
microcode	: 0xb2
cpu MHz		: 3745.179
cache size	: 8192 KB
physical id	: 0
siblings	: 8
core id		: 2
cpu cores	: 4
apicid		: 5
initial apicid	: 5
fpu		: yes
fpu_exception	: yes
cpuid level	: 22
wp		: yes
flags		: fpu vme de pse tsc msr pae mce cx8 apic sep mtrr pge mca cmov pat pse36 clflush dts acpi mmx fxsr sse sse2 ss ht tm pbe syscall nx pdpe1gb rdtscp lm constant_tsc art arch_perfmon pebs bts rep_good nopl xtopology nonstop_tsc aperfmperf eagerfpu pni pclmulqdq dtes64 monitor ds_cpl vmx smx est tm2 ssse3 sdbg fma cx16 xtpr pdcm pcid sse4_1 sse4_2 x2apic movbe popcnt tsc_deadline_timer aes xsave avx f16c rdrand lahf_lm abm 3dnowprefetch epb intel_pt tpr_shadow vnmi flexpriority ept vpid fsgsbase tsc_adjust bmi1 hle avx2 smep bmi2 erms invpcid rtm mpx rdseed adx smap clflushopt xsaveopt xsavec xgetbv1 dtherm ida arat pln pts hwp hwp_notify hwp_act_window hwp_epp
bugs		:
bogomips	: 6816.61
clflush size	: 64
cache_alignment	: 64
address sizes	: 39 bits physical, 48 bits virtual
power management:

processor	: 7
vendor_id	: GenuineIntel
cpu family	: 6
model		: 94
model name	: Intel(R) Core(TM) i7-6700 CPU @ 3.40GHz
stepping	: 3
microcode	: 0xb2
cpu MHz		: 3700.156
cache size	: 8192 KB
physical id	: 0
siblings	: 8
core id		: 3
cpu cores	: 4
apicid		: 7
initial apicid	: 7
fpu		: yes
fpu_exception	: yes
cpuid level	: 22
wp		: yes
flags		: fpu vme de pse tsc msr pae mce cx8 apic sep mtrr pge mca cmov pat pse36 clflush dts acpi mmx fxsr sse sse2 ss ht tm pbe syscall nx pdpe1gb rdtscp lm constant_tsc art arch_perfmon pebs bts rep_good nopl xtopology nonstop_tsc aperfmperf eagerfpu pni pclmulqdq dtes64 monitor ds_cpl vmx smx est tm2 ssse3 sdbg fma cx16 xtpr pdcm pcid sse4_1 sse4_2 x2apic movbe popcnt tsc_deadline_timer aes xsave avx f16c rdrand lahf_lm abm 3dnowprefetch epb intel_pt tpr_shadow vnmi flexpriority ept vpid fsgsbase tsc_adjust bmi1 hle avx2 smep bmi2 erms invpcid rtm mpx rdseed adx smap clflushopt xsaveopt xsavec xgetbv1 dtherm ida arat pln pts hwp hwp_notify hwp_act_window hwp_epp
bugs		:
bogomips	: 6816.61
clflush size	: 64
cache_alignment	: 64
address sizes	: 39 bits physical, 48 bits virtual
power management:



Memory: 4k page, physical 32877824k(27137204k free), swap 3998716k(3998716k free)

vm_info: Java HotSpot(TM) 64-Bit Server VM (25.91-b14) for linux-amd64 JRE (1.8.0_91-b14), built on Apr  1 2016 00:57:21 by "java_re" with gcc 4.3.0 20080428 (Red Hat 4.3.0-8)

time: Fri Nov 17 09:15:30 2017
elapsed time: 5 seconds (0d 0h 0m 5s)

