#
# A fatal error has been detected by the Java Runtime Environment:
#
#  SIGSEGV (0xb) at pc=0x00007feb13742fe5, pid=7309, tid=140646891386624
#
# JRE version: Java(TM) SE Runtime Environment (8.0_91-b14) (build 1.8.0_91-b14)
# Java VM: Java HotSpot(TM) 64-Bit Server VM (25.91-b14 mixed mode linux-amd64 compressed oops)
# Problematic frame:
# C  [libc.so.6+0x14dfe5]
#
# Failed to write core dump. Core dumps have been disabled. To enable core dumping, try "ulimit -c unlimited" before starting Java again
#
# If you would like to submit a bug report, please visit:
#   http://bugreport.java.com/bugreport/crash.jsp
# The crash happened outside the Java Virtual Machine in native code.
# See problematic frame for where to report the bug.
#

---------------  T H R E A D  ---------------

Current thread (0x00007feb0c1bd800):  JavaThread "QuantumRenderer-0" daemon [_thread_in_native, id=7333, stack(0x00007feae7eff000,0x00007feae8000000)]

siginfo: si_signo: 11 (SIGSEGV), si_code: 2 (SEGV_ACCERR), si_addr: 0x0000000738b30014

Registers:
RAX=0x00007fea90223e04, RBX=0x0000000000000000, RCX=0x000000000000000c, RDX=0x000000000000000c
RSP=0x00007feae7ffda98, RBP=0x00000000001eae10, RSI=0x0000000738b30010, RDI=0x00007fea90223e04
R8 =0x00007feae7ffdb00, R9 =0x0000000000000001, R10=0x000000002002033c, R11=0x00007fea8c0828b0
R12=0x00007feae7ffdb00, R13=0x00007fea8c0828b0, R14=0x0000000738b30010, R15=0x00000000001eae04
RIP=0x00007feb13742fe5, EFLAGS=0x0000000000010202, CSGSFS=0x0000000000000033, ERR=0x0000000000000004
  TRAPNO=0x000000000000000e

Top of Stack: (sp=0x00007feae7ffda98)
0x00007feae7ffda98:   00007fead70c7aad 00007feae7ffe580
0x00007feae7ffdaa8:   00007feafd719584 00000005ca44ab60
0x00007feae7ffdab8:   000000000000000c 0000000000000001
0x00007feae7ffdac8:   0000000000000004 0000000000000000
0x00007feae7ffdad8:   00007fea8c0828b0 00007fead77f5238
0x00007feae7ffdae8:   00007fead71e2d08 00007fea8c0ba840
0x00007feae7ffdaf8:   00007feae7ffdb00 0000000000000006
0x00007feae7ffdb08:   9c85af4b7194f200 00000005ca400748
0x00007feae7ffdb18:   00007fea8c0828b0 00007fead77f51d8
0x00007feae7ffdb28:   000000000003d08b 00007fea8c0860f0
0x00007feae7ffdb38:   00007fea8c082cc0 00007fead77f5238
0x00007feae7ffdb48:   00007fead71d803d 000000000000000f
0x00007feae7ffdb58:   00007fea8c0828b0 00007fea8c0ba350
0x00007feae7ffdb68:   00007feae7ffdd50 0000000000000001
0x00007feae7ffdb78:   0000000000000000 00007feae7ffdc90
0x00007feae7ffdb88:   00007fead71d8217 000000050000001f
0x00007feae7ffdb98:   00000005ca44ea28 00007fea8c0ba840
0x00007feae7ffdba8:   00007fead71e40e8 00007fea8c0828b0
0x00007feae7ffdbb8:   00000005ca7850c0 00000000ca44b558
0x00007feae7ffdbc8:   00000005ca43d2c8 00000005ca421390
0x00007feae7ffdbd8:   00007fea8c0b1de0 00007fea601a9170
0x00007feae7ffdbe8:   0000000000000000 00007fea6020e128
0x00007feae7ffdbf8:   00007fead701808d 00007feae7ffdcb4
0x00007feae7ffdc08:   00007feb00000000 3ff0000a7c5ac472
0x00007feae7ffdc18:   00000005ca784f28 00000000ca784e18
0x00007feae7ffdc28:   00007fea6020e0d0 00007fea601cacf0
0x00007feae7ffdc38:   0000000000000000 00007fea8c149ca8
0x00007feae7ffdc48:   9c85af4b7194f200 00007fea8c0848d8
0x00007feae7ffdc58:   00007fea8c1b400c 00007fea8c147c60
0x00007feae7ffdc68:   00007feae7ffdd50 0000000000000001
0x00007feae7ffdc78:   0000000000000000 00007fea8c1b2550
0x00007feae7ffdc88:   00007fead6fa97f2 0000000600000000 

Instructions: (pc=0x00007feb13742fe5)
0x00007feb13742fc5:   fa 6f 7c 16 f0 c5 fa 7f 07 c5 fa 7f 7c 17 f0 c3
0x00007feb13742fd5:   90 66 2e 0f 1f 84 00 00 00 00 00 80 fa 08 72 1b
0x00007feb13742fe5:   48 8b 4c 16 f8 48 8b 36 48 89 37 48 89 4c 17 f8
0x00007feb13742ff5:   c3 66 2e 0f 1f 84 00 00 00 00 00 80 fa 04 72 0d 

Register to memory mapping:

RAX=0x00007fea90223e04 is an unknown value
RBX=0x0000000000000000 is an unknown value
RCX=0x000000000000000c is an unknown value
RDX=0x000000000000000c is an unknown value
RSP=0x00007feae7ffda98 is pointing into the stack for thread: 0x00007feb0c1bd800
RBP=0x00000000001eae10 is an unknown value
RSI=0x0000000738b30010 is an unallocated location in the heap
RDI=0x00007fea90223e04 is an unknown value
R8 =0x00007feae7ffdb00 is pointing into the stack for thread: 0x00007feb0c1bd800
R9 =0x0000000000000001 is an unknown value
R10=0x000000002002033c is an unknown value
R11=0x00007fea8c0828b0 is an unknown value
R12=0x00007feae7ffdb00 is pointing into the stack for thread: 0x00007feb0c1bd800
R13=0x00007fea8c0828b0 is an unknown value
R14=0x0000000738b30010 is an unallocated location in the heap
R15=0x00000000001eae04 is an unknown value


Stack: [0x00007feae7eff000,0x00007feae8000000],  sp=0x00007feae7ffda98,  free space=1018k
Native frames: (J=compiled Java code, j=interpreted, Vv=VM code, C=native code)
C  [libc.so.6+0x14dfe5]

Java frames: (J=compiled Java code, j=interpreted, Vv=VM code)
J 1787  com.sun.prism.es2.GLContext.nClearBuffers(JFFFFZZZ)V (0 bytes) @ 0x00007feafd55bb0a [0x00007feafd55bac0+0x4a]
J 2651 C2 com.sun.prism.es2.ES2Graphics.clear(Lcom/sun/prism/paint/Color;)V (36 bytes) @ 0x00007feafd8914b0 [0x00007feafd8913e0+0xd0]
J 2437 C1 com.sun.javafx.tk.quantum.ViewPainter.doPaint(Lcom/sun/prism/Graphics;Lcom/sun/javafx/sg/prism/NodePath;)V (205 bytes) @ 0x00007feafd79472c [0x00007feafd794040+0x6ec]
J 2152 C1 com.sun.javafx.tk.quantum.ViewPainter.paintImpl(Lcom/sun/prism/Graphics;)V (1457 bytes) @ 0x00007feafd66555c [0x00007feafd662a00+0x2b5c]
J 2361 C1 com.sun.javafx.tk.quantum.PresentingPainter.run()V (675 bytes) @ 0x00007feafd73688c [0x00007feafd734820+0x206c]
J 2466 C1 java.util.concurrent.Executors$RunnableAdapter.call()Ljava/lang/Object; (14 bytes) @ 0x00007feafd7a9ad4 [0x00007feafd7a99c0+0x114]
J 2415 C1 java.util.concurrent.FutureTask.runAndReset()Z (128 bytes) @ 0x00007feafd78156c [0x00007feafd781300+0x26c]
J 2414 C1 com.sun.javafx.tk.RenderJob.run()V (105 bytes) @ 0x00007feafd77ed2c [0x00007feafd77eca0+0x8c]
j  java.util.concurrent.ThreadPoolExecutor.runWorker(Ljava/util/concurrent/ThreadPoolExecutor$Worker;)V+95
j  java.util.concurrent.ThreadPoolExecutor$Worker.run()V+5
j  com.sun.javafx.tk.quantum.QuantumRenderer$PipelineRunnable.run()V+8
j  java.lang.Thread.run()V+11
v  ~StubRoutines::call_stub

---------------  P R O C E S S  ---------------

Java Threads: ( => current thread )
  0x00007fea80268800 JavaThread "pool-2-thread-1" [_thread_in_native, id=7339, stack(0x00007fead406b000,0x00007fead416c000)]
  0x00007fea80233800 JavaThread "Prism Font Disposer" daemon [_thread_blocked, id=7338, stack(0x00007fead4185000,0x00007fead4286000)]
  0x00007feb0c228800 JavaThread "JavaFX-Launcher" [_thread_blocked, id=7337, stack(0x00007fead5402000,0x00007fead5503000)]
  0x00007feb0c225000 JavaThread "JavaFX Application Thread" [_thread_in_native, id=7336, stack(0x00007fead5503000,0x00007fead5604000)]
  0x00007feb0c221000 JavaThread "Thread-1" daemon [_thread_blocked, id=7335, stack(0x00007fead5604000,0x00007fead5705000)]
=>0x00007feb0c1bd800 JavaThread "QuantumRenderer-0" daemon [_thread_in_native, id=7333, stack(0x00007feae7eff000,0x00007feae8000000)]
  0x00007feb0c0d0800 JavaThread "Service Thread" daemon [_thread_blocked, id=7331, stack(0x00007feaec1ad000,0x00007feaec2ae000)]
  0x00007feb0c0c5800 JavaThread "C1 CompilerThread3" daemon [_thread_blocked, id=7330, stack(0x00007feaec2ae000,0x00007feaec3af000)]
  0x00007feb0c0c3000 JavaThread "C2 CompilerThread2" daemon [_thread_blocked, id=7329, stack(0x00007feaec3af000,0x00007feaec4b0000)]
  0x00007feb0c0c1800 JavaThread "C2 CompilerThread1" daemon [_thread_blocked, id=7328, stack(0x00007feaec4b0000,0x00007feaec5b1000)]
  0x00007feb0c0be800 JavaThread "C2 CompilerThread0" daemon [_thread_in_native, id=7327, stack(0x00007feaec5b1000,0x00007feaec6b2000)]
  0x00007feb0c0bd000 JavaThread "Signal Dispatcher" daemon [_thread_blocked, id=7326, stack(0x00007feaec6b2000,0x00007feaec7b3000)]
  0x00007feb0c08a000 JavaThread "Finalizer" daemon [_thread_blocked, id=7325, stack(0x00007feaeca90000,0x00007feaecb91000)]
  0x00007feb0c085000 JavaThread "Reference Handler" daemon [_thread_blocked, id=7324, stack(0x00007feaecb91000,0x00007feaecc92000)]
  0x00007feb0c007800 JavaThread "main" [_thread_blocked, id=7314, stack(0x00007feb140f4000,0x00007feb141f5000)]

Other Threads:
  0x00007feb0c07d800 VMThread [stack: 0x00007feaecc92000,0x00007feaecd93000] [id=7323]
  0x00007feb0c0d3800 WatcherThread [stack: 0x00007feaec0ac000,0x00007feaec1ad000] [id=7332]

VM state:not at safepoint (normal execution)

VM Mutex/Monitor currently owned by a thread: None

Heap:
 PSYoungGen      total 496128K, used 10977K [0x0000000718c00000, 0x0000000738a80000, 0x00000007c0000000)
  eden space 495616K, 2% used [0x0000000718c00000,0x00000007196885b8,0x0000000737000000)
  from space 512K, 37% used [0x0000000738400000,0x0000000738430000,0x0000000738480000)
  to   space 6144K, 0% used [0x0000000738480000,0x0000000738480000,0x0000000738a80000)
 ParOldGen       total 343040K, used 5577K [0x00000005ca400000, 0x00000005df300000, 0x0000000718c00000)
  object space 343040K, 1% used [0x00000005ca400000,0x00000005ca972450,0x00000005df300000)
 Metaspace       used 15884K, capacity 16418K, committed 16640K, reserved 1062912K
  class space    used 2130K, capacity 2300K, committed 2304K, reserved 1048576K

Card table byte_map: [0x00007feb1073c000,0x00007feb116eb000] byte_map_base: 0x00007feb0d8ea000

Marking Bits: (ParMarkBitMap*) 0x00007feb135c8d60
 Begin Bits: [0x00007feab8520000, 0x00007feac0290000)
 End Bits:   [0x00007feac0290000, 0x00007feac8000000)

Polling page: 0x00007feb14218000

CodeCache: size=245760Kb used=9096Kb max_used=9122Kb free=236663Kb
 bounds [0x00007feafd000000, 0x00007feafd900000, 0x00007feb0c000000]
 total_blobs=3313 nmethods=2700 adapters=526
 compilation: enabled

Compilation events (10 events):
Event: 4,597 Thread 0x00007feb0c0c1800 nmethod 2696 0x00007feafd8a7d50 code [0x00007feafd8a7f80, 0x00007feafd8a8aa8]
Event: 4,620 Thread 0x00007feb0c0c3000 2697       4       java.util.WeakHashMap::entrySet (28 bytes)
Event: 4,621 Thread 0x00007feb0c0c3000 nmethod 2697 0x00007feafd8aa690 code [0x00007feafd8aa7e0, 0x00007feafd8aa8d8]
Event: 4,641 Thread 0x00007feb0c0be800 2698       4       java.util.concurrent.locks.ReentrantLock$NonfairSync::lock (25 bytes)
Event: 4,642 Thread 0x00007feb0c0be800 nmethod 2698 0x00007feafd8aa1d0 code [0x00007feafd8aa340, 0x00007feafd8aa4c8]
Event: 4,642 Thread 0x00007feb0c0c1800 2699       4       java.util.concurrent.atomic.AtomicBoolean::compareAndSet (35 bytes)
Event: 4,643 Thread 0x00007feb0c0c1800 nmethod 2699 0x00007feafd7c64d0 code [0x00007feafd7c6620, 0x00007feafd7c6698]
Event: 4,712 Thread 0x00007feb0c0c3000 2700       4       java.util.concurrent.locks.ReentrantLock$NonfairSync::tryAcquire (6 bytes)
Event: 4,712 Thread 0x00007feb0c0c3000 nmethod 2700 0x00007feafd8a9e90 code [0x00007feafd8a9fe0, 0x00007feafd8aa0d8]
Event: 4,721 Thread 0x00007feb0c0be800 2701  s!   4       com.sun.scenario.effect.impl.ImagePool::checkOut (447 bytes)

GC Heap History (10 events):
Event: 2,071 GC heap before
{Heap before GC invocations=3 (full 0):
 PSYoungGen      total 150016K, used 134578K [0x0000000718c00000, 0x0000000723300000, 0x00000007c0000000)
  eden space 129024K, 100% used [0x0000000718c00000,0x0000000720a00000,0x0000000720a00000)
  from space 20992K, 26% used [0x0000000721e80000,0x00000007223ecae8,0x0000000723300000)
  to   space 20992K, 0% used [0x0000000720a00000,0x0000000720a00000,0x0000000721e80000)
 ParOldGen       total 343040K, used 96K [0x00000005ca400000, 0x00000005df300000, 0x0000000718c00000)
  object space 343040K, 0% used [0x00000005ca400000,0x00000005ca418010,0x00000005df300000)
 Metaspace       used 15735K, capacity 16222K, committed 16384K, reserved 1062912K
  class space    used 2130K, capacity 2300K, committed 2304K, reserved 1048576K
Event: 2,076 GC heap after
Heap after GC invocations=3 (full 0):
 PSYoungGen      total 150016K, used 5506K [0x0000000718c00000, 0x000000072b100000, 0x00000007c0000000)
  eden space 129024K, 0% used [0x0000000718c00000,0x0000000718c00000,0x0000000720a00000)
  from space 20992K, 26% used [0x0000000720a00000,0x0000000720f60af8,0x0000000721e80000)
  to   space 20992K, 0% used [0x0000000729c80000,0x0000000729c80000,0x000000072b100000)
 ParOldGen       total 343040K, used 104K [0x00000005ca400000, 0x00000005df300000, 0x0000000718c00000)
  object space 343040K, 0% used [0x00000005ca400000,0x00000005ca41a010,0x00000005df300000)
 Metaspace       used 15735K, capacity 16222K, committed 16384K, reserved 1062912K
  class space    used 2130K, capacity 2300K, committed 2304K, reserved 1048576K
}
Event: 2,346 GC heap before
{Heap before GC invocations=4 (full 0):
 PSYoungGen      total 150016K, used 134530K [0x0000000718c00000, 0x000000072b100000, 0x00000007c0000000)
  eden space 129024K, 100% used [0x0000000718c00000,0x0000000720a00000,0x0000000720a00000)
  from space 20992K, 26% used [0x0000000720a00000,0x0000000720f60af8,0x0000000721e80000)
  to   space 20992K, 0% used [0x0000000729c80000,0x0000000729c80000,0x000000072b100000)
 ParOldGen       total 343040K, used 104K [0x00000005ca400000, 0x00000005df300000, 0x0000000718c00000)
  object space 343040K, 0% used [0x00000005ca400000,0x00000005ca41a010,0x00000005df300000)
 Metaspace       used 15799K, capacity 16350K, committed 16384K, reserved 1062912K
  class space    used 2130K, capacity 2300K, committed 2304K, reserved 1048576K
Event: 2,351 GC heap after
Heap after GC invocations=4 (full 0):
 PSYoungGen      total 279040K, used 5554K [0x0000000718c00000, 0x000000072b100000, 0x00000007c0000000)
  eden space 258048K, 0% used [0x0000000718c00000,0x0000000718c00000,0x0000000728800000)
  from space 20992K, 26% used [0x0000000729c80000,0x000000072a1ecae8,0x000000072b100000)
  to   space 20992K, 0% used [0x0000000728800000,0x0000000728800000,0x0000000729c80000)
 ParOldGen       total 343040K, used 112K [0x00000005ca400000, 0x00000005df300000, 0x0000000718c00000)
  object space 343040K, 0% used [0x00000005ca400000,0x00000005ca41c010,0x00000005df300000)
 Metaspace       used 15799K, capacity 16350K, committed 16384K, reserved 1062912K
  class space    used 2130K, capacity 2300K, committed 2304K, reserved 1048576K
}
Event: 2,910 GC heap before
{Heap before GC invocations=5 (full 0):
 PSYoungGen      total 279040K, used 263602K [0x0000000718c00000, 0x000000072b100000, 0x00000007c0000000)
  eden space 258048K, 100% used [0x0000000718c00000,0x0000000728800000,0x0000000728800000)
  from space 20992K, 26% used [0x0000000729c80000,0x000000072a1ecae8,0x000000072b100000)
  to   space 20992K, 0% used [0x0000000728800000,0x0000000728800000,0x0000000729c80000)
 ParOldGen       total 343040K, used 112K [0x00000005ca400000, 0x00000005df300000, 0x0000000718c00000)
  object space 343040K, 0% used [0x00000005ca400000,0x00000005ca41c010,0x00000005df300000)
 Metaspace       used 15813K, capacity 16350K, committed 16384K, reserved 1062912K
  class space    used 2130K, capacity 2300K, committed 2304K, reserved 1048576K
Event: 2,917 GC heap after
Heap after GC invocations=5 (full 0):
 PSYoungGen      total 279040K, used 5584K [0x0000000718c00000, 0x0000000739000000, 0x00000007c0000000)
  eden space 258048K, 0% used [0x0000000718c00000,0x0000000718c00000,0x0000000728800000)
  from space 20992K, 26% used [0x0000000728800000,0x0000000728d74058,0x0000000729c80000)
  to   space 6144K, 0% used [0x0000000738a00000,0x0000000738a00000,0x0000000739000000)
 ParOldGen       total 343040K, used 120K [0x00000005ca400000, 0x00000005df300000, 0x0000000718c00000)
  object space 343040K, 0% used [0x00000005ca400000,0x00000005ca41e010,0x00000005df300000)
 Metaspace       used 15813K, capacity 16350K, committed 16384K, reserved 1062912K
  class space    used 2130K, capacity 2300K, committed 2304K, reserved 1048576K
}
Event: 3,474 GC heap before
{Heap before GC invocations=6 (full 0):
 PSYoungGen      total 279040K, used 263632K [0x0000000718c00000, 0x0000000739000000, 0x00000007c0000000)
  eden space 258048K, 100% used [0x0000000718c00000,0x0000000728800000,0x0000000728800000)
  from space 20992K, 26% used [0x0000000728800000,0x0000000728d74058,0x0000000729c80000)
  to   space 6144K, 0% used [0x0000000738a00000,0x0000000738a00000,0x0000000739000000)
 ParOldGen       total 343040K, used 120K [0x00000005ca400000, 0x00000005df300000, 0x0000000718c00000)
  object space 343040K, 0% used [0x00000005ca400000,0x00000005ca41e010,0x00000005df300000)
 Metaspace       used 15823K, capacity 16414K, committed 16640K, reserved 1062912K
  class space    used 2130K, capacity 2300K, committed 2304K, reserved 1048576K
Event: 3,478 GC heap after
Heap after GC invocations=6 (full 0):
 PSYoungGen      total 522240K, used 5664K [0x0000000718c00000, 0x0000000739000000, 0x00000007c0000000)
  eden space 516096K, 0% used [0x0000000718c00000,0x0000000718c00000,0x0000000738400000)
  from space 6144K, 92% used [0x0000000738a00000,0x0000000738f88048,0x0000000739000000)
  to   space 6144K, 0% used [0x0000000738400000,0x0000000738400000,0x0000000738a00000)
 ParOldGen       total 343040K, used 128K [0x00000005ca400000, 0x00000005df300000, 0x0000000718c00000)
  object space 343040K, 0% used [0x00000005ca400000,0x00000005ca420010,0x00000005df300000)
 Metaspace       used 15823K, capacity 16414K, committed 16640K, reserved 1062912K
  class space    used 2130K, capacity 2300K, committed 2304K, reserved 1048576K
}
Event: 4,727 GC heap before
{Heap before GC invocations=7 (full 0):
 PSYoungGen      total 522240K, used 521760K [0x0000000718c00000, 0x0000000739000000, 0x00000007c0000000)
  eden space 516096K, 100% used [0x0000000718c00000,0x0000000738400000,0x0000000738400000)
  from space 6144K, 92% used [0x0000000738a00000,0x0000000738f88048,0x0000000739000000)
  to   space 6144K, 0% used [0x0000000738400000,0x0000000738400000,0x0000000738a00000)
 ParOldGen       total 343040K, used 128K [0x00000005ca400000, 0x00000005df300000, 0x0000000718c00000)
  object space 343040K, 0% used [0x00000005ca400000,0x00000005ca420010,0x00000005df300000)
 Metaspace       used 15884K, capacity 16418K, committed 16640K, reserved 1062912K
  class space    used 2130K, capacity 2300K, committed 2304K, reserved 1048576K
Event: 4,732 GC heap after
Heap after GC invocations=7 (full 0):
 PSYoungGen      total 496128K, used 192K [0x0000000718c00000, 0x0000000738a80000, 0x00000007c0000000)
  eden space 495616K, 0% used [0x0000000718c00000,0x0000000718c00000,0x0000000737000000)
  from space 512K, 37% used [0x0000000738400000,0x0000000738430000,0x0000000738480000)
  to   space 6144K, 0% used [0x0000000738480000,0x0000000738480000,0x0000000738a80000)
 ParOldGen       total 343040K, used 5577K [0x00000005ca400000, 0x00000005df300000, 0x0000000718c00000)
  object space 343040K, 1% used [0x00000005ca400000,0x00000005ca972450,0x00000005df300000)
 Metaspace       used 15884K, capacity 16418K, committed 16640K, reserved 1062912K
  class space    used 2130K, capacity 2300K, committed 2304K, reserved 1048576K
}

Deoptimization events (10 events):
Event: 2,732 Thread 0x00007feb0c225000 Uncommon trap: reason=class_check action=maybe_recompile pc=0x00007feafd754040 method=com.sun.javafx.geom.transform.GeneralTransform3D.mul(Lcom/sun/javafx/geom/transform/BaseTransform;)Lcom/sun/javafx/geom/transform/GeneralTransform3D; @ 1
Event: 3,327 Thread 0x00007feb0c225000 Uncommon trap: reason=unstable_if action=reinterpret pc=0x00007feafd7682c0 method=javafx.scene.Node.getLocalBounds(Lcom/sun/javafx/geom/BaseBounds;Lcom/sun/javafx/geom/transform/BaseTransform;)Lcom/sun/javafx/geom/BaseBounds; @ 25
Event: 3,327 Thread 0x00007feb0c1bd800 Uncommon trap: reason=unstable_if action=reinterpret pc=0x00007feafd70a9b8 method=com.sun.javafx.geom.transform.AffineBase.translate(DD)V @ 501
Event: 3,327 Thread 0x00007feb0c1bd800 Uncommon trap: reason=unstable_if action=reinterpret pc=0x00007feafd5d9c70 method=com.sun.prism.impl.BaseGraphics.validateTransformAndPaint()V @ 20
Event: 3,327 Thread 0x00007feb0c1bd800 Uncommon trap: reason=class_check action=maybe_recompile pc=0x00007feafd833424 method=com.sun.prism.impl.shape.OpenPiscesPrismUtils.setupRenderer(Lcom/sun/javafx/geom/Path2D;Lcom/sun/prism/BasicStroke;Lcom/sun/javafx/geom/transform/BaseTransform;Lcom/sun/
Event: 3,327 Thread 0x00007feb0c1bd800 Uncommon trap: reason=class_check action=maybe_recompile pc=0x00007feafd833424 method=com.sun.prism.impl.shape.OpenPiscesPrismUtils.setupRenderer(Lcom/sun/javafx/geom/Path2D;Lcom/sun/prism/BasicStroke;Lcom/sun/javafx/geom/transform/BaseTransform;Lcom/sun/
Event: 3,328 Thread 0x00007feb0c225000 Uncommon trap: reason=unstable_if action=reinterpret pc=0x00007feafd75c550 method=javafx.scene.Node.getLocalBounds(Lcom/sun/javafx/geom/BaseBounds;Lcom/sun/javafx/geom/transform/BaseTransform;)Lcom/sun/javafx/geom/BaseBounds; @ 25
Event: 3,329 Thread 0x00007feb0c1bd800 Uncommon trap: reason=class_check action=maybe_recompile pc=0x00007feafd833424 method=com.sun.prism.impl.shape.OpenPiscesPrismUtils.setupRenderer(Lcom/sun/javafx/geom/Path2D;Lcom/sun/prism/BasicStroke;Lcom/sun/javafx/geom/transform/BaseTransform;Lcom/sun/
Event: 3,329 Thread 0x00007feb0c1bd800 Uncommon trap: reason=class_check action=maybe_recompile pc=0x00007feafd833424 method=com.sun.prism.impl.shape.OpenPiscesPrismUtils.setupRenderer(Lcom/sun/javafx/geom/Path2D;Lcom/sun/prism/BasicStroke;Lcom/sun/javafx/geom/transform/BaseTransform;Lcom/sun/
Event: 3,726 Thread 0x00007feb0c1bd800 Uncommon trap: reason=bimorphic action=maybe_recompile pc=0x00007feafd861c40 method=com.sun.prism.impl.shape.OpenPiscesPrismUtils.setupRenderer(Lcom/sun/javafx/geom/Path2D;Lcom/sun/prism/BasicStroke;Lcom/sun/javafx/geom/transform/BaseTransform;Lcom/sun/ja

Internal exceptions (10 events):
Event: 0,092 Thread 0x00007feb0c007800 Exception <a 'java/security/PrivilegedActionException'> (0x0000000718dfba70) thrown at [/HUDSON/workspace/8-2-build-linux-amd64/jdk8u91/6644/hotspot/src/share/vm/prims/jvm.cpp, line 1386]
Event: 0,092 Thread 0x00007feb0c007800 Exception <a 'java/security/PrivilegedActionException'> (0x0000000718dfbc80) thrown at [/HUDSON/workspace/8-2-build-linux-amd64/jdk8u91/6644/hotspot/src/share/vm/prims/jvm.cpp, line 1386]
Event: 0,092 Thread 0x00007feb0c007800 Exception <a 'java/lang/NullPointerException'> (0x0000000718dfc258) thrown at [/HUDSON/workspace/8-2-build-linux-amd64/jdk8u91/6644/hotspot/src/share/vm/interpreter/linkResolver.cpp, line 1178]
Event: 0,295 Thread 0x00007feb0c225000 Exception <a 'java/lang/NullPointerException'> (0x0000000719ea6910) thrown at [/HUDSON/workspace/8-2-build-linux-amd64/jdk8u91/6644/hotspot/src/share/vm/interpreter/linkResolver.cpp, line 1178]
Event: 0,295 Thread 0x00007feb0c225000 Exception <a 'java/lang/NullPointerException'> (0x0000000719ea6910) thrown at [/HUDSON/workspace/8-2-build-linux-amd64/jdk8u91/6644/hotspot/src/share/vm/prims/jvm.cpp, line 1390]
Event: 0,352 Thread 0x00007feb0c225000 Exception <a 'java/lang/ArrayIndexOutOfBoundsException'> (0x000000071a2e6be0) thrown at [/HUDSON/workspace/8-2-build-linux-amd64/jdk8u91/6644/hotspot/src/share/vm/runtime/sharedRuntime.cpp, line 605]
Event: 0,352 Thread 0x00007feb0c225000 Exception <a 'java/lang/ArrayIndexOutOfBoundsException'> (0x000000071a2e78e0) thrown at [/HUDSON/workspace/8-2-build-linux-amd64/jdk8u91/6644/hotspot/src/share/vm/runtime/sharedRuntime.cpp, line 605]
Event: 0,352 Thread 0x00007feb0c225000 Exception <a 'java/lang/ArrayIndexOutOfBoundsException'> (0x000000071a2e8c88) thrown at [/HUDSON/workspace/8-2-build-linux-amd64/jdk8u91/6644/hotspot/src/share/vm/runtime/sharedRuntime.cpp, line 605]
Event: 0,408 Thread 0x00007feb0c225000 Implicit null exception at 0x00007feafd2a0db5 to 0x00007feafd2a0fed
Event: 0,447 Thread 0x00007feb0c225000 Exception <a 'java/io/FileNotFoundException'> (0x000000071a6e53e0) thrown at [/HUDSON/workspace/8-2-build-linux-amd64/jdk8u91/6644/hotspot/src/share/vm/prims/jni.cpp, line 709]

Events (10 events):
Event: 3,329 Thread 0x00007feb0c1bd800 DEOPT UNPACKING pc=0x00007feafd005229 sp=0x00007feae7ffce88 mode 2
Event: 3,474 Executing VM operation: ParallelGCFailedAllocation
Event: 3,478 Executing VM operation: ParallelGCFailedAllocation done
Event: 3,726 Thread 0x00007feb0c1bd800 Uncommon trap: trap_request=0xffffffc6 fr.pc=0x00007feafd861c40
Event: 3,726 Thread 0x00007feb0c1bd800 DEOPT PACKING pc=0x00007feafd861c40 sp=0x00007feae7ffcfd0
Event: 3,726 Thread 0x00007feb0c1bd800 DEOPT UNPACKING pc=0x00007feafd005229 sp=0x00007feae7ffcf78 mode 2
Event: 4,042 Executing VM operation: EnableBiasedLocking
Event: 4,043 Executing VM operation: EnableBiasedLocking done
Event: 4,727 Executing VM operation: ParallelGCFailedAllocation
Event: 4,732 Executing VM operation: ParallelGCFailedAllocation done


Dynamic libraries:
00400000-00401000 r-xp 00000000 08:03 71174188                           /usr/share/jdk1.8.0_91/bin/java
00600000-00601000 rw-p 00000000 08:03 71174188                           /usr/share/jdk1.8.0_91/bin/java
014d4000-014f5000 rw-p 00000000 00:00 0                                  [heap]
5ca400000-5df300000 rw-p 00000000 00:00 0 
5df300000-718c00000 ---p 00000000 00:00 0 
718c00000-738a80000 rw-p 00000000 00:00 0 
738a80000-7c0000000 ---p 00000000 00:00 0 
7c0000000-7c0240000 rw-p 00000000 00:00 0 
7c0240000-800000000 ---p 00000000 00:00 0 
7fea60000000-7fea6032f000 rw-p 00000000 00:00 0 
7fea6032f000-7fea64000000 ---p 00000000 00:00 0 
7fea68000000-7fea6c000000 rw-p 00000000 00:00 0 
7fea70000000-7fea78000000 rw-p 00000000 00:00 0 
7fea78000000-7fea78021000 rw-p 00000000 00:00 0 
7fea78021000-7fea7c000000 ---p 00000000 00:00 0 
7fea7c000000-7fea7c021000 rw-p 00000000 00:00 0 
7fea7c021000-7fea80000000 ---p 00000000 00:00 0 
7fea80000000-7fea802b8000 rw-p 00000000 00:00 0 
7fea802b8000-7fea84000000 ---p 00000000 00:00 0 
7fea84000000-7fea84021000 rw-p 00000000 00:00 0 
7fea84021000-7fea88000000 ---p 00000000 00:00 0 
7fea88000000-7fea88021000 rw-p 00000000 00:00 0 
7fea88021000-7fea8c000000 ---p 00000000 00:00 0 
7fea8c000000-7fea90000000 rw-p 00000000 00:00 0 
7fea90039000-7fea90239000 rw-s 13938c000 00:06 330                       /dev/dri/card0
7fea90239000-7fea90439000 rw-s 138967000 00:06 330                       /dev/dri/card0
7fea90439000-7fea90639000 rw-s 138c05000 00:06 330                       /dev/dri/card0
7fea90639000-7fea906b9000 rw-s 1364ab000 00:06 330                       /dev/dri/card0
7fea906b9000-7fea910b9000 rwxp 00000000 00:00 0 
7fea910b9000-7fea93c97000 r-xp 00000000 08:03 33570386                   /usr/lib/x86_64-linux-gnu/libLLVM-4.0.so.1
7fea93c97000-7fea93c98000 ---p 02bde000 08:03 33570386                   /usr/lib/x86_64-linux-gnu/libLLVM-4.0.so.1
7fea93c98000-7fea93fac000 r--p 02bde000 08:03 33570386                   /usr/lib/x86_64-linux-gnu/libLLVM-4.0.so.1
7fea93fac000-7fea93fb1000 rw-p 02ef2000 08:03 33570386                   /usr/lib/x86_64-linux-gnu/libLLVM-4.0.so.1
7fea93fb1000-7fea94000000 rw-p 00000000 00:00 0 
7fea94000000-7fea94021000 rw-p 00000000 00:00 0 
7fea94021000-7fea98000000 ---p 00000000 00:00 0 
7fea98000000-7fea98021000 rw-p 00000000 00:00 0 
7fea98021000-7fea9c000000 ---p 00000000 00:00 0 
7fea9c000000-7fea9d07e000 rw-p 00000000 00:00 0 
7fea9d07e000-7feaa0000000 ---p 00000000 00:00 0 
7feaa0000000-7feaa040b000 rw-p 00000000 00:00 0 
7feaa040b000-7feaa4000000 ---p 00000000 00:00 0 
7feaa4000000-7feaa5d29000 rw-p 00000000 00:00 0 
7feaa5d29000-7feaa8000000 ---p 00000000 00:00 0 
7feaa8000000-7feaa9419000 rw-p 00000000 00:00 0 
7feaa9419000-7feaac000000 ---p 00000000 00:00 0 
7feaac000000-7feaac021000 rw-p 00000000 00:00 0 
7feaac021000-7feab0000000 ---p 00000000 00:00 0 
7feab0000000-7feab0021000 rw-p 00000000 00:00 0 
7feab0021000-7feab4000000 ---p 00000000 00:00 0 
7feab4000000-7feab4021000 rw-p 00000000 00:00 0 
7feab4021000-7feab8000000 ---p 00000000 00:00 0 
7feab8020000-7feab80a0000 rw-s 13642b000 00:06 330                       /dev/dri/card0
7feab80a0000-7feab8120000 rw-s 1363ab000 00:06 330                       /dev/dri/card0
7feab8120000-7feab8320000 rw-p 00000000 00:00 0 
7feab8320000-7feab8520000 rw-s 13814b000 00:06 330                       /dev/dri/card0
7feab8520000-7feac8000000 rw-p 00000000 00:00 0 
7feac8000000-7feac8021000 rw-p 00000000 00:00 0 
7feac8021000-7feacc000000 ---p 00000000 00:00 0 
7feacc000000-7feacc021000 rw-p 00000000 00:00 0 
7feacc021000-7fead0000000 ---p 00000000 00:00 0 
7fead0000000-7fead0021000 rw-p 00000000 00:00 0 
7fead0021000-7fead4000000 ---p 00000000 00:00 0 
7fead406b000-7fead406e000 ---p 00000000 00:00 0 
7fead406e000-7fead416c000 rw-p 00000000 00:00 0 
7fead4172000-7fead4185000 r--s 00344000 08:03 71303565                   /usr/share/jdk1.8.0_91/jre/lib/resources.jar
7fead4185000-7fead4188000 ---p 00000000 00:00 0 
7fead4188000-7fead4286000 rw-p 00000000 00:00 0 
7fead4286000-7fead433f000 r--p 00000000 08:03 591338                     /usr/share/fonts/truetype/dejavu/DejaVuSans.ttf
7fead433f000-7fead4353000 r--p 00000000 08:03 37833930                   /usr/share/jdk1.8.0_91/jre/lib/fonts/LucidaBrightItalic.ttf
7fead4353000-7fead43a1000 r--p 00000000 08:03 37833929                   /usr/share/jdk1.8.0_91/jre/lib/fonts/LucidaSansDemiBold.ttf
7fead43a1000-7fead43db000 r--p 00000000 08:03 37833928                   /usr/share/jdk1.8.0_91/jre/lib/fonts/LucidaTypewriterBold.ttf
7fead43db000-7fead43ee000 r--p 00000000 08:03 37833927                   /usr/share/jdk1.8.0_91/jre/lib/fonts/LucidaBrightDemiItalic.ttf
7fead43ee000-7fead4443000 r--p 00000000 08:03 37833926                   /usr/share/jdk1.8.0_91/jre/lib/fonts/LucidaBrightRegular.ttf
7fead4443000-7fead44ee000 r--p 00000000 08:03 37833925                   /usr/share/jdk1.8.0_91/jre/lib/fonts/LucidaSansRegular.ttf
7fead44ee000-7fead4501000 r--p 00000000 08:03 37833924                   /usr/share/jdk1.8.0_91/jre/lib/fonts/LucidaBrightDemiBold.ttf
7fead4501000-7fead453d000 r--p 00000000 08:03 37833922                   /usr/share/jdk1.8.0_91/jre/lib/fonts/LucidaTypewriterRegular.ttf
7fead453d000-7fead4541000 r-xp 00000000 08:03 71174145                   /usr/share/jdk1.8.0_91/jre/lib/amd64/libjavafx_font_pango.so
7fead4541000-7fead4740000 ---p 00004000 08:03 71174145                   /usr/share/jdk1.8.0_91/jre/lib/amd64/libjavafx_font_pango.so
7fead4740000-7fead4741000 rw-p 00003000 08:03 71174145                   /usr/share/jdk1.8.0_91/jre/lib/amd64/libjavafx_font_pango.so
7fead4741000-7fead4745000 r--s 00097000 08:03 71304089                   /usr/share/jdk1.8.0_91/jre/lib/jsse.jar
7fead4745000-7fead4945000 rw-p 00000000 00:00 0 
7fead4945000-7fead494a000 r--s 00084000 08:03 71174183                   /usr/share/jdk1.8.0_91/jre/lib/jfr.jar
7fead494a000-7fead4954000 r-xp 00000000 08:03 71551662                   /usr/lib/x86_64-linux-gnu/gtk-2.0/2.10.0/engines/libpixmap.so
7fead4954000-7fead4b53000 ---p 0000a000 08:03 71551662                   /usr/lib/x86_64-linux-gnu/gtk-2.0/2.10.0/engines/libpixmap.so
7fead4b53000-7fead4b54000 r--p 00009000 08:03 71551662                   /usr/lib/x86_64-linux-gnu/gtk-2.0/2.10.0/engines/libpixmap.so
7fead4b54000-7fead4b55000 rw-p 0000a000 08:03 71551662                   /usr/lib/x86_64-linux-gnu/gtk-2.0/2.10.0/engines/libpixmap.so
7fead4b55000-7fead4b85000 r-xp 00000000 08:03 72043352                   /usr/lib/x86_64-linux-gnu/gtk-2.0/2.10.0/engines/libmurrine.so
7fead4b85000-7fead4d85000 ---p 00030000 08:03 72043352                   /usr/lib/x86_64-linux-gnu/gtk-2.0/2.10.0/engines/libmurrine.so
7fead4d85000-7fead4d86000 r--p 00030000 08:03 72043352                   /usr/lib/x86_64-linux-gnu/gtk-2.0/2.10.0/engines/libmurrine.so
7fead4d86000-7fead4d87000 rw-p 00031000 08:03 72043352                   /usr/lib/x86_64-linux-gnu/gtk-2.0/2.10.0/engines/libmurrine.so
7fead4d87000-7fead4d8b000 r--s 00000000 08:03 37593931                   /var/cache/fontconfig/6aa41aa22e18b8fa06a12da28ea9c28b-le64.cache-6
7fead4d8b000-7fead4d96000 r--s 00000000 08:03 37737514                   /var/cache/fontconfig/945677eb7aeaf62f1d50efc3fb3ec7d8-le64.cache-6
7fead4d96000-7fead4d9c000 r--s 00000000 08:03 37737495                   /var/cache/fontconfig/2cd17615ca594fa2959ae173292e504c-le64.cache-6
7fead4d9c000-7fead4da0000 r--s 00000000 08:03 37737493                   /var/cache/fontconfig/de156ccd2eddbdc19d37a45b8b2aac9c-le64.cache-6
7fead4da0000-7fead4db5000 r--s 00000000 08:03 37737492                   /var/cache/fontconfig/04aabc0a78ac019cf9454389977116d2-le64.cache-6
7fead4db5000-7fead4db9000 r--s 00000000 08:03 37737490                   /var/cache/fontconfig/385c0604a188198f04d133e54aba7fe7-le64.cache-6
7fead4db9000-7fead4de0000 r--s 00000000 08:03 37737486                   /var/cache/fontconfig/0bd3dc0958fa2205aaaa8ebb13e2872b-le64.cache-6
7fead4de0000-7fead4de7000 r--s 00000000 08:03 37737483                   /var/cache/fontconfig/3047814df9a2f067bd2d96a2b9c36e5a-le64.cache-6
7fead4de7000-7fead4dfa000 r--s 00000000 08:03 37737478                   /var/cache/fontconfig/d52a8644073d54c13679302ca1180695-le64.cache-6
7fead4dfa000-7fead4dff000 r-xp 00000000 08:03 71174167                   /usr/share/jdk1.8.0_91/jre/lib/amd64/libjavafx_font_freetype.so
7fead4dff000-7fead4ffe000 ---p 00005000 08:03 71174167                   /usr/share/jdk1.8.0_91/jre/lib/amd64/libjavafx_font_freetype.so
7fead4ffe000-7fead4fff000 rw-p 00004000 08:03 71174167                   /usr/share/jdk1.8.0_91/jre/lib/amd64/libjavafx_font_freetype.so
7fead4fff000-7fead5002000 r-xp 00000000 08:03 71174164                   /usr/share/jdk1.8.0_91/jre/lib/amd64/libjavafx_font.so
7fead5002000-7fead5201000 ---p 00003000 08:03 71174164                   /usr/share/jdk1.8.0_91/jre/lib/amd64/libjavafx_font.so
7fead5201000-7fead5202000 rw-p 00002000 08:03 71174164                   /usr/share/jdk1.8.0_91/jre/lib/amd64/libjavafx_font.so
7fead5202000-7fead5402000 rw-p 00000000 00:00 0 
7fead5402000-7fead5405000 ---p 00000000 00:00 0 
7fead5405000-7fead5503000 rw-p 00000000 00:00 0 
7fead5503000-7fead5506000 ---p 00000000 00:00 0 
7fead5506000-7fead5604000 rw-p 00000000 00:00 0 
7fead5604000-7fead5607000 ---p 00000000 00:00 0 
7fead5607000-7fead5705000 rw-p 00000000 00:00 0 
7fead5705000-7fead572e000 r-xp 00000000 08:03 71174168                   /usr/share/jdk1.8.0_91/jre/lib/amd64/libglass.so
7fead572e000-7fead592d000 ---p 00029000 08:03 71174168                   /usr/share/jdk1.8.0_91/jre/lib/amd64/libglass.so
7fead592d000-7fead5930000 rw-p 00028000 08:03 71174168                   /usr/share/jdk1.8.0_91/jre/lib/amd64/libglass.so
7fead5930000-7fead5967000 r-xp 00000000 08:03 34823622                   /usr/lib/x86_64-linux-gnu/libtxc_dxtn_s2tc.so.0.0.0
7fead5967000-7fead5b66000 ---p 00037000 08:03 34823622                   /usr/lib/x86_64-linux-gnu/libtxc_dxtn_s2tc.so.0.0.0
7fead5b66000-7fead5b67000 r--p 00036000 08:03 34823622                   /usr/lib/x86_64-linux-gnu/libtxc_dxtn_s2tc.so.0.0.0
7fead5b67000-7fead5b68000 rw-p 00037000 08:03 34823622                   /usr/lib/x86_64-linux-gnu/libtxc_dxtn_s2tc.so.0.0.0
7fead5b68000-7fead5b7b000 r-xp 00000000 08:03 33648825                   /lib/x86_64-linux-gnu/libbsd.so.0.8.2
7fead5b7b000-7fead5d7a000 ---p 00013000 08:03 33648825                   /lib/x86_64-linux-gnu/libbsd.so.0.8.2
7fead5d7a000-7fead5d7b000 r--p 00012000 08:03 33648825                   /lib/x86_64-linux-gnu/libbsd.so.0.8.2
7fead5d7b000-7fead5d7c000 rw-p 00013000 08:03 33648825                   /lib/x86_64-linux-gnu/libbsd.so.0.8.2
7fead5d7c000-7fead5d7d000 rw-p 00000000 00:00 0 
7fead5d7d000-7fead5da2000 r-xp 00000000 08:03 33570071                   /lib/x86_64-linux-gnu/libtinfo.so.5.9
7fead5da2000-7fead5fa1000 ---p 00025000 08:03 33570071                   /lib/x86_64-linux-gnu/libtinfo.so.5.9
7fead5fa1000-7fead5fa5000 r--p 00024000 08:03 33570071                   /lib/x86_64-linux-gnu/libtinfo.so.5.9
7fead5fa5000-7fead5fa6000 rw-p 00028000 08:03 33570071                   /lib/x86_64-linux-gnu/libtinfo.so.5.9
7fead5fa6000-7fead5fd7000 r-xp 00000000 08:03 34261711                   /usr/lib/x86_64-linux-gnu/libedit.so.2.0.53
7fead5fd7000-7fead61d7000 ---p 00031000 08:03 34261711                   /usr/lib/x86_64-linux-gnu/libedit.so.2.0.53
7fead61d7000-7fead61d9000 r--p 00031000 08:03 34261711                   /usr/lib/x86_64-linux-gnu/libedit.so.2.0.53
7fead61d9000-7fead61da000 rw-p 00033000 08:03 34261711                   /usr/lib/x86_64-linux-gnu/libedit.so.2.0.53
7fead61da000-7fead61de000 rw-p 00000000 00:00 0 
7fead61de000-7fead61f5000 r-xp 00000000 08:03 34261705                   /usr/lib/x86_64-linux-gnu/libelf-0.165.so
7fead61f5000-7fead63f4000 ---p 00017000 08:03 34261705                   /usr/lib/x86_64-linux-gnu/libelf-0.165.so
7fead63f4000-7fead63f5000 r--p 00016000 08:03 34261705                   /usr/lib/x86_64-linux-gnu/libelf-0.165.so
7fead63f5000-7fead63f6000 rw-p 00017000 08:03 34261705                   /usr/lib/x86_64-linux-gnu/libelf-0.165.so
7fead63f6000-7fead63ff000 r-xp 00000000 08:03 33922155                   /usr/lib/x86_64-linux-gnu/libdrm_amdgpu.so.1.0.0
7fead63ff000-7fead65fe000 ---p 00009000 08:03 33922155                   /usr/lib/x86_64-linux-gnu/libdrm_amdgpu.so.1.0.0
7fead65fe000-7fead65ff000 r--p 00008000 08:03 33922155                   /usr/lib/x86_64-linux-gnu/libdrm_amdgpu.so.1.0.0
7fead65ff000-7fead6600000 rw-p 00009000 08:03 33922155                   /usr/lib/x86_64-linux-gnu/libdrm_amdgpu.so.1.0.0
7fead6600000-7fead660b000 r-xp 00000000 08:03 33713611                   /usr/lib/x86_64-linux-gnu/libdrm_radeon.so.1.0.1
7fead660b000-7fead680a000 ---p 0000b000 08:03 33713611                   /usr/lib/x86_64-linux-gnu/libdrm_radeon.so.1.0.1
7fead680a000-7fead680b000 r--p 0000a000 08:03 33713611                   /usr/lib/x86_64-linux-gnu/libdrm_radeon.so.1.0.1
7fead680b000-7fead680c000 rw-p 0000b000 08:03 33713611                   /usr/lib/x86_64-linux-gnu/libdrm_radeon.so.1.0.1
7fead680c000-7fead6813000 r-xp 00000000 08:03 33713617                   /usr/lib/x86_64-linux-gnu/libdrm_nouveau.so.2.0.0
7fead6813000-7fead6a12000 ---p 00007000 08:03 33713617                   /usr/lib/x86_64-linux-gnu/libdrm_nouveau.so.2.0.0
7fead6a12000-7fead6a13000 r--p 00006000 08:03 33713617                   /usr/lib/x86_64-linux-gnu/libdrm_nouveau.so.2.0.0
7fead6a13000-7fead6a14000 rw-p 00007000 08:03 33713617                   /usr/lib/x86_64-linux-gnu/libdrm_nouveau.so.2.0.0
7fead6a14000-7fead6a22000 r-xp 00000000 08:03 35507254                   /usr/lib/x86_64-linux-gnu/libsensors.so.4.4.0
7fead6a22000-7fead6c21000 ---p 0000e000 08:03 35507254                   /usr/lib/x86_64-linux-gnu/libsensors.so.4.4.0
7fead6c21000-7fead6c22000 r--p 0000d000 08:03 35507254                   /usr/lib/x86_64-linux-gnu/libsensors.so.4.4.0
7fead6c22000-7fead6c23000 rw-p 0000e000 08:03 35507254                   /usr/lib/x86_64-linux-gnu/libsensors.so.4.4.0
7fead6c23000-7fead75b0000 r-xp 00000000 08:03 101030972                  /usr/lib/x86_64-linux-gnu/dri/nouveau_dri.so
7fead75b0000-7fead77b0000 ---p 0098d000 08:03 101030972                  /usr/lib/x86_64-linux-gnu/dri/nouveau_dri.so
7fead77b0000-7fead77eb000 r--p 0098d000 08:03 101030972                  /usr/lib/x86_64-linux-gnu/dri/nouveau_dri.so
7fead77eb000-7fead77f7000 rw-p 009c8000 08:03 101030972                  /usr/lib/x86_64-linux-gnu/dri/nouveau_dri.so
7fead77f7000-7fead79ee000 rw-p 00000000 00:00 0 
7fead79ee000-7fead79f4000 r-xp 00000000 08:03 34154441                   /usr/lib/x86_64-linux-gnu/libdatrie.so.1.3.3
7fead79f4000-7fead7bf4000 ---p 00006000 08:03 34154441                   /usr/lib/x86_64-linux-gnu/libdatrie.so.1.3.3
7fead7bf4000-7fead7bf5000 r--p 00006000 08:03 34154441                   /usr/lib/x86_64-linux-gnu/libdatrie.so.1.3.3
7fead7bf5000-7fead7bf6000 rw-p 00007000 08:03 34154441                   /usr/lib/x86_64-linux-gnu/libdatrie.so.1.3.3
7fead7bf6000-7fead7bfb000 r-xp 00000000 08:03 34035872                   /usr/lib/x86_64-linux-gnu/libXdmcp.so.6.0.0
7fead7bfb000-7fead7dfa000 ---p 00005000 08:03 34035872                   /usr/lib/x86_64-linux-gnu/libXdmcp.so.6.0.0
7fead7dfa000-7fead7dfb000 r--p 00004000 08:03 34035872                   /usr/lib/x86_64-linux-gnu/libXdmcp.so.6.0.0
7fead7dfb000-7fead7dfc000 rw-p 00005000 08:03 34035872                   /usr/lib/x86_64-linux-gnu/libXdmcp.so.6.0.0
7fead7dfc000-7fead7dfe000 r-xp 00000000 08:03 34035846                   /usr/lib/x86_64-linux-gnu/libXau.so.6.0.0
7fead7dfe000-7fead7ffe000 ---p 00002000 08:03 34035846                   /usr/lib/x86_64-linux-gnu/libXau.so.6.0.0
7fead7ffe000-7fead7fff000 r--p 00002000 08:03 34035846                   /usr/lib/x86_64-linux-gnu/libXau.so.6.0.0
7fead7fff000-7fead8000000 rw-p 00003000 08:03 34035846                   /usr/lib/x86_64-linux-gnu/libXau.so.6.0.0
7fead8000000-7fead8021000 rw-p 00000000 00:00 0 
7fead8021000-7feadc000000 ---p 00000000 00:00 0 
7feadc001000-7feadc006000 r--s 00000000 08:03 37737485                   /var/cache/fontconfig/8801497958630a81b71ace7c5f9b32a8-le64.cache-6
7feadc006000-7feadc011000 r--s 00000000 08:03 37737476                   /var/cache/fontconfig/d589a48862398ed80a3d6066f4f56f4c-le64.cache-6
7feadc011000-7feadc023000 r--s 00000000 08:03 37737512                   /var/cache/fontconfig/9b89f8e3dae116d678bbf48e5f21f69b-le64.cache-6
7feadc023000-7feadc0a3000 rw-s 13726c000 00:06 330                       /dev/dri/card0
7feadc0a3000-7feadc0ce000 r--p 00000000 08:03 37754511                   /usr/share/locale-langpack/fr/LC_MESSAGES/gtk20-properties.mo
7feadc0ce000-7feadc0f2000 r-xp 00000000 08:03 34151317                   /usr/lib/x86_64-linux-gnu/libgraphite2.so.3.0.1
7feadc0f2000-7feadc2f1000 ---p 00024000 08:03 34151317                   /usr/lib/x86_64-linux-gnu/libgraphite2.so.3.0.1
7feadc2f1000-7feadc2f3000 r--p 00023000 08:03 34151317                   /usr/lib/x86_64-linux-gnu/libgraphite2.so.3.0.1
7feadc2f3000-7feadc2f4000 rw-p 00025000 08:03 34151317                   /usr/lib/x86_64-linux-gnu/libgraphite2.so.3.0.1
7feadc2f4000-7feadc304000 r-xp 00000000 08:03 33713623                   /usr/lib/x86_64-linux-gnu/libdrm.so.2.4.0
7feadc304000-7feadc503000 ---p 00010000 08:03 33713623                   /usr/lib/x86_64-linux-gnu/libdrm.so.2.4.0
7feadc503000-7feadc504000 r--p 0000f000 08:03 33713623                   /usr/lib/x86_64-linux-gnu/libdrm.so.2.4.0
7feadc504000-7feadc505000 rw-p 00010000 08:03 33713623                   /usr/lib/x86_64-linux-gnu/libdrm.so.2.4.0
7feadc505000-7feadc509000 r-xp 00000000 08:03 34258681                   /usr/lib/x86_64-linux-gnu/libxcb-dri2.so.0.0.0
7feadc509000-7feadc708000 ---p 00004000 08:03 34258681                   /usr/lib/x86_64-linux-gnu/libxcb-dri2.so.0.0.0
7feadc708000-7feadc709000 r--p 00003000 08:03 34258681                   /usr/lib/x86_64-linux-gnu/libxcb-dri2.so.0.0.0
7feadc709000-7feadc70a000 rw-p 00004000 08:03 34258681                   /usr/lib/x86_64-linux-gnu/libxcb-dri2.so.0.0.0
7feadc70a000-7feadc721000 r-xp 00000000 08:03 34421015                   /usr/lib/x86_64-linux-gnu/libxcb-glx.so.0.0.0
7feadc721000-7feadc920000 ---p 00017000 08:03 34421015                   /usr/lib/x86_64-linux-gnu/libxcb-glx.so.0.0.0
7feadc920000-7feadc922000 r--p 00016000 08:03 34421015                   /usr/lib/x86_64-linux-gnu/libxcb-glx.so.0.0.0
7feadc922000-7feadc923000 rw-p 00018000 08:03 34421015                   /usr/lib/x86_64-linux-gnu/libxcb-glx.so.0.0.0
7feadc923000-7feadc924000 r-xp 00000000 08:03 34258678                   /usr/lib/x86_64-linux-gnu/libX11-xcb.so.1.0.0
7feadc924000-7feadcb23000 ---p 00001000 08:03 34258678                   /usr/lib/x86_64-linux-gnu/libX11-xcb.so.1.0.0
7feadcb23000-7feadcb24000 r--p 00000000 08:03 34258678                   /usr/lib/x86_64-linux-gnu/libX11-xcb.so.1.0.0
7feadcb24000-7feadcb25000 rw-p 00001000 08:03 34258678                   /usr/lib/x86_64-linux-gnu/libX11-xcb.so.1.0.0
7feadcb25000-7feadcb4f000 r-xp 00000000 08:03 33571056                   /usr/lib/x86_64-linux-gnu/libglapi.so.0.0.0
7feadcb4f000-7feadcd4e000 ---p 0002a000 08:03 33571056                   /usr/lib/x86_64-linux-gnu/libglapi.so.0.0.0
7feadcd4e000-7feadcd52000 r--p 00029000 08:03 33571056                   /usr/lib/x86_64-linux-gnu/libglapi.so.0.0.0
7feadcd52000-7feadcd53000 rw-p 0002d000 08:03 33571056                   /usr/lib/x86_64-linux-gnu/libglapi.so.0.0.0
7feadcd53000-7feadcd54000 rw-p 00000000 00:00 0 
7feadcd54000-7feadcd55000 r-xp 00000000 08:03 34261681                   /usr/lib/x86_64-linux-gnu/libxshmfence.so.1.0.0
7feadcd55000-7feadcf55000 ---p 00001000 08:03 34261681                   /usr/lib/x86_64-linux-gnu/libxshmfence.so.1.0.0
7feadcf55000-7feadcf56000 r--p 00001000 08:03 34261681                   /usr/lib/x86_64-linux-gnu/libxshmfence.so.1.0.0
7feadcf56000-7feadcf57000 rw-p 00002000 08:03 34261681                   /usr/lib/x86_64-linux-gnu/libxshmfence.so.1.0.0
7feadcf57000-7feadcf5c000 r-xp 00000000 08:03 34261671                   /usr/lib/x86_64-linux-gnu/libxcb-sync.so.1.0.0
7feadcf5c000-7feadd15c000 ---p 00005000 08:03 34261671                   /usr/lib/x86_64-linux-gnu/libxcb-sync.so.1.0.0
7feadd15c000-7feadd15d000 r--p 00005000 08:03 34261671                   /usr/lib/x86_64-linux-gnu/libxcb-sync.so.1.0.0
7feadd15d000-7feadd15e000 rw-p 00006000 08:03 34261671                   /usr/lib/x86_64-linux-gnu/libxcb-sync.so.1.0.0
7feadd15e000-7feadd160000 r-xp 00000000 08:03 34261666                   /usr/lib/x86_64-linux-gnu/libxcb-present.so.0.0.0
7feadd160000-7feadd35f000 ---p 00002000 08:03 34261666                   /usr/lib/x86_64-linux-gnu/libxcb-present.so.0.0.0
7feadd35f000-7feadd360000 r--p 00001000 08:03 34261666                   /usr/lib/x86_64-linux-gnu/libxcb-present.so.0.0.0
7feadd360000-7feadd361000 rw-p 00002000 08:03 34261666                   /usr/lib/x86_64-linux-gnu/libxcb-present.so.0.0.0
7feadd361000-7feadd363000 r-xp 00000000 08:03 34258686                   /usr/lib/x86_64-linux-gnu/libxcb-dri3.so.0.0.0
7feadd363000-7feadd562000 ---p 00002000 08:03 34258686                   /usr/lib/x86_64-linux-gnu/libxcb-dri3.so.0.0.0
7feadd562000-7feadd563000 r--p 00001000 08:03 34258686                   /usr/lib/x86_64-linux-gnu/libxcb-dri3.so.0.0.0
7feadd563000-7feadd564000 rw-p 00002000 08:03 34258686                   /usr/lib/x86_64-linux-gnu/libxcb-dri3.so.0.0.0
7feadd564000-7feadd5d2000 r-xp 00000000 08:03 33570033                   /lib/x86_64-linux-gnu/libpcre.so.3.13.2
7feadd5d2000-7feadd7d2000 ---p 0006e000 08:03 33570033                   /lib/x86_64-linux-gnu/libpcre.so.3.13.2
7feadd7d2000-7feadd7d3000 r--p 0006e000 08:03 33570033                   /lib/x86_64-linux-gnu/libpcre.so.3.13.2
7feadd7d3000-7feadd7d4000 rw-p 0006f000 08:03 33570033                   /lib/x86_64-linux-gnu/libpcre.so.3.13.2
7feadd7d4000-7feadd7db000 r-xp 00000000 08:03 33648829                   /usr/lib/x86_64-linux-gnu/libffi.so.6.0.4
7feadd7db000-7feadd9da000 ---p 00007000 08:03 33648829                   /usr/lib/x86_64-linux-gnu/libffi.so.6.0.4
7feadd9da000-7feadd9db000 r--p 00006000 08:03 33648829                   /usr/lib/x86_64-linux-gnu/libffi.so.6.0.4
7feadd9db000-7feadd9dc000 rw-p 00007000 08:03 33648829                   /usr/lib/x86_64-linux-gnu/libffi.so.6.0.4
7feadd9dc000-7feadda02000 r-xp 00000000 08:03 33922161                   /lib/x86_64-linux-gnu/libexpat.so.1.6.0
7feadda02000-7feaddc02000 ---p 00026000 08:03 33922161                   /lib/x86_64-linux-gnu/libexpat.so.1.6.0
7feaddc02000-7feaddc04000 r--p 00026000 08:03 33922161                   /lib/x86_64-linux-gnu/libexpat.so.1.6.0
7feaddc04000-7feaddc05000 rw-p 00028000 08:03 33922161                   /lib/x86_64-linux-gnu/libexpat.so.1.6.0
7feaddc05000-7feaddc0d000 r-xp 00000000 08:03 34154444                   /usr/lib/x86_64-linux-gnu/libthai.so.0.2.4
7feaddc0d000-7feadde0c000 ---p 00008000 08:03 34154444                   /usr/lib/x86_64-linux-gnu/libthai.so.0.2.4
7feadde0c000-7feadde0d000 r--p 00007000 08:03 34154444                   /usr/lib/x86_64-linux-gnu/libthai.so.0.2.4
7feadde0d000-7feadde0e000 rw-p 00008000 08:03 34154444                   /usr/lib/x86_64-linux-gnu/libthai.so.0.2.4
7feadde0e000-7feadde2f000 r-xp 00000000 08:03 34035901                   /usr/lib/x86_64-linux-gnu/libxcb.so.1.1.0
7feadde2f000-7feade02e000 ---p 00021000 08:03 34035901                   /usr/lib/x86_64-linux-gnu/libxcb.so.1.1.0
7feade02e000-7feade02f000 r--p 00020000 08:03 34035901                   /usr/lib/x86_64-linux-gnu/libxcb.so.1.1.0
7feade02f000-7feade030000 rw-p 00021000 08:03 34035901                   /usr/lib/x86_64-linux-gnu/libxcb.so.1.1.0
7feade030000-7feade038000 r-xp 00000000 08:03 34080400                   /usr/lib/x86_64-linux-gnu/libxcb-render.so.0.0.0
7feade038000-7feade238000 ---p 00008000 08:03 34080400                   /usr/lib/x86_64-linux-gnu/libxcb-render.so.0.0.0
7feade238000-7feade239000 r--p 00008000 08:03 34080400                   /usr/lib/x86_64-linux-gnu/libxcb-render.so.0.0.0
7feade239000-7feade23a000 rw-p 00009000 08:03 34080400                   /usr/lib/x86_64-linux-gnu/libxcb-render.so.0.0.0
7feade23a000-7feade23c000 r-xp 00000000 08:03 34080404                   /usr/lib/x86_64-linux-gnu/libxcb-shm.so.0.0.0
7feade23c000-7feade43c000 ---p 00002000 08:03 34080404                   /usr/lib/x86_64-linux-gnu/libxcb-shm.so.0.0.0
7feade43c000-7feade43d000 r--p 00002000 08:03 34080404                   /usr/lib/x86_64-linux-gnu/libxcb-shm.so.0.0.0
7feade43d000-7feade43e000 rw-p 00003000 08:03 34080404                   /usr/lib/x86_64-linux-gnu/libxcb-shm.so.0.0.0
7feade43e000-7feade462000 r-xp 00000000 08:03 33687915                   /lib/x86_64-linux-gnu/libpng12.so.0.54.0
7feade462000-7feade661000 ---p 00024000 08:03 33687915                   /lib/x86_64-linux-gnu/libpng12.so.0.54.0
7feade661000-7feade662000 r--p 00023000 08:03 33687915                   /lib/x86_64-linux-gnu/libpng12.so.0.54.0
7feade662000-7feade663000 rw-p 00024000 08:03 33687915                   /lib/x86_64-linux-gnu/libpng12.so.0.54.0
7feade663000-7feade702000 r-xp 00000000 08:03 34080395                   /usr/lib/x86_64-linux-gnu/libpixman-1.so.0.33.6
7feade702000-7feade902000 ---p 0009f000 08:03 34080395                   /usr/lib/x86_64-linux-gnu/libpixman-1.so.0.33.6
7feade902000-7feade90a000 r--p 0009f000 08:03 34080395                   /usr/lib/x86_64-linux-gnu/libpixman-1.so.0.33.6
7feade90a000-7feade90b000 rw-p 000a7000 08:03 34080395                   /usr/lib/x86_64-linux-gnu/libpixman-1.so.0.33.6
7feade90b000-7feade967000 r-xp 00000000 08:03 34154460                   /usr/lib/x86_64-linux-gnu/libharfbuzz.so.0.10000.1
7feade967000-7feadeb67000 ---p 0005c000 08:03 34154460                   /usr/lib/x86_64-linux-gnu/libharfbuzz.so.0.10000.1
7feadeb67000-7feadeb68000 r--p 0005c000 08:03 34154460                   /usr/lib/x86_64-linux-gnu/libharfbuzz.so.0.10000.1
7feadeb68000-7feadeb69000 rw-p 0005d000 08:03 34154460                   /usr/lib/x86_64-linux-gnu/libharfbuzz.so.0.10000.1
7feadeb69000-7feadeb80000 r-xp 00000000 08:03 33570503                   /lib/x86_64-linux-gnu/libresolv-2.23.so
7feadeb80000-7feaded80000 ---p 00017000 08:03 33570503                   /lib/x86_64-linux-gnu/libresolv-2.23.so
7feaded80000-7feaded81000 r--p 00017000 08:03 33570503                   /lib/x86_64-linux-gnu/libresolv-2.23.so
7feaded81000-7feaded82000 rw-p 00018000 08:03 33570503                   /lib/x86_64-linux-gnu/libresolv-2.23.so
7feaded82000-7feaded84000 rw-p 00000000 00:00 0 
7feaded84000-7feadeda3000 r-xp 00000000 08:03 33570049                   /lib/x86_64-linux-gnu/libselinux.so.1
7feadeda3000-7feadefa2000 ---p 0001f000 08:03 33570049                   /lib/x86_64-linux-gnu/libselinux.so.1
7feadefa2000-7feadefa3000 r--p 0001e000 08:03 33570049                   /lib/x86_64-linux-gnu/libselinux.so.1
7feadefa3000-7feadefa4000 rw-p 0001f000 08:03 33570049                   /lib/x86_64-linux-gnu/libselinux.so.1
7feadefa4000-7feadefa6000 rw-p 00000000 00:00 0 
7feadefa6000-7feadefbf000 r-xp 00000000 08:03 33570329                   /lib/x86_64-linux-gnu/libz.so.1.2.8
7feadefbf000-7feadf1be000 ---p 00019000 08:03 33570329                   /lib/x86_64-linux-gnu/libz.so.1.2.8
7feadf1be000-7feadf1bf000 r--p 00018000 08:03 33570329                   /lib/x86_64-linux-gnu/libz.so.1.2.8
7feadf1bf000-7feadf1c0000 rw-p 00019000 08:03 33570329                   /lib/x86_64-linux-gnu/libz.so.1.2.8
7feadf1c0000-7feadf1d1000 r-xp 00000000 08:03 34034192                   /usr/lib/x86_64-linux-gnu/libXext.so.6.4.0
7feadf1d1000-7feadf3d0000 ---p 00011000 08:03 34034192                   /usr/lib/x86_64-linux-gnu/libXext.so.6.4.0
7feadf3d0000-7feadf3d1000 r--p 00010000 08:03 34034192                   /usr/lib/x86_64-linux-gnu/libXext.so.6.4.0
7feadf3d1000-7feadf3d2000 rw-p 00011000 08:03 34034192                   /usr/lib/x86_64-linux-gnu/libXext.so.6.4.0
7feadf3d2000-7feadf3d4000 r-xp 00000000 08:03 34344623                   /usr/lib/x86_64-linux-gnu/libXdamage.so.1.1.0
7feadf3d4000-7feadf5d3000 ---p 00002000 08:03 34344623                   /usr/lib/x86_64-linux-gnu/libXdamage.so.1.1.0
7feadf5d3000-7feadf5d4000 r--p 00001000 08:03 34344623                   /usr/lib/x86_64-linux-gnu/libXdamage.so.1.1.0
7feadf5d4000-7feadf5d5000 rw-p 00002000 08:03 34344623                   /usr/lib/x86_64-linux-gnu/libXdamage.so.1.1.0
7feadf5d5000-7feadf5d7000 r-xp 00000000 08:03 34344619                   /usr/lib/x86_64-linux-gnu/libXcomposite.so.1.0.0
7feadf5d7000-7feadf7d6000 ---p 00002000 08:03 34344619                   /usr/lib/x86_64-linux-gnu/libXcomposite.so.1.0.0
7feadf7d6000-7feadf7d7000 r--p 00001000 08:03 34344619                   /usr/lib/x86_64-linux-gnu/libXcomposite.so.1.0.0
7feadf7d7000-7feadf7d8000 rw-p 00002000 08:03 34344619                   /usr/lib/x86_64-linux-gnu/libXcomposite.so.1.0.0
7feadf7d8000-7feadf7e1000 r-xp 00000000 08:03 34344629                   /usr/lib/x86_64-linux-gnu/libXcursor.so.1.0.2
7feadf7e1000-7feadf9e0000 ---p 00009000 08:03 34344629                   /usr/lib/x86_64-linux-gnu/libXcursor.so.1.0.2
7feadf9e0000-7feadf9e1000 r--p 00008000 08:03 34344629                   /usr/lib/x86_64-linux-gnu/libXcursor.so.1.0.2
7feadf9e1000-7feadf9e2000 rw-p 00009000 08:03 34344629                   /usr/lib/x86_64-linux-gnu/libXcursor.so.1.0.2
7feadf9e2000-7feadf9ec000 r-xp 00000000 08:03 34344650                   /usr/lib/x86_64-linux-gnu/libXrandr.so.2.2.0
7feadf9ec000-7feadfbeb000 ---p 0000a000 08:03 34344650                   /usr/lib/x86_64-linux-gnu/libXrandr.so.2.2.0
7feadfbeb000-7feadfbec000 r--p 00009000 08:03 34344650                   /usr/lib/x86_64-linux-gnu/libXrandr.so.2.2.0
7feadfbec000-7feadfbed000 rw-p 0000a000 08:03 34344650                   /usr/lib/x86_64-linux-gnu/libXrandr.so.2.2.0
7feadfbed000-7feadfbfc000 r-xp 00000000 08:03 34344639                   /usr/lib/x86_64-linux-gnu/libXi.so.6.1.0
7feadfbfc000-7feadfdfb000 ---p 0000f000 08:03 34344639                   /usr/lib/x86_64-linux-gnu/libXi.so.6.1.0
7feadfdfb000-7feadfdfc000 r--p 0000e000 08:03 34344639                   /usr/lib/x86_64-linux-gnu/libXi.so.6.1.0
7feadfdfc000-7feadfdfd000 rw-p 0000f000 08:03 34344639                   /usr/lib/x86_64-linux-gnu/libXi.so.6.1.0
7feadfdfd000-7feadfdff000 r-xp 00000000 08:03 34344633                   /usr/lib/x86_64-linux-gnu/libXinerama.so.1.0.0
7feadfdff000-7feadfffe000 ---p 00002000 08:03 34344633                   /usr/lib/x86_64-linux-gnu/libXinerama.so.1.0.0
7feadfffe000-7feadffff000 r--p 00001000 08:03 34344633                   /usr/lib/x86_64-linux-gnu/libXinerama.so.1.0.0
7feadffff000-7feae0000000 rw-p 00002000 08:03 34344633                   /usr/lib/x86_64-linux-gnu/libXinerama.so.1.0.0
7feae0000000-7feae0021000 rw-p 00000000 00:00 0 
7feae0021000-7feae4000000 ---p 00000000 00:00 0 
7feae4000000-7feae4003000 r--s 00000000 08:03 37737488                   /var/cache/fontconfig/767a8244fc0220cfb567a839d0392e0b-le64.cache-6
7feae4003000-7feae4024000 r--s 00000000 08:03 37593926                   /var/cache/fontconfig/467c019e582ee353435ea5c21d137ef6-le64.cache-6
7feae4024000-7feae40a4000 rw-s 13632b000 00:06 330                       /dev/dri/card0
7feae40a4000-7feae40ca000 r--p 00000000 08:03 34047513                   /usr/share/locale-langpack/fr/LC_MESSAGES/libc.mo
7feae40ca000-7feae40d3000 r-xp 00000000 08:03 34080407                   /usr/lib/x86_64-linux-gnu/libXrender.so.1.3.0
7feae40d3000-7feae42d2000 ---p 00009000 08:03 34080407                   /usr/lib/x86_64-linux-gnu/libXrender.so.1.3.0
7feae42d2000-7feae42d3000 r--p 00008000 08:03 34080407                   /usr/lib/x86_64-linux-gnu/libXrender.so.1.3.0
7feae42d3000-7feae42d4000 rw-p 00009000 08:03 34080407                   /usr/lib/x86_64-linux-gnu/libXrender.so.1.3.0
7feae42d4000-7feae42d9000 r-xp 00000000 08:03 34344613                   /usr/lib/x86_64-linux-gnu/libXfixes.so.3.1.0
7feae42d9000-7feae44d8000 ---p 00005000 08:03 34344613                   /usr/lib/x86_64-linux-gnu/libXfixes.so.3.1.0
7feae44d8000-7feae44d9000 r--p 00004000 08:03 34344613                   /usr/lib/x86_64-linux-gnu/libXfixes.so.3.1.0
7feae44d9000-7feae44da000 rw-p 00005000 08:03 34344613                   /usr/lib/x86_64-linux-gnu/libXfixes.so.3.1.0
7feae44da000-7feae44f0000 r-xp 00000000 08:03 33569974                   /lib/x86_64-linux-gnu/libgcc_s.so.1
7feae44f0000-7feae46ef000 ---p 00016000 08:03 33569974                   /lib/x86_64-linux-gnu/libgcc_s.so.1
7feae46ef000-7feae46f0000 rw-p 00015000 08:03 33569974                   /lib/x86_64-linux-gnu/libgcc_s.so.1
7feae46f0000-7feae4862000 r-xp 00000000 08:03 33646122                   /usr/lib/x86_64-linux-gnu/libstdc++.so.6.0.21
7feae4862000-7feae4a62000 ---p 00172000 08:03 33646122                   /usr/lib/x86_64-linux-gnu/libstdc++.so.6.0.21
7feae4a62000-7feae4a6c000 r--p 00172000 08:03 33646122                   /usr/lib/x86_64-linux-gnu/libstdc++.so.6.0.21
7feae4a6c000-7feae4a6e000 rw-p 0017c000 08:03 33646122                   /usr/lib/x86_64-linux-gnu/libstdc++.so.6.0.21
7feae4a6e000-7feae4a72000 rw-p 00000000 00:00 0 
7feae4a72000-7feae4ae0000 r-xp 00000000 08:03 71358372                   /usr/lib/x86_64-linux-gnu/mesa/libGL.so.1.2.0
7feae4ae0000-7feae4cdf000 ---p 0006e000 08:03 71358372                   /usr/lib/x86_64-linux-gnu/mesa/libGL.so.1.2.0
7feae4cdf000-7feae4ce2000 r--p 0006d000 08:03 71358372                   /usr/lib/x86_64-linux-gnu/mesa/libGL.so.1.2.0
7feae4ce2000-7feae4ce3000 rw-p 00070000 08:03 71358372                   /usr/lib/x86_64-linux-gnu/mesa/libGL.so.1.2.0
7feae4ce3000-7feae4ce4000 rw-p 00000000 00:00 0 
7feae4ce4000-7feae4ce9000 r-xp 00000000 08:03 34421024                   /usr/lib/x86_64-linux-gnu/libXxf86vm.so.1.0.0
7feae4ce9000-7feae4ee8000 ---p 00005000 08:03 34421024                   /usr/lib/x86_64-linux-gnu/libXxf86vm.so.1.0.0
7feae4ee8000-7feae4ee9000 r--p 00004000 08:03 34421024                   /usr/lib/x86_64-linux-gnu/libXxf86vm.so.1.0.0
7feae4ee9000-7feae4eea000 rw-p 00005000 08:03 34421024                   /usr/lib/x86_64-linux-gnu/libXxf86vm.so.1.0.0
7feae4eea000-7feae501f000 r-xp 00000000 08:03 34034189                   /usr/lib/x86_64-linux-gnu/libX11.so.6.3.0
7feae501f000-7feae521f000 ---p 00135000 08:03 34034189                   /usr/lib/x86_64-linux-gnu/libX11.so.6.3.0
7feae521f000-7feae5220000 r--p 00135000 08:03 34034189                   /usr/lib/x86_64-linux-gnu/libX11.so.6.3.0
7feae5220000-7feae5224000 rw-p 00136000 08:03 34034189                   /usr/lib/x86_64-linux-gnu/libX11.so.6.3.0
7feae5224000-7feae5229000 r-xp 00000000 08:03 34640110                   /usr/lib/x86_64-linux-gnu/libXtst.so.6.1.0
7feae5229000-7feae5428000 ---p 00005000 08:03 34640110                   /usr/lib/x86_64-linux-gnu/libXtst.so.6.1.0
7feae5428000-7feae5429000 r--p 00004000 08:03 34640110                   /usr/lib/x86_64-linux-gnu/libXtst.so.6.1.0
7feae5429000-7feae542a000 rw-p 00005000 08:03 34640110                   /usr/lib/x86_64-linux-gnu/libXtst.so.6.1.0
7feae542a000-7feae5539000 r-xp 00000000 08:03 33570867                   /lib/x86_64-linux-gnu/libglib-2.0.so.0.4800.2
7feae5539000-7feae5738000 ---p 0010f000 08:03 33570867                   /lib/x86_64-linux-gnu/libglib-2.0.so.0.4800.2
7feae5738000-7feae5739000 r--p 0010e000 08:03 33570867                   /lib/x86_64-linux-gnu/libglib-2.0.so.0.4800.2
7feae5739000-7feae573a000 rw-p 0010f000 08:03 33570867                   /lib/x86_64-linux-gnu/libglib-2.0.so.0.4800.2
7feae573a000-7feae573b000 rw-p 00000000 00:00 0 
7feae573b000-7feae573c000 r-xp 00000000 08:03 33570869                   /usr/lib/x86_64-linux-gnu/libgthread-2.0.so.0.4800.2
7feae573c000-7feae593b000 ---p 00001000 08:03 33570869                   /usr/lib/x86_64-linux-gnu/libgthread-2.0.so.0.4800.2
7feae593b000-7feae593c000 r--p 00000000 08:03 33570869                   /usr/lib/x86_64-linux-gnu/libgthread-2.0.so.0.4800.2
7feae593c000-7feae593d000 rw-p 00001000 08:03 33570869                   /usr/lib/x86_64-linux-gnu/libgthread-2.0.so.0.4800.2
7feae593d000-7feae5940000 r-xp 00000000 08:03 33570868                   /usr/lib/x86_64-linux-gnu/libgmodule-2.0.so.0.4800.2
7feae5940000-7feae5b3f000 ---p 00003000 08:03 33570868                   /usr/lib/x86_64-linux-gnu/libgmodule-2.0.so.0.4800.2
7feae5b3f000-7feae5b40000 r--p 00002000 08:03 33570868                   /usr/lib/x86_64-linux-gnu/libgmodule-2.0.so.0.4800.2
7feae5b40000-7feae5b41000 rw-p 00003000 08:03 33570868                   /usr/lib/x86_64-linux-gnu/libgmodule-2.0.so.0.4800.2
7feae5b41000-7feae5b93000 r-xp 00000000 08:03 33570870                   /usr/lib/x86_64-linux-gnu/libgobject-2.0.so.0.4800.2
7feae5b93000-7feae5d92000 ---p 00052000 08:03 33570870                   /usr/lib/x86_64-linux-gnu/libgobject-2.0.so.0.4800.2
7feae5d92000-7feae5d93000 r--p 00051000 08:03 33570870                   /usr/lib/x86_64-linux-gnu/libgobject-2.0.so.0.4800.2
7feae5d93000-7feae5d94000 rw-p 00052000 08:03 33570870                   /usr/lib/x86_64-linux-gnu/libgobject-2.0.so.0.4800.2
7feae5d94000-7feae5dd1000 r-xp 00000000 08:03 34075569                   /usr/lib/x86_64-linux-gnu/libfontconfig.so.1.9.0
7feae5dd1000-7feae5fd0000 ---p 0003d000 08:03 34075569                   /usr/lib/x86_64-linux-gnu/libfontconfig.so.1.9.0
7feae5fd0000-7feae5fd2000 r--p 0003c000 08:03 34075569                   /usr/lib/x86_64-linux-gnu/libfontconfig.so.1.9.0
7feae5fd2000-7feae5fd7000 rw-p 0003e000 08:03 34075569                   /usr/lib/x86_64-linux-gnu/libfontconfig.so.1.9.0
7feae5fd7000-7feae607b000 r-xp 00000000 08:03 34075575                   /usr/lib/x86_64-linux-gnu/libfreetype.so.6.12.1
7feae607b000-7feae627a000 ---p 000a4000 08:03 34075575                   /usr/lib/x86_64-linux-gnu/libfreetype.so.6.12.1
7feae627a000-7feae6280000 r--p 000a3000 08:03 34075575                   /usr/lib/x86_64-linux-gnu/libfreetype.so.6.12.1
7feae6280000-7feae6281000 rw-p 000a9000 08:03 34075575                   /usr/lib/x86_64-linux-gnu/libfreetype.so.6.12.1
7feae6281000-7feae62ca000 r-xp 00000000 08:03 34154450                   /usr/lib/x86_64-linux-gnu/libpango-1.0.so.0.3800.1
7feae62ca000-7feae64ca000 ---p 00049000 08:03 34154450                   /usr/lib/x86_64-linux-gnu/libpango-1.0.so.0.3800.1
7feae64ca000-7feae64cc000 r--p 00049000 08:03 34154450                   /usr/lib/x86_64-linux-gnu/libpango-1.0.so.0.3800.1
7feae64cc000-7feae64cd000 rw-p 0004b000 08:03 34154450                   /usr/lib/x86_64-linux-gnu/libpango-1.0.so.0.3800.1
7feae64cd000-7feae65db000 r-xp 00000000 08:03 34080413                   /usr/lib/x86_64-linux-gnu/libcairo.so.2.11400.6
7feae65db000-7feae67db000 ---p 0010e000 08:03 34080413                   /usr/lib/x86_64-linux-gnu/libcairo.so.2.11400.6
7feae67db000-7feae67de000 r--p 0010e000 08:03 34080413                   /usr/lib/x86_64-linux-gnu/libcairo.so.2.11400.6
7feae67de000-7feae67df000 rw-p 00111000 08:03 34080413                   /usr/lib/x86_64-linux-gnu/libcairo.so.2.11400.6
7feae67df000-7feae67e1000 rw-p 00000000 00:00 0 
7feae67e1000-7feae67ed000 r-xp 00000000 08:03 34158089                   /usr/lib/x86_64-linux-gnu/libpangocairo-1.0.so.0.3800.1
7feae67ed000-7feae69ec000 ---p 0000c000 08:03 34158089                   /usr/lib/x86_64-linux-gnu/libpangocairo-1.0.so.0.3800.1
7feae69ec000-7feae69ed000 r--p 0000b000 08:03 34158089                   /usr/lib/x86_64-linux-gnu/libpangocairo-1.0.so.0.3800.1
7feae69ed000-7feae69ee000 rw-p 0000c000 08:03 34158089                   /usr/lib/x86_64-linux-gnu/libpangocairo-1.0.so.0.3800.1
7feae69ee000-7feae6a0f000 r-xp 00000000 08:03 33583084                   /usr/lib/x86_64-linux-gnu/libgdk_pixbuf-2.0.so.0.3200.2
7feae6a0f000-7feae6c0e000 ---p 00021000 08:03 33583084                   /usr/lib/x86_64-linux-gnu/libgdk_pixbuf-2.0.so.0.3200.2
7feae6c0e000-7feae6c0f000 r--p 00020000 08:03 33583084                   /usr/lib/x86_64-linux-gnu/libgdk_pixbuf-2.0.so.0.3200.2
7feae6c0f000-7feae6c10000 rw-p 00021000 08:03 33583084                   /usr/lib/x86_64-linux-gnu/libgdk_pixbuf-2.0.so.0.3200.2
7feae6c10000-7feae6c24000 r-xp 00000000 08:03 34158081                   /usr/lib/x86_64-linux-gnu/libpangoft2-1.0.so.0.3800.1
7feae6c24000-7feae6e24000 ---p 00014000 08:03 34158081                   /usr/lib/x86_64-linux-gnu/libpangoft2-1.0.so.0.3800.1
7feae6e24000-7feae6e25000 r--p 00014000 08:03 34158081                   /usr/lib/x86_64-linux-gnu/libpangoft2-1.0.so.0.3800.1
7feae6e25000-7feae6e26000 rw-p 00015000 08:03 34158081                   /usr/lib/x86_64-linux-gnu/libpangoft2-1.0.so.0.3800.1
7feae6e26000-7feae6fa6000 r-xp 00000000 08:03 33570871                   /usr/lib/x86_64-linux-gnu/libgio-2.0.so.0.4800.2
7feae6fa6000-7feae71a6000 ---p 00180000 08:03 33570871                   /usr/lib/x86_64-linux-gnu/libgio-2.0.so.0.4800.2
7feae71a6000-7feae71aa000 r--p 00180000 08:03 33570871                   /usr/lib/x86_64-linux-gnu/libgio-2.0.so.0.4800.2
7feae71aa000-7feae71ac000 rw-p 00184000 08:03 33570871                   /usr/lib/x86_64-linux-gnu/libgio-2.0.so.0.4800.2
7feae71ac000-7feae71ae000 rw-p 00000000 00:00 0 
7feae71ae000-7feae71d0000 r-xp 00000000 08:03 34244691                   /usr/lib/x86_64-linux-gnu/libatk-1.0.so.0.21809.1
7feae71d0000-7feae73cf000 ---p 00022000 08:03 34244691                   /usr/lib/x86_64-linux-gnu/libatk-1.0.so.0.21809.1
7feae73cf000-7feae73d2000 r--p 00021000 08:03 34244691                   /usr/lib/x86_64-linux-gnu/libatk-1.0.so.0.21809.1
7feae73d2000-7feae73d3000 rw-p 00024000 08:03 34244691                   /usr/lib/x86_64-linux-gnu/libatk-1.0.so.0.21809.1
7feae73d3000-7feae7483000 r-xp 00000000 08:03 34391839                   /usr/lib/x86_64-linux-gnu/libgdk-x11-2.0.so.0.2400.30
7feae7483000-7feae7682000 ---p 000b0000 08:03 34391839                   /usr/lib/x86_64-linux-gnu/libgdk-x11-2.0.so.0.2400.30
7feae7682000-7feae7686000 r--p 000af000 08:03 34391839                   /usr/lib/x86_64-linux-gnu/libgdk-x11-2.0.so.0.2400.30
7feae7686000-7feae7688000 rw-p 000b3000 08:03 34391839                   /usr/lib/x86_64-linux-gnu/libgdk-x11-2.0.so.0.2400.30
7feae7688000-7feae7ac6000 r-xp 00000000 08:03 34393737                   /usr/lib/x86_64-linux-gnu/libgtk-x11-2.0.so.0.2400.30
7feae7ac6000-7feae7cc5000 ---p 0043e000 08:03 34393737                   /usr/lib/x86_64-linux-gnu/libgtk-x11-2.0.so.0.2400.30
7feae7cc5000-7feae7ccc000 r--p 0043d000 08:03 34393737                   /usr/lib/x86_64-linux-gnu/libgtk-x11-2.0.so.0.2400.30
7feae7ccc000-7feae7cd0000 rw-p 00444000 08:03 34393737                   /usr/lib/x86_64-linux-gnu/libgtk-x11-2.0.so.0.2400.30
7feae7cd0000-7feae7cd3000 rw-p 00000000 00:00 0 
7feae7cd5000-7feae7cdd000 r--s 00000000 08:03 37737482                   /var/cache/fontconfig/bf3b770c553c462765856025a94f1ce6-le64.cache-6
7feae7cdd000-7feae7cf3000 r--s 00000000 08:03 41371486                   /var/cache/fontconfig/e13b20fdb08344e0e664864cc2ede53d-le64.cache-6
7feae7cf3000-7feae7cff000 r-xp 00000000 08:03 71303457                   /usr/share/jdk1.8.0_91/jre/lib/amd64/libprism_es2.so
7feae7cff000-7feae7efe000 ---p 0000c000 08:03 71303457                   /usr/share/jdk1.8.0_91/jre/lib/amd64/libprism_es2.so
7feae7efe000-7feae7eff000 rw-p 0000b000 08:03 71303457                   /usr/share/jdk1.8.0_91/jre/lib/amd64/libprism_es2.so
7feae7eff000-7feae7f02000 ---p 00000000 00:00 0 
7feae7f02000-7feae8000000 rw-p 00000000 00:00 0 
7feae8000000-7feae8021000 rw-p 00000000 00:00 0 
7feae8021000-7feaec000000 ---p 00000000 00:00 0 
7feaec002000-7feaec008000 r--s 00000000 08:03 37737479                   /var/cache/fontconfig/b47c4e1ecd0709278f4910c18777a504-le64.cache-6
7feaec008000-7feaec017000 r--p 00000000 08:03 37754517                   /usr/share/locale-langpack/fr/LC_MESSAGES/gtk20.mo
7feaec017000-7feaec0ac000 r--s 01103000 08:03 102835431                  /usr/share/jdk1.8.0_91/jre/lib/ext/jfxrt.jar
7feaec0ac000-7feaec0ad000 ---p 00000000 00:00 0 
7feaec0ad000-7feaec1ad000 rw-p 00000000 00:00 0 
7feaec1ad000-7feaec1b0000 ---p 00000000 00:00 0 
7feaec1b0000-7feaec2ae000 rw-p 00000000 00:00 0 
7feaec2ae000-7feaec2b1000 ---p 00000000 00:00 0 
7feaec2b1000-7feaec3af000 rw-p 00000000 00:00 0 
7feaec3af000-7feaec3b2000 ---p 00000000 00:00 0 
7feaec3b2000-7feaec4b0000 rw-p 00000000 00:00 0 
7feaec4b0000-7feaec4b3000 ---p 00000000 00:00 0 
7feaec4b3000-7feaec5b1000 rw-p 00000000 00:00 0 
7feaec5b1000-7feaec5b4000 ---p 00000000 00:00 0 
7feaec5b4000-7feaec6b2000 rw-p 00000000 00:00 0 
7feaec6b2000-7feaec6b5000 ---p 00000000 00:00 0 
7feaec6b5000-7feaec7b3000 rw-p 00000000 00:00 0 
7feaec7b3000-7feaeca90000 r--p 00000000 08:03 67144637                   /usr/lib/locale/locale-archive
7feaeca90000-7feaeca93000 ---p 00000000 00:00 0 
7feaeca93000-7feaecb91000 rw-p 00000000 00:00 0 
7feaecb91000-7feaecb94000 ---p 00000000 00:00 0 
7feaecb94000-7feaecc92000 rw-p 00000000 00:00 0 
7feaecc92000-7feaecc93000 ---p 00000000 00:00 0 
7feaecc93000-7feaf0000000 rw-p 00000000 00:00 0 
7feaf0000000-7feaf0021000 rw-p 00000000 00:00 0 
7feaf0021000-7feaf4000000 ---p 00000000 00:00 0 
7feaf4000000-7feaf4021000 rw-p 00000000 00:00 0 
7feaf4021000-7feaf8000000 ---p 00000000 00:00 0 
7feaf8000000-7feaf8021000 rw-p 00000000 00:00 0 
7feaf8021000-7feafc000000 ---p 00000000 00:00 0 
7feafc000000-7feafc001000 r--s 00000000 08:03 37737494                   /var/cache/fontconfig/0d8c3b2ac0904cb8a57a757ad11a4a08-le64.cache-6
7feafc001000-7feafc002000 r--s 00000000 08:03 37737491                   /var/cache/fontconfig/1ac9eb803944fde146138c791f5cc56a-le64.cache-6
7feafc002000-7feafc00d000 r--s 00000000 08:03 37737472                   /var/cache/fontconfig/83bf95040141907cd45bb53cf7c1c148-le64.cache-6
7feafc00d000-7feafc1e1000 rw-p 00000000 00:00 0 
7feafc1e1000-7feafc3ba000 r--s 03d1f000 08:03 71304087                   /usr/share/jdk1.8.0_91/jre/lib/rt.jar
7feafc3ba000-7feafc48b000 rw-p 00000000 00:00 0 
7feafc48b000-7feafc48c000 ---p 00000000 00:00 0 
7feafc48c000-7feafc634000 rw-p 00000000 00:00 0 
7feafc634000-7feafd000000 ---p 00000000 00:00 0 
7feafd000000-7feafd900000 rwxp 00000000 00:00 0 
7feafd900000-7feb0c000000 ---p 00000000 00:00 0 
7feb0c000000-7feb0c40b000 rw-p 00000000 00:00 0 
7feb0c40b000-7feb10000000 ---p 00000000 00:00 0 
7feb10000000-7feb1000d000 r--s 00000000 08:03 37593928                   /var/cache/fontconfig/8f02d4cb045bd6ce15663e43f347c9f8-le64.cache-6
7feb1000d000-7feb10035000 rw-p 00000000 00:00 0 
7feb10035000-7feb10036000 ---p 00000000 00:00 0 
7feb10036000-7feb10136000 rw-p 00000000 00:00 0 
7feb10136000-7feb10137000 ---p 00000000 00:00 0 
7feb10137000-7feb10237000 rw-p 00000000 00:00 0 
7feb10237000-7feb10238000 ---p 00000000 00:00 0 
7feb10238000-7feb10338000 rw-p 00000000 00:00 0 
7feb10338000-7feb10339000 ---p 00000000 00:00 0 
7feb10339000-7feb10439000 rw-p 00000000 00:00 0 
7feb10439000-7feb1043a000 ---p 00000000 00:00 0 
7feb1043a000-7feb1053a000 rw-p 00000000 00:00 0 
7feb1053a000-7feb1053b000 ---p 00000000 00:00 0 
7feb1053b000-7feb1063b000 rw-p 00000000 00:00 0 
7feb1063b000-7feb1063c000 ---p 00000000 00:00 0 
7feb1063c000-7feb107e4000 rw-p 00000000 00:00 0 
7feb107e4000-7feb111b0000 ---p 00000000 00:00 0 
7feb111b0000-7feb112b0000 rw-p 00000000 00:00 0 
7feb112b0000-7feb116ea000 ---p 00000000 00:00 0 
7feb116ea000-7feb1170f000 rw-p 00000000 00:00 0 
7feb1170f000-7feb11aab000 ---p 00000000 00:00 0 
7feb11aab000-7feb11ac5000 r-xp 00000000 08:03 71303463                   /usr/share/jdk1.8.0_91/jre/lib/amd64/libzip.so
7feb11ac5000-7feb11cc5000 ---p 0001a000 08:03 71303463                   /usr/share/jdk1.8.0_91/jre/lib/amd64/libzip.so
7feb11cc5000-7feb11cc6000 rw-p 0001a000 08:03 71303463                   /usr/share/jdk1.8.0_91/jre/lib/amd64/libzip.so
7feb11cc6000-7feb11cf0000 r-xp 00000000 08:03 71174144                   /usr/share/jdk1.8.0_91/jre/lib/amd64/libjava.so
7feb11cf0000-7feb11ef0000 ---p 0002a000 08:03 71174144                   /usr/share/jdk1.8.0_91/jre/lib/amd64/libjava.so
7feb11ef0000-7feb11ef2000 rw-p 0002a000 08:03 71174144                   /usr/share/jdk1.8.0_91/jre/lib/amd64/libjava.so
7feb11ef2000-7feb11eff000 r-xp 00000000 08:03 71303472                   /usr/share/jdk1.8.0_91/jre/lib/amd64/libverify.so
7feb11eff000-7feb120ff000 ---p 0000d000 08:03 71303472                   /usr/share/jdk1.8.0_91/jre/lib/amd64/libverify.so
7feb120ff000-7feb12101000 rw-p 0000d000 08:03 71303472                   /usr/share/jdk1.8.0_91/jre/lib/amd64/libverify.so
7feb12101000-7feb12108000 r-xp 00000000 08:03 33570494                   /lib/x86_64-linux-gnu/librt-2.23.so
7feb12108000-7feb12307000 ---p 00007000 08:03 33570494                   /lib/x86_64-linux-gnu/librt-2.23.so
7feb12307000-7feb12308000 r--p 00006000 08:03 33570494                   /lib/x86_64-linux-gnu/librt-2.23.so
7feb12308000-7feb12309000 rw-p 00007000 08:03 33570494                   /lib/x86_64-linux-gnu/librt-2.23.so
7feb12309000-7feb12411000 r-xp 00000000 08:03 33570506                   /lib/x86_64-linux-gnu/libm-2.23.so
7feb12411000-7feb12610000 ---p 00108000 08:03 33570506                   /lib/x86_64-linux-gnu/libm-2.23.so
7feb12610000-7feb12611000 r--p 00107000 08:03 33570506                   /lib/x86_64-linux-gnu/libm-2.23.so
7feb12611000-7feb12612000 rw-p 00108000 08:03 33570506                   /lib/x86_64-linux-gnu/libm-2.23.so
7feb12612000-7feb132d2000 r-xp 00000000 08:03 2682248                    /usr/share/jdk1.8.0_91/jre/lib/amd64/server/libjvm.so
7feb132d2000-7feb134d2000 ---p 00cc0000 08:03 2682248                    /usr/share/jdk1.8.0_91/jre/lib/amd64/server/libjvm.so
7feb134d2000-7feb135aa000 rw-p 00cc0000 08:03 2682248                    /usr/share/jdk1.8.0_91/jre/lib/amd64/server/libjvm.so
7feb135aa000-7feb135f5000 rw-p 00000000 00:00 0 
7feb135f5000-7feb137b5000 r-xp 00000000 08:03 33570512                   /lib/x86_64-linux-gnu/libc-2.23.so
7feb137b5000-7feb139b5000 ---p 001c0000 08:03 33570512                   /lib/x86_64-linux-gnu/libc-2.23.so
7feb139b5000-7feb139b9000 r--p 001c0000 08:03 33570512                   /lib/x86_64-linux-gnu/libc-2.23.so
7feb139b9000-7feb139bb000 rw-p 001c4000 08:03 33570512                   /lib/x86_64-linux-gnu/libc-2.23.so
7feb139bb000-7feb139bf000 rw-p 00000000 00:00 0 
7feb139bf000-7feb139c2000 r-xp 00000000 08:03 33570500                   /lib/x86_64-linux-gnu/libdl-2.23.so
7feb139c2000-7feb13bc1000 ---p 00003000 08:03 33570500                   /lib/x86_64-linux-gnu/libdl-2.23.so
7feb13bc1000-7feb13bc2000 r--p 00002000 08:03 33570500                   /lib/x86_64-linux-gnu/libdl-2.23.so
7feb13bc2000-7feb13bc3000 rw-p 00003000 08:03 33570500                   /lib/x86_64-linux-gnu/libdl-2.23.so
7feb13bc3000-7feb13bd8000 r-xp 00000000 08:03 38453224                   /usr/share/jdk1.8.0_91/lib/amd64/jli/libjli.so
7feb13bd8000-7feb13dd8000 ---p 00015000 08:03 38453224                   /usr/share/jdk1.8.0_91/lib/amd64/jli/libjli.so
7feb13dd8000-7feb13dd9000 rw-p 00015000 08:03 38453224                   /usr/share/jdk1.8.0_91/lib/amd64/jli/libjli.so
7feb13dd9000-7feb13df1000 r-xp 00000000 08:03 33570491                   /lib/x86_64-linux-gnu/libpthread-2.23.so
7feb13df1000-7feb13ff0000 ---p 00018000 08:03 33570491                   /lib/x86_64-linux-gnu/libpthread-2.23.so
7feb13ff0000-7feb13ff1000 r--p 00017000 08:03 33570491                   /lib/x86_64-linux-gnu/libpthread-2.23.so
7feb13ff1000-7feb13ff2000 rw-p 00018000 08:03 33570491                   /lib/x86_64-linux-gnu/libpthread-2.23.so
7feb13ff2000-7feb13ff6000 rw-p 00000000 00:00 0 
7feb13ff6000-7feb1401c000 r-xp 00000000 08:03 33569962                   /lib/x86_64-linux-gnu/ld-2.23.so
7feb1401c000-7feb1401d000 r--s 00000000 08:03 37737489                   /var/cache/fontconfig/dc05db6664285cc2f12bf69c139ae4c3-le64.cache-6
7feb1401d000-7feb1401e000 r--s 00000000 08:03 37737487                   /var/cache/fontconfig/4794a0821666d79190d59a36cb4f44b5-le64.cache-6
7feb1401e000-7feb1401f000 r--s 00000000 08:03 37737484                   /var/cache/fontconfig/bab58bb527bb656aaa9f116d68a48d89-le64.cache-6
7feb1401f000-7feb14020000 r--s 00000000 08:03 37737481                   /var/cache/fontconfig/56cf4f4769d0f4abc89a4895d7bd3ae1-le64.cache-6
7feb14020000-7feb14021000 r--s 00000000 08:03 37737480                   /var/cache/fontconfig/b9d506c9ac06c20b433354fa67a72993-le64.cache-6
7feb14021000-7feb14022000 r--s 00000000 08:03 37737477                   /var/cache/fontconfig/551ecf3b0e8b0bca0f25c0944f561853-le64.cache-6
7feb14022000-7feb140bf000 rw-p 00000000 00:00 0 
7feb140bf000-7feb140f4000 r--s 00000000 08:03 36752293                   /var/cache/nscd/passwd
7feb140f4000-7feb140f7000 ---p 00000000 00:00 0 
7feb140f7000-7feb141f9000 rw-p 00000000 00:00 0 
7feb141f9000-7feb141fa000 r--s 00000000 08:03 37737475                   /var/cache/fontconfig/30829fa25452a46451e813d634d7f916-le64.cache-6
7feb141fa000-7feb141fb000 r--s 00000000 08:03 37737513                   /var/cache/fontconfig/0c9eb80ebd1c36541ebe2852d3bb0c49-le64.cache-6
7feb141fb000-7feb141fe000 r--s 00000000 08:03 37737473                   /var/cache/fontconfig/75114ca45c98e8a441da0ff356701271-le64.cache-6
7feb141fe000-7feb14202000 r--s 00000000 08:03 37737502                   /var/cache/fontconfig/7ef2298fde41cc6eeb7af42e48b7d293-le64.cache-6
7feb14202000-7feb14204000 r--s 00000000 08:03 37593929                   /var/cache/fontconfig/16326683038b281783a0ef8c680e3a10-le64.cache-6
7feb14204000-7feb14205000 r--s 00000000 08:03 37593927                   /var/cache/fontconfig/e0aa53bcfa504e64f87823c16bc01eb6-le64.cache-6
7feb14205000-7feb14206000 r--s 00008000 08:03 82441433                   /opt/eclipse/plugins/org.eclipse.fx.ide.css.jfx8_2.4.0.201605112122.jar
7feb14206000-7feb14207000 rw-s 00000000 00:05 2137259                    /memfd:xshmfence (deleted)
7feb14207000-7feb14208000 rw-s 13652b000 00:06 330                       /dev/dri/card0
7feb14208000-7feb1420f000 r--s 00000000 08:03 309579                     /usr/lib/x86_64-linux-gnu/gconv/gconv-modules.cache
7feb1420f000-7feb14217000 rw-s 00000000 08:06 67109366                   /tmp/hsperfdata_ribb0001/7309
7feb14217000-7feb14218000 rw-p 00000000 00:00 0 
7feb14218000-7feb14219000 r--p 00000000 00:00 0 
7feb14219000-7feb1421b000 rw-p 00000000 00:00 0 
7feb1421b000-7feb1421c000 r--p 00025000 08:03 33569962                   /lib/x86_64-linux-gnu/ld-2.23.so
7feb1421c000-7feb1421d000 rw-p 00026000 08:03 33569962                   /lib/x86_64-linux-gnu/ld-2.23.so
7feb1421d000-7feb1421e000 rw-p 00000000 00:00 0 
7ffcc43bb000-7ffcc43dc000 rw-p 00000000 00:00 0                          [stack]
7ffcc43eb000-7ffcc43ed000 r--p 00000000 00:00 0                          [vvar]
7ffcc43ed000-7ffcc43ef000 r-xp 00000000 00:00 0                          [vdso]
ffffffffff600000-ffffffffff601000 r-xp 00000000 00:00 0                  [vsyscall]

VM Arguments:
jvm_args: -Dfile.encoding=UTF-8 
java_command: quota.Main
java_class_path (initial): /home/Etudiants/ribb0001/workspace/Quota/bin:/opt/eclipse/plugins/org.eclipse.fx.ide.css.jfx8_2.4.0.201605112122.jar
Launcher Type: SUN_STANDARD

Environment Variables:
JAVA_HOME=/usr/share/jdk1.8.0_91/
PATH=/opt/oracle/instantclient_12_1:/usr/local/sbin:/usr/local/bin:/usr/sbin:/usr/bin:/sbin:/bin:/usr/games:/usr/local/games:/opt/android-sdk/tools:/opt/android-sdk/platform-tools:/snap/bin:/usr/share/jdk1.8.0_91/bin/
LD_LIBRARY_PATH=/opt/oracle/instantclient_12_1:
SHELL=/bin/bash
DISPLAY=:0.0

Signal Handlers:
SIGSEGV: [libjvm.so+0xabca10], sa_mask[0]=11111111011111111101111111111110, sa_flags=SA_RESTART|SA_SIGINFO
SIGBUS: [libjvm.so+0xabca10], sa_mask[0]=11111111011111111101111111111110, sa_flags=SA_RESTART|SA_SIGINFO
SIGFPE: [libjvm.so+0x919a20], sa_mask[0]=11111111011111111101111111111110, sa_flags=SA_RESTART|SA_SIGINFO
SIGPIPE: SIG_IGN, sa_mask[0]=00000000000010000000000000000000, sa_flags=SA_RESTART
SIGXFSZ: [libjvm.so+0x919a20], sa_mask[0]=11111111011111111101111111111110, sa_flags=SA_RESTART|SA_SIGINFO
SIGILL: [libjvm.so+0x919a20], sa_mask[0]=11111111011111111101111111111110, sa_flags=SA_RESTART|SA_SIGINFO
SIGUSR1: SIG_DFL, sa_mask[0]=00000000000000000000000000000000, sa_flags=none
SIGUSR2: [libjvm.so+0x91b050], sa_mask[0]=00100000000000000000000000000000, sa_flags=SA_RESTART|SA_SIGINFO
SIGHUP: [libjvm.so+0x91c450], sa_mask[0]=11111111011111111101111111111110, sa_flags=SA_RESTART|SA_SIGINFO
SIGINT: [libjvm.so+0x91c450], sa_mask[0]=11111111011111111101111111111110, sa_flags=SA_RESTART|SA_SIGINFO
SIGTERM: [libjvm.so+0x91c450], sa_mask[0]=11111111011111111101111111111110, sa_flags=SA_RESTART|SA_SIGINFO
SIGQUIT: [libjvm.so+0x91c450], sa_mask[0]=11111111011111111101111111111110, sa_flags=SA_RESTART|SA_SIGINFO


---------------  S Y S T E M  ---------------

OS:DISTRIB_ID=Ubuntu
DISTRIB_RELEASE=16.04
DISTRIB_CODENAME=xenial
DISTRIB_DESCRIPTION="Ubuntu 16.04.3 LTS"

uname:Linux 4.4.0-98-generic #121-Ubuntu SMP Tue Oct 10 14:24:03 UTC 2017 x86_64
libc:glibc 2.23 NPTL 2.23 
rlimit: STACK 8192k, CORE 0k, NPROC 128270, NOFILE 1048576, AS infinity
load average:1,82 1,28 2,15

/proc/meminfo:
MemTotal:       32877824 kB
MemFree:        22849180 kB
MemAvailable:   24300236 kB
Buffers:            2328 kB
Cached:          1668408 kB
SwapCached:            0 kB
Active:          8601372 kB
Inactive:         733332 kB
Active(anon):    7665400 kB
Inactive(anon):    56248 kB
Active(file):     935972 kB
Inactive(file):   677084 kB
Unevictable:          32 kB
Mlocked:              32 kB
SwapTotal:       3998716 kB
SwapFree:        3998716 kB
Dirty:                80 kB
Writeback:             0 kB
AnonPages:       7664212 kB
Mapped:           397896 kB
Shmem:             57244 kB
Slab:             303744 kB
SReclaimable:     242296 kB
SUnreclaim:        61448 kB
KernelStack:       13216 kB
PageTables:        49056 kB
NFS_Unstable:          0 kB
Bounce:                0 kB
WritebackTmp:          0 kB
CommitLimit:    20437628 kB
Committed_AS:    8757428 kB
VmallocTotal:   34359738367 kB
VmallocUsed:           0 kB
VmallocChunk:          0 kB
HardwareCorrupted:     0 kB
AnonHugePages:   2131968 kB
CmaTotal:              0 kB
CmaFree:               0 kB
HugePages_Total:       0
HugePages_Free:        0
HugePages_Rsvd:        0
HugePages_Surp:        0
Hugepagesize:       2048 kB
DirectMap4k:      127336 kB
DirectMap2M:     6094848 kB
DirectMap1G:    28311552 kB


CPU:total 8 (4 cores per cpu, 2 threads per core) family 6 model 94 stepping 3, cmov, cx8, fxsr, mmx, sse, sse2, sse3, ssse3, sse4.1, sse4.2, popcnt, avx, avx2, aes, clmul, erms, rtm, 3dnowpref, lzcnt, ht, tsc, tscinvbit, bmi1, bmi2, adx

/proc/cpuinfo:
processor	: 0
vendor_id	: GenuineIntel
cpu family	: 6
model		: 94
model name	: Intel(R) Core(TM) i7-6700 CPU @ 3.40GHz
stepping	: 3
microcode	: 0xb2
cpu MHz		: 3718.882
cache size	: 8192 KB
physical id	: 0
siblings	: 8
core id		: 0
cpu cores	: 4
apicid		: 0
initial apicid	: 0
fpu		: yes
fpu_exception	: yes
cpuid level	: 22
wp		: yes
flags		: fpu vme de pse tsc msr pae mce cx8 apic sep mtrr pge mca cmov pat pse36 clflush dts acpi mmx fxsr sse sse2 ss ht tm pbe syscall nx pdpe1gb rdtscp lm constant_tsc art arch_perfmon pebs bts rep_good nopl xtopology nonstop_tsc aperfmperf eagerfpu pni pclmulqdq dtes64 monitor ds_cpl vmx smx est tm2 ssse3 sdbg fma cx16 xtpr pdcm pcid sse4_1 sse4_2 x2apic movbe popcnt tsc_deadline_timer aes xsave avx f16c rdrand lahf_lm abm 3dnowprefetch epb intel_pt tpr_shadow vnmi flexpriority ept vpid fsgsbase tsc_adjust bmi1 hle avx2 smep bmi2 erms invpcid rtm mpx rdseed adx smap clflushopt xsaveopt xsavec xgetbv1 dtherm ida arat pln pts hwp hwp_notify hwp_act_window hwp_epp
bugs		:
bogomips	: 6816.61
clflush size	: 64
cache_alignment	: 64
address sizes	: 39 bits physical, 48 bits virtual
power management:

processor	: 1
vendor_id	: GenuineIntel
cpu family	: 6
model		: 94
model name	: Intel(R) Core(TM) i7-6700 CPU @ 3.40GHz
stepping	: 3
microcode	: 0xb2
cpu MHz		: 3705.335
cache size	: 8192 KB
physical id	: 0
siblings	: 8
core id		: 1
cpu cores	: 4
apicid		: 2
initial apicid	: 2
fpu		: yes
fpu_exception	: yes
cpuid level	: 22
wp		: yes
flags		: fpu vme de pse tsc msr pae mce cx8 apic sep mtrr pge mca cmov pat pse36 clflush dts acpi mmx fxsr sse sse2 ss ht tm pbe syscall nx pdpe1gb rdtscp lm constant_tsc art arch_perfmon pebs bts rep_good nopl xtopology nonstop_tsc aperfmperf eagerfpu pni pclmulqdq dtes64 monitor ds_cpl vmx smx est tm2 ssse3 sdbg fma cx16 xtpr pdcm pcid sse4_1 sse4_2 x2apic movbe popcnt tsc_deadline_timer aes xsave avx f16c rdrand lahf_lm abm 3dnowprefetch epb intel_pt tpr_shadow vnmi flexpriority ept vpid fsgsbase tsc_adjust bmi1 hle avx2 smep bmi2 erms invpcid rtm mpx rdseed adx smap clflushopt xsaveopt xsavec xgetbv1 dtherm ida arat pln pts hwp hwp_notify hwp_act_window hwp_epp
bugs		:
bogomips	: 6816.61
clflush size	: 64
cache_alignment	: 64
address sizes	: 39 bits physical, 48 bits virtual
power management:

processor	: 2
vendor_id	: GenuineIntel
cpu family	: 6
model		: 94
model name	: Intel(R) Core(TM) i7-6700 CPU @ 3.40GHz
stepping	: 3
microcode	: 0xb2
cpu MHz		: 3701.351
cache size	: 8192 KB
physical id	: 0
siblings	: 8
core id		: 2
cpu cores	: 4
apicid		: 4
initial apicid	: 4
fpu		: yes
fpu_exception	: yes
cpuid level	: 22
wp		: yes
flags		: fpu vme de pse tsc msr pae mce cx8 apic sep mtrr pge mca cmov pat pse36 clflush dts acpi mmx fxsr sse sse2 ss ht tm pbe syscall nx pdpe1gb rdtscp lm constant_tsc art arch_perfmon pebs bts rep_good nopl xtopology nonstop_tsc aperfmperf eagerfpu pni pclmulqdq dtes64 monitor ds_cpl vmx smx est tm2 ssse3 sdbg fma cx16 xtpr pdcm pcid sse4_1 sse4_2 x2apic movbe popcnt tsc_deadline_timer aes xsave avx f16c rdrand lahf_lm abm 3dnowprefetch epb intel_pt tpr_shadow vnmi flexpriority ept vpid fsgsbase tsc_adjust bmi1 hle avx2 smep bmi2 erms invpcid rtm mpx rdseed adx smap clflushopt xsaveopt xsavec xgetbv1 dtherm ida arat pln pts hwp hwp_notify hwp_act_window hwp_epp
bugs		:
bogomips	: 6816.61
clflush size	: 64
cache_alignment	: 64
address sizes	: 39 bits physical, 48 bits virtual
power management:

processor	: 3
vendor_id	: GenuineIntel
cpu family	: 6
model		: 94
model name	: Intel(R) Core(TM) i7-6700 CPU @ 3.40GHz
stepping	: 3
microcode	: 0xb2
cpu MHz		: 3701.351
cache size	: 8192 KB
physical id	: 0
siblings	: 8
core id		: 3
cpu cores	: 4
apicid		: 6
initial apicid	: 6
fpu		: yes
fpu_exception	: yes
cpuid level	: 22
wp		: yes
flags		: fpu vme de pse tsc msr pae mce cx8 apic sep mtrr pge mca cmov pat pse36 clflush dts acpi mmx fxsr sse sse2 ss ht tm pbe syscall nx pdpe1gb rdtscp lm constant_tsc art arch_perfmon pebs bts rep_good nopl xtopology nonstop_tsc aperfmperf eagerfpu pni pclmulqdq dtes64 monitor ds_cpl vmx smx est tm2 ssse3 sdbg fma cx16 xtpr pdcm pcid sse4_1 sse4_2 x2apic movbe popcnt tsc_deadline_timer aes xsave avx f16c rdrand lahf_lm abm 3dnowprefetch epb intel_pt tpr_shadow vnmi flexpriority ept vpid fsgsbase tsc_adjust bmi1 hle avx2 smep bmi2 erms invpcid rtm mpx rdseed adx smap clflushopt xsaveopt xsavec xgetbv1 dtherm ida arat pln pts hwp hwp_notify hwp_act_window hwp_epp
bugs		:
bogomips	: 6816.61
clflush size	: 64
cache_alignment	: 64
address sizes	: 39 bits physical, 48 bits virtual
power management:

processor	: 4
vendor_id	: GenuineIntel
cpu family	: 6
model		: 94
model name	: Intel(R) Core(TM) i7-6700 CPU @ 3.40GHz
stepping	: 3
microcode	: 0xb2
cpu MHz		: 3701.351
cache size	: 8192 KB
physical id	: 0
siblings	: 8
core id		: 0
cpu cores	: 4
apicid		: 1
initial apicid	: 1
fpu		: yes
fpu_exception	: yes
cpuid level	: 22
wp		: yes
flags		: fpu vme de pse tsc msr pae mce cx8 apic sep mtrr pge mca cmov pat pse36 clflush dts acpi mmx fxsr sse sse2 ss ht tm pbe syscall nx pdpe1gb rdtscp lm constant_tsc art arch_perfmon pebs bts rep_good nopl xtopology nonstop_tsc aperfmperf eagerfpu pni pclmulqdq dtes64 monitor ds_cpl vmx smx est tm2 ssse3 sdbg fma cx16 xtpr pdcm pcid sse4_1 sse4_2 x2apic movbe popcnt tsc_deadline_timer aes xsave avx f16c rdrand lahf_lm abm 3dnowprefetch epb intel_pt tpr_shadow vnmi flexpriority ept vpid fsgsbase tsc_adjust bmi1 hle avx2 smep bmi2 erms invpcid rtm mpx rdseed adx smap clflushopt xsaveopt xsavec xgetbv1 dtherm ida arat pln pts hwp hwp_notify hwp_act_window hwp_epp
bugs		:
bogomips	: 6816.61
clflush size	: 64
cache_alignment	: 64
address sizes	: 39 bits physical, 48 bits virtual
power management:

processor	: 5
vendor_id	: GenuineIntel
cpu family	: 6
model		: 94
model name	: Intel(R) Core(TM) i7-6700 CPU @ 3.40GHz
stepping	: 3
microcode	: 0xb2
cpu MHz		: 3699.890
cache size	: 8192 KB
physical id	: 0
siblings	: 8
core id		: 1
cpu cores	: 4
apicid		: 3
initial apicid	: 3
fpu		: yes
fpu_exception	: yes
cpuid level	: 22
wp		: yes
flags		: fpu vme de pse tsc msr pae mce cx8 apic sep mtrr pge mca cmov pat pse36 clflush dts acpi mmx fxsr sse sse2 ss ht tm pbe syscall nx pdpe1gb rdtscp lm constant_tsc art arch_perfmon pebs bts rep_good nopl xtopology nonstop_tsc aperfmperf eagerfpu pni pclmulqdq dtes64 monitor ds_cpl vmx smx est tm2 ssse3 sdbg fma cx16 xtpr pdcm pcid sse4_1 sse4_2 x2apic movbe popcnt tsc_deadline_timer aes xsave avx f16c rdrand lahf_lm abm 3dnowprefetch epb intel_pt tpr_shadow vnmi flexpriority ept vpid fsgsbase tsc_adjust bmi1 hle avx2 smep bmi2 erms invpcid rtm mpx rdseed adx smap clflushopt xsaveopt xsavec xgetbv1 dtherm ida arat pln pts hwp hwp_notify hwp_act_window hwp_epp
bugs		:
bogomips	: 6816.61
clflush size	: 64
cache_alignment	: 64
address sizes	: 39 bits physical, 48 bits virtual
power management:

processor	: 6
vendor_id	: GenuineIntel
cpu family	: 6
model		: 94
model name	: Intel(R) Core(TM) i7-6700 CPU @ 3.40GHz
stepping	: 3
microcode	: 0xb2
cpu MHz		: 3700.023
cache size	: 8192 KB
physical id	: 0
siblings	: 8
core id		: 2
cpu cores	: 4
apicid		: 5
initial apicid	: 5
fpu		: yes
fpu_exception	: yes
cpuid level	: 22
wp		: yes
flags		: fpu vme de pse tsc msr pae mce cx8 apic sep mtrr pge mca cmov pat pse36 clflush dts acpi mmx fxsr sse sse2 ss ht tm pbe syscall nx pdpe1gb rdtscp lm constant_tsc art arch_perfmon pebs bts rep_good nopl xtopology nonstop_tsc aperfmperf eagerfpu pni pclmulqdq dtes64 monitor ds_cpl vmx smx est tm2 ssse3 sdbg fma cx16 xtpr pdcm pcid sse4_1 sse4_2 x2apic movbe popcnt tsc_deadline_timer aes xsave avx f16c rdrand lahf_lm abm 3dnowprefetch epb intel_pt tpr_shadow vnmi flexpriority ept vpid fsgsbase tsc_adjust bmi1 hle avx2 smep bmi2 erms invpcid rtm mpx rdseed adx smap clflushopt xsaveopt xsavec xgetbv1 dtherm ida arat pln pts hwp hwp_notify hwp_act_window hwp_epp
bugs		:
bogomips	: 6816.61
clflush size	: 64
cache_alignment	: 64
address sizes	: 39 bits physical, 48 bits virtual
power management:

processor	: 7
vendor_id	: GenuineIntel
cpu family	: 6
model		: 94
model name	: Intel(R) Core(TM) i7-6700 CPU @ 3.40GHz
stepping	: 3
microcode	: 0xb2
cpu MHz		: 3700.023
cache size	: 8192 KB
physical id	: 0
siblings	: 8
core id		: 3
cpu cores	: 4
apicid		: 7
initial apicid	: 7
fpu		: yes
fpu_exception	: yes
cpuid level	: 22
wp		: yes
flags		: fpu vme de pse tsc msr pae mce cx8 apic sep mtrr pge mca cmov pat pse36 clflush dts acpi mmx fxsr sse sse2 ss ht tm pbe syscall nx pdpe1gb rdtscp lm constant_tsc art arch_perfmon pebs bts rep_good nopl xtopology nonstop_tsc aperfmperf eagerfpu pni pclmulqdq dtes64 monitor ds_cpl vmx smx est tm2 ssse3 sdbg fma cx16 xtpr pdcm pcid sse4_1 sse4_2 x2apic movbe popcnt tsc_deadline_timer aes xsave avx f16c rdrand lahf_lm abm 3dnowprefetch epb intel_pt tpr_shadow vnmi flexpriority ept vpid fsgsbase tsc_adjust bmi1 hle avx2 smep bmi2 erms invpcid rtm mpx rdseed adx smap clflushopt xsaveopt xsavec xgetbv1 dtherm ida arat pln pts hwp hwp_notify hwp_act_window hwp_epp
bugs		:
bogomips	: 6816.61
clflush size	: 64
cache_alignment	: 64
address sizes	: 39 bits physical, 48 bits virtual
power management:



Memory: 4k page, physical 32877824k(22849180k free), swap 3998716k(3998716k free)

vm_info: Java HotSpot(TM) 64-Bit Server VM (25.91-b14) for linux-amd64 JRE (1.8.0_91-b14), built on Apr  1 2016 00:57:21 by "java_re" with gcc 4.3.0 20080428 (Red Hat 4.3.0-8)

time: Fri Nov 17 09:43:49 2017
elapsed time: 4 seconds (0d 0h 0m 4s)

