#
# A fatal error has been detected by the Java Runtime Environment:
#
#  SIGSEGV (0xb) at pc=0x00007fe39593bfe5, pid=6117, tid=140614647744256
#
# JRE version: Java(TM) SE Runtime Environment (8.0_91-b14) (build 1.8.0_91-b14)
# Java VM: Java HotSpot(TM) 64-Bit Server VM (25.91-b14 mixed mode linux-amd64 compressed oops)
# Problematic frame:
# C  [libc.so.6+0x14dfe5]
#
# Failed to write core dump. Core dumps have been disabled. To enable core dumping, try "ulimit -c unlimited" before starting Java again
#
# If you would like to submit a bug report, please visit:
#   http://bugreport.java.com/bugreport/crash.jsp
# The crash happened outside the Java Virtual Machine in native code.
# See problematic frame for where to report the bug.
#

---------------  T H R E A D  ---------------

Current thread (0x00007fe3901bd800):  JavaThread "QuantumRenderer-0" daemon [_thread_in_native, id=6141, stack(0x00007fe366110000,0x00007fe366211000)]

siginfo: si_signo: 11 (SIGSEGV), si_code: 2 (SEGV_ACCERR), si_addr: 0x000000072211c06c

Registers:
RAX=0x00007fe302f23a44, RBX=0x0000000000000000, RCX=0x000000000000000c, RDX=0x000000000000000c
RSP=0x00007fe36620ef28, RBP=0x00000000001e5a50, RSI=0x000000072211c068, RDI=0x00007fe302f23a44
R8 =0x00007fe36620ef90, R9 =0x0000000000000001, R10=0x000000002002033c, R11=0x00007fe3201898d0
R12=0x00007fe36620ef90, R13=0x00007fe3201898d0, R14=0x000000072211c068, R15=0x00000000001e5a44
RIP=0x00007fe39593bfe5, EFLAGS=0x0000000000010202, CSGSFS=0x0000000000000033, ERR=0x0000000000000004
  TRAPNO=0x000000000000000e

Top of Stack: (sp=0x00007fe36620ef28)
0x00007fe36620ef28:   00007fe31571eaad 0000000720a0ebc8
0x00007fe36620ef38:   0000000720a20ee8 0000000000000020
0x00007fe36620ef48:   000000000000000c 0000000000000001
0x00007fe36620ef58:   0000000000000004 0000000000000000
0x00007fe36620ef68:   00007fe3201898d0 00007fe315e4c238
0x00007fe36620ef78:   00007fe315839d08 00007fe3200bc850
0x00007fe36620ef88:   00007fe36620ef90 0000000000000006
0x00007fe36620ef98:   fe015f1112026c00 0000000720a0d4a8
0x00007fe36620efa8:   00007fe3201898d0 00007fe315e4c1d8
0x00007fe36620efb8:   000000000003d08b 00007fe32018d090
0x00007fe36620efc8:   00007fe320189ce0 00007fe315e4c238
0x00007fe36620efd8:   00007fe31582f03d 000000000000000f
0x00007fe36620efe8:   00007fe3201898d0 00007fe3200bc360
0x00007fe36620eff8:   00007fe36620f1e0 0000000000000001
0x00007fe36620f008:   0000000000000000 00007fe36620f120
0x00007fe36620f018:   00007fe31582f217 000000000000001f
0x00007fe36620f028:   402e000000000000 00007fe3200bc850
0x00007fe36620f038:   00007fe31583b0e8 00007fe3201898d0
0x00007fe36620f048:   0000000720eee908 0000000020a0d398
0x00007fe36620f058:   0000000720a0eba8 000000073fc00000
0x00007fe36620f068:   00007fe3200b3df0 00007fe218308200
0x00007fe36620f078:   0000000000000000 00007fe218b61778
0x00007fe36620f088:   00007fe31566f08d 00007fe36620f144
0x00007fe36620f098:   00007fe300000000 0000000720a0ed60
0x00007fe36620f0a8:   00007fe38154f5f0 0000000020a0cb40
0x00007fe36620f0b8:   00007fe218b61720 00007fe218659d20
0x00007fe36620f0c8:   0000000000000000 00007fe320151f78
0x00007fe36620f0d8:   fe015f1112026c00 00007fe32018b8f8
0x00007fe36620f0e8:   00007fe3201b602c 00007fe32014ff30
0x00007fe36620f0f8:   00007fe36620f1e0 0000000000000001
0x00007fe36620f108:   0000000000000000 00007fe3201b4570
0x00007fe36620f118:   00007fe3156007f2 0000000600000000 

Instructions: (pc=0x00007fe39593bfe5)
0x00007fe39593bfc5:   fa 6f 7c 16 f0 c5 fa 7f 07 c5 fa 7f 7c 17 f0 c3
0x00007fe39593bfd5:   90 66 2e 0f 1f 84 00 00 00 00 00 80 fa 08 72 1b
0x00007fe39593bfe5:   48 8b 4c 16 f8 48 8b 36 48 89 37 48 89 4c 17 f8
0x00007fe39593bff5:   c3 66 2e 0f 1f 84 00 00 00 00 00 80 fa 04 72 0d 

Register to memory mapping:

RAX=0x00007fe302f23a44 is an unknown value
RBX=0x0000000000000000 is an unknown value
RCX=0x000000000000000c is an unknown value
RDX=0x000000000000000c is an unknown value
RSP=0x00007fe36620ef28 is pointing into the stack for thread: 0x00007fe3901bd800
RBP=0x00000000001e5a50 is an unknown value
RSI=0x000000072211c068 is an unallocated location in the heap
RDI=0x00007fe302f23a44 is an unknown value
R8 =0x00007fe36620ef90 is pointing into the stack for thread: 0x00007fe3901bd800
R9 =0x0000000000000001 is an unknown value
R10=0x000000002002033c is an unknown value
R11=0x00007fe3201898d0 is an unknown value
R12=0x00007fe36620ef90 is pointing into the stack for thread: 0x00007fe3901bd800
R13=0x00007fe3201898d0 is an unknown value
R14=0x000000072211c068 is an unallocated location in the heap
R15=0x00000000001e5a44 is an unknown value


Stack: [0x00007fe366110000,0x00007fe366211000],  sp=0x00007fe36620ef28,  free space=1019k
Native frames: (J=compiled Java code, j=interpreted, Vv=VM code, C=native code)
C  [libc.so.6+0x14dfe5]

Java frames: (J=compiled Java code, j=interpreted, Vv=VM code)
J 1749  com.sun.prism.es2.GLContext.nClearBuffers(JFFFFZZZ)V (0 bytes) @ 0x00007fe3810f728a [0x00007fe3810f7240+0x4a]
J 2865 C2 com.sun.javafx.tk.quantum.ViewPainter.paintImpl(Lcom/sun/prism/Graphics;)V (1457 bytes) @ 0x00007fe3815db178 [0x00007fe3815d9f20+0x1258]
J 2891 C2 com.sun.javafx.tk.quantum.PresentingPainter.run()V (675 bytes) @ 0x00007fe381622b70 [0x00007fe381622500+0x670]
J 2882 C2 com.sun.javafx.tk.RenderJob.run()V (105 bytes) @ 0x00007fe3815f1cb0 [0x00007fe3815f1be0+0xd0]
j  java.util.concurrent.ThreadPoolExecutor.runWorker(Ljava/util/concurrent/ThreadPoolExecutor$Worker;)V+95
j  java.util.concurrent.ThreadPoolExecutor$Worker.run()V+5
j  com.sun.javafx.tk.quantum.QuantumRenderer$PipelineRunnable.run()V+8
j  java.lang.Thread.run()V+11
v  ~StubRoutines::call_stub

---------------  P R O C E S S  ---------------

Java Threads: ( => current thread )
  0x00007fe304263800 JavaThread "pool-2-thread-1" [_thread_in_native, id=6146, stack(0x00007fe302a3d000,0x00007fe302b3e000)]
  0x00007fe30422e800 JavaThread "Prism Font Disposer" daemon [_thread_blocked, id=6145, stack(0x00007fe303951000,0x00007fe303a52000)]
  0x00007fe390228800 JavaThread "JavaFX-Launcher" [_thread_blocked, id=6144, stack(0x00007fe310c13000,0x00007fe310d14000)]
  0x00007fe390225000 JavaThread "JavaFX Application Thread" [_thread_in_native, id=6143, stack(0x00007fe310d14000,0x00007fe310e15000)]
  0x00007fe390221000 JavaThread "Thread-1" daemon [_thread_blocked, id=6142, stack(0x00007fe364016000,0x00007fe364117000)]
=>0x00007fe3901bd800 JavaThread "QuantumRenderer-0" daemon [_thread_in_native, id=6141, stack(0x00007fe366110000,0x00007fe366211000)]
  0x00007fe3900c8800 JavaThread "Service Thread" daemon [_thread_blocked, id=6139, stack(0x00007fe3663a7000,0x00007fe3664a8000)]
  0x00007fe3900c5800 JavaThread "C1 CompilerThread3" daemon [_thread_blocked, id=6138, stack(0x00007fe3664a8000,0x00007fe3665a9000)]
  0x00007fe3900c3000 JavaThread "C2 CompilerThread2" daemon [_thread_blocked, id=6137, stack(0x00007fe3665a9000,0x00007fe3666aa000)]
  0x00007fe3900c1800 JavaThread "C2 CompilerThread1" daemon [_thread_blocked, id=6136, stack(0x00007fe3666aa000,0x00007fe3667ab000)]
  0x00007fe3900be800 JavaThread "C2 CompilerThread0" daemon [_thread_blocked, id=6135, stack(0x00007fe3667ab000,0x00007fe3668ac000)]
  0x00007fe3900bd000 JavaThread "Signal Dispatcher" daemon [_thread_blocked, id=6134, stack(0x00007fe3668ac000,0x00007fe3669ad000)]
  0x00007fe39008a000 JavaThread "Finalizer" daemon [_thread_blocked, id=6133, stack(0x00007fe366c8a000,0x00007fe366d8b000)]
  0x00007fe390085000 JavaThread "Reference Handler" daemon [_thread_blocked, id=6132, stack(0x00007fe366d8b000,0x00007fe366e8c000)]
  0x00007fe390007800 JavaThread "main" [_thread_blocked, id=6122, stack(0x00007fe3962ed000,0x00007fe3963ee000)]

Other Threads:
  0x00007fe39007d800 VMThread [stack: 0x00007fe366e8c000,0x00007fe366f8d000] [id=6131]
  0x00007fe3900cb800 WatcherThread [stack: 0x00007fe3662a6000,0x00007fe3663a7000] [id=6140]

VM state:not at safepoint (normal execution)

VM Mutex/Monitor currently owned by a thread: None

Heap:
 PSYoungGen      total 131584K, used 8222K [0x0000000718c00000, 0x0000000721f00000, 0x00000007c0000000)
  eden space 125952K, 2% used [0x0000000718c00000,0x0000000718e8ef08,0x0000000720700000)
  from space 5632K, 99% used [0x0000000720a00000,0x0000000720f78b08,0x0000000720f80000)
  to   space 6144K, 0% used [0x0000000721900000,0x0000000721900000,0x0000000721f00000)
 ParOldGen       total 343040K, used 48K [0x00000005ca400000, 0x00000005df300000, 0x0000000718c00000)
  object space 343040K, 0% used [0x00000005ca400000,0x00000005ca40c000,0x00000005df300000)
 Metaspace       used 15897K, capacity 16418K, committed 16640K, reserved 1062912K
  class space    used 2131K, capacity 2300K, committed 2304K, reserved 1048576K

Card table byte_map: [0x00007fe37f84a000,0x00007fe3807f9000] byte_map_base: 0x00007fe37c9f8000

Marking Bits: (ParMarkBitMap*) 0x00007fe3957c1d60
 Begin Bits: [0x00007fe348520000, 0x00007fe350290000)
 End Bits:   [0x00007fe350290000, 0x00007fe358000000)

Polling page: 0x00007fe396411000

CodeCache: size=245760Kb used=10621Kb max_used=10677Kb free=235138Kb
 bounds [0x00007fe380bb9000, 0x00007fe381639000, 0x00007fe38fbb9000]
 total_blobs=3493 nmethods=2879 adapters=526
 compilation: enabled

Compilation events (10 events):
Event: 27,187 Thread 0x00007fe3900c5800 2902       1       com.sun.prism.impl.BaseGraphics::setClipRectIndex (6 bytes)
Event: 27,187 Thread 0x00007fe3900c5800 nmethod 2902 0x00007fe38160a750 code [0x00007fe38160a8a0, 0x00007fe38160a9b0]
Event: 27,687 Thread 0x00007fe3900c3000 2903       4       java.lang.AbstractStringBuilder::<init> (12 bytes)
Event: 27,688 Thread 0x00007fe3900c3000 nmethod 2903 0x00007fe380cdcf90 code [0x00007fe380cdd0e0, 0x00007fe380cdd1f8]
Event: 28,264 Thread 0x00007fe3900c1800 2904       4       com.sun.scenario.effect.impl.prism.PrDrawable::getImagePool (22 bytes)
Event: 28,264 Thread 0x00007fe3900c1800 nmethod 2904 0x00007fe38160a410 code [0x00007fe38160a560, 0x00007fe38160a618]
Event: 28,267 Thread 0x00007fe3900c5800 2905       3       com.sun.scenario.effect.impl.Renderer::releaseCompatibleImage (37 bytes)
Event: 28,268 Thread 0x00007fe3900c5800 nmethod 2905 0x00007fe381615010 code [0x00007fe3816151e0, 0x00007fe381615c18]
Event: 30,806 Thread 0x00007fe3900be800 2906       4       com.sun.prism.paint.Color::<init> (106 bytes)
Event: 30,806 Thread 0x00007fe3900be800 nmethod 2906 0x00007fe380cbae50 code [0x00007fe380cbafc0, 0x00007fe380cbb118]

GC Heap History (10 events):
Event: 5,670 GC heap before
{Heap before GC invocations=1 (full 0):
 PSYoungGen      total 150016K, used 129024K [0x0000000718c00000, 0x0000000723300000, 0x00000007c0000000)
  eden space 129024K, 100% used [0x0000000718c00000,0x0000000720a00000,0x0000000720a00000)
  from space 20992K, 0% used [0x0000000721e80000,0x0000000721e80000,0x0000000723300000)
  to   space 20992K, 0% used [0x0000000720a00000,0x0000000720a00000,0x0000000721e80000)
 ParOldGen       total 343040K, used 0K [0x00000005ca400000, 0x00000005df300000, 0x0000000718c00000)
  object space 343040K, 0% used [0x00000005ca400000,0x00000005ca400000,0x00000005df300000)
 Metaspace       used 15888K, capacity 16418K, committed 16640K, reserved 1062912K
  class space    used 2131K, capacity 2300K, committed 2304K, reserved 1048576K
Event: 5,675 GC heap after
Heap after GC invocations=1 (full 0):
 PSYoungGen      total 150016K, used 5808K [0x0000000718c00000, 0x0000000723300000, 0x00000007c0000000)
  eden space 129024K, 0% used [0x0000000718c00000,0x0000000718c00000,0x0000000720a00000)
  from space 20992K, 27% used [0x0000000720a00000,0x0000000720fac068,0x0000000721e80000)
  to   space 20992K, 0% used [0x0000000721e80000,0x0000000721e80000,0x0000000723300000)
 ParOldGen       total 343040K, used 24K [0x00000005ca400000, 0x00000005df300000, 0x0000000718c00000)
  object space 343040K, 0% used [0x00000005ca400000,0x00000005ca406000,0x00000005df300000)
 Metaspace       used 15888K, capacity 16418K, committed 16640K, reserved 1062912K
  class space    used 2131K, capacity 2300K, committed 2304K, reserved 1048576K
}
Event: 13,025 GC heap before
{Heap before GC invocations=2 (full 0):
 PSYoungGen      total 150016K, used 134832K [0x0000000718c00000, 0x0000000723300000, 0x00000007c0000000)
  eden space 129024K, 100% used [0x0000000718c00000,0x0000000720a00000,0x0000000720a00000)
  from space 20992K, 27% used [0x0000000720a00000,0x0000000720fac068,0x0000000721e80000)
  to   space 20992K, 0% used [0x0000000721e80000,0x0000000721e80000,0x0000000723300000)
 ParOldGen       total 343040K, used 24K [0x00000005ca400000, 0x00000005df300000, 0x0000000718c00000)
  object space 343040K, 0% used [0x00000005ca400000,0x00000005ca406000,0x00000005df300000)
 Metaspace       used 15897K, capacity 16418K, committed 16640K, reserved 1062912K
  class space    used 2131K, capacity 2300K, committed 2304K, reserved 1048576K
Event: 13,031 GC heap after
Heap after GC invocations=2 (full 0):
 PSYoungGen      total 150016K, used 5714K [0x0000000718c00000, 0x0000000723300000, 0x00000007c0000000)
  eden space 129024K, 0% used [0x0000000718c00000,0x0000000718c00000,0x0000000720a00000)
  from space 20992K, 27% used [0x0000000721e80000,0x0000000722414af8,0x0000000723300000)
  to   space 20992K, 0% used [0x0000000720a00000,0x0000000720a00000,0x0000000721e80000)
 ParOldGen       total 343040K, used 32K [0x00000005ca400000, 0x00000005df300000, 0x0000000718c00000)
  object space 343040K, 0% used [0x00000005ca400000,0x00000005ca408000,0x00000005df300000)
 Metaspace       used 15897K, capacity 16418K, committed 16640K, reserved 1062912K
  class space    used 2131K, capacity 2300K, committed 2304K, reserved 1048576K
}
Event: 18,989 GC heap before
{Heap before GC invocations=3 (full 0):
 PSYoungGen      total 150016K, used 134738K [0x0000000718c00000, 0x0000000723300000, 0x00000007c0000000)
  eden space 129024K, 100% used [0x0000000718c00000,0x0000000720a00000,0x0000000720a00000)
  from space 20992K, 27% used [0x0000000721e80000,0x0000000722414af8,0x0000000723300000)
  to   space 20992K, 0% used [0x0000000720a00000,0x0000000720a00000,0x0000000721e80000)
 ParOldGen       total 343040K, used 32K [0x00000005ca400000, 0x00000005df300000, 0x0000000718c00000)
  object space 343040K, 0% used [0x00000005ca400000,0x00000005ca408000,0x00000005df300000)
 Metaspace       used 15897K, capacity 16418K, committed 16640K, reserved 1062912K
  class space    used 2131K, capacity 2300K, committed 2304K, reserved 1048576K
Event: 18,993 GC heap after
Heap after GC invocations=3 (full 0):
 PSYoungGen      total 150016K, used 5602K [0x0000000718c00000, 0x0000000723300000, 0x00000007c0000000)
  eden space 129024K, 0% used [0x0000000718c00000,0x0000000718c00000,0x0000000720a00000)
  from space 20992K, 26% used [0x0000000720a00000,0x0000000720f78b08,0x0000000721e80000)
  to   space 20992K, 0% used [0x0000000721e80000,0x0000000721e80000,0x0000000723300000)
 ParOldGen       total 343040K, used 32K [0x00000005ca400000, 0x00000005df300000, 0x0000000718c00000)
  object space 343040K, 0% used [0x00000005ca400000,0x00000005ca408000,0x00000005df300000)
 Metaspace       used 15897K, capacity 16418K, committed 16640K, reserved 1062912K
  class space    used 2131K, capacity 2300K, committed 2304K, reserved 1048576K
}
Event: 27,985 GC heap before
{Heap before GC invocations=4 (full 0):
 PSYoungGen      total 150016K, used 134626K [0x0000000718c00000, 0x0000000723300000, 0x00000007c0000000)
  eden space 129024K, 100% used [0x0000000718c00000,0x0000000720a00000,0x0000000720a00000)
  from space 20992K, 26% used [0x0000000720a00000,0x0000000720f78b08,0x0000000721e80000)
  to   space 20992K, 0% used [0x0000000721e80000,0x0000000721e80000,0x0000000723300000)
 ParOldGen       total 343040K, used 32K [0x00000005ca400000, 0x00000005df300000, 0x0000000718c00000)
  object space 343040K, 0% used [0x00000005ca400000,0x00000005ca408000,0x00000005df300000)
 Metaspace       used 15897K, capacity 16418K, committed 16640K, reserved 1062912K
  class space    used 2131K, capacity 2300K, committed 2304K, reserved 1048576K
Event: 27,990 GC heap after
Heap after GC invocations=4 (full 0):
 PSYoungGen      total 150016K, used 5616K [0x0000000718c00000, 0x0000000723300000, 0x00000007c0000000)
  eden space 129024K, 0% used [0x0000000718c00000,0x0000000718c00000,0x0000000720a00000)
  from space 20992K, 26% used [0x0000000721e80000,0x00000007223fc088,0x0000000723300000)
  to   space 20992K, 0% used [0x0000000720a00000,0x0000000720a00000,0x0000000721e80000)
 ParOldGen       total 343040K, used 40K [0x00000005ca400000, 0x00000005df300000, 0x0000000718c00000)
  object space 343040K, 0% used [0x00000005ca400000,0x00000005ca40a000,0x00000005df300000)
 Metaspace       used 15897K, capacity 16418K, committed 16640K, reserved 1062912K
  class space    used 2131K, capacity 2300K, committed 2304K, reserved 1048576K
}
Event: 31,077 GC heap before
{Heap before GC invocations=5 (full 0):
 PSYoungGen      total 150016K, used 134640K [0x0000000718c00000, 0x0000000723300000, 0x00000007c0000000)
  eden space 129024K, 100% used [0x0000000718c00000,0x0000000720a00000,0x0000000720a00000)
  from space 20992K, 26% used [0x0000000721e80000,0x00000007223fc088,0x0000000723300000)
  to   space 20992K, 0% used [0x0000000720a00000,0x0000000720a00000,0x0000000721e80000)
 ParOldGen       total 343040K, used 40K [0x00000005ca400000, 0x00000005df300000, 0x0000000718c00000)
  object space 343040K, 0% used [0x00000005ca400000,0x00000005ca40a000,0x00000005df300000)
 Metaspace       used 15897K, capacity 16418K, committed 16640K, reserved 1062912K
  class space    used 2131K, capacity 2300K, committed 2304K, reserved 1048576K
Event: 31,083 GC heap after
Heap after GC invocations=5 (full 0):
 PSYoungGen      total 131584K, used 5602K [0x0000000718c00000, 0x0000000721f00000, 0x00000007c0000000)
  eden space 125952K, 0% used [0x0000000718c00000,0x0000000718c00000,0x0000000720700000)
  from space 5632K, 99% used [0x0000000720a00000,0x0000000720f78b08,0x0000000720f80000)
  to   space 6144K, 0% used [0x0000000721900000,0x0000000721900000,0x0000000721f00000)
 ParOldGen       total 343040K, used 48K [0x00000005ca400000, 0x00000005df300000, 0x0000000718c00000)
  object space 343040K, 0% used [0x00000005ca400000,0x00000005ca40c000,0x00000005df300000)
 Metaspace       used 15897K, capacity 16418K, committed 16640K, reserved 1062912K
  class space    used 2131K, capacity 2300K, committed 2304K, reserved 1048576K
}

Deoptimization events (10 events):
Event: 5,270 Thread 0x00007fe3901bd800 Uncommon trap: reason=bimorphic action=maybe_recompile pc=0x00007fe3814023d0 method=com.sun.prism.impl.shape.OpenPiscesPrismUtils.setupRenderer(Lcom/sun/javafx/geom/Path2D;Lcom/sun/prism/BasicStroke;Lcom/sun/javafx/geom/transform/BaseTransform;Lcom/sun/ja
Event: 5,676 Thread 0x00007fe304263800 Uncommon trap: reason=unstable_if action=reinterpret pc=0x00007fe3813eb690 method=java.lang.ref.SoftReference.get()Ljava/lang/Object; @ 17
Event: 5,676 Thread 0x00007fe3901bd800 Uncommon trap: reason=unstable_if action=reinterpret pc=0x00007fe38148d8a4 method=java.lang.ref.SoftReference.get()Ljava/lang/Object; @ 17
Event: 5,676 Thread 0x00007fe3901bd800 Uncommon trap: reason=unstable_if action=reinterpret pc=0x00007fe38111417c method=java.lang.ref.SoftReference.get()Ljava/lang/Object; @ 17
Event: 5,677 Thread 0x00007fe304263800 Uncommon trap: reason=unstable_if action=reinterpret pc=0x00007fe3810befb4 method=java.lang.ref.SoftReference.get()Ljava/lang/Object; @ 17
Event: 7,042 Thread 0x00007fe3901bd800 Uncommon trap: reason=unstable_if action=reinterpret pc=0x00007fe3813b7f98 method=com.sun.javafx.geom.RectBounds.contains(Lcom/sun/javafx/geom/RectBounds;)Z @ 61
Event: 8,643 Thread 0x00007fe3901bd800 Uncommon trap: reason=unstable_if action=reinterpret pc=0x00007fe3813b4b50 method=com.sun.javafx.geom.RectBounds.contains(Lcom/sun/javafx/geom/RectBounds;)Z @ 61
Event: 8,666 Thread 0x00007fe304263800 Uncommon trap: reason=unstable_if action=reinterpret pc=0x00007fe38133f558 method=sun.nio.cs.UTF_8$Encoder.encodeArrayLoop(Ljava/nio/CharBuffer;Ljava/nio/ByteBuffer;)Ljava/nio/charset/CoderResult; @ 87
Event: 13,032 Thread 0x00007fe304263800 Uncommon trap: reason=unstable_if action=reinterpret pc=0x00007fe3810bc590 method=java.lang.ref.SoftReference.get()Ljava/lang/Object; @ 17
Event: 27,990 Thread 0x00007fe3901bd800 Uncommon trap: reason=unstable_if action=reinterpret pc=0x00007fe38149b0f0 method=java.lang.ref.SoftReference.get()Ljava/lang/Object; @ 17

Internal exceptions (10 events):
Event: 0,098 Thread 0x00007fe390007800 Exception <a 'java/security/PrivilegedActionException'> (0x0000000718dfba70) thrown at [/HUDSON/workspace/8-2-build-linux-amd64/jdk8u91/6644/hotspot/src/share/vm/prims/jvm.cpp, line 1386]
Event: 0,098 Thread 0x00007fe390007800 Exception <a 'java/security/PrivilegedActionException'> (0x0000000718dfbc80) thrown at [/HUDSON/workspace/8-2-build-linux-amd64/jdk8u91/6644/hotspot/src/share/vm/prims/jvm.cpp, line 1386]
Event: 0,098 Thread 0x00007fe390007800 Exception <a 'java/lang/NullPointerException'> (0x0000000718dfc258) thrown at [/HUDSON/workspace/8-2-build-linux-amd64/jdk8u91/6644/hotspot/src/share/vm/interpreter/linkResolver.cpp, line 1178]
Event: 0,300 Thread 0x00007fe390225000 Exception <a 'java/lang/NullPointerException'> (0x0000000719ea6be8) thrown at [/HUDSON/workspace/8-2-build-linux-amd64/jdk8u91/6644/hotspot/src/share/vm/interpreter/linkResolver.cpp, line 1178]
Event: 0,300 Thread 0x00007fe390225000 Exception <a 'java/lang/NullPointerException'> (0x0000000719ea6be8) thrown at [/HUDSON/workspace/8-2-build-linux-amd64/jdk8u91/6644/hotspot/src/share/vm/prims/jvm.cpp, line 1390]
Event: 0,359 Thread 0x00007fe390225000 Exception <a 'java/lang/ArrayIndexOutOfBoundsException'> (0x000000071a2e6be0) thrown at [/HUDSON/workspace/8-2-build-linux-amd64/jdk8u91/6644/hotspot/src/share/vm/runtime/sharedRuntime.cpp, line 605]
Event: 0,359 Thread 0x00007fe390225000 Exception <a 'java/lang/ArrayIndexOutOfBoundsException'> (0x000000071a2e78e0) thrown at [/HUDSON/workspace/8-2-build-linux-amd64/jdk8u91/6644/hotspot/src/share/vm/runtime/sharedRuntime.cpp, line 605]
Event: 0,359 Thread 0x00007fe390225000 Exception <a 'java/lang/ArrayIndexOutOfBoundsException'> (0x000000071a2e8c88) thrown at [/HUDSON/workspace/8-2-build-linux-amd64/jdk8u91/6644/hotspot/src/share/vm/runtime/sharedRuntime.cpp, line 605]
Event: 0,417 Thread 0x00007fe390225000 Implicit null exception at 0x00007fe380e50db5 to 0x00007fe380e50fed
Event: 0,456 Thread 0x00007fe390225000 Exception <a 'java/io/FileNotFoundException'> (0x000000071a6e53e0) thrown at [/HUDSON/workspace/8-2-build-linux-amd64/jdk8u91/6644/hotspot/src/share/vm/prims/jni.cpp, line 709]

Events (10 events):
Event: 27,688 Thread 0x00007fe3900c3000 flushing nmethod 0x00007fe380d1f350
Event: 27,688 Thread 0x00007fe3900c3000 flushing nmethod 0x00007fe380d52ad0
Event: 27,985 Executing VM operation: ParallelGCFailedAllocation
Event: 27,990 Executing VM operation: ParallelGCFailedAllocation done
Event: 27,990 Thread 0x00007fe3901bd800 Uncommon trap: trap_request=0xffffff65 fr.pc=0x00007fe38149b0f0
Event: 27,990 Thread 0x00007fe3901bd800 DEOPT PACKING pc=0x00007fe38149b0f0 sp=0x00007fe36620ea30
Event: 27,990 Thread 0x00007fe3901bd800 DEOPT UNPACKING pc=0x00007fe380bbe229 sp=0x00007fe36620e928 mode 2
Event: 28,264 Thread 0x00007fe3900c1800 flushing nmethod 0x00007fe380d891d0
Event: 31,077 Executing VM operation: ParallelGCFailedAllocation
Event: 31,083 Executing VM operation: ParallelGCFailedAllocation done


Dynamic libraries:
00400000-00401000 r-xp 00000000 08:03 71174188                           /usr/share/jdk1.8.0_91/bin/java
00600000-00601000 rw-p 00000000 08:03 71174188                           /usr/share/jdk1.8.0_91/bin/java
0102f000-01050000 rw-p 00000000 00:00 0                                  [heap]
5ca400000-5df300000 rw-p 00000000 00:00 0 
5df300000-718c00000 ---p 00000000 00:00 0 
718c00000-721f00000 rw-p 00000000 00:00 0 
721f00000-7c0000000 ---p 00000000 00:00 0 
7c0000000-7c0240000 rw-p 00000000 00:00 0 
7c0240000-800000000 ---p 00000000 00:00 0 
7fe214000000-7fe218dad000 rw-p 00000000 00:00 0 
7fe218dad000-7fe21c000000 ---p 00000000 00:00 0 
7fe21c000000-7fe224000000 rw-p 00000000 00:00 0 
7fe224000000-7fe22c000000 rw-p 00000000 00:00 0 
7fe22c000000-7fe234000000 rw-p 00000000 00:00 0 
7fe234000000-7fe23c000000 rw-p 00000000 00:00 0 
7fe23c000000-7fe244000000 rw-p 00000000 00:00 0 
7fe244000000-7fe24c000000 rw-p 00000000 00:00 0 
7fe24c000000-7fe254000000 rw-p 00000000 00:00 0 
7fe254000000-7fe25c000000 rw-p 00000000 00:00 0 
7fe25c000000-7fe264000000 rw-p 00000000 00:00 0 
7fe264000000-7fe26c000000 rw-p 00000000 00:00 0 
7fe26c000000-7fe274000000 rw-p 00000000 00:00 0 
7fe274000000-7fe27c000000 rw-p 00000000 00:00 0 
7fe27c000000-7fe284000000 rw-p 00000000 00:00 0 
7fe284000000-7fe28c000000 rw-p 00000000 00:00 0 
7fe28c000000-7fe294000000 rw-p 00000000 00:00 0 
7fe294000000-7fe29c000000 rw-p 00000000 00:00 0 
7fe29c000000-7fe2a4000000 rw-p 00000000 00:00 0 
7fe2a4000000-7fe2ac000000 rw-p 00000000 00:00 0 
7fe2ac000000-7fe2b4000000 rw-p 00000000 00:00 0 
7fe2b4000000-7fe2bc000000 rw-p 00000000 00:00 0 
7fe2bc000000-7fe2c4000000 rw-p 00000000 00:00 0 
7fe2c4000000-7fe2cc000000 rw-p 00000000 00:00 0 
7fe2cc000000-7fe2d4000000 rw-p 00000000 00:00 0 
7fe2d4000000-7fe2dc000000 rw-p 00000000 00:00 0 
7fe2dc000000-7fe2e4000000 rw-p 00000000 00:00 0 
7fe2e4000000-7fe2ec000000 rw-p 00000000 00:00 0 
7fe2ec000000-7fe2f4000000 rw-p 00000000 00:00 0 
7fe2f4000000-7fe2f4021000 rw-p 00000000 00:00 0 
7fe2f4021000-7fe2f8000000 ---p 00000000 00:00 0 
7fe2f8000000-7fe2fc000000 rw-p 00000000 00:00 0 
7fe2fc000000-7fe2fc021000 rw-p 00000000 00:00 0 
7fe2fc021000-7fe300000000 ---p 00000000 00:00 0 
7fe3022bd000-7fe3024bd000 rw-s 11e83e000 00:06 330                       /dev/dri/card0
7fe3024bd000-7fe3026bd000 rw-s 11d062000 00:06 330                       /dev/dri/card0
7fe3026bd000-7fe3028bd000 rw-s 11ce62000 00:06 330                       /dev/dri/card0
7fe3028bd000-7fe30293d000 rw-s 11d476000 00:06 330                       /dev/dri/card0
7fe30293d000-7fe3029bd000 rw-s 11d3f6000 00:06 330                       /dev/dri/card0
7fe3029bd000-7fe302a3d000 rw-s 11d376000 00:06 330                       /dev/dri/card0
7fe302a3d000-7fe302a40000 ---p 00000000 00:00 0 
7fe302a40000-7fe302d3e000 rw-p 00000000 00:00 0 
7fe302d3e000-7fe302f3e000 rw-s 11c488000 00:06 330                       /dev/dri/card0
7fe302f3e000-7fe30393e000 rwxp 00000000 00:00 0 
7fe30393e000-7fe303951000 r--s 00344000 08:03 71303565                   /usr/share/jdk1.8.0_91/jre/lib/resources.jar
7fe303951000-7fe303954000 ---p 00000000 00:00 0 
7fe303954000-7fe303a52000 rw-p 00000000 00:00 0 
7fe303a52000-7fe303b0b000 r--p 00000000 08:03 591338                     /usr/share/fonts/truetype/dejavu/DejaVuSans.ttf
7fe303b0b000-7fe303b1f000 r--p 00000000 08:03 37833930                   /usr/share/jdk1.8.0_91/jre/lib/fonts/LucidaBrightItalic.ttf
7fe303b1f000-7fe303b6d000 r--p 00000000 08:03 37833929                   /usr/share/jdk1.8.0_91/jre/lib/fonts/LucidaSansDemiBold.ttf
7fe303b6d000-7fe303ba7000 r--p 00000000 08:03 37833928                   /usr/share/jdk1.8.0_91/jre/lib/fonts/LucidaTypewriterBold.ttf
7fe303ba7000-7fe303bfc000 r--p 00000000 08:03 37833926                   /usr/share/jdk1.8.0_91/jre/lib/fonts/LucidaBrightRegular.ttf
7fe303bfc000-7fe303c00000 r-xp 00000000 08:03 71174145                   /usr/share/jdk1.8.0_91/jre/lib/amd64/libjavafx_font_pango.so
7fe303c00000-7fe303dff000 ---p 00004000 08:03 71174145                   /usr/share/jdk1.8.0_91/jre/lib/amd64/libjavafx_font_pango.so
7fe303dff000-7fe303e00000 rw-p 00003000 08:03 71174145                   /usr/share/jdk1.8.0_91/jre/lib/amd64/libjavafx_font_pango.so
7fe303e00000-7fe304000000 rw-p 00000000 00:00 0 
7fe304000000-7fe3042b3000 rw-p 00000000 00:00 0 
7fe3042b3000-7fe308000000 ---p 00000000 00:00 0 
7fe308000000-7fe308021000 rw-p 00000000 00:00 0 
7fe308021000-7fe30c000000 ---p 00000000 00:00 0 
7fe30c000000-7fe30c021000 rw-p 00000000 00:00 0 
7fe30c021000-7fe310000000 ---p 00000000 00:00 0 
7fe310009000-7fe31001c000 r--p 00000000 08:03 37833927                   /usr/share/jdk1.8.0_91/jre/lib/fonts/LucidaBrightDemiItalic.ttf
7fe31001c000-7fe3100c7000 r--p 00000000 08:03 37833925                   /usr/share/jdk1.8.0_91/jre/lib/fonts/LucidaSansRegular.ttf
7fe3100c7000-7fe3100da000 r--p 00000000 08:03 37833924                   /usr/share/jdk1.8.0_91/jre/lib/fonts/LucidaBrightDemiBold.ttf
7fe3100da000-7fe310116000 r--p 00000000 08:03 37833922                   /usr/share/jdk1.8.0_91/jre/lib/fonts/LucidaTypewriterRegular.ttf
7fe310116000-7fe31011a000 r--s 00097000 08:03 71304089                   /usr/share/jdk1.8.0_91/jre/lib/jsse.jar
7fe31011a000-7fe31011f000 r--s 00084000 08:03 71174183                   /usr/share/jdk1.8.0_91/jre/lib/jfr.jar
7fe31011f000-7fe310129000 r-xp 00000000 08:03 71551662                   /usr/lib/x86_64-linux-gnu/gtk-2.0/2.10.0/engines/libpixmap.so
7fe310129000-7fe310328000 ---p 0000a000 08:03 71551662                   /usr/lib/x86_64-linux-gnu/gtk-2.0/2.10.0/engines/libpixmap.so
7fe310328000-7fe310329000 r--p 00009000 08:03 71551662                   /usr/lib/x86_64-linux-gnu/gtk-2.0/2.10.0/engines/libpixmap.so
7fe310329000-7fe31032a000 rw-p 0000a000 08:03 71551662                   /usr/lib/x86_64-linux-gnu/gtk-2.0/2.10.0/engines/libpixmap.so
7fe31032a000-7fe31035a000 r-xp 00000000 08:03 72043352                   /usr/lib/x86_64-linux-gnu/gtk-2.0/2.10.0/engines/libmurrine.so
7fe31035a000-7fe31055a000 ---p 00030000 08:03 72043352                   /usr/lib/x86_64-linux-gnu/gtk-2.0/2.10.0/engines/libmurrine.so
7fe31055a000-7fe31055b000 r--p 00030000 08:03 72043352                   /usr/lib/x86_64-linux-gnu/gtk-2.0/2.10.0/engines/libmurrine.so
7fe31055b000-7fe31055c000 rw-p 00031000 08:03 72043352                   /usr/lib/x86_64-linux-gnu/gtk-2.0/2.10.0/engines/libmurrine.so
7fe31055c000-7fe310560000 r--s 00000000 08:03 37593931                   /var/cache/fontconfig/6aa41aa22e18b8fa06a12da28ea9c28b-le64.cache-6
7fe310560000-7fe31056b000 r--s 00000000 08:03 37737514                   /var/cache/fontconfig/945677eb7aeaf62f1d50efc3fb3ec7d8-le64.cache-6
7fe31056b000-7fe310571000 r--s 00000000 08:03 37737495                   /var/cache/fontconfig/2cd17615ca594fa2959ae173292e504c-le64.cache-6
7fe310571000-7fe310575000 r--s 00000000 08:03 37737493                   /var/cache/fontconfig/de156ccd2eddbdc19d37a45b8b2aac9c-le64.cache-6
7fe310575000-7fe31058a000 r--s 00000000 08:03 37737492                   /var/cache/fontconfig/04aabc0a78ac019cf9454389977116d2-le64.cache-6
7fe31058a000-7fe31058e000 r--s 00000000 08:03 37737490                   /var/cache/fontconfig/385c0604a188198f04d133e54aba7fe7-le64.cache-6
7fe31058e000-7fe3105b5000 r--s 00000000 08:03 37737486                   /var/cache/fontconfig/0bd3dc0958fa2205aaaa8ebb13e2872b-le64.cache-6
7fe3105b5000-7fe3105ba000 r--s 00000000 08:03 37737485                   /var/cache/fontconfig/8801497958630a81b71ace7c5f9b32a8-le64.cache-6
7fe3105ba000-7fe3105c1000 r--s 00000000 08:03 37737483                   /var/cache/fontconfig/3047814df9a2f067bd2d96a2b9c36e5a-le64.cache-6
7fe3105c1000-7fe3105d4000 r--s 00000000 08:03 37737478                   /var/cache/fontconfig/d52a8644073d54c13679302ca1180695-le64.cache-6
7fe3105d4000-7fe3105df000 r--s 00000000 08:03 37737476                   /var/cache/fontconfig/d589a48862398ed80a3d6066f4f56f4c-le64.cache-6
7fe3105df000-7fe3105ea000 r--s 00000000 08:03 37737472                   /var/cache/fontconfig/83bf95040141907cd45bb53cf7c1c148-le64.cache-6
7fe3105ea000-7fe31060b000 r--s 00000000 08:03 37593926                   /var/cache/fontconfig/467c019e582ee353435ea5c21d137ef6-le64.cache-6
7fe31060b000-7fe310610000 r-xp 00000000 08:03 71174167                   /usr/share/jdk1.8.0_91/jre/lib/amd64/libjavafx_font_freetype.so
7fe310610000-7fe31080f000 ---p 00005000 08:03 71174167                   /usr/share/jdk1.8.0_91/jre/lib/amd64/libjavafx_font_freetype.so
7fe31080f000-7fe310810000 rw-p 00004000 08:03 71174167                   /usr/share/jdk1.8.0_91/jre/lib/amd64/libjavafx_font_freetype.so
7fe310810000-7fe310813000 r-xp 00000000 08:03 71174164                   /usr/share/jdk1.8.0_91/jre/lib/amd64/libjavafx_font.so
7fe310813000-7fe310a12000 ---p 00003000 08:03 71174164                   /usr/share/jdk1.8.0_91/jre/lib/amd64/libjavafx_font.so
7fe310a12000-7fe310a13000 rw-p 00002000 08:03 71174164                   /usr/share/jdk1.8.0_91/jre/lib/amd64/libjavafx_font.so
7fe310a13000-7fe310c13000 rw-p 00000000 00:00 0 
7fe310c13000-7fe310c16000 ---p 00000000 00:00 0 
7fe310c16000-7fe310d14000 rw-p 00000000 00:00 0 
7fe310d14000-7fe310d17000 ---p 00000000 00:00 0 
7fe310d17000-7fe310e15000 rw-p 00000000 00:00 0 
7fe310e15000-7fe310e3e000 r-xp 00000000 08:03 71174168                   /usr/share/jdk1.8.0_91/jre/lib/amd64/libglass.so
7fe310e3e000-7fe31103d000 ---p 00029000 08:03 71174168                   /usr/share/jdk1.8.0_91/jre/lib/amd64/libglass.so
7fe31103d000-7fe311040000 rw-p 00028000 08:03 71174168                   /usr/share/jdk1.8.0_91/jre/lib/amd64/libglass.so
7fe311040000-7fe311077000 r-xp 00000000 08:03 34823622                   /usr/lib/x86_64-linux-gnu/libtxc_dxtn_s2tc.so.0.0.0
7fe311077000-7fe311276000 ---p 00037000 08:03 34823622                   /usr/lib/x86_64-linux-gnu/libtxc_dxtn_s2tc.so.0.0.0
7fe311276000-7fe311277000 r--p 00036000 08:03 34823622                   /usr/lib/x86_64-linux-gnu/libtxc_dxtn_s2tc.so.0.0.0
7fe311277000-7fe311278000 rw-p 00037000 08:03 34823622                   /usr/lib/x86_64-linux-gnu/libtxc_dxtn_s2tc.so.0.0.0
7fe311278000-7fe31128b000 r-xp 00000000 08:03 33648825                   /lib/x86_64-linux-gnu/libbsd.so.0.8.2
7fe31128b000-7fe31148a000 ---p 00013000 08:03 33648825                   /lib/x86_64-linux-gnu/libbsd.so.0.8.2
7fe31148a000-7fe31148b000 r--p 00012000 08:03 33648825                   /lib/x86_64-linux-gnu/libbsd.so.0.8.2
7fe31148b000-7fe31148c000 rw-p 00013000 08:03 33648825                   /lib/x86_64-linux-gnu/libbsd.so.0.8.2
7fe31148c000-7fe31148d000 rw-p 00000000 00:00 0 
7fe31148d000-7fe3114b2000 r-xp 00000000 08:03 33570071                   /lib/x86_64-linux-gnu/libtinfo.so.5.9
7fe3114b2000-7fe3116b1000 ---p 00025000 08:03 33570071                   /lib/x86_64-linux-gnu/libtinfo.so.5.9
7fe3116b1000-7fe3116b5000 r--p 00024000 08:03 33570071                   /lib/x86_64-linux-gnu/libtinfo.so.5.9
7fe3116b5000-7fe3116b6000 rw-p 00028000 08:03 33570071                   /lib/x86_64-linux-gnu/libtinfo.so.5.9
7fe3116b6000-7fe3116e7000 r-xp 00000000 08:03 34261711                   /usr/lib/x86_64-linux-gnu/libedit.so.2.0.53
7fe3116e7000-7fe3118e7000 ---p 00031000 08:03 34261711                   /usr/lib/x86_64-linux-gnu/libedit.so.2.0.53
7fe3118e7000-7fe3118e9000 r--p 00031000 08:03 34261711                   /usr/lib/x86_64-linux-gnu/libedit.so.2.0.53
7fe3118e9000-7fe3118ea000 rw-p 00033000 08:03 34261711                   /usr/lib/x86_64-linux-gnu/libedit.so.2.0.53
7fe3118ea000-7fe3118ee000 rw-p 00000000 00:00 0 
7fe3118ee000-7fe3144cc000 r-xp 00000000 08:03 33570386                   /usr/lib/x86_64-linux-gnu/libLLVM-4.0.so.1
7fe3144cc000-7fe3144cd000 ---p 02bde000 08:03 33570386                   /usr/lib/x86_64-linux-gnu/libLLVM-4.0.so.1
7fe3144cd000-7fe3147e1000 r--p 02bde000 08:03 33570386                   /usr/lib/x86_64-linux-gnu/libLLVM-4.0.so.1
7fe3147e1000-7fe3147e6000 rw-p 02ef2000 08:03 33570386                   /usr/lib/x86_64-linux-gnu/libLLVM-4.0.so.1
7fe3147e6000-7fe314835000 rw-p 00000000 00:00 0 
7fe314835000-7fe31484c000 r-xp 00000000 08:03 34261705                   /usr/lib/x86_64-linux-gnu/libelf-0.165.so
7fe31484c000-7fe314a4b000 ---p 00017000 08:03 34261705                   /usr/lib/x86_64-linux-gnu/libelf-0.165.so
7fe314a4b000-7fe314a4c000 r--p 00016000 08:03 34261705                   /usr/lib/x86_64-linux-gnu/libelf-0.165.so
7fe314a4c000-7fe314a4d000 rw-p 00017000 08:03 34261705                   /usr/lib/x86_64-linux-gnu/libelf-0.165.so
7fe314a4d000-7fe314a56000 r-xp 00000000 08:03 33922155                   /usr/lib/x86_64-linux-gnu/libdrm_amdgpu.so.1.0.0
7fe314a56000-7fe314c55000 ---p 00009000 08:03 33922155                   /usr/lib/x86_64-linux-gnu/libdrm_amdgpu.so.1.0.0
7fe314c55000-7fe314c56000 r--p 00008000 08:03 33922155                   /usr/lib/x86_64-linux-gnu/libdrm_amdgpu.so.1.0.0
7fe314c56000-7fe314c57000 rw-p 00009000 08:03 33922155                   /usr/lib/x86_64-linux-gnu/libdrm_amdgpu.so.1.0.0
7fe314c57000-7fe314c62000 r-xp 00000000 08:03 33713611                   /usr/lib/x86_64-linux-gnu/libdrm_radeon.so.1.0.1
7fe314c62000-7fe314e61000 ---p 0000b000 08:03 33713611                   /usr/lib/x86_64-linux-gnu/libdrm_radeon.so.1.0.1
7fe314e61000-7fe314e62000 r--p 0000a000 08:03 33713611                   /usr/lib/x86_64-linux-gnu/libdrm_radeon.so.1.0.1
7fe314e62000-7fe314e63000 rw-p 0000b000 08:03 33713611                   /usr/lib/x86_64-linux-gnu/libdrm_radeon.so.1.0.1
7fe314e63000-7fe314e6a000 r-xp 00000000 08:03 33713617                   /usr/lib/x86_64-linux-gnu/libdrm_nouveau.so.2.0.0
7fe314e6a000-7fe315069000 ---p 00007000 08:03 33713617                   /usr/lib/x86_64-linux-gnu/libdrm_nouveau.so.2.0.0
7fe315069000-7fe31506a000 r--p 00006000 08:03 33713617                   /usr/lib/x86_64-linux-gnu/libdrm_nouveau.so.2.0.0
7fe31506a000-7fe31506b000 rw-p 00007000 08:03 33713617                   /usr/lib/x86_64-linux-gnu/libdrm_nouveau.so.2.0.0
7fe31506b000-7fe315079000 r-xp 00000000 08:03 35507254                   /usr/lib/x86_64-linux-gnu/libsensors.so.4.4.0
7fe315079000-7fe315278000 ---p 0000e000 08:03 35507254                   /usr/lib/x86_64-linux-gnu/libsensors.so.4.4.0
7fe315278000-7fe315279000 r--p 0000d000 08:03 35507254                   /usr/lib/x86_64-linux-gnu/libsensors.so.4.4.0
7fe315279000-7fe31527a000 rw-p 0000e000 08:03 35507254                   /usr/lib/x86_64-linux-gnu/libsensors.so.4.4.0
7fe31527a000-7fe315c07000 r-xp 00000000 08:03 101030972                  /usr/lib/x86_64-linux-gnu/dri/nouveau_dri.so
7fe315c07000-7fe315e07000 ---p 0098d000 08:03 101030972                  /usr/lib/x86_64-linux-gnu/dri/nouveau_dri.so
7fe315e07000-7fe315e42000 r--p 0098d000 08:03 101030972                  /usr/lib/x86_64-linux-gnu/dri/nouveau_dri.so
7fe315e42000-7fe315e4e000 rw-p 009c8000 08:03 101030972                  /usr/lib/x86_64-linux-gnu/dri/nouveau_dri.so
7fe315e4e000-7fe316045000 rw-p 00000000 00:00 0 
7fe316045000-7fe31604b000 r-xp 00000000 08:03 34154441                   /usr/lib/x86_64-linux-gnu/libdatrie.so.1.3.3
7fe31604b000-7fe31624b000 ---p 00006000 08:03 34154441                   /usr/lib/x86_64-linux-gnu/libdatrie.so.1.3.3
7fe31624b000-7fe31624c000 r--p 00006000 08:03 34154441                   /usr/lib/x86_64-linux-gnu/libdatrie.so.1.3.3
7fe31624c000-7fe31624d000 rw-p 00007000 08:03 34154441                   /usr/lib/x86_64-linux-gnu/libdatrie.so.1.3.3
7fe31624d000-7fe316252000 r-xp 00000000 08:03 34035872                   /usr/lib/x86_64-linux-gnu/libXdmcp.so.6.0.0
7fe316252000-7fe316451000 ---p 00005000 08:03 34035872                   /usr/lib/x86_64-linux-gnu/libXdmcp.so.6.0.0
7fe316451000-7fe316452000 r--p 00004000 08:03 34035872                   /usr/lib/x86_64-linux-gnu/libXdmcp.so.6.0.0
7fe316452000-7fe316453000 rw-p 00005000 08:03 34035872                   /usr/lib/x86_64-linux-gnu/libXdmcp.so.6.0.0
7fe316453000-7fe316455000 r-xp 00000000 08:03 34035846                   /usr/lib/x86_64-linux-gnu/libXau.so.6.0.0
7fe316455000-7fe316655000 ---p 00002000 08:03 34035846                   /usr/lib/x86_64-linux-gnu/libXau.so.6.0.0
7fe316655000-7fe316656000 r--p 00002000 08:03 34035846                   /usr/lib/x86_64-linux-gnu/libXau.so.6.0.0
7fe316656000-7fe316657000 rw-p 00003000 08:03 34035846                   /usr/lib/x86_64-linux-gnu/libXau.so.6.0.0
7fe316657000-7fe31667b000 r-xp 00000000 08:03 34151317                   /usr/lib/x86_64-linux-gnu/libgraphite2.so.3.0.1
7fe31667b000-7fe31687a000 ---p 00024000 08:03 34151317                   /usr/lib/x86_64-linux-gnu/libgraphite2.so.3.0.1
7fe31687a000-7fe31687c000 r--p 00023000 08:03 34151317                   /usr/lib/x86_64-linux-gnu/libgraphite2.so.3.0.1
7fe31687c000-7fe31687d000 rw-p 00025000 08:03 34151317                   /usr/lib/x86_64-linux-gnu/libgraphite2.so.3.0.1
7fe31687d000-7fe31688d000 r-xp 00000000 08:03 33713623                   /usr/lib/x86_64-linux-gnu/libdrm.so.2.4.0
7fe31688d000-7fe316a8c000 ---p 00010000 08:03 33713623                   /usr/lib/x86_64-linux-gnu/libdrm.so.2.4.0
7fe316a8c000-7fe316a8d000 r--p 0000f000 08:03 33713623                   /usr/lib/x86_64-linux-gnu/libdrm.so.2.4.0
7fe316a8d000-7fe316a8e000 rw-p 00010000 08:03 33713623                   /usr/lib/x86_64-linux-gnu/libdrm.so.2.4.0
7fe316a8e000-7fe316a92000 r-xp 00000000 08:03 34258681                   /usr/lib/x86_64-linux-gnu/libxcb-dri2.so.0.0.0
7fe316a92000-7fe316c91000 ---p 00004000 08:03 34258681                   /usr/lib/x86_64-linux-gnu/libxcb-dri2.so.0.0.0
7fe316c91000-7fe316c92000 r--p 00003000 08:03 34258681                   /usr/lib/x86_64-linux-gnu/libxcb-dri2.so.0.0.0
7fe316c92000-7fe316c93000 rw-p 00004000 08:03 34258681                   /usr/lib/x86_64-linux-gnu/libxcb-dri2.so.0.0.0
7fe316c93000-7fe316caa000 r-xp 00000000 08:03 34421015                   /usr/lib/x86_64-linux-gnu/libxcb-glx.so.0.0.0
7fe316caa000-7fe316ea9000 ---p 00017000 08:03 34421015                   /usr/lib/x86_64-linux-gnu/libxcb-glx.so.0.0.0
7fe316ea9000-7fe316eab000 r--p 00016000 08:03 34421015                   /usr/lib/x86_64-linux-gnu/libxcb-glx.so.0.0.0
7fe316eab000-7fe316eac000 rw-p 00018000 08:03 34421015                   /usr/lib/x86_64-linux-gnu/libxcb-glx.so.0.0.0
7fe316eac000-7fe316ead000 r-xp 00000000 08:03 34258678                   /usr/lib/x86_64-linux-gnu/libX11-xcb.so.1.0.0
7fe316ead000-7fe3170ac000 ---p 00001000 08:03 34258678                   /usr/lib/x86_64-linux-gnu/libX11-xcb.so.1.0.0
7fe3170ac000-7fe3170ad000 r--p 00000000 08:03 34258678                   /usr/lib/x86_64-linux-gnu/libX11-xcb.so.1.0.0
7fe3170ad000-7fe3170ae000 rw-p 00001000 08:03 34258678                   /usr/lib/x86_64-linux-gnu/libX11-xcb.so.1.0.0
7fe3170ae000-7fe3170d8000 r-xp 00000000 08:03 33571056                   /usr/lib/x86_64-linux-gnu/libglapi.so.0.0.0
7fe3170d8000-7fe3172d7000 ---p 0002a000 08:03 33571056                   /usr/lib/x86_64-linux-gnu/libglapi.so.0.0.0
7fe3172d7000-7fe3172db000 r--p 00029000 08:03 33571056                   /usr/lib/x86_64-linux-gnu/libglapi.so.0.0.0
7fe3172db000-7fe3172dc000 rw-p 0002d000 08:03 33571056                   /usr/lib/x86_64-linux-gnu/libglapi.so.0.0.0
7fe3172dc000-7fe3172dd000 rw-p 00000000 00:00 0 
7fe3172dd000-7fe3172de000 r-xp 00000000 08:03 34261681                   /usr/lib/x86_64-linux-gnu/libxshmfence.so.1.0.0
7fe3172de000-7fe3174de000 ---p 00001000 08:03 34261681                   /usr/lib/x86_64-linux-gnu/libxshmfence.so.1.0.0
7fe3174de000-7fe3174df000 r--p 00001000 08:03 34261681                   /usr/lib/x86_64-linux-gnu/libxshmfence.so.1.0.0
7fe3174df000-7fe3174e0000 rw-p 00002000 08:03 34261681                   /usr/lib/x86_64-linux-gnu/libxshmfence.so.1.0.0
7fe3174e0000-7fe3174e5000 r-xp 00000000 08:03 34261671                   /usr/lib/x86_64-linux-gnu/libxcb-sync.so.1.0.0
7fe3174e5000-7fe3176e5000 ---p 00005000 08:03 34261671                   /usr/lib/x86_64-linux-gnu/libxcb-sync.so.1.0.0
7fe3176e5000-7fe3176e6000 r--p 00005000 08:03 34261671                   /usr/lib/x86_64-linux-gnu/libxcb-sync.so.1.0.0
7fe3176e6000-7fe3176e7000 rw-p 00006000 08:03 34261671                   /usr/lib/x86_64-linux-gnu/libxcb-sync.so.1.0.0
7fe3176e7000-7fe3176e9000 r-xp 00000000 08:03 34261666                   /usr/lib/x86_64-linux-gnu/libxcb-present.so.0.0.0
7fe3176e9000-7fe3178e8000 ---p 00002000 08:03 34261666                   /usr/lib/x86_64-linux-gnu/libxcb-present.so.0.0.0
7fe3178e8000-7fe3178e9000 r--p 00001000 08:03 34261666                   /usr/lib/x86_64-linux-gnu/libxcb-present.so.0.0.0
7fe3178e9000-7fe3178ea000 rw-p 00002000 08:03 34261666                   /usr/lib/x86_64-linux-gnu/libxcb-present.so.0.0.0
7fe3178ea000-7fe3178ec000 r-xp 00000000 08:03 34258686                   /usr/lib/x86_64-linux-gnu/libxcb-dri3.so.0.0.0
7fe3178ec000-7fe317aeb000 ---p 00002000 08:03 34258686                   /usr/lib/x86_64-linux-gnu/libxcb-dri3.so.0.0.0
7fe317aeb000-7fe317aec000 r--p 00001000 08:03 34258686                   /usr/lib/x86_64-linux-gnu/libxcb-dri3.so.0.0.0
7fe317aec000-7fe317aed000 rw-p 00002000 08:03 34258686                   /usr/lib/x86_64-linux-gnu/libxcb-dri3.so.0.0.0
7fe317aed000-7fe317b5b000 r-xp 00000000 08:03 33570033                   /lib/x86_64-linux-gnu/libpcre.so.3.13.2
7fe317b5b000-7fe317d5b000 ---p 0006e000 08:03 33570033                   /lib/x86_64-linux-gnu/libpcre.so.3.13.2
7fe317d5b000-7fe317d5c000 r--p 0006e000 08:03 33570033                   /lib/x86_64-linux-gnu/libpcre.so.3.13.2
7fe317d5c000-7fe317d5d000 rw-p 0006f000 08:03 33570033                   /lib/x86_64-linux-gnu/libpcre.so.3.13.2
7fe317d5d000-7fe317d64000 r-xp 00000000 08:03 33648829                   /usr/lib/x86_64-linux-gnu/libffi.so.6.0.4
7fe317d64000-7fe317f63000 ---p 00007000 08:03 33648829                   /usr/lib/x86_64-linux-gnu/libffi.so.6.0.4
7fe317f63000-7fe317f64000 r--p 00006000 08:03 33648829                   /usr/lib/x86_64-linux-gnu/libffi.so.6.0.4
7fe317f64000-7fe317f65000 rw-p 00007000 08:03 33648829                   /usr/lib/x86_64-linux-gnu/libffi.so.6.0.4
7fe317f65000-7fe317f8b000 r-xp 00000000 08:03 33922161                   /lib/x86_64-linux-gnu/libexpat.so.1.6.0
7fe317f8b000-7fe31818b000 ---p 00026000 08:03 33922161                   /lib/x86_64-linux-gnu/libexpat.so.1.6.0
7fe31818b000-7fe31818d000 r--p 00026000 08:03 33922161                   /lib/x86_64-linux-gnu/libexpat.so.1.6.0
7fe31818d000-7fe31818e000 rw-p 00028000 08:03 33922161                   /lib/x86_64-linux-gnu/libexpat.so.1.6.0
7fe31818e000-7fe318196000 r-xp 00000000 08:03 34154444                   /usr/lib/x86_64-linux-gnu/libthai.so.0.2.4
7fe318196000-7fe318395000 ---p 00008000 08:03 34154444                   /usr/lib/x86_64-linux-gnu/libthai.so.0.2.4
7fe318395000-7fe318396000 r--p 00007000 08:03 34154444                   /usr/lib/x86_64-linux-gnu/libthai.so.0.2.4
7fe318396000-7fe318397000 rw-p 00008000 08:03 34154444                   /usr/lib/x86_64-linux-gnu/libthai.so.0.2.4
7fe318397000-7fe3183b8000 r-xp 00000000 08:03 34035901                   /usr/lib/x86_64-linux-gnu/libxcb.so.1.1.0
7fe3183b8000-7fe3185b7000 ---p 00021000 08:03 34035901                   /usr/lib/x86_64-linux-gnu/libxcb.so.1.1.0
7fe3185b7000-7fe3185b8000 r--p 00020000 08:03 34035901                   /usr/lib/x86_64-linux-gnu/libxcb.so.1.1.0
7fe3185b8000-7fe3185b9000 rw-p 00021000 08:03 34035901                   /usr/lib/x86_64-linux-gnu/libxcb.so.1.1.0
7fe3185b9000-7fe3185c1000 r-xp 00000000 08:03 34080400                   /usr/lib/x86_64-linux-gnu/libxcb-render.so.0.0.0
7fe3185c1000-7fe3187c1000 ---p 00008000 08:03 34080400                   /usr/lib/x86_64-linux-gnu/libxcb-render.so.0.0.0
7fe3187c1000-7fe3187c2000 r--p 00008000 08:03 34080400                   /usr/lib/x86_64-linux-gnu/libxcb-render.so.0.0.0
7fe3187c2000-7fe3187c3000 rw-p 00009000 08:03 34080400                   /usr/lib/x86_64-linux-gnu/libxcb-render.so.0.0.0
7fe3187c3000-7fe3187c5000 r-xp 00000000 08:03 34080404                   /usr/lib/x86_64-linux-gnu/libxcb-shm.so.0.0.0
7fe3187c5000-7fe3189c5000 ---p 00002000 08:03 34080404                   /usr/lib/x86_64-linux-gnu/libxcb-shm.so.0.0.0
7fe3189c5000-7fe3189c6000 r--p 00002000 08:03 34080404                   /usr/lib/x86_64-linux-gnu/libxcb-shm.so.0.0.0
7fe3189c6000-7fe3189c7000 rw-p 00003000 08:03 34080404                   /usr/lib/x86_64-linux-gnu/libxcb-shm.so.0.0.0
7fe3189c7000-7fe3189eb000 r-xp 00000000 08:03 33687915                   /lib/x86_64-linux-gnu/libpng12.so.0.54.0
7fe3189eb000-7fe318bea000 ---p 00024000 08:03 33687915                   /lib/x86_64-linux-gnu/libpng12.so.0.54.0
7fe318bea000-7fe318beb000 r--p 00023000 08:03 33687915                   /lib/x86_64-linux-gnu/libpng12.so.0.54.0
7fe318beb000-7fe318bec000 rw-p 00024000 08:03 33687915                   /lib/x86_64-linux-gnu/libpng12.so.0.54.0
7fe318bec000-7fe318c8b000 r-xp 00000000 08:03 34080395                   /usr/lib/x86_64-linux-gnu/libpixman-1.so.0.33.6
7fe318c8b000-7fe318e8b000 ---p 0009f000 08:03 34080395                   /usr/lib/x86_64-linux-gnu/libpixman-1.so.0.33.6
7fe318e8b000-7fe318e93000 r--p 0009f000 08:03 34080395                   /usr/lib/x86_64-linux-gnu/libpixman-1.so.0.33.6
7fe318e93000-7fe318e94000 rw-p 000a7000 08:03 34080395                   /usr/lib/x86_64-linux-gnu/libpixman-1.so.0.33.6
7fe318e94000-7fe318ef0000 r-xp 00000000 08:03 34154460                   /usr/lib/x86_64-linux-gnu/libharfbuzz.so.0.10000.1
7fe318ef0000-7fe3190f0000 ---p 0005c000 08:03 34154460                   /usr/lib/x86_64-linux-gnu/libharfbuzz.so.0.10000.1
7fe3190f0000-7fe3190f1000 r--p 0005c000 08:03 34154460                   /usr/lib/x86_64-linux-gnu/libharfbuzz.so.0.10000.1
7fe3190f1000-7fe3190f2000 rw-p 0005d000 08:03 34154460                   /usr/lib/x86_64-linux-gnu/libharfbuzz.so.0.10000.1
7fe3190f2000-7fe319109000 r-xp 00000000 08:03 33570503                   /lib/x86_64-linux-gnu/libresolv-2.23.so
7fe319109000-7fe319309000 ---p 00017000 08:03 33570503                   /lib/x86_64-linux-gnu/libresolv-2.23.so
7fe319309000-7fe31930a000 r--p 00017000 08:03 33570503                   /lib/x86_64-linux-gnu/libresolv-2.23.so
7fe31930a000-7fe31930b000 rw-p 00018000 08:03 33570503                   /lib/x86_64-linux-gnu/libresolv-2.23.so
7fe31930b000-7fe31930d000 rw-p 00000000 00:00 0 
7fe31930d000-7fe31932c000 r-xp 00000000 08:03 33570049                   /lib/x86_64-linux-gnu/libselinux.so.1
7fe31932c000-7fe31952b000 ---p 0001f000 08:03 33570049                   /lib/x86_64-linux-gnu/libselinux.so.1
7fe31952b000-7fe31952c000 r--p 0001e000 08:03 33570049                   /lib/x86_64-linux-gnu/libselinux.so.1
7fe31952c000-7fe31952d000 rw-p 0001f000 08:03 33570049                   /lib/x86_64-linux-gnu/libselinux.so.1
7fe31952d000-7fe31952f000 rw-p 00000000 00:00 0 
7fe31952f000-7fe319548000 r-xp 00000000 08:03 33570329                   /lib/x86_64-linux-gnu/libz.so.1.2.8
7fe319548000-7fe319747000 ---p 00019000 08:03 33570329                   /lib/x86_64-linux-gnu/libz.so.1.2.8
7fe319747000-7fe319748000 r--p 00018000 08:03 33570329                   /lib/x86_64-linux-gnu/libz.so.1.2.8
7fe319748000-7fe319749000 rw-p 00019000 08:03 33570329                   /lib/x86_64-linux-gnu/libz.so.1.2.8
7fe319749000-7fe31975a000 r-xp 00000000 08:03 34034192                   /usr/lib/x86_64-linux-gnu/libXext.so.6.4.0
7fe31975a000-7fe319959000 ---p 00011000 08:03 34034192                   /usr/lib/x86_64-linux-gnu/libXext.so.6.4.0
7fe319959000-7fe31995a000 r--p 00010000 08:03 34034192                   /usr/lib/x86_64-linux-gnu/libXext.so.6.4.0
7fe31995a000-7fe31995b000 rw-p 00011000 08:03 34034192                   /usr/lib/x86_64-linux-gnu/libXext.so.6.4.0
7fe31995b000-7fe31995d000 r-xp 00000000 08:03 34344623                   /usr/lib/x86_64-linux-gnu/libXdamage.so.1.1.0
7fe31995d000-7fe319b5c000 ---p 00002000 08:03 34344623                   /usr/lib/x86_64-linux-gnu/libXdamage.so.1.1.0
7fe319b5c000-7fe319b5d000 r--p 00001000 08:03 34344623                   /usr/lib/x86_64-linux-gnu/libXdamage.so.1.1.0
7fe319b5d000-7fe319b5e000 rw-p 00002000 08:03 34344623                   /usr/lib/x86_64-linux-gnu/libXdamage.so.1.1.0
7fe319b5e000-7fe319b60000 r-xp 00000000 08:03 34344619                   /usr/lib/x86_64-linux-gnu/libXcomposite.so.1.0.0
7fe319b60000-7fe319d5f000 ---p 00002000 08:03 34344619                   /usr/lib/x86_64-linux-gnu/libXcomposite.so.1.0.0
7fe319d5f000-7fe319d60000 r--p 00001000 08:03 34344619                   /usr/lib/x86_64-linux-gnu/libXcomposite.so.1.0.0
7fe319d60000-7fe319d61000 rw-p 00002000 08:03 34344619                   /usr/lib/x86_64-linux-gnu/libXcomposite.so.1.0.0
7fe319d61000-7fe319d6a000 r-xp 00000000 08:03 34344629                   /usr/lib/x86_64-linux-gnu/libXcursor.so.1.0.2
7fe319d6a000-7fe319f69000 ---p 00009000 08:03 34344629                   /usr/lib/x86_64-linux-gnu/libXcursor.so.1.0.2
7fe319f69000-7fe319f6a000 r--p 00008000 08:03 34344629                   /usr/lib/x86_64-linux-gnu/libXcursor.so.1.0.2
7fe319f6a000-7fe319f6b000 rw-p 00009000 08:03 34344629                   /usr/lib/x86_64-linux-gnu/libXcursor.so.1.0.2
7fe319f6b000-7fe319f75000 r-xp 00000000 08:03 34344650                   /usr/lib/x86_64-linux-gnu/libXrandr.so.2.2.0
7fe319f75000-7fe31a174000 ---p 0000a000 08:03 34344650                   /usr/lib/x86_64-linux-gnu/libXrandr.so.2.2.0
7fe31a174000-7fe31a175000 r--p 00009000 08:03 34344650                   /usr/lib/x86_64-linux-gnu/libXrandr.so.2.2.0
7fe31a175000-7fe31a176000 rw-p 0000a000 08:03 34344650                   /usr/lib/x86_64-linux-gnu/libXrandr.so.2.2.0
7fe31a176000-7fe31a185000 r-xp 00000000 08:03 34344639                   /usr/lib/x86_64-linux-gnu/libXi.so.6.1.0
7fe31a185000-7fe31a384000 ---p 0000f000 08:03 34344639                   /usr/lib/x86_64-linux-gnu/libXi.so.6.1.0
7fe31a384000-7fe31a385000 r--p 0000e000 08:03 34344639                   /usr/lib/x86_64-linux-gnu/libXi.so.6.1.0
7fe31a385000-7fe31a386000 rw-p 0000f000 08:03 34344639                   /usr/lib/x86_64-linux-gnu/libXi.so.6.1.0
7fe31a386000-7fe31a388000 r-xp 00000000 08:03 34344633                   /usr/lib/x86_64-linux-gnu/libXinerama.so.1.0.0
7fe31a388000-7fe31a587000 ---p 00002000 08:03 34344633                   /usr/lib/x86_64-linux-gnu/libXinerama.so.1.0.0
7fe31a587000-7fe31a588000 r--p 00001000 08:03 34344633                   /usr/lib/x86_64-linux-gnu/libXinerama.so.1.0.0
7fe31a588000-7fe31a589000 rw-p 00002000 08:03 34344633                   /usr/lib/x86_64-linux-gnu/libXinerama.so.1.0.0
7fe31a589000-7fe31a592000 r-xp 00000000 08:03 34080407                   /usr/lib/x86_64-linux-gnu/libXrender.so.1.3.0
7fe31a592000-7fe31a791000 ---p 00009000 08:03 34080407                   /usr/lib/x86_64-linux-gnu/libXrender.so.1.3.0
7fe31a791000-7fe31a792000 r--p 00008000 08:03 34080407                   /usr/lib/x86_64-linux-gnu/libXrender.so.1.3.0
7fe31a792000-7fe31a793000 rw-p 00009000 08:03 34080407                   /usr/lib/x86_64-linux-gnu/libXrender.so.1.3.0
7fe31a793000-7fe31a798000 r-xp 00000000 08:03 34344613                   /usr/lib/x86_64-linux-gnu/libXfixes.so.3.1.0
7fe31a798000-7fe31a997000 ---p 00005000 08:03 34344613                   /usr/lib/x86_64-linux-gnu/libXfixes.so.3.1.0
7fe31a997000-7fe31a998000 r--p 00004000 08:03 34344613                   /usr/lib/x86_64-linux-gnu/libXfixes.so.3.1.0
7fe31a998000-7fe31a999000 rw-p 00005000 08:03 34344613                   /usr/lib/x86_64-linux-gnu/libXfixes.so.3.1.0
7fe31a999000-7fe31a9af000 r-xp 00000000 08:03 33569974                   /lib/x86_64-linux-gnu/libgcc_s.so.1
7fe31a9af000-7fe31abae000 ---p 00016000 08:03 33569974                   /lib/x86_64-linux-gnu/libgcc_s.so.1
7fe31abae000-7fe31abaf000 rw-p 00015000 08:03 33569974                   /lib/x86_64-linux-gnu/libgcc_s.so.1
7fe31abaf000-7fe31ad21000 r-xp 00000000 08:03 33646122                   /usr/lib/x86_64-linux-gnu/libstdc++.so.6.0.21
7fe31ad21000-7fe31af21000 ---p 00172000 08:03 33646122                   /usr/lib/x86_64-linux-gnu/libstdc++.so.6.0.21
7fe31af21000-7fe31af2b000 r--p 00172000 08:03 33646122                   /usr/lib/x86_64-linux-gnu/libstdc++.so.6.0.21
7fe31af2b000-7fe31af2d000 rw-p 0017c000 08:03 33646122                   /usr/lib/x86_64-linux-gnu/libstdc++.so.6.0.21
7fe31af2d000-7fe31af31000 rw-p 00000000 00:00 0 
7fe31af31000-7fe31af9f000 r-xp 00000000 08:03 71358372                   /usr/lib/x86_64-linux-gnu/mesa/libGL.so.1.2.0
7fe31af9f000-7fe31b19e000 ---p 0006e000 08:03 71358372                   /usr/lib/x86_64-linux-gnu/mesa/libGL.so.1.2.0
7fe31b19e000-7fe31b1a1000 r--p 0006d000 08:03 71358372                   /usr/lib/x86_64-linux-gnu/mesa/libGL.so.1.2.0
7fe31b1a1000-7fe31b1a2000 rw-p 00070000 08:03 71358372                   /usr/lib/x86_64-linux-gnu/mesa/libGL.so.1.2.0
7fe31b1a2000-7fe31b1a3000 rw-p 00000000 00:00 0 
7fe31b1a3000-7fe31b1a8000 r-xp 00000000 08:03 34421024                   /usr/lib/x86_64-linux-gnu/libXxf86vm.so.1.0.0
7fe31b1a8000-7fe31b3a7000 ---p 00005000 08:03 34421024                   /usr/lib/x86_64-linux-gnu/libXxf86vm.so.1.0.0
7fe31b3a7000-7fe31b3a8000 r--p 00004000 08:03 34421024                   /usr/lib/x86_64-linux-gnu/libXxf86vm.so.1.0.0
7fe31b3a8000-7fe31b3a9000 rw-p 00005000 08:03 34421024                   /usr/lib/x86_64-linux-gnu/libXxf86vm.so.1.0.0
7fe31b3a9000-7fe31b4de000 r-xp 00000000 08:03 34034189                   /usr/lib/x86_64-linux-gnu/libX11.so.6.3.0
7fe31b4de000-7fe31b6de000 ---p 00135000 08:03 34034189                   /usr/lib/x86_64-linux-gnu/libX11.so.6.3.0
7fe31b6de000-7fe31b6df000 r--p 00135000 08:03 34034189                   /usr/lib/x86_64-linux-gnu/libX11.so.6.3.0
7fe31b6df000-7fe31b6e3000 rw-p 00136000 08:03 34034189                   /usr/lib/x86_64-linux-gnu/libX11.so.6.3.0
7fe31b6e3000-7fe31b6e8000 r-xp 00000000 08:03 34640110                   /usr/lib/x86_64-linux-gnu/libXtst.so.6.1.0
7fe31b6e8000-7fe31b8e7000 ---p 00005000 08:03 34640110                   /usr/lib/x86_64-linux-gnu/libXtst.so.6.1.0
7fe31b8e7000-7fe31b8e8000 r--p 00004000 08:03 34640110                   /usr/lib/x86_64-linux-gnu/libXtst.so.6.1.0
7fe31b8e8000-7fe31b8e9000 rw-p 00005000 08:03 34640110                   /usr/lib/x86_64-linux-gnu/libXtst.so.6.1.0
7fe31b8e9000-7fe31b9f8000 r-xp 00000000 08:03 33570867                   /lib/x86_64-linux-gnu/libglib-2.0.so.0.4800.2
7fe31b9f8000-7fe31bbf7000 ---p 0010f000 08:03 33570867                   /lib/x86_64-linux-gnu/libglib-2.0.so.0.4800.2
7fe31bbf7000-7fe31bbf8000 r--p 0010e000 08:03 33570867                   /lib/x86_64-linux-gnu/libglib-2.0.so.0.4800.2
7fe31bbf8000-7fe31bbf9000 rw-p 0010f000 08:03 33570867                   /lib/x86_64-linux-gnu/libglib-2.0.so.0.4800.2
7fe31bbf9000-7fe31bbfa000 rw-p 00000000 00:00 0 
7fe31bbfa000-7fe31bbfb000 r-xp 00000000 08:03 33570869                   /usr/lib/x86_64-linux-gnu/libgthread-2.0.so.0.4800.2
7fe31bbfb000-7fe31bdfa000 ---p 00001000 08:03 33570869                   /usr/lib/x86_64-linux-gnu/libgthread-2.0.so.0.4800.2
7fe31bdfa000-7fe31bdfb000 r--p 00000000 08:03 33570869                   /usr/lib/x86_64-linux-gnu/libgthread-2.0.so.0.4800.2
7fe31bdfb000-7fe31bdfc000 rw-p 00001000 08:03 33570869                   /usr/lib/x86_64-linux-gnu/libgthread-2.0.so.0.4800.2
7fe31bdfc000-7fe31bdff000 r-xp 00000000 08:03 33570868                   /usr/lib/x86_64-linux-gnu/libgmodule-2.0.so.0.4800.2
7fe31bdff000-7fe31bffe000 ---p 00003000 08:03 33570868                   /usr/lib/x86_64-linux-gnu/libgmodule-2.0.so.0.4800.2
7fe31bffe000-7fe31bfff000 r--p 00002000 08:03 33570868                   /usr/lib/x86_64-linux-gnu/libgmodule-2.0.so.0.4800.2
7fe31bfff000-7fe31c000000 rw-p 00003000 08:03 33570868                   /usr/lib/x86_64-linux-gnu/libgmodule-2.0.so.0.4800.2
7fe31c000000-7fe31c021000 rw-p 00000000 00:00 0 
7fe31c021000-7fe320000000 ---p 00000000 00:00 0 
7fe320000000-7fe324000000 rw-p 00000000 00:00 0 
7fe324000000-7fe324563000 rw-p 00000000 00:00 0 
7fe324563000-7fe328000000 ---p 00000000 00:00 0 
7fe328000000-7fe328021000 rw-p 00000000 00:00 0 
7fe328021000-7fe32c000000 ---p 00000000 00:00 0 
7fe32c000000-7fe32d0a6000 rw-p 00000000 00:00 0 
7fe32d0a6000-7fe330000000 ---p 00000000 00:00 0 
7fe330000000-7fe3317db000 rw-p 00000000 00:00 0 
7fe3317db000-7fe334000000 ---p 00000000 00:00 0 
7fe334000000-7fe334021000 rw-p 00000000 00:00 0 
7fe334021000-7fe338000000 ---p 00000000 00:00 0 
7fe338000000-7fe33a3ce000 rw-p 00000000 00:00 0 
7fe33a3ce000-7fe33c000000 ---p 00000000 00:00 0 
7fe33c000000-7fe33c021000 rw-p 00000000 00:00 0 
7fe33c021000-7fe340000000 ---p 00000000 00:00 0 
7fe340000000-7fe340021000 rw-p 00000000 00:00 0 
7fe340021000-7fe344000000 ---p 00000000 00:00 0 
7fe344000000-7fe344021000 rw-p 00000000 00:00 0 
7fe344021000-7fe348000000 ---p 00000000 00:00 0 
7fe348002000-7fe34800a000 r--s 00000000 08:03 37737482                   /var/cache/fontconfig/bf3b770c553c462765856025a94f1ce6-le64.cache-6
7fe34800a000-7fe34808a000 rw-s 11e237000 00:06 330                       /dev/dri/card0
7fe34808a000-7fe3480dc000 r-xp 00000000 08:03 33570870                   /usr/lib/x86_64-linux-gnu/libgobject-2.0.so.0.4800.2
7fe3480dc000-7fe3482db000 ---p 00052000 08:03 33570870                   /usr/lib/x86_64-linux-gnu/libgobject-2.0.so.0.4800.2
7fe3482db000-7fe3482dc000 r--p 00051000 08:03 33570870                   /usr/lib/x86_64-linux-gnu/libgobject-2.0.so.0.4800.2
7fe3482dc000-7fe3482dd000 rw-p 00052000 08:03 33570870                   /usr/lib/x86_64-linux-gnu/libgobject-2.0.so.0.4800.2
7fe3482dd000-7fe34831a000 r-xp 00000000 08:03 34075569                   /usr/lib/x86_64-linux-gnu/libfontconfig.so.1.9.0
7fe34831a000-7fe348519000 ---p 0003d000 08:03 34075569                   /usr/lib/x86_64-linux-gnu/libfontconfig.so.1.9.0
7fe348519000-7fe34851b000 r--p 0003c000 08:03 34075569                   /usr/lib/x86_64-linux-gnu/libfontconfig.so.1.9.0
7fe34851b000-7fe348520000 rw-p 0003e000 08:03 34075569                   /usr/lib/x86_64-linux-gnu/libfontconfig.so.1.9.0
7fe348520000-7fe358000000 rw-p 00000000 00:00 0 
7fe358000000-7fe358021000 rw-p 00000000 00:00 0 
7fe358021000-7fe35c000000 ---p 00000000 00:00 0 
7fe35c000000-7fe35c021000 rw-p 00000000 00:00 0 
7fe35c021000-7fe360000000 ---p 00000000 00:00 0 
7fe360000000-7fe360021000 rw-p 00000000 00:00 0 
7fe360021000-7fe364000000 ---p 00000000 00:00 0 
7fe364000000-7fe364016000 r--s 00000000 08:03 41371486                   /var/cache/fontconfig/e13b20fdb08344e0e664864cc2ede53d-le64.cache-6
7fe364016000-7fe364019000 ---p 00000000 00:00 0 
7fe364019000-7fe364117000 rw-p 00000000 00:00 0 
7fe364117000-7fe364142000 r--p 00000000 08:03 37754511                   /usr/share/locale-langpack/fr/LC_MESSAGES/gtk20-properties.mo
7fe364142000-7fe3641c2000 rw-s 11d2f6000 00:06 330                       /dev/dri/card0
7fe3641c2000-7fe3641e8000 r--p 00000000 08:03 34047513                   /usr/share/locale-langpack/fr/LC_MESSAGES/libc.mo
7fe3641e8000-7fe36428c000 r-xp 00000000 08:03 34075575                   /usr/lib/x86_64-linux-gnu/libfreetype.so.6.12.1
7fe36428c000-7fe36448b000 ---p 000a4000 08:03 34075575                   /usr/lib/x86_64-linux-gnu/libfreetype.so.6.12.1
7fe36448b000-7fe364491000 r--p 000a3000 08:03 34075575                   /usr/lib/x86_64-linux-gnu/libfreetype.so.6.12.1
7fe364491000-7fe364492000 rw-p 000a9000 08:03 34075575                   /usr/lib/x86_64-linux-gnu/libfreetype.so.6.12.1
7fe364492000-7fe3644db000 r-xp 00000000 08:03 34154450                   /usr/lib/x86_64-linux-gnu/libpango-1.0.so.0.3800.1
7fe3644db000-7fe3646db000 ---p 00049000 08:03 34154450                   /usr/lib/x86_64-linux-gnu/libpango-1.0.so.0.3800.1
7fe3646db000-7fe3646dd000 r--p 00049000 08:03 34154450                   /usr/lib/x86_64-linux-gnu/libpango-1.0.so.0.3800.1
7fe3646dd000-7fe3646de000 rw-p 0004b000 08:03 34154450                   /usr/lib/x86_64-linux-gnu/libpango-1.0.so.0.3800.1
7fe3646de000-7fe3647ec000 r-xp 00000000 08:03 34080413                   /usr/lib/x86_64-linux-gnu/libcairo.so.2.11400.6
7fe3647ec000-7fe3649ec000 ---p 0010e000 08:03 34080413                   /usr/lib/x86_64-linux-gnu/libcairo.so.2.11400.6
7fe3649ec000-7fe3649ef000 r--p 0010e000 08:03 34080413                   /usr/lib/x86_64-linux-gnu/libcairo.so.2.11400.6
7fe3649ef000-7fe3649f0000 rw-p 00111000 08:03 34080413                   /usr/lib/x86_64-linux-gnu/libcairo.so.2.11400.6
7fe3649f0000-7fe3649f2000 rw-p 00000000 00:00 0 
7fe3649f2000-7fe3649fe000 r-xp 00000000 08:03 34158089                   /usr/lib/x86_64-linux-gnu/libpangocairo-1.0.so.0.3800.1
7fe3649fe000-7fe364bfd000 ---p 0000c000 08:03 34158089                   /usr/lib/x86_64-linux-gnu/libpangocairo-1.0.so.0.3800.1
7fe364bfd000-7fe364bfe000 r--p 0000b000 08:03 34158089                   /usr/lib/x86_64-linux-gnu/libpangocairo-1.0.so.0.3800.1
7fe364bfe000-7fe364bff000 rw-p 0000c000 08:03 34158089                   /usr/lib/x86_64-linux-gnu/libpangocairo-1.0.so.0.3800.1
7fe364bff000-7fe364c20000 r-xp 00000000 08:03 33583084                   /usr/lib/x86_64-linux-gnu/libgdk_pixbuf-2.0.so.0.3200.2
7fe364c20000-7fe364e1f000 ---p 00021000 08:03 33583084                   /usr/lib/x86_64-linux-gnu/libgdk_pixbuf-2.0.so.0.3200.2
7fe364e1f000-7fe364e20000 r--p 00020000 08:03 33583084                   /usr/lib/x86_64-linux-gnu/libgdk_pixbuf-2.0.so.0.3200.2
7fe364e20000-7fe364e21000 rw-p 00021000 08:03 33583084                   /usr/lib/x86_64-linux-gnu/libgdk_pixbuf-2.0.so.0.3200.2
7fe364e21000-7fe364e35000 r-xp 00000000 08:03 34158081                   /usr/lib/x86_64-linux-gnu/libpangoft2-1.0.so.0.3800.1
7fe364e35000-7fe365035000 ---p 00014000 08:03 34158081                   /usr/lib/x86_64-linux-gnu/libpangoft2-1.0.so.0.3800.1
7fe365035000-7fe365036000 r--p 00014000 08:03 34158081                   /usr/lib/x86_64-linux-gnu/libpangoft2-1.0.so.0.3800.1
7fe365036000-7fe365037000 rw-p 00015000 08:03 34158081                   /usr/lib/x86_64-linux-gnu/libpangoft2-1.0.so.0.3800.1
7fe365037000-7fe3651b7000 r-xp 00000000 08:03 33570871                   /usr/lib/x86_64-linux-gnu/libgio-2.0.so.0.4800.2
7fe3651b7000-7fe3653b7000 ---p 00180000 08:03 33570871                   /usr/lib/x86_64-linux-gnu/libgio-2.0.so.0.4800.2
7fe3653b7000-7fe3653bb000 r--p 00180000 08:03 33570871                   /usr/lib/x86_64-linux-gnu/libgio-2.0.so.0.4800.2
7fe3653bb000-7fe3653bd000 rw-p 00184000 08:03 33570871                   /usr/lib/x86_64-linux-gnu/libgio-2.0.so.0.4800.2
7fe3653bd000-7fe3653bf000 rw-p 00000000 00:00 0 
7fe3653bf000-7fe3653e1000 r-xp 00000000 08:03 34244691                   /usr/lib/x86_64-linux-gnu/libatk-1.0.so.0.21809.1
7fe3653e1000-7fe3655e0000 ---p 00022000 08:03 34244691                   /usr/lib/x86_64-linux-gnu/libatk-1.0.so.0.21809.1
7fe3655e0000-7fe3655e3000 r--p 00021000 08:03 34244691                   /usr/lib/x86_64-linux-gnu/libatk-1.0.so.0.21809.1
7fe3655e3000-7fe3655e4000 rw-p 00024000 08:03 34244691                   /usr/lib/x86_64-linux-gnu/libatk-1.0.so.0.21809.1
7fe3655e4000-7fe365694000 r-xp 00000000 08:03 34391839                   /usr/lib/x86_64-linux-gnu/libgdk-x11-2.0.so.0.2400.30
7fe365694000-7fe365893000 ---p 000b0000 08:03 34391839                   /usr/lib/x86_64-linux-gnu/libgdk-x11-2.0.so.0.2400.30
7fe365893000-7fe365897000 r--p 000af000 08:03 34391839                   /usr/lib/x86_64-linux-gnu/libgdk-x11-2.0.so.0.2400.30
7fe365897000-7fe365899000 rw-p 000b3000 08:03 34391839                   /usr/lib/x86_64-linux-gnu/libgdk-x11-2.0.so.0.2400.30
7fe365899000-7fe365cd7000 r-xp 00000000 08:03 34393737                   /usr/lib/x86_64-linux-gnu/libgtk-x11-2.0.so.0.2400.30
7fe365cd7000-7fe365ed6000 ---p 0043e000 08:03 34393737                   /usr/lib/x86_64-linux-gnu/libgtk-x11-2.0.so.0.2400.30
7fe365ed6000-7fe365edd000 r--p 0043d000 08:03 34393737                   /usr/lib/x86_64-linux-gnu/libgtk-x11-2.0.so.0.2400.30
7fe365edd000-7fe365ee1000 rw-p 00444000 08:03 34393737                   /usr/lib/x86_64-linux-gnu/libgtk-x11-2.0.so.0.2400.30
7fe365ee1000-7fe365ee4000 rw-p 00000000 00:00 0 
7fe365ee4000-7fe365ee5000 r--s 00000000 08:03 37737494                   /var/cache/fontconfig/0d8c3b2ac0904cb8a57a757ad11a4a08-le64.cache-6
7fe365ee5000-7fe365ef7000 r--s 00000000 08:03 37737512                   /var/cache/fontconfig/9b89f8e3dae116d678bbf48e5f21f69b-le64.cache-6
7fe365ef7000-7fe365f04000 r--s 00000000 08:03 37593928                   /var/cache/fontconfig/8f02d4cb045bd6ce15663e43f347c9f8-le64.cache-6
7fe365f04000-7fe365f10000 r-xp 00000000 08:03 71303457                   /usr/share/jdk1.8.0_91/jre/lib/amd64/libprism_es2.so
7fe365f10000-7fe36610f000 ---p 0000c000 08:03 71303457                   /usr/share/jdk1.8.0_91/jre/lib/amd64/libprism_es2.so
7fe36610f000-7fe366110000 rw-p 0000b000 08:03 71303457                   /usr/share/jdk1.8.0_91/jre/lib/amd64/libprism_es2.so
7fe366110000-7fe366113000 ---p 00000000 00:00 0 
7fe366113000-7fe366211000 rw-p 00000000 00:00 0 
7fe366211000-7fe3662a6000 r--s 01103000 08:03 102835431                  /usr/share/jdk1.8.0_91/jre/lib/ext/jfxrt.jar
7fe3662a6000-7fe3662a7000 ---p 00000000 00:00 0 
7fe3662a7000-7fe3663a7000 rw-p 00000000 00:00 0 
7fe3663a7000-7fe3663aa000 ---p 00000000 00:00 0 
7fe3663aa000-7fe3664a8000 rw-p 00000000 00:00 0 
7fe3664a8000-7fe3664ab000 ---p 00000000 00:00 0 
7fe3664ab000-7fe3665a9000 rw-p 00000000 00:00 0 
7fe3665a9000-7fe3665ac000 ---p 00000000 00:00 0 
7fe3665ac000-7fe3666aa000 rw-p 00000000 00:00 0 
7fe3666aa000-7fe3666ad000 ---p 00000000 00:00 0 
7fe3666ad000-7fe3667ab000 rw-p 00000000 00:00 0 
7fe3667ab000-7fe3667ae000 ---p 00000000 00:00 0 
7fe3667ae000-7fe3668ac000 rw-p 00000000 00:00 0 
7fe3668ac000-7fe3668af000 ---p 00000000 00:00 0 
7fe3668af000-7fe3669ad000 rw-p 00000000 00:00 0 
7fe3669ad000-7fe366c8a000 r--p 00000000 08:03 67144637                   /usr/lib/locale/locale-archive
7fe366c8a000-7fe366c8d000 ---p 00000000 00:00 0 
7fe366c8d000-7fe366d8b000 rw-p 00000000 00:00 0 
7fe366d8b000-7fe366d8e000 ---p 00000000 00:00 0 
7fe366d8e000-7fe366e8c000 rw-p 00000000 00:00 0 
7fe366e8c000-7fe366e8d000 ---p 00000000 00:00 0 
7fe366e8d000-7fe368000000 rw-p 00000000 00:00 0 
7fe368000000-7fe368021000 rw-p 00000000 00:00 0 
7fe368021000-7fe36c000000 ---p 00000000 00:00 0 
7fe36c000000-7fe36c021000 rw-p 00000000 00:00 0 
7fe36c021000-7fe370000000 ---p 00000000 00:00 0 
7fe370000000-7fe370021000 rw-p 00000000 00:00 0 
7fe370021000-7fe374000000 ---p 00000000 00:00 0 
7fe374000000-7fe374021000 rw-p 00000000 00:00 0 
7fe374021000-7fe378000000 ---p 00000000 00:00 0 
7fe378000000-7fe378021000 rw-p 00000000 00:00 0 
7fe378021000-7fe37c000000 ---p 00000000 00:00 0 
7fe37c000000-7fe37cbd1000 rw-p 00000000 00:00 0 
7fe37cbd1000-7fe37cdaa000 r--s 03d1f000 08:03 71304087                   /usr/share/jdk1.8.0_91/jre/lib/rt.jar
7fe37cdaa000-7fe37e5ce000 rw-p 00000000 00:00 0 
7fe37e5ce000-7fe37e5cf000 ---p 00000000 00:00 0 
7fe37e5cf000-7fe37e6cf000 rw-p 00000000 00:00 0 
7fe37e6cf000-7fe37e6d0000 ---p 00000000 00:00 0 
7fe37e6d0000-7fe37e7d0000 rw-p 00000000 00:00 0 
7fe37e7d0000-7fe37e7d1000 ---p 00000000 00:00 0 
7fe37e7d1000-7fe37e8d1000 rw-p 00000000 00:00 0 
7fe37e8d1000-7fe37e8d2000 ---p 00000000 00:00 0 
7fe37e8d2000-7fe37e9d2000 rw-p 00000000 00:00 0 
7fe37e9d2000-7fe37e9d3000 ---p 00000000 00:00 0 
7fe37e9d3000-7fe37ead3000 rw-p 00000000 00:00 0 
7fe37ead3000-7fe37ead4000 ---p 00000000 00:00 0 
7fe37ead4000-7fe37ebd4000 rw-p 00000000 00:00 0 
7fe37ebd4000-7fe37ebd5000 ---p 00000000 00:00 0 
7fe37ebd5000-7fe37ecd5000 rw-p 00000000 00:00 0 
7fe37ecd5000-7fe37ecd6000 ---p 00000000 00:00 0 
7fe37ecd6000-7fe37ee7e000 rw-p 00000000 00:00 0 
7fe37ee7e000-7fe37f84a000 ---p 00000000 00:00 0 
7fe37f84a000-7fe37f8f2000 rw-p 00000000 00:00 0 
7fe37f8f2000-7fe3802be000 ---p 00000000 00:00 0 
7fe3802be000-7fe380308000 rw-p 00000000 00:00 0 
7fe380308000-7fe3807f8000 ---p 00000000 00:00 0 
7fe3807f8000-7fe380823000 rw-p 00000000 00:00 0 
7fe380823000-7fe380bb9000 ---p 00000000 00:00 0 
7fe380bb9000-7fe381639000 rwxp 00000000 00:00 0 
7fe381639000-7fe38fbb9000 ---p 00000000 00:00 0 
7fe38fbb9000-7fe38fbd3000 r-xp 00000000 08:03 71303463                   /usr/share/jdk1.8.0_91/jre/lib/amd64/libzip.so
7fe38fbd3000-7fe38fdd3000 ---p 0001a000 08:03 71303463                   /usr/share/jdk1.8.0_91/jre/lib/amd64/libzip.so
7fe38fdd3000-7fe38fdd4000 rw-p 0001a000 08:03 71303463                   /usr/share/jdk1.8.0_91/jre/lib/amd64/libzip.so
7fe38fdd4000-7fe38fdfe000 r-xp 00000000 08:03 71174144                   /usr/share/jdk1.8.0_91/jre/lib/amd64/libjava.so
7fe38fdfe000-7fe38fffe000 ---p 0002a000 08:03 71174144                   /usr/share/jdk1.8.0_91/jre/lib/amd64/libjava.so
7fe38fffe000-7fe390000000 rw-p 0002a000 08:03 71174144                   /usr/share/jdk1.8.0_91/jre/lib/amd64/libjava.so
7fe390000000-7fe39040b000 rw-p 00000000 00:00 0 
7fe39040b000-7fe394000000 ---p 00000000 00:00 0 
7fe394000000-7fe394001000 r--s 00000000 08:03 37737491                   /var/cache/fontconfig/1ac9eb803944fde146138c791f5cc56a-le64.cache-6
7fe394001000-7fe394004000 r--s 00000000 08:03 37737488                   /var/cache/fontconfig/767a8244fc0220cfb567a839d0392e0b-le64.cache-6
7fe394004000-7fe39400a000 r--s 00000000 08:03 37737479                   /var/cache/fontconfig/b47c4e1ecd0709278f4910c18777a504-le64.cache-6
7fe39400a000-7fe394019000 r--p 00000000 08:03 37754517                   /usr/share/locale-langpack/fr/LC_MESSAGES/gtk20.mo
7fe394019000-7fe3940eb000 rw-p 00000000 00:00 0 
7fe3940eb000-7fe3940f8000 r-xp 00000000 08:03 71303472                   /usr/share/jdk1.8.0_91/jre/lib/amd64/libverify.so
7fe3940f8000-7fe3942f8000 ---p 0000d000 08:03 71303472                   /usr/share/jdk1.8.0_91/jre/lib/amd64/libverify.so
7fe3942f8000-7fe3942fa000 rw-p 0000d000 08:03 71303472                   /usr/share/jdk1.8.0_91/jre/lib/amd64/libverify.so
7fe3942fa000-7fe394301000 r-xp 00000000 08:03 33570494                   /lib/x86_64-linux-gnu/librt-2.23.so
7fe394301000-7fe394500000 ---p 00007000 08:03 33570494                   /lib/x86_64-linux-gnu/librt-2.23.so
7fe394500000-7fe394501000 r--p 00006000 08:03 33570494                   /lib/x86_64-linux-gnu/librt-2.23.so
7fe394501000-7fe394502000 rw-p 00007000 08:03 33570494                   /lib/x86_64-linux-gnu/librt-2.23.so
7fe394502000-7fe39460a000 r-xp 00000000 08:03 33570506                   /lib/x86_64-linux-gnu/libm-2.23.so
7fe39460a000-7fe394809000 ---p 00108000 08:03 33570506                   /lib/x86_64-linux-gnu/libm-2.23.so
7fe394809000-7fe39480a000 r--p 00107000 08:03 33570506                   /lib/x86_64-linux-gnu/libm-2.23.so
7fe39480a000-7fe39480b000 rw-p 00108000 08:03 33570506                   /lib/x86_64-linux-gnu/libm-2.23.so
7fe39480b000-7fe3954cb000 r-xp 00000000 08:03 2682248                    /usr/share/jdk1.8.0_91/jre/lib/amd64/server/libjvm.so
7fe3954cb000-7fe3956cb000 ---p 00cc0000 08:03 2682248                    /usr/share/jdk1.8.0_91/jre/lib/amd64/server/libjvm.so
7fe3956cb000-7fe3957a3000 rw-p 00cc0000 08:03 2682248                    /usr/share/jdk1.8.0_91/jre/lib/amd64/server/libjvm.so
7fe3957a3000-7fe3957ee000 rw-p 00000000 00:00 0 
7fe3957ee000-7fe3959ae000 r-xp 00000000 08:03 33570512                   /lib/x86_64-linux-gnu/libc-2.23.so
7fe3959ae000-7fe395bae000 ---p 001c0000 08:03 33570512                   /lib/x86_64-linux-gnu/libc-2.23.so
7fe395bae000-7fe395bb2000 r--p 001c0000 08:03 33570512                   /lib/x86_64-linux-gnu/libc-2.23.so
7fe395bb2000-7fe395bb4000 rw-p 001c4000 08:03 33570512                   /lib/x86_64-linux-gnu/libc-2.23.so
7fe395bb4000-7fe395bb8000 rw-p 00000000 00:00 0 
7fe395bb8000-7fe395bbb000 r-xp 00000000 08:03 33570500                   /lib/x86_64-linux-gnu/libdl-2.23.so
7fe395bbb000-7fe395dba000 ---p 00003000 08:03 33570500                   /lib/x86_64-linux-gnu/libdl-2.23.so
7fe395dba000-7fe395dbb000 r--p 00002000 08:03 33570500                   /lib/x86_64-linux-gnu/libdl-2.23.so
7fe395dbb000-7fe395dbc000 rw-p 00003000 08:03 33570500                   /lib/x86_64-linux-gnu/libdl-2.23.so
7fe395dbc000-7fe395dd1000 r-xp 00000000 08:03 38453224                   /usr/share/jdk1.8.0_91/lib/amd64/jli/libjli.so
7fe395dd1000-7fe395fd1000 ---p 00015000 08:03 38453224                   /usr/share/jdk1.8.0_91/lib/amd64/jli/libjli.so
7fe395fd1000-7fe395fd2000 rw-p 00015000 08:03 38453224                   /usr/share/jdk1.8.0_91/lib/amd64/jli/libjli.so
7fe395fd2000-7fe395fea000 r-xp 00000000 08:03 33570491                   /lib/x86_64-linux-gnu/libpthread-2.23.so
7fe395fea000-7fe3961e9000 ---p 00018000 08:03 33570491                   /lib/x86_64-linux-gnu/libpthread-2.23.so
7fe3961e9000-7fe3961ea000 r--p 00017000 08:03 33570491                   /lib/x86_64-linux-gnu/libpthread-2.23.so
7fe3961ea000-7fe3961eb000 rw-p 00018000 08:03 33570491                   /lib/x86_64-linux-gnu/libpthread-2.23.so
7fe3961eb000-7fe3961ef000 rw-p 00000000 00:00 0 
7fe3961ef000-7fe396215000 r-xp 00000000 08:03 33569962                   /lib/x86_64-linux-gnu/ld-2.23.so
7fe396215000-7fe396216000 r--s 00000000 08:03 37737489                   /var/cache/fontconfig/dc05db6664285cc2f12bf69c139ae4c3-le64.cache-6
7fe396216000-7fe396217000 r--s 00000000 08:03 37737487                   /var/cache/fontconfig/4794a0821666d79190d59a36cb4f44b5-le64.cache-6
7fe396217000-7fe396218000 r--s 00000000 08:03 37737484                   /var/cache/fontconfig/bab58bb527bb656aaa9f116d68a48d89-le64.cache-6
7fe396218000-7fe396219000 r--s 00000000 08:03 37737481                   /var/cache/fontconfig/56cf4f4769d0f4abc89a4895d7bd3ae1-le64.cache-6
7fe396219000-7fe39621a000 r--s 00000000 08:03 37737480                   /var/cache/fontconfig/b9d506c9ac06c20b433354fa67a72993-le64.cache-6
7fe39621a000-7fe39621b000 r--s 00000000 08:03 37737477                   /var/cache/fontconfig/551ecf3b0e8b0bca0f25c0944f561853-le64.cache-6
7fe39621b000-7fe3962b8000 rw-p 00000000 00:00 0 
7fe3962b8000-7fe3962ed000 r--s 00000000 08:03 36752293                   /var/cache/nscd/passwd
7fe3962ed000-7fe3962f0000 ---p 00000000 00:00 0 
7fe3962f0000-7fe3963f2000 rw-p 00000000 00:00 0 
7fe3963f2000-7fe3963f3000 r--s 00000000 08:03 37737475                   /var/cache/fontconfig/30829fa25452a46451e813d634d7f916-le64.cache-6
7fe3963f3000-7fe3963f4000 r--s 00000000 08:03 37737513                   /var/cache/fontconfig/0c9eb80ebd1c36541ebe2852d3bb0c49-le64.cache-6
7fe3963f4000-7fe3963f7000 r--s 00000000 08:03 37737473                   /var/cache/fontconfig/75114ca45c98e8a441da0ff356701271-le64.cache-6
7fe3963f7000-7fe3963fb000 r--s 00000000 08:03 37737502                   /var/cache/fontconfig/7ef2298fde41cc6eeb7af42e48b7d293-le64.cache-6
7fe3963fb000-7fe3963fd000 r--s 00000000 08:03 37593929                   /var/cache/fontconfig/16326683038b281783a0ef8c680e3a10-le64.cache-6
7fe3963fd000-7fe3963fe000 r--s 00000000 08:03 37593927                   /var/cache/fontconfig/e0aa53bcfa504e64f87823c16bc01eb6-le64.cache-6
7fe3963fe000-7fe3963ff000 r--s 00008000 08:03 82441433                   /opt/eclipse/plugins/org.eclipse.fx.ide.css.jfx8_2.4.0.201605112122.jar
7fe3963ff000-7fe396400000 rw-s 00000000 00:05 1025839                    /memfd:xshmfence (deleted)
7fe396400000-7fe396401000 rw-s 11d4f6000 00:06 330                       /dev/dri/card0
7fe396401000-7fe396408000 r--s 00000000 08:03 309579                     /usr/lib/x86_64-linux-gnu/gconv/gconv-modules.cache
7fe396408000-7fe396410000 rw-s 00000000 08:06 67109000                   /tmp/hsperfdata_ribb0001/6117
7fe396410000-7fe396411000 rw-p 00000000 00:00 0 
7fe396411000-7fe396412000 r--p 00000000 00:00 0 
7fe396412000-7fe396414000 rw-p 00000000 00:00 0 
7fe396414000-7fe396415000 r--p 00025000 08:03 33569962                   /lib/x86_64-linux-gnu/ld-2.23.so
7fe396415000-7fe396416000 rw-p 00026000 08:03 33569962                   /lib/x86_64-linux-gnu/ld-2.23.so
7fe396416000-7fe396417000 rw-p 00000000 00:00 0 
7ffc824c5000-7ffc824e6000 rw-p 00000000 00:00 0                          [stack]
7ffc82548000-7ffc8254a000 r--p 00000000 00:00 0                          [vvar]
7ffc8254a000-7ffc8254c000 r-xp 00000000 00:00 0                          [vdso]
ffffffffff600000-ffffffffff601000 r-xp 00000000 00:00 0                  [vsyscall]

VM Arguments:
jvm_args: -Dfile.encoding=UTF-8 
java_command: quota.Main
java_class_path (initial): /home/Etudiants/ribb0001/workspace/Quota/bin:/opt/eclipse/plugins/org.eclipse.fx.ide.css.jfx8_2.4.0.201605112122.jar
Launcher Type: SUN_STANDARD

Environment Variables:
JAVA_HOME=/usr/share/jdk1.8.0_91/
PATH=/opt/oracle/instantclient_12_1:/usr/local/sbin:/usr/local/bin:/usr/sbin:/usr/bin:/sbin:/bin:/usr/games:/usr/local/games:/opt/android-sdk/tools:/opt/android-sdk/platform-tools:/snap/bin:/usr/share/jdk1.8.0_91/bin/
LD_LIBRARY_PATH=/opt/oracle/instantclient_12_1:
SHELL=/bin/bash
DISPLAY=:0.0

Signal Handlers:
SIGSEGV: [libjvm.so+0xabca10], sa_mask[0]=11111111011111111101111111111110, sa_flags=SA_RESTART|SA_SIGINFO
SIGBUS: [libjvm.so+0xabca10], sa_mask[0]=11111111011111111101111111111110, sa_flags=SA_RESTART|SA_SIGINFO
SIGFPE: [libjvm.so+0x919a20], sa_mask[0]=11111111011111111101111111111110, sa_flags=SA_RESTART|SA_SIGINFO
SIGPIPE: SIG_IGN, sa_mask[0]=00000000000010000000000000000000, sa_flags=SA_RESTART
SIGXFSZ: [libjvm.so+0x919a20], sa_mask[0]=11111111011111111101111111111110, sa_flags=SA_RESTART|SA_SIGINFO
SIGILL: [libjvm.so+0x919a20], sa_mask[0]=11111111011111111101111111111110, sa_flags=SA_RESTART|SA_SIGINFO
SIGUSR1: SIG_DFL, sa_mask[0]=00000000000000000000000000000000, sa_flags=none
SIGUSR2: [libjvm.so+0x91b050], sa_mask[0]=00100000000000000000000000000000, sa_flags=SA_RESTART|SA_SIGINFO
SIGHUP: [libjvm.so+0x91c450], sa_mask[0]=11111111011111111101111111111110, sa_flags=SA_RESTART|SA_SIGINFO
SIGINT: [libjvm.so+0x91c450], sa_mask[0]=11111111011111111101111111111110, sa_flags=SA_RESTART|SA_SIGINFO
SIGTERM: [libjvm.so+0x91c450], sa_mask[0]=11111111011111111101111111111110, sa_flags=SA_RESTART|SA_SIGINFO
SIGQUIT: [libjvm.so+0x91c450], sa_mask[0]=11111111011111111101111111111110, sa_flags=SA_RESTART|SA_SIGINFO


---------------  S Y S T E M  ---------------

OS:DISTRIB_ID=Ubuntu
DISTRIB_RELEASE=16.04
DISTRIB_CODENAME=xenial
DISTRIB_DESCRIPTION="Ubuntu 16.04.3 LTS"

uname:Linux 4.4.0-98-generic #121-Ubuntu SMP Tue Oct 10 14:24:03 UTC 2017 x86_64
libc:glibc 2.23 NPTL 2.23 
rlimit: STACK 8192k, CORE 0k, NPROC 128270, NOFILE 1048576, AS infinity
load average:6,94 10,64 8,56

/proc/meminfo:
MemTotal:       32877824 kB
MemFree:        24530764 kB
MemAvailable:   25812668 kB
Buffers:            2328 kB
Cached:          1570064 kB
SwapCached:            0 kB
Active:          7132480 kB
Inactive:         643396 kB
Active(anon):    6204564 kB
Inactive(anon):    57436 kB
Active(file):     927916 kB
Inactive(file):   585960 kB
Unevictable:          32 kB
Mlocked:              32 kB
SwapTotal:       3998716 kB
SwapFree:        3998716 kB
Dirty:                64 kB
Writeback:             0 kB
AnonPages:       6203564 kB
Mapped:           340684 kB
Shmem:             58516 kB
Slab:             226992 kB
SReclaimable:     172324 kB
SUnreclaim:        54668 kB
KernelStack:       12208 kB
PageTables:        42156 kB
NFS_Unstable:          0 kB
Bounce:                0 kB
WritebackTmp:          0 kB
CommitLimit:    20437628 kB
Committed_AS:    6611884 kB
VmallocTotal:   34359738367 kB
VmallocUsed:           0 kB
VmallocChunk:          0 kB
HardwareCorrupted:     0 kB
AnonHugePages:   1495040 kB
CmaTotal:              0 kB
CmaFree:               0 kB
HugePages_Total:       0
HugePages_Free:        0
HugePages_Rsvd:        0
HugePages_Surp:        0
Hugepagesize:       2048 kB
DirectMap4k:      125288 kB
DirectMap2M:     6096896 kB
DirectMap1G:    28311552 kB


CPU:total 8 (4 cores per cpu, 2 threads per core) family 6 model 94 stepping 3, cmov, cx8, fxsr, mmx, sse, sse2, sse3, ssse3, sse4.1, sse4.2, popcnt, avx, avx2, aes, clmul, erms, rtm, 3dnowpref, lzcnt, ht, tsc, tscinvbit, bmi1, bmi2, adx

/proc/cpuinfo:
processor	: 0
vendor_id	: GenuineIntel
cpu family	: 6
model		: 94
model name	: Intel(R) Core(TM) i7-6700 CPU @ 3.40GHz
stepping	: 3
microcode	: 0xb2
cpu MHz		: 3758.726
cache size	: 8192 KB
physical id	: 0
siblings	: 8
core id		: 0
cpu cores	: 4
apicid		: 0
initial apicid	: 0
fpu		: yes
fpu_exception	: yes
cpuid level	: 22
wp		: yes
flags		: fpu vme de pse tsc msr pae mce cx8 apic sep mtrr pge mca cmov pat pse36 clflush dts acpi mmx fxsr sse sse2 ss ht tm pbe syscall nx pdpe1gb rdtscp lm constant_tsc art arch_perfmon pebs bts rep_good nopl xtopology nonstop_tsc aperfmperf eagerfpu pni pclmulqdq dtes64 monitor ds_cpl vmx smx est tm2 ssse3 sdbg fma cx16 xtpr pdcm pcid sse4_1 sse4_2 x2apic movbe popcnt tsc_deadline_timer aes xsave avx f16c rdrand lahf_lm abm 3dnowprefetch epb intel_pt tpr_shadow vnmi flexpriority ept vpid fsgsbase tsc_adjust bmi1 hle avx2 smep bmi2 erms invpcid rtm mpx rdseed adx smap clflushopt xsaveopt xsavec xgetbv1 dtherm ida arat pln pts hwp hwp_notify hwp_act_window hwp_epp
bugs		:
bogomips	: 6816.61
clflush size	: 64
cache_alignment	: 64
address sizes	: 39 bits physical, 48 bits virtual
power management:

processor	: 1
vendor_id	: GenuineIntel
cpu family	: 6
model		: 94
model name	: Intel(R) Core(TM) i7-6700 CPU @ 3.40GHz
stepping	: 3
microcode	: 0xb2
cpu MHz		: 3753.812
cache size	: 8192 KB
physical id	: 0
siblings	: 8
core id		: 1
cpu cores	: 4
apicid		: 2
initial apicid	: 2
fpu		: yes
fpu_exception	: yes
cpuid level	: 22
wp		: yes
flags		: fpu vme de pse tsc msr pae mce cx8 apic sep mtrr pge mca cmov pat pse36 clflush dts acpi mmx fxsr sse sse2 ss ht tm pbe syscall nx pdpe1gb rdtscp lm constant_tsc art arch_perfmon pebs bts rep_good nopl xtopology nonstop_tsc aperfmperf eagerfpu pni pclmulqdq dtes64 monitor ds_cpl vmx smx est tm2 ssse3 sdbg fma cx16 xtpr pdcm pcid sse4_1 sse4_2 x2apic movbe popcnt tsc_deadline_timer aes xsave avx f16c rdrand lahf_lm abm 3dnowprefetch epb intel_pt tpr_shadow vnmi flexpriority ept vpid fsgsbase tsc_adjust bmi1 hle avx2 smep bmi2 erms invpcid rtm mpx rdseed adx smap clflushopt xsaveopt xsavec xgetbv1 dtherm ida arat pln pts hwp hwp_notify hwp_act_window hwp_epp
bugs		:
bogomips	: 6816.61
clflush size	: 64
cache_alignment	: 64
address sizes	: 39 bits physical, 48 bits virtual
power management:

processor	: 2
vendor_id	: GenuineIntel
cpu family	: 6
model		: 94
model name	: Intel(R) Core(TM) i7-6700 CPU @ 3.40GHz
stepping	: 3
microcode	: 0xb2
cpu MHz		: 3770.414
cache size	: 8192 KB
physical id	: 0
siblings	: 8
core id		: 2
cpu cores	: 4
apicid		: 4
initial apicid	: 4
fpu		: yes
fpu_exception	: yes
cpuid level	: 22
wp		: yes
flags		: fpu vme de pse tsc msr pae mce cx8 apic sep mtrr pge mca cmov pat pse36 clflush dts acpi mmx fxsr sse sse2 ss ht tm pbe syscall nx pdpe1gb rdtscp lm constant_tsc art arch_perfmon pebs bts rep_good nopl xtopology nonstop_tsc aperfmperf eagerfpu pni pclmulqdq dtes64 monitor ds_cpl vmx smx est tm2 ssse3 sdbg fma cx16 xtpr pdcm pcid sse4_1 sse4_2 x2apic movbe popcnt tsc_deadline_timer aes xsave avx f16c rdrand lahf_lm abm 3dnowprefetch epb intel_pt tpr_shadow vnmi flexpriority ept vpid fsgsbase tsc_adjust bmi1 hle avx2 smep bmi2 erms invpcid rtm mpx rdseed adx smap clflushopt xsaveopt xsavec xgetbv1 dtherm ida arat pln pts hwp hwp_notify hwp_act_window hwp_epp
bugs		:
bogomips	: 6816.61
clflush size	: 64
cache_alignment	: 64
address sizes	: 39 bits physical, 48 bits virtual
power management:

processor	: 3
vendor_id	: GenuineIntel
cpu family	: 6
model		: 94
model name	: Intel(R) Core(TM) i7-6700 CPU @ 3.40GHz
stepping	: 3
microcode	: 0xb2
cpu MHz		: 3747.835
cache size	: 8192 KB
physical id	: 0
siblings	: 8
core id		: 3
cpu cores	: 4
apicid		: 6
initial apicid	: 6
fpu		: yes
fpu_exception	: yes
cpuid level	: 22
wp		: yes
flags		: fpu vme de pse tsc msr pae mce cx8 apic sep mtrr pge mca cmov pat pse36 clflush dts acpi mmx fxsr sse sse2 ss ht tm pbe syscall nx pdpe1gb rdtscp lm constant_tsc art arch_perfmon pebs bts rep_good nopl xtopology nonstop_tsc aperfmperf eagerfpu pni pclmulqdq dtes64 monitor ds_cpl vmx smx est tm2 ssse3 sdbg fma cx16 xtpr pdcm pcid sse4_1 sse4_2 x2apic movbe popcnt tsc_deadline_timer aes xsave avx f16c rdrand lahf_lm abm 3dnowprefetch epb intel_pt tpr_shadow vnmi flexpriority ept vpid fsgsbase tsc_adjust bmi1 hle avx2 smep bmi2 erms invpcid rtm mpx rdseed adx smap clflushopt xsaveopt xsavec xgetbv1 dtherm ida arat pln pts hwp hwp_notify hwp_act_window hwp_epp
bugs		:
bogomips	: 6816.61
clflush size	: 64
cache_alignment	: 64
address sizes	: 39 bits physical, 48 bits virtual
power management:

processor	: 4
vendor_id	: GenuineIntel
cpu family	: 6
model		: 94
model name	: Intel(R) Core(TM) i7-6700 CPU @ 3.40GHz
stepping	: 3
microcode	: 0xb2
cpu MHz		: 3779.179
cache size	: 8192 KB
physical id	: 0
siblings	: 8
core id		: 0
cpu cores	: 4
apicid		: 1
initial apicid	: 1
fpu		: yes
fpu_exception	: yes
cpuid level	: 22
wp		: yes
flags		: fpu vme de pse tsc msr pae mce cx8 apic sep mtrr pge mca cmov pat pse36 clflush dts acpi mmx fxsr sse sse2 ss ht tm pbe syscall nx pdpe1gb rdtscp lm constant_tsc art arch_perfmon pebs bts rep_good nopl xtopology nonstop_tsc aperfmperf eagerfpu pni pclmulqdq dtes64 monitor ds_cpl vmx smx est tm2 ssse3 sdbg fma cx16 xtpr pdcm pcid sse4_1 sse4_2 x2apic movbe popcnt tsc_deadline_timer aes xsave avx f16c rdrand lahf_lm abm 3dnowprefetch epb intel_pt tpr_shadow vnmi flexpriority ept vpid fsgsbase tsc_adjust bmi1 hle avx2 smep bmi2 erms invpcid rtm mpx rdseed adx smap clflushopt xsaveopt xsavec xgetbv1 dtherm ida arat pln pts hwp hwp_notify hwp_act_window hwp_epp
bugs		:
bogomips	: 6816.61
clflush size	: 64
cache_alignment	: 64
address sizes	: 39 bits physical, 48 bits virtual
power management:

processor	: 5
vendor_id	: GenuineIntel
cpu family	: 6
model		: 94
model name	: Intel(R) Core(TM) i7-6700 CPU @ 3.40GHz
stepping	: 3
microcode	: 0xb2
cpu MHz		: 3725.125
cache size	: 8192 KB
physical id	: 0
siblings	: 8
core id		: 1
cpu cores	: 4
apicid		: 3
initial apicid	: 3
fpu		: yes
fpu_exception	: yes
cpuid level	: 22
wp		: yes
flags		: fpu vme de pse tsc msr pae mce cx8 apic sep mtrr pge mca cmov pat pse36 clflush dts acpi mmx fxsr sse sse2 ss ht tm pbe syscall nx pdpe1gb rdtscp lm constant_tsc art arch_perfmon pebs bts rep_good nopl xtopology nonstop_tsc aperfmperf eagerfpu pni pclmulqdq dtes64 monitor ds_cpl vmx smx est tm2 ssse3 sdbg fma cx16 xtpr pdcm pcid sse4_1 sse4_2 x2apic movbe popcnt tsc_deadline_timer aes xsave avx f16c rdrand lahf_lm abm 3dnowprefetch epb intel_pt tpr_shadow vnmi flexpriority ept vpid fsgsbase tsc_adjust bmi1 hle avx2 smep bmi2 erms invpcid rtm mpx rdseed adx smap clflushopt xsaveopt xsavec xgetbv1 dtherm ida arat pln pts hwp hwp_notify hwp_act_window hwp_epp
bugs		:
bogomips	: 6816.61
clflush size	: 64
cache_alignment	: 64
address sizes	: 39 bits physical, 48 bits virtual
power management:

processor	: 6
vendor_id	: GenuineIntel
cpu family	: 6
model		: 94
model name	: Intel(R) Core(TM) i7-6700 CPU @ 3.40GHz
stepping	: 3
microcode	: 0xb2
cpu MHz		: 3703.343
cache size	: 8192 KB
physical id	: 0
siblings	: 8
core id		: 2
cpu cores	: 4
apicid		: 5
initial apicid	: 5
fpu		: yes
fpu_exception	: yes
cpuid level	: 22
wp		: yes
flags		: fpu vme de pse tsc msr pae mce cx8 apic sep mtrr pge mca cmov pat pse36 clflush dts acpi mmx fxsr sse sse2 ss ht tm pbe syscall nx pdpe1gb rdtscp lm constant_tsc art arch_perfmon pebs bts rep_good nopl xtopology nonstop_tsc aperfmperf eagerfpu pni pclmulqdq dtes64 monitor ds_cpl vmx smx est tm2 ssse3 sdbg fma cx16 xtpr pdcm pcid sse4_1 sse4_2 x2apic movbe popcnt tsc_deadline_timer aes xsave avx f16c rdrand lahf_lm abm 3dnowprefetch epb intel_pt tpr_shadow vnmi flexpriority ept vpid fsgsbase tsc_adjust bmi1 hle avx2 smep bmi2 erms invpcid rtm mpx rdseed adx smap clflushopt xsaveopt xsavec xgetbv1 dtherm ida arat pln pts hwp hwp_notify hwp_act_window hwp_epp
bugs		:
bogomips	: 6816.61
clflush size	: 64
cache_alignment	: 64
address sizes	: 39 bits physical, 48 bits virtual
power management:

processor	: 7
vendor_id	: GenuineIntel
cpu family	: 6
model		: 94
model name	: Intel(R) Core(TM) i7-6700 CPU @ 3.40GHz
stepping	: 3
microcode	: 0xb2
cpu MHz		: 3706.398
cache size	: 8192 KB
physical id	: 0
siblings	: 8
core id		: 3
cpu cores	: 4
apicid		: 7
initial apicid	: 7
fpu		: yes
fpu_exception	: yes
cpuid level	: 22
wp		: yes
flags		: fpu vme de pse tsc msr pae mce cx8 apic sep mtrr pge mca cmov pat pse36 clflush dts acpi mmx fxsr sse sse2 ss ht tm pbe syscall nx pdpe1gb rdtscp lm constant_tsc art arch_perfmon pebs bts rep_good nopl xtopology nonstop_tsc aperfmperf eagerfpu pni pclmulqdq dtes64 monitor ds_cpl vmx smx est tm2 ssse3 sdbg fma cx16 xtpr pdcm pcid sse4_1 sse4_2 x2apic movbe popcnt tsc_deadline_timer aes xsave avx f16c rdrand lahf_lm abm 3dnowprefetch epb intel_pt tpr_shadow vnmi flexpriority ept vpid fsgsbase tsc_adjust bmi1 hle avx2 smep bmi2 erms invpcid rtm mpx rdseed adx smap clflushopt xsaveopt xsavec xgetbv1 dtherm ida arat pln pts hwp hwp_notify hwp_act_window hwp_epp
bugs		:
bogomips	: 6816.61
clflush size	: 64
cache_alignment	: 64
address sizes	: 39 bits physical, 48 bits virtual
power management:



Memory: 4k page, physical 32877824k(24530764k free), swap 3998716k(3998716k free)

vm_info: Java HotSpot(TM) 64-Bit Server VM (25.91-b14) for linux-amd64 JRE (1.8.0_91-b14), built on Apr  1 2016 00:57:21 by "java_re" with gcc 4.3.0 20080428 (Red Hat 4.3.0-8)

time: Fri Nov 17 09:11:55 2017
elapsed time: 31 seconds (0d 0h 0m 31s)

