#
# A fatal error has been detected by the Java Runtime Environment:
#
#  SIGSEGV (0xb) at pc=0x00007f5ccfc82fe5, pid=6948, tid=140035803698944
#
# JRE version: Java(TM) SE Runtime Environment (8.0_91-b14) (build 1.8.0_91-b14)
# Java VM: Java HotSpot(TM) 64-Bit Server VM (25.91-b14 mixed mode linux-amd64 compressed oops)
# Problematic frame:
# C  [libc.so.6+0x14dfe5]
#
# Failed to write core dump. Core dumps have been disabled. To enable core dumping, try "ulimit -c unlimited" before starting Java again
#
# If you would like to submit a bug report, please visit:
#   http://bugreport.java.com/bugreport/crash.jsp
# The crash happened outside the Java Virtual Machine in native code.
# See problematic frame for where to report the bug.
#

---------------  T H R E A D  ---------------

Current thread (0x00007f5cc81c5800):  JavaThread "QuantumRenderer-0" daemon [_thread_in_native, id=6972, stack(0x00007f5ca045d000,0x00007f5ca055e000)]

siginfo: si_signo: 11 (SIGSEGV), si_code: 2 (SEGV_ACCERR), si_addr: 0x0000000738ae4024

Registers:
RAX=0x00007f5c490de804, RBX=0x0000000000000000, RCX=0x000000000000000c, RDX=0x000000000000000c
RSP=0x00007f5ca055bb18, RBP=0x0000000000050810, RSI=0x0000000738ae4020, RDI=0x00007f5c490de804
R8 =0x00007f5ca055bb80, R9 =0x0000000000000001, R10=0x000000002002033c, R11=0x00007f5c54189730
R12=0x00007f5ca055bb80, R13=0x00007f5c54189730, R14=0x0000000738ae4020, R15=0x0000000000050804
RIP=0x00007f5ccfc82fe5, EFLAGS=0x0000000000010202, CSGSFS=0x0000000000000033, ERR=0x0000000000000004
  TRAPNO=0x000000000000000e

Top of Stack: (sp=0x00007f5ca055bb18)
0x00007f5ca055bb18:   00007f5c4fbc0aad 00007f5ca055c600
0x00007f5ca055bb28:   00007f5cb97224c4 00000005ca50f558
0x00007f5ca055bb38:   000000000000000c 0000000000000001
0x00007f5ca055bb48:   0000000000000004 0000000000000000
0x00007f5ca055bb58:   00007f5c54189730 00007f5c502ee238
0x00007f5ca055bb68:   00007f5c4fcdbd08 00007f5c540bc790
0x00007f5ca055bb78:   00007f5ca055bb80 0000000000000006
0x00007f5ca055bb88:   c1dd843d31328b00 00000005ca4168e8
0x00007f5ca055bb98:   00007f5c54189730 00007f5c502ee1d8
0x00007f5ca055bba8:   000000000003d08b 00007f5c5418cef0
0x00007f5ca055bbb8:   00007f5c54189b40 00007f5c502ee238
0x00007f5ca055bbc8:   00007f5c4fcd103d 000000000000000f
0x00007f5ca055bbd8:   00007f5c54189730 00007f5c540bc2a0
0x00007f5ca055bbe8:   00007f5ca055bdd0 0000000000000001
0x00007f5ca055bbf8:   0000000000000000 00007f5ca055bd10
0x00007f5ca055bc08:   00007f5c4fcd1217 000000050000001f
0x00007f5ca055bc18:   00000005ca91b118 00007f5c540bc790
0x00007f5ca055bc28:   00007f5c4fcdd0e8 00007f5c54189730
0x00007f5ca055bc38:   00000005ca6c98b0 00000000ca50ff50
0x00007f5ca055bc48:   00000005ca508188 00000005ca6c91d0
0x00007f5ca055bc58:   00007f5c540b3d30 00007f5c2846f5e0
0x00007f5ca055bc68:   0000000000000000 00007f5c285baa08
0x00007f5ca055bc78:   00007f5c4fb1108d 00007f5ca055bd34
0x00007f5ca055bc88:   00007f5c00000000 3ff0000a7c5ac472
0x00007f5ca055bc98:   00000005ca6c9718 00000000ca6c9608
0x00007f5ca055bca8:   00007f5c285ba9b0 00007f5c28598210
0x00007f5ca055bcb8:   0000000000000000 00007f5c54151e28
0x00007f5ca055bcc8:   c1dd843d31328b00 00007f5c5418b758
0x00007f5ca055bcd8:   00007f5c541b5fcc 00007f5c5414fde0
0x00007f5ca055bce8:   00007f5ca055bdd0 0000000000000001
0x00007f5ca055bcf8:   0000000000000000 00007f5c541b4510
0x00007f5ca055bd08:   00007f5c4faa27f2 0000000600000000 

Instructions: (pc=0x00007f5ccfc82fe5)
0x00007f5ccfc82fc5:   fa 6f 7c 16 f0 c5 fa 7f 07 c5 fa 7f 7c 17 f0 c3
0x00007f5ccfc82fd5:   90 66 2e 0f 1f 84 00 00 00 00 00 80 fa 08 72 1b
0x00007f5ccfc82fe5:   48 8b 4c 16 f8 48 8b 36 48 89 37 48 89 4c 17 f8
0x00007f5ccfc82ff5:   c3 66 2e 0f 1f 84 00 00 00 00 00 80 fa 04 72 0d 

Register to memory mapping:

RAX=0x00007f5c490de804 is an unknown value
RBX=0x0000000000000000 is an unknown value
RCX=0x000000000000000c is an unknown value
RDX=0x000000000000000c is an unknown value
RSP=0x00007f5ca055bb18 is pointing into the stack for thread: 0x00007f5cc81c5800
RBP=0x0000000000050810 is an unknown value
RSI=0x0000000738ae4020 is an unallocated location in the heap
RDI=0x00007f5c490de804 is an unknown value
R8 =0x00007f5ca055bb80 is pointing into the stack for thread: 0x00007f5cc81c5800
R9 =0x0000000000000001 is an unknown value
R10=0x000000002002033c is an unknown value
R11=0x00007f5c54189730 is an unknown value
R12=0x00007f5ca055bb80 is pointing into the stack for thread: 0x00007f5cc81c5800
R13=0x00007f5c54189730 is an unknown value
R14=0x0000000738ae4020 is an unallocated location in the heap
R15=0x0000000000050804 is an unknown value


Stack: [0x00007f5ca045d000,0x00007f5ca055e000],  sp=0x00007f5ca055bb18,  free space=1018k
Native frames: (J=compiled Java code, j=interpreted, Vv=VM code, C=native code)
C  [libc.so.6+0x14dfe5]

Java frames: (J=compiled Java code, j=interpreted, Vv=VM code)
J 1734  com.sun.prism.es2.GLContext.nClearBuffers(JFFFFZZZ)V (0 bytes) @ 0x00007f5cb9542e4a [0x00007f5cb9542e00+0x4a]
J 2664 C2 com.sun.prism.es2.ES2Graphics.clear(Lcom/sun/prism/paint/Color;)V (36 bytes) @ 0x00007f5cb9874930 [0x00007f5cb9874860+0xd0]
J 2461 C1 com.sun.javafx.tk.quantum.ViewPainter.doPaint(Lcom/sun/prism/Graphics;Lcom/sun/javafx/sg/prism/NodePath;)V (205 bytes) @ 0x00007f5cb977f9ac [0x00007f5cb977f2c0+0x6ec]
J 2182 C1 com.sun.javafx.tk.quantum.ViewPainter.paintImpl(Lcom/sun/prism/Graphics;)V (1457 bytes) @ 0x00007f5cb96849dc [0x00007f5cb9681e80+0x2b5c]
J 2518 C1 com.sun.javafx.tk.quantum.PresentingPainter.run()V (675 bytes) @ 0x00007f5cb97c4684 [0x00007f5cb97c2640+0x2044]
J 2447 C1 java.util.concurrent.Executors$RunnableAdapter.call()Ljava/lang/Object; (14 bytes) @ 0x00007f5cb9775694 [0x00007f5cb9775580+0x114]
J 2453 C1 java.util.concurrent.FutureTask.runAndReset()Z (128 bytes) @ 0x00007f5cb977c16c [0x00007f5cb977bf00+0x26c]
J 2452 C1 com.sun.javafx.tk.RenderJob.run()V (105 bytes) @ 0x00007f5cb977992c [0x00007f5cb97798a0+0x8c]
j  java.util.concurrent.ThreadPoolExecutor.runWorker(Ljava/util/concurrent/ThreadPoolExecutor$Worker;)V+95
j  java.util.concurrent.ThreadPoolExecutor$Worker.run()V+5
j  com.sun.javafx.tk.quantum.QuantumRenderer$PipelineRunnable.run()V+8
j  java.lang.Thread.run()V+11
v  ~StubRoutines::call_stub

---------------  P R O C E S S  ---------------

Java Threads: ( => current thread )
  0x00007f5c3c254000 JavaThread "pool-2-thread-1" [_thread_in_native, id=6977, stack(0x00007f5c48d84000,0x00007f5c48e85000)]
  0x00007f5c3c27f000 JavaThread "Prism Font Disposer" daemon [_thread_blocked, id=6976, stack(0x00007f5c49ca1000,0x00007f5c49da2000)]
  0x00007f5cc8230800 JavaThread "JavaFX-Launcher" [_thread_blocked, id=6975, stack(0x00007f5c4af34000,0x00007f5c4b035000)]
  0x00007f5cc822d000 JavaThread "JavaFX Application Thread" [_thread_in_native, id=6974, stack(0x00007f5c4b0b5000,0x00007f5c4b1b6000)]
  0x00007f5cc8229000 JavaThread "Thread-1" daemon [_thread_blocked, id=6973, stack(0x00007f5c4b1b6000,0x00007f5c4b2b7000)]
=>0x00007f5cc81c5800 JavaThread "QuantumRenderer-0" daemon [_thread_in_native, id=6972, stack(0x00007f5ca045d000,0x00007f5ca055e000)]
  0x00007f5cc80e2800 JavaThread "Service Thread" daemon [_thread_blocked, id=6970, stack(0x00007f5ca06f4000,0x00007f5ca07f5000)]
  0x00007f5cc80c5800 JavaThread "C1 CompilerThread3" daemon [_thread_blocked, id=6969, stack(0x00007f5ca07f5000,0x00007f5ca08f6000)]
  0x00007f5cc80c3000 JavaThread "C2 CompilerThread2" daemon [_thread_blocked, id=6968, stack(0x00007f5ca08f6000,0x00007f5ca09f7000)]
  0x00007f5cc80c1800 JavaThread "C2 CompilerThread1" daemon [_thread_in_native, id=6967, stack(0x00007f5ca09f7000,0x00007f5ca0af8000)]
  0x00007f5cc80be800 JavaThread "C2 CompilerThread0" daemon [_thread_blocked, id=6966, stack(0x00007f5ca0af8000,0x00007f5ca0bf9000)]
  0x00007f5cc80bd000 JavaThread "Signal Dispatcher" daemon [_thread_blocked, id=6965, stack(0x00007f5ca0bf9000,0x00007f5ca0cfa000)]
  0x00007f5cc808a000 JavaThread "Finalizer" daemon [_thread_blocked, id=6964, stack(0x00007f5ca0fd7000,0x00007f5ca10d8000)]
  0x00007f5cc8085000 JavaThread "Reference Handler" daemon [_thread_blocked, id=6963, stack(0x00007f5ca10d8000,0x00007f5ca11d9000)]
  0x00007f5cc8007800 JavaThread "main" [_thread_blocked, id=6953, stack(0x00007f5cd0634000,0x00007f5cd0735000)]

Other Threads:
  0x00007f5cc807d800 VMThread [stack: 0x00007f5ca11d9000,0x00007f5ca12da000] [id=6962]
  0x00007f5cc80e5800 WatcherThread [stack: 0x00007f5ca05f3000,0x00007f5ca06f4000] [id=6971]

VM state:not at safepoint (normal execution)

VM Mutex/Monitor currently owned by a thread: None

Heap:
 PSYoungGen      total 496128K, used 11023K [0x0000000718c00000, 0x0000000738a80000, 0x00000007c0000000)
  eden space 495616K, 2% used [0x0000000718c00000,0x0000000719693ea0,0x0000000737000000)
  from space 512K, 37% used [0x0000000738400000,0x0000000738430000,0x0000000738480000)
  to   space 6144K, 0% used [0x0000000738480000,0x0000000738480000,0x0000000738a80000)
 ParOldGen       total 343040K, used 5585K [0x00000005ca400000, 0x00000005df300000, 0x0000000718c00000)
  object space 343040K, 1% used [0x00000005ca400000,0x00000005ca974450,0x00000005df300000)
 Metaspace       used 15913K, capacity 16442K, committed 16768K, reserved 1062912K
  class space    used 2138K, capacity 2310K, committed 2432K, reserved 1048576K

Card table byte_map: [0x00007f5cccc7c000,0x00007f5ccdc2b000] byte_map_base: 0x00007f5cc9e2a000

Marking Bits: (ParMarkBitMap*) 0x00007f5ccfb08d60
 Begin Bits: [0x00007f5c80520000, 0x00007f5c88290000)
 End Bits:   [0x00007f5c88290000, 0x00007f5c90000000)

Polling page: 0x00007f5cd0758000

CodeCache: size=245760Kb used=9121Kb max_used=9134Kb free=236638Kb
 bounds [0x00007f5cb9000000, 0x00007f5cb9900000, 0x00007f5cc8000000]
 total_blobs=3327 nmethods=2710 adapters=530
 compilation: enabled

Compilation events (10 events):
Event: 4,756 Thread 0x00007f5cc80c5800 nmethod 2706 0x00007f5cb98a1450 code [0x00007f5cb98a15e0, 0x00007f5cb98a19a8]
Event: 4,790 Thread 0x00007f5cc80be800 2707       4       java.util.ArrayList$Itr::checkForComodification (23 bytes)
Event: 4,790 Thread 0x00007f5cc80be800 nmethod 2707 0x00007f5cb98ba290 code [0x00007f5cb98ba3e0, 0x00007f5cb98ba478]
Event: 4,858 Thread 0x00007f5cc80c1800 2708       4       com.sun.javafx.geom.transform.AffineBase::transform3DBounds (653 bytes)
Event: 4,865 Thread 0x00007f5cc80c1800 nmethod 2708 0x00007f5cb98b2ad0 code [0x00007f5cb98b2d00, 0x00007f5cb98b3828]
Event: 4,939 Thread 0x00007f5cc80c3000 2709       4       java.util.concurrent.atomic.AtomicBoolean::compareAndSet (35 bytes)
Event: 4,939 Thread 0x00007f5cc80c3000 nmethod 2709 0x00007f5cb9894990 code [0x00007f5cb9894ae0, 0x00007f5cb9894b58]
Event: 5,001 Thread 0x00007f5cc80be800 2710       4       java.util.concurrent.locks.ReentrantLock$NonfairSync::tryAcquire (6 bytes)
Event: 5,002 Thread 0x00007f5cc80be800 nmethod 2710 0x00007f5cb98b53d0 code [0x00007f5cb98b5520, 0x00007f5cb98b5618]
Event: 5,058 Thread 0x00007f5cc80c1800 2711  s!   4       com.sun.scenario.effect.impl.ImagePool::checkOut (447 bytes)

GC Heap History (10 events):
Event: 2,493 GC heap before
{Heap before GC invocations=3 (full 0):
 PSYoungGen      total 150016K, used 134656K [0x0000000718c00000, 0x0000000723300000, 0x00000007c0000000)
  eden space 129024K, 100% used [0x0000000718c00000,0x0000000720a00000,0x0000000720a00000)
  from space 20992K, 26% used [0x0000000721e80000,0x0000000722400088,0x0000000723300000)
  to   space 20992K, 0% used [0x0000000720a00000,0x0000000720a00000,0x0000000721e80000)
 ParOldGen       total 343040K, used 96K [0x00000005ca400000, 0x00000005df300000, 0x0000000718c00000)
  object space 343040K, 0% used [0x00000005ca400000,0x00000005ca418010,0x00000005df300000)
 Metaspace       used 15887K, capacity 16442K, committed 16768K, reserved 1062912K
  class space    used 2137K, capacity 2310K, committed 2432K, reserved 1048576K
Event: 2,497 GC heap after
Heap after GC invocations=3 (full 0):
 PSYoungGen      total 150016K, used 5522K [0x0000000718c00000, 0x000000072b100000, 0x00000007c0000000)
  eden space 129024K, 0% used [0x0000000718c00000,0x0000000718c00000,0x0000000720a00000)
  from space 20992K, 26% used [0x0000000720a00000,0x0000000720f64ae8,0x0000000721e80000)
  to   space 20992K, 0% used [0x0000000729c80000,0x0000000729c80000,0x000000072b100000)
 ParOldGen       total 343040K, used 104K [0x00000005ca400000, 0x00000005df300000, 0x0000000718c00000)
  object space 343040K, 0% used [0x00000005ca400000,0x00000005ca41a010,0x00000005df300000)
 Metaspace       used 15887K, capacity 16442K, committed 16768K, reserved 1062912K
  class space    used 2137K, capacity 2310K, committed 2432K, reserved 1048576K
}
Event: 2,782 GC heap before
{Heap before GC invocations=4 (full 0):
 PSYoungGen      total 150016K, used 134546K [0x0000000718c00000, 0x000000072b100000, 0x00000007c0000000)
  eden space 129024K, 100% used [0x0000000718c00000,0x0000000720a00000,0x0000000720a00000)
  from space 20992K, 26% used [0x0000000720a00000,0x0000000720f64ae8,0x0000000721e80000)
  to   space 20992K, 0% used [0x0000000729c80000,0x0000000729c80000,0x000000072b100000)
 ParOldGen       total 343040K, used 104K [0x00000005ca400000, 0x00000005df300000, 0x0000000718c00000)
  object space 343040K, 0% used [0x00000005ca400000,0x00000005ca41a010,0x00000005df300000)
 Metaspace       used 15903K, capacity 16442K, committed 16768K, reserved 1062912K
  class space    used 2137K, capacity 2310K, committed 2432K, reserved 1048576K
Event: 2,787 GC heap after
Heap after GC invocations=4 (full 0):
 PSYoungGen      total 279040K, used 5536K [0x0000000718c00000, 0x000000072b100000, 0x00000007c0000000)
  eden space 258048K, 0% used [0x0000000718c00000,0x0000000718c00000,0x0000000728800000)
  from space 20992K, 26% used [0x0000000729c80000,0x000000072a1e8068,0x000000072b100000)
  to   space 20992K, 0% used [0x0000000728800000,0x0000000728800000,0x0000000729c80000)
 ParOldGen       total 343040K, used 112K [0x00000005ca400000, 0x00000005df300000, 0x0000000718c00000)
  object space 343040K, 0% used [0x00000005ca400000,0x00000005ca41c010,0x00000005df300000)
 Metaspace       used 15903K, capacity 16442K, committed 16768K, reserved 1062912K
  class space    used 2137K, capacity 2310K, committed 2432K, reserved 1048576K
}
Event: 3,425 GC heap before
{Heap before GC invocations=5 (full 0):
 PSYoungGen      total 279040K, used 263584K [0x0000000718c00000, 0x000000072b100000, 0x00000007c0000000)
  eden space 258048K, 100% used [0x0000000718c00000,0x0000000728800000,0x0000000728800000)
  from space 20992K, 26% used [0x0000000729c80000,0x000000072a1e8068,0x000000072b100000)
  to   space 20992K, 0% used [0x0000000728800000,0x0000000728800000,0x0000000729c80000)
 ParOldGen       total 343040K, used 112K [0x00000005ca400000, 0x00000005df300000, 0x0000000718c00000)
  object space 343040K, 0% used [0x00000005ca400000,0x00000005ca41c010,0x00000005df300000)
 Metaspace       used 15908K, capacity 16442K, committed 16768K, reserved 1062912K
  class space    used 2137K, capacity 2310K, committed 2432K, reserved 1048576K
Event: 3,430 GC heap after
Heap after GC invocations=5 (full 0):
 PSYoungGen      total 279040K, used 5554K [0x0000000718c00000, 0x0000000739000000, 0x00000007c0000000)
  eden space 258048K, 0% used [0x0000000718c00000,0x0000000718c00000,0x0000000728800000)
  from space 20992K, 26% used [0x0000000728800000,0x0000000728d6cb08,0x0000000729c80000)
  to   space 6144K, 0% used [0x0000000738a00000,0x0000000738a00000,0x0000000739000000)
 ParOldGen       total 343040K, used 120K [0x00000005ca400000, 0x00000005df300000, 0x0000000718c00000)
  object space 343040K, 0% used [0x00000005ca400000,0x00000005ca41e010,0x00000005df300000)
 Metaspace       used 15908K, capacity 16442K, committed 16768K, reserved 1062912K
  class space    used 2137K, capacity 2310K, committed 2432K, reserved 1048576K
}
Event: 3,924 GC heap before
{Heap before GC invocations=6 (full 0):
 PSYoungGen      total 279040K, used 263602K [0x0000000718c00000, 0x0000000739000000, 0x00000007c0000000)
  eden space 258048K, 100% used [0x0000000718c00000,0x0000000728800000,0x0000000728800000)
  from space 20992K, 26% used [0x0000000728800000,0x0000000728d6cb08,0x0000000729c80000)
  to   space 6144K, 0% used [0x0000000738a00000,0x0000000738a00000,0x0000000739000000)
 ParOldGen       total 343040K, used 120K [0x00000005ca400000, 0x00000005df300000, 0x0000000718c00000)
  object space 343040K, 0% used [0x00000005ca400000,0x00000005ca41e010,0x00000005df300000)
 Metaspace       used 15910K, capacity 16442K, committed 16768K, reserved 1062912K
  class space    used 2137K, capacity 2310K, committed 2432K, reserved 1048576K
Event: 3,931 GC heap after
Heap after GC invocations=6 (full 0):
 PSYoungGen      total 522240K, used 5568K [0x0000000718c00000, 0x0000000739000000, 0x00000007c0000000)
  eden space 516096K, 0% used [0x0000000718c00000,0x0000000718c00000,0x0000000738400000)
  from space 6144K, 90% used [0x0000000738a00000,0x0000000738f70068,0x0000000739000000)
  to   space 6144K, 0% used [0x0000000738400000,0x0000000738400000,0x0000000738a00000)
 ParOldGen       total 343040K, used 128K [0x00000005ca400000, 0x00000005df300000, 0x0000000718c00000)
  object space 343040K, 0% used [0x00000005ca400000,0x00000005ca420010,0x00000005df300000)
 Metaspace       used 15910K, capacity 16442K, committed 16768K, reserved 1062912K
  class space    used 2137K, capacity 2310K, committed 2432K, reserved 1048576K
}
Event: 5,061 GC heap before
{Heap before GC invocations=7 (full 0):
 PSYoungGen      total 522240K, used 521664K [0x0000000718c00000, 0x0000000739000000, 0x00000007c0000000)
  eden space 516096K, 100% used [0x0000000718c00000,0x0000000738400000,0x0000000738400000)
  from space 6144K, 90% used [0x0000000738a00000,0x0000000738f70068,0x0000000739000000)
  to   space 6144K, 0% used [0x0000000738400000,0x0000000738400000,0x0000000738a00000)
 ParOldGen       total 343040K, used 128K [0x00000005ca400000, 0x00000005df300000, 0x0000000718c00000)
  object space 343040K, 0% used [0x00000005ca400000,0x00000005ca420010,0x00000005df300000)
 Metaspace       used 15913K, capacity 16442K, committed 16768K, reserved 1062912K
  class space    used 2138K, capacity 2310K, committed 2432K, reserved 1048576K
Event: 5,067 GC heap after
Heap after GC invocations=7 (full 0):
 PSYoungGen      total 496128K, used 192K [0x0000000718c00000, 0x0000000738a80000, 0x00000007c0000000)
  eden space 495616K, 0% used [0x0000000718c00000,0x0000000718c00000,0x0000000737000000)
  from space 512K, 37% used [0x0000000738400000,0x0000000738430000,0x0000000738480000)
  to   space 6144K, 0% used [0x0000000738480000,0x0000000738480000,0x0000000738a80000)
 ParOldGen       total 343040K, used 5585K [0x00000005ca400000, 0x00000005df300000, 0x0000000718c00000)
  object space 343040K, 1% used [0x00000005ca400000,0x00000005ca974450,0x00000005df300000)
 Metaspace       used 15913K, capacity 16442K, committed 16768K, reserved 1062912K
  class space    used 2138K, capacity 2310K, committed 2432K, reserved 1048576K
}

Deoptimization events (10 events):
Event: 3,705 Thread 0x00007f5cc81c5800 Uncommon trap: reason=unstable_if action=reinterpret pc=0x00007f5cb97345a8 method=com.sun.javafx.geom.transform.AffineBase.translate(DD)V @ 501
Event: 3,706 Thread 0x00007f5cc81c5800 Uncommon trap: reason=unstable_if action=reinterpret pc=0x00007f5cb95f58f0 method=com.sun.prism.impl.BaseGraphics.validateTransformAndPaint()V @ 20
Event: 3,706 Thread 0x00007f5cc81c5800 Uncommon trap: reason=class_check action=maybe_recompile pc=0x00007f5cb9867f14 method=com.sun.prism.impl.shape.OpenPiscesPrismUtils.setupRenderer(Lcom/sun/javafx/geom/Path2D;Lcom/sun/prism/BasicStroke;Lcom/sun/javafx/geom/transform/BaseTransform;Lcom/sun/
Event: 3,706 Thread 0x00007f5cc81c5800 Uncommon trap: reason=class_check action=maybe_recompile pc=0x00007f5cb9867f14 method=com.sun.prism.impl.shape.OpenPiscesPrismUtils.setupRenderer(Lcom/sun/javafx/geom/Path2D;Lcom/sun/prism/BasicStroke;Lcom/sun/javafx/geom/transform/BaseTransform;Lcom/sun/
Event: 3,707 Thread 0x00007f5cc822d000 Uncommon trap: reason=class_check action=maybe_recompile pc=0x00007f5cb97a0d10 method=javafx.scene.Node.getLocalBounds(Lcom/sun/javafx/geom/BaseBounds;Lcom/sun/javafx/geom/transform/BaseTransform;)Lcom/sun/javafx/geom/BaseBounds; @ 42
Event: 3,707 Thread 0x00007f5cc81c5800 Uncommon trap: reason=class_check action=maybe_recompile pc=0x00007f5cb9867f14 method=com.sun.prism.impl.shape.OpenPiscesPrismUtils.setupRenderer(Lcom/sun/javafx/geom/Path2D;Lcom/sun/prism/BasicStroke;Lcom/sun/javafx/geom/transform/BaseTransform;Lcom/sun/
Event: 3,707 Thread 0x00007f5cc81c5800 Uncommon trap: reason=class_check action=maybe_recompile pc=0x00007f5cb9867f14 method=com.sun.prism.impl.shape.OpenPiscesPrismUtils.setupRenderer(Lcom/sun/javafx/geom/Path2D;Lcom/sun/prism/BasicStroke;Lcom/sun/javafx/geom/transform/BaseTransform;Lcom/sun/
Event: 3,708 Thread 0x00007f5cc822d000 Uncommon trap: reason=class_check action=maybe_recompile pc=0x00007f5cb97a0d10 method=javafx.scene.Node.getLocalBounds(Lcom/sun/javafx/geom/BaseBounds;Lcom/sun/javafx/geom/transform/BaseTransform;)Lcom/sun/javafx/geom/BaseBounds; @ 42
Event: 3,709 Thread 0x00007f5cc822d000 Uncommon trap: reason=class_check action=maybe_recompile pc=0x00007f5cb97a0d10 method=javafx.scene.Node.getLocalBounds(Lcom/sun/javafx/geom/BaseBounds;Lcom/sun/javafx/geom/transform/BaseTransform;)Lcom/sun/javafx/geom/BaseBounds; @ 42
Event: 3,714 Thread 0x00007f5cc822d000 Uncommon trap: reason=class_check action=maybe_recompile pc=0x00007f5cb9795494 method=javafx.scene.Node.getLocalBounds(Lcom/sun/javafx/geom/BaseBounds;Lcom/sun/javafx/geom/transform/BaseTransform;)Lcom/sun/javafx/geom/BaseBounds; @ 42

Internal exceptions (10 events):
Event: 0,109 Thread 0x00007f5cc8007800 Exception <a 'java/security/PrivilegedActionException'> (0x0000000718dfba70) thrown at [/HUDSON/workspace/8-2-build-linux-amd64/jdk8u91/6644/hotspot/src/share/vm/prims/jvm.cpp, line 1386]
Event: 0,109 Thread 0x00007f5cc8007800 Exception <a 'java/security/PrivilegedActionException'> (0x0000000718dfbc80) thrown at [/HUDSON/workspace/8-2-build-linux-amd64/jdk8u91/6644/hotspot/src/share/vm/prims/jvm.cpp, line 1386]
Event: 0,109 Thread 0x00007f5cc8007800 Exception <a 'java/lang/NullPointerException'> (0x0000000718dfc258) thrown at [/HUDSON/workspace/8-2-build-linux-amd64/jdk8u91/6644/hotspot/src/share/vm/interpreter/linkResolver.cpp, line 1178]
Event: 0,307 Thread 0x00007f5cc822d000 Exception <a 'java/lang/NullPointerException'> (0x0000000719ea6be8) thrown at [/HUDSON/workspace/8-2-build-linux-amd64/jdk8u91/6644/hotspot/src/share/vm/interpreter/linkResolver.cpp, line 1178]
Event: 0,307 Thread 0x00007f5cc822d000 Exception <a 'java/lang/NullPointerException'> (0x0000000719ea6be8) thrown at [/HUDSON/workspace/8-2-build-linux-amd64/jdk8u91/6644/hotspot/src/share/vm/prims/jvm.cpp, line 1390]
Event: 0,362 Thread 0x00007f5cc822d000 Exception <a 'java/lang/ArrayIndexOutOfBoundsException'> (0x000000071a2e6be0) thrown at [/HUDSON/workspace/8-2-build-linux-amd64/jdk8u91/6644/hotspot/src/share/vm/runtime/sharedRuntime.cpp, line 605]
Event: 0,362 Thread 0x00007f5cc822d000 Exception <a 'java/lang/ArrayIndexOutOfBoundsException'> (0x000000071a2e78e0) thrown at [/HUDSON/workspace/8-2-build-linux-amd64/jdk8u91/6644/hotspot/src/share/vm/runtime/sharedRuntime.cpp, line 605]
Event: 0,363 Thread 0x00007f5cc822d000 Exception <a 'java/lang/ArrayIndexOutOfBoundsException'> (0x000000071a2e8c88) thrown at [/HUDSON/workspace/8-2-build-linux-amd64/jdk8u91/6644/hotspot/src/share/vm/runtime/sharedRuntime.cpp, line 605]
Event: 0,415 Thread 0x00007f5cc822d000 Implicit null exception at 0x00007f5cb9294875 to 0x00007f5cb9294aad
Event: 0,450 Thread 0x00007f5cc822d000 Exception <a 'java/io/FileNotFoundException'> (0x000000071a6e53e0) thrown at [/HUDSON/workspace/8-2-build-linux-amd64/jdk8u91/6644/hotspot/src/share/vm/prims/jni.cpp, line 709]

Events (10 events):
Event: 3,714 Thread 0x00007f5cc822d000 DEOPT PACKING pc=0x00007f5cb9795494 sp=0x00007f5c4b1b30b0
Event: 3,714 Thread 0x00007f5cc822d000 DEOPT UNPACKING pc=0x00007f5cb9005229 sp=0x00007f5c4b1b2ef8 mode 2
Event: 3,924 Executing VM operation: ParallelGCFailedAllocation
Event: 3,931 Executing VM operation: ParallelGCFailedAllocation done
Event: 4,023 loading class java/util/WeakHashMap$1
Event: 4,023 loading class java/util/WeakHashMap$1 done
Event: 4,055 Executing VM operation: EnableBiasedLocking
Event: 4,055 Executing VM operation: EnableBiasedLocking done
Event: 5,061 Executing VM operation: ParallelGCFailedAllocation
Event: 5,067 Executing VM operation: ParallelGCFailedAllocation done


Dynamic libraries:
00400000-00401000 r-xp 00000000 08:03 71174188                           /usr/share/jdk1.8.0_91/bin/java
00600000-00601000 rw-p 00000000 08:03 71174188                           /usr/share/jdk1.8.0_91/bin/java
00ed4000-00ef5000 rw-p 00000000 00:00 0                                  [heap]
5ca400000-5df300000 rw-p 00000000 00:00 0 
5df300000-718c00000 ---p 00000000 00:00 0 
718c00000-738a80000 rw-p 00000000 00:00 0 
738a80000-7c0000000 ---p 00000000 00:00 0 
7c0000000-7c0260000 rw-p 00000000 00:00 0 
7c0260000-800000000 ---p 00000000 00:00 0 
7f5c24000000-7f5c2868c000 rw-p 00000000 00:00 0 
7f5c2868c000-7f5c2c000000 ---p 00000000 00:00 0 
7f5c2c000000-7f5c34000000 rw-p 00000000 00:00 0 
7f5c34000000-7f5c34021000 rw-p 00000000 00:00 0 
7f5c34021000-7f5c38000000 ---p 00000000 00:00 0 
7f5c38000000-7f5c38021000 rw-p 00000000 00:00 0 
7f5c38021000-7f5c3c000000 ---p 00000000 00:00 0 
7f5c3c000000-7f5c3c2b2000 rw-p 00000000 00:00 0 
7f5c3c2b2000-7f5c40000000 ---p 00000000 00:00 0 
7f5c40000000-7f5c40021000 rw-p 00000000 00:00 0 
7f5c40021000-7f5c44000000 ---p 00000000 00:00 0 
7f5c44000000-7f5c44021000 rw-p 00000000 00:00 0 
7f5c44021000-7f5c48000000 ---p 00000000 00:00 0 
7f5c48604000-7f5c48804000 rw-s 128c85000 00:06 330                       /dev/dri/card0
7f5c48804000-7f5c48a04000 rw-s 12843a000 00:06 330                       /dev/dri/card0
7f5c48a04000-7f5c48c04000 rw-s 1287be000 00:06 330                       /dev/dri/card0
7f5c48c04000-7f5c48c84000 rw-s 125e97000 00:06 330                       /dev/dri/card0
7f5c48c84000-7f5c48d04000 rw-s 125e17000 00:06 330                       /dev/dri/card0
7f5c48d04000-7f5c48d84000 rw-s 125d97000 00:06 330                       /dev/dri/card0
7f5c48d84000-7f5c48d87000 ---p 00000000 00:00 0 
7f5c48d87000-7f5c48e85000 rw-p 00000000 00:00 0 
7f5c48e8e000-7f5c4908e000 rw-p 00000000 00:00 0 
7f5c4908e000-7f5c4928e000 rw-s 127d04000 00:06 330                       /dev/dri/card0
7f5c4928e000-7f5c49c8e000 rwxp 00000000 00:00 0 
7f5c49c8e000-7f5c49ca1000 r--s 00344000 08:03 71303565                   /usr/share/jdk1.8.0_91/jre/lib/resources.jar
7f5c49ca1000-7f5c49ca4000 ---p 00000000 00:00 0 
7f5c49ca4000-7f5c49da2000 rw-p 00000000 00:00 0 
7f5c49da2000-7f5c49e5b000 r--p 00000000 08:03 591338                     /usr/share/fonts/truetype/dejavu/DejaVuSans.ttf
7f5c49e5b000-7f5c49e6f000 r--p 00000000 08:03 37833930                   /usr/share/jdk1.8.0_91/jre/lib/fonts/LucidaBrightItalic.ttf
7f5c49e6f000-7f5c49ebd000 r--p 00000000 08:03 37833929                   /usr/share/jdk1.8.0_91/jre/lib/fonts/LucidaSansDemiBold.ttf
7f5c49ebd000-7f5c49ef7000 r--p 00000000 08:03 37833928                   /usr/share/jdk1.8.0_91/jre/lib/fonts/LucidaTypewriterBold.ttf
7f5c49ef7000-7f5c49f0a000 r--p 00000000 08:03 37833927                   /usr/share/jdk1.8.0_91/jre/lib/fonts/LucidaBrightDemiItalic.ttf
7f5c49f0a000-7f5c49f5f000 r--p 00000000 08:03 37833926                   /usr/share/jdk1.8.0_91/jre/lib/fonts/LucidaBrightRegular.ttf
7f5c49f5f000-7f5c4a00a000 r--p 00000000 08:03 37833925                   /usr/share/jdk1.8.0_91/jre/lib/fonts/LucidaSansRegular.ttf
7f5c4a00a000-7f5c4a01d000 r--p 00000000 08:03 37833924                   /usr/share/jdk1.8.0_91/jre/lib/fonts/LucidaBrightDemiBold.ttf
7f5c4a01d000-7f5c4a059000 r--p 00000000 08:03 37833922                   /usr/share/jdk1.8.0_91/jre/lib/fonts/LucidaTypewriterRegular.ttf
7f5c4a059000-7f5c4a05d000 r-xp 00000000 08:03 71174145                   /usr/share/jdk1.8.0_91/jre/lib/amd64/libjavafx_font_pango.so
7f5c4a05d000-7f5c4a25c000 ---p 00004000 08:03 71174145                   /usr/share/jdk1.8.0_91/jre/lib/amd64/libjavafx_font_pango.so
7f5c4a25c000-7f5c4a25d000 rw-p 00003000 08:03 71174145                   /usr/share/jdk1.8.0_91/jre/lib/amd64/libjavafx_font_pango.so
7f5c4a25d000-7f5c4a261000 r--s 00097000 08:03 71304089                   /usr/share/jdk1.8.0_91/jre/lib/jsse.jar
7f5c4a261000-7f5c4a461000 rw-p 00000000 00:00 0 
7f5c4a461000-7f5c4a466000 r--s 00084000 08:03 71174183                   /usr/share/jdk1.8.0_91/jre/lib/jfr.jar
7f5c4a466000-7f5c4a470000 r-xp 00000000 08:03 71551662                   /usr/lib/x86_64-linux-gnu/gtk-2.0/2.10.0/engines/libpixmap.so
7f5c4a470000-7f5c4a66f000 ---p 0000a000 08:03 71551662                   /usr/lib/x86_64-linux-gnu/gtk-2.0/2.10.0/engines/libpixmap.so
7f5c4a66f000-7f5c4a670000 r--p 00009000 08:03 71551662                   /usr/lib/x86_64-linux-gnu/gtk-2.0/2.10.0/engines/libpixmap.so
7f5c4a670000-7f5c4a671000 rw-p 0000a000 08:03 71551662                   /usr/lib/x86_64-linux-gnu/gtk-2.0/2.10.0/engines/libpixmap.so
7f5c4a671000-7f5c4a6a1000 r-xp 00000000 08:03 72043352                   /usr/lib/x86_64-linux-gnu/gtk-2.0/2.10.0/engines/libmurrine.so
7f5c4a6a1000-7f5c4a8a1000 ---p 00030000 08:03 72043352                   /usr/lib/x86_64-linux-gnu/gtk-2.0/2.10.0/engines/libmurrine.so
7f5c4a8a1000-7f5c4a8a2000 r--p 00030000 08:03 72043352                   /usr/lib/x86_64-linux-gnu/gtk-2.0/2.10.0/engines/libmurrine.so
7f5c4a8a2000-7f5c4a8a3000 rw-p 00031000 08:03 72043352                   /usr/lib/x86_64-linux-gnu/gtk-2.0/2.10.0/engines/libmurrine.so
7f5c4a8a3000-7f5c4a8a7000 r--s 00000000 08:03 37593931                   /var/cache/fontconfig/6aa41aa22e18b8fa06a12da28ea9c28b-le64.cache-6
7f5c4a8a7000-7f5c4a8b2000 r--s 00000000 08:03 37737514                   /var/cache/fontconfig/945677eb7aeaf62f1d50efc3fb3ec7d8-le64.cache-6
7f5c4a8b2000-7f5c4a8b8000 r--s 00000000 08:03 37737495                   /var/cache/fontconfig/2cd17615ca594fa2959ae173292e504c-le64.cache-6
7f5c4a8b8000-7f5c4a8bc000 r--s 00000000 08:03 37737493                   /var/cache/fontconfig/de156ccd2eddbdc19d37a45b8b2aac9c-le64.cache-6
7f5c4a8bc000-7f5c4a8d1000 r--s 00000000 08:03 37737492                   /var/cache/fontconfig/04aabc0a78ac019cf9454389977116d2-le64.cache-6
7f5c4a8d1000-7f5c4a8f8000 r--s 00000000 08:03 37737486                   /var/cache/fontconfig/0bd3dc0958fa2205aaaa8ebb13e2872b-le64.cache-6
7f5c4a8f8000-7f5c4a8ff000 r--s 00000000 08:03 37737483                   /var/cache/fontconfig/3047814df9a2f067bd2d96a2b9c36e5a-le64.cache-6
7f5c4a8ff000-7f5c4a907000 r--s 00000000 08:03 37737482                   /var/cache/fontconfig/bf3b770c553c462765856025a94f1ce6-le64.cache-6
7f5c4a907000-7f5c4a91a000 r--s 00000000 08:03 37737478                   /var/cache/fontconfig/d52a8644073d54c13679302ca1180695-le64.cache-6
7f5c4a91a000-7f5c4a92c000 r--s 00000000 08:03 37737512                   /var/cache/fontconfig/9b89f8e3dae116d678bbf48e5f21f69b-le64.cache-6
7f5c4a92c000-7f5c4a931000 r-xp 00000000 08:03 71174167                   /usr/share/jdk1.8.0_91/jre/lib/amd64/libjavafx_font_freetype.so
7f5c4a931000-7f5c4ab30000 ---p 00005000 08:03 71174167                   /usr/share/jdk1.8.0_91/jre/lib/amd64/libjavafx_font_freetype.so
7f5c4ab30000-7f5c4ab31000 rw-p 00004000 08:03 71174167                   /usr/share/jdk1.8.0_91/jre/lib/amd64/libjavafx_font_freetype.so
7f5c4ab31000-7f5c4ab34000 r-xp 00000000 08:03 71174164                   /usr/share/jdk1.8.0_91/jre/lib/amd64/libjavafx_font.so
7f5c4ab34000-7f5c4ad33000 ---p 00003000 08:03 71174164                   /usr/share/jdk1.8.0_91/jre/lib/amd64/libjavafx_font.so
7f5c4ad33000-7f5c4ad34000 rw-p 00002000 08:03 71174164                   /usr/share/jdk1.8.0_91/jre/lib/amd64/libjavafx_font.so
7f5c4ad34000-7f5c4af34000 rw-p 00000000 00:00 0 
7f5c4af34000-7f5c4af37000 ---p 00000000 00:00 0 
7f5c4af37000-7f5c4b035000 rw-p 00000000 00:00 0 
7f5c4b035000-7f5c4b0b5000 rw-s 126c58000 00:06 330                       /dev/dri/card0
7f5c4b0b5000-7f5c4b0b8000 ---p 00000000 00:00 0 
7f5c4b0b8000-7f5c4b1b6000 rw-p 00000000 00:00 0 
7f5c4b1b6000-7f5c4b1b9000 ---p 00000000 00:00 0 
7f5c4b1b9000-7f5c4b2b7000 rw-p 00000000 00:00 0 
7f5c4b2b7000-7f5c4b2e0000 r-xp 00000000 08:03 71174168                   /usr/share/jdk1.8.0_91/jre/lib/amd64/libglass.so
7f5c4b2e0000-7f5c4b4df000 ---p 00029000 08:03 71174168                   /usr/share/jdk1.8.0_91/jre/lib/amd64/libglass.so
7f5c4b4df000-7f5c4b4e2000 rw-p 00028000 08:03 71174168                   /usr/share/jdk1.8.0_91/jre/lib/amd64/libglass.so
7f5c4b4e2000-7f5c4b519000 r-xp 00000000 08:03 34823622                   /usr/lib/x86_64-linux-gnu/libtxc_dxtn_s2tc.so.0.0.0
7f5c4b519000-7f5c4b718000 ---p 00037000 08:03 34823622                   /usr/lib/x86_64-linux-gnu/libtxc_dxtn_s2tc.so.0.0.0
7f5c4b718000-7f5c4b719000 r--p 00036000 08:03 34823622                   /usr/lib/x86_64-linux-gnu/libtxc_dxtn_s2tc.so.0.0.0
7f5c4b719000-7f5c4b71a000 rw-p 00037000 08:03 34823622                   /usr/lib/x86_64-linux-gnu/libtxc_dxtn_s2tc.so.0.0.0
7f5c4b71a000-7f5c4b72d000 r-xp 00000000 08:03 33648825                   /lib/x86_64-linux-gnu/libbsd.so.0.8.2
7f5c4b72d000-7f5c4b92c000 ---p 00013000 08:03 33648825                   /lib/x86_64-linux-gnu/libbsd.so.0.8.2
7f5c4b92c000-7f5c4b92d000 r--p 00012000 08:03 33648825                   /lib/x86_64-linux-gnu/libbsd.so.0.8.2
7f5c4b92d000-7f5c4b92e000 rw-p 00013000 08:03 33648825                   /lib/x86_64-linux-gnu/libbsd.so.0.8.2
7f5c4b92e000-7f5c4b92f000 rw-p 00000000 00:00 0 
7f5c4b92f000-7f5c4b954000 r-xp 00000000 08:03 33570071                   /lib/x86_64-linux-gnu/libtinfo.so.5.9
7f5c4b954000-7f5c4bb53000 ---p 00025000 08:03 33570071                   /lib/x86_64-linux-gnu/libtinfo.so.5.9
7f5c4bb53000-7f5c4bb57000 r--p 00024000 08:03 33570071                   /lib/x86_64-linux-gnu/libtinfo.so.5.9
7f5c4bb57000-7f5c4bb58000 rw-p 00028000 08:03 33570071                   /lib/x86_64-linux-gnu/libtinfo.so.5.9
7f5c4bb58000-7f5c4bb89000 r-xp 00000000 08:03 34261711                   /usr/lib/x86_64-linux-gnu/libedit.so.2.0.53
7f5c4bb89000-7f5c4bd89000 ---p 00031000 08:03 34261711                   /usr/lib/x86_64-linux-gnu/libedit.so.2.0.53
7f5c4bd89000-7f5c4bd8b000 r--p 00031000 08:03 34261711                   /usr/lib/x86_64-linux-gnu/libedit.so.2.0.53
7f5c4bd8b000-7f5c4bd8c000 rw-p 00033000 08:03 34261711                   /usr/lib/x86_64-linux-gnu/libedit.so.2.0.53
7f5c4bd8c000-7f5c4bd90000 rw-p 00000000 00:00 0 
7f5c4bd90000-7f5c4e96e000 r-xp 00000000 08:03 33570386                   /usr/lib/x86_64-linux-gnu/libLLVM-4.0.so.1
7f5c4e96e000-7f5c4e96f000 ---p 02bde000 08:03 33570386                   /usr/lib/x86_64-linux-gnu/libLLVM-4.0.so.1
7f5c4e96f000-7f5c4ec83000 r--p 02bde000 08:03 33570386                   /usr/lib/x86_64-linux-gnu/libLLVM-4.0.so.1
7f5c4ec83000-7f5c4ec88000 rw-p 02ef2000 08:03 33570386                   /usr/lib/x86_64-linux-gnu/libLLVM-4.0.so.1
7f5c4ec88000-7f5c4ecd7000 rw-p 00000000 00:00 0 
7f5c4ecd7000-7f5c4ecee000 r-xp 00000000 08:03 34261705                   /usr/lib/x86_64-linux-gnu/libelf-0.165.so
7f5c4ecee000-7f5c4eeed000 ---p 00017000 08:03 34261705                   /usr/lib/x86_64-linux-gnu/libelf-0.165.so
7f5c4eeed000-7f5c4eeee000 r--p 00016000 08:03 34261705                   /usr/lib/x86_64-linux-gnu/libelf-0.165.so
7f5c4eeee000-7f5c4eeef000 rw-p 00017000 08:03 34261705                   /usr/lib/x86_64-linux-gnu/libelf-0.165.so
7f5c4eeef000-7f5c4eef8000 r-xp 00000000 08:03 33922155                   /usr/lib/x86_64-linux-gnu/libdrm_amdgpu.so.1.0.0
7f5c4eef8000-7f5c4f0f7000 ---p 00009000 08:03 33922155                   /usr/lib/x86_64-linux-gnu/libdrm_amdgpu.so.1.0.0
7f5c4f0f7000-7f5c4f0f8000 r--p 00008000 08:03 33922155                   /usr/lib/x86_64-linux-gnu/libdrm_amdgpu.so.1.0.0
7f5c4f0f8000-7f5c4f0f9000 rw-p 00009000 08:03 33922155                   /usr/lib/x86_64-linux-gnu/libdrm_amdgpu.so.1.0.0
7f5c4f0f9000-7f5c4f104000 r-xp 00000000 08:03 33713611                   /usr/lib/x86_64-linux-gnu/libdrm_radeon.so.1.0.1
7f5c4f104000-7f5c4f303000 ---p 0000b000 08:03 33713611                   /usr/lib/x86_64-linux-gnu/libdrm_radeon.so.1.0.1
7f5c4f303000-7f5c4f304000 r--p 0000a000 08:03 33713611                   /usr/lib/x86_64-linux-gnu/libdrm_radeon.so.1.0.1
7f5c4f304000-7f5c4f305000 rw-p 0000b000 08:03 33713611                   /usr/lib/x86_64-linux-gnu/libdrm_radeon.so.1.0.1
7f5c4f305000-7f5c4f30c000 r-xp 00000000 08:03 33713617                   /usr/lib/x86_64-linux-gnu/libdrm_nouveau.so.2.0.0
7f5c4f30c000-7f5c4f50b000 ---p 00007000 08:03 33713617                   /usr/lib/x86_64-linux-gnu/libdrm_nouveau.so.2.0.0
7f5c4f50b000-7f5c4f50c000 r--p 00006000 08:03 33713617                   /usr/lib/x86_64-linux-gnu/libdrm_nouveau.so.2.0.0
7f5c4f50c000-7f5c4f50d000 rw-p 00007000 08:03 33713617                   /usr/lib/x86_64-linux-gnu/libdrm_nouveau.so.2.0.0
7f5c4f50d000-7f5c4f51b000 r-xp 00000000 08:03 35507254                   /usr/lib/x86_64-linux-gnu/libsensors.so.4.4.0
7f5c4f51b000-7f5c4f71a000 ---p 0000e000 08:03 35507254                   /usr/lib/x86_64-linux-gnu/libsensors.so.4.4.0
7f5c4f71a000-7f5c4f71b000 r--p 0000d000 08:03 35507254                   /usr/lib/x86_64-linux-gnu/libsensors.so.4.4.0
7f5c4f71b000-7f5c4f71c000 rw-p 0000e000 08:03 35507254                   /usr/lib/x86_64-linux-gnu/libsensors.so.4.4.0
7f5c4f71c000-7f5c500a9000 r-xp 00000000 08:03 101030972                  /usr/lib/x86_64-linux-gnu/dri/nouveau_dri.so
7f5c500a9000-7f5c502a9000 ---p 0098d000 08:03 101030972                  /usr/lib/x86_64-linux-gnu/dri/nouveau_dri.so
7f5c502a9000-7f5c502e4000 r--p 0098d000 08:03 101030972                  /usr/lib/x86_64-linux-gnu/dri/nouveau_dri.so
7f5c502e4000-7f5c502f0000 rw-p 009c8000 08:03 101030972                  /usr/lib/x86_64-linux-gnu/dri/nouveau_dri.so
7f5c502f0000-7f5c504e7000 rw-p 00000000 00:00 0 
7f5c504e7000-7f5c504ed000 r-xp 00000000 08:03 34154441                   /usr/lib/x86_64-linux-gnu/libdatrie.so.1.3.3
7f5c504ed000-7f5c506ed000 ---p 00006000 08:03 34154441                   /usr/lib/x86_64-linux-gnu/libdatrie.so.1.3.3
7f5c506ed000-7f5c506ee000 r--p 00006000 08:03 34154441                   /usr/lib/x86_64-linux-gnu/libdatrie.so.1.3.3
7f5c506ee000-7f5c506ef000 rw-p 00007000 08:03 34154441                   /usr/lib/x86_64-linux-gnu/libdatrie.so.1.3.3
7f5c506ef000-7f5c506f4000 r-xp 00000000 08:03 34035872                   /usr/lib/x86_64-linux-gnu/libXdmcp.so.6.0.0
7f5c506f4000-7f5c508f3000 ---p 00005000 08:03 34035872                   /usr/lib/x86_64-linux-gnu/libXdmcp.so.6.0.0
7f5c508f3000-7f5c508f4000 r--p 00004000 08:03 34035872                   /usr/lib/x86_64-linux-gnu/libXdmcp.so.6.0.0
7f5c508f4000-7f5c508f5000 rw-p 00005000 08:03 34035872                   /usr/lib/x86_64-linux-gnu/libXdmcp.so.6.0.0
7f5c508f5000-7f5c508f7000 r-xp 00000000 08:03 34035846                   /usr/lib/x86_64-linux-gnu/libXau.so.6.0.0
7f5c508f7000-7f5c50af7000 ---p 00002000 08:03 34035846                   /usr/lib/x86_64-linux-gnu/libXau.so.6.0.0
7f5c50af7000-7f5c50af8000 r--p 00002000 08:03 34035846                   /usr/lib/x86_64-linux-gnu/libXau.so.6.0.0
7f5c50af8000-7f5c50af9000 rw-p 00003000 08:03 34035846                   /usr/lib/x86_64-linux-gnu/libXau.so.6.0.0
7f5c50af9000-7f5c50b1d000 r-xp 00000000 08:03 34151317                   /usr/lib/x86_64-linux-gnu/libgraphite2.so.3.0.1
7f5c50b1d000-7f5c50d1c000 ---p 00024000 08:03 34151317                   /usr/lib/x86_64-linux-gnu/libgraphite2.so.3.0.1
7f5c50d1c000-7f5c50d1e000 r--p 00023000 08:03 34151317                   /usr/lib/x86_64-linux-gnu/libgraphite2.so.3.0.1
7f5c50d1e000-7f5c50d1f000 rw-p 00025000 08:03 34151317                   /usr/lib/x86_64-linux-gnu/libgraphite2.so.3.0.1
7f5c50d1f000-7f5c50d2f000 r-xp 00000000 08:03 33713623                   /usr/lib/x86_64-linux-gnu/libdrm.so.2.4.0
7f5c50d2f000-7f5c50f2e000 ---p 00010000 08:03 33713623                   /usr/lib/x86_64-linux-gnu/libdrm.so.2.4.0
7f5c50f2e000-7f5c50f2f000 r--p 0000f000 08:03 33713623                   /usr/lib/x86_64-linux-gnu/libdrm.so.2.4.0
7f5c50f2f000-7f5c50f30000 rw-p 00010000 08:03 33713623                   /usr/lib/x86_64-linux-gnu/libdrm.so.2.4.0
7f5c50f30000-7f5c50f34000 r-xp 00000000 08:03 34258681                   /usr/lib/x86_64-linux-gnu/libxcb-dri2.so.0.0.0
7f5c50f34000-7f5c51133000 ---p 00004000 08:03 34258681                   /usr/lib/x86_64-linux-gnu/libxcb-dri2.so.0.0.0
7f5c51133000-7f5c51134000 r--p 00003000 08:03 34258681                   /usr/lib/x86_64-linux-gnu/libxcb-dri2.so.0.0.0
7f5c51134000-7f5c51135000 rw-p 00004000 08:03 34258681                   /usr/lib/x86_64-linux-gnu/libxcb-dri2.so.0.0.0
7f5c51135000-7f5c5114c000 r-xp 00000000 08:03 34421015                   /usr/lib/x86_64-linux-gnu/libxcb-glx.so.0.0.0
7f5c5114c000-7f5c5134b000 ---p 00017000 08:03 34421015                   /usr/lib/x86_64-linux-gnu/libxcb-glx.so.0.0.0
7f5c5134b000-7f5c5134d000 r--p 00016000 08:03 34421015                   /usr/lib/x86_64-linux-gnu/libxcb-glx.so.0.0.0
7f5c5134d000-7f5c5134e000 rw-p 00018000 08:03 34421015                   /usr/lib/x86_64-linux-gnu/libxcb-glx.so.0.0.0
7f5c5134e000-7f5c5134f000 r-xp 00000000 08:03 34258678                   /usr/lib/x86_64-linux-gnu/libX11-xcb.so.1.0.0
7f5c5134f000-7f5c5154e000 ---p 00001000 08:03 34258678                   /usr/lib/x86_64-linux-gnu/libX11-xcb.so.1.0.0
7f5c5154e000-7f5c5154f000 r--p 00000000 08:03 34258678                   /usr/lib/x86_64-linux-gnu/libX11-xcb.so.1.0.0
7f5c5154f000-7f5c51550000 rw-p 00001000 08:03 34258678                   /usr/lib/x86_64-linux-gnu/libX11-xcb.so.1.0.0
7f5c51550000-7f5c5157a000 r-xp 00000000 08:03 33571056                   /usr/lib/x86_64-linux-gnu/libglapi.so.0.0.0
7f5c5157a000-7f5c51779000 ---p 0002a000 08:03 33571056                   /usr/lib/x86_64-linux-gnu/libglapi.so.0.0.0
7f5c51779000-7f5c5177d000 r--p 00029000 08:03 33571056                   /usr/lib/x86_64-linux-gnu/libglapi.so.0.0.0
7f5c5177d000-7f5c5177e000 rw-p 0002d000 08:03 33571056                   /usr/lib/x86_64-linux-gnu/libglapi.so.0.0.0
7f5c5177e000-7f5c5177f000 rw-p 00000000 00:00 0 
7f5c5177f000-7f5c51780000 r-xp 00000000 08:03 34261681                   /usr/lib/x86_64-linux-gnu/libxshmfence.so.1.0.0
7f5c51780000-7f5c51980000 ---p 00001000 08:03 34261681                   /usr/lib/x86_64-linux-gnu/libxshmfence.so.1.0.0
7f5c51980000-7f5c51981000 r--p 00001000 08:03 34261681                   /usr/lib/x86_64-linux-gnu/libxshmfence.so.1.0.0
7f5c51981000-7f5c51982000 rw-p 00002000 08:03 34261681                   /usr/lib/x86_64-linux-gnu/libxshmfence.so.1.0.0
7f5c51982000-7f5c51987000 r-xp 00000000 08:03 34261671                   /usr/lib/x86_64-linux-gnu/libxcb-sync.so.1.0.0
7f5c51987000-7f5c51b87000 ---p 00005000 08:03 34261671                   /usr/lib/x86_64-linux-gnu/libxcb-sync.so.1.0.0
7f5c51b87000-7f5c51b88000 r--p 00005000 08:03 34261671                   /usr/lib/x86_64-linux-gnu/libxcb-sync.so.1.0.0
7f5c51b88000-7f5c51b89000 rw-p 00006000 08:03 34261671                   /usr/lib/x86_64-linux-gnu/libxcb-sync.so.1.0.0
7f5c51b89000-7f5c51b8b000 r-xp 00000000 08:03 34261666                   /usr/lib/x86_64-linux-gnu/libxcb-present.so.0.0.0
7f5c51b8b000-7f5c51d8a000 ---p 00002000 08:03 34261666                   /usr/lib/x86_64-linux-gnu/libxcb-present.so.0.0.0
7f5c51d8a000-7f5c51d8b000 r--p 00001000 08:03 34261666                   /usr/lib/x86_64-linux-gnu/libxcb-present.so.0.0.0
7f5c51d8b000-7f5c51d8c000 rw-p 00002000 08:03 34261666                   /usr/lib/x86_64-linux-gnu/libxcb-present.so.0.0.0
7f5c51d8c000-7f5c51d8e000 r-xp 00000000 08:03 34258686                   /usr/lib/x86_64-linux-gnu/libxcb-dri3.so.0.0.0
7f5c51d8e000-7f5c51f8d000 ---p 00002000 08:03 34258686                   /usr/lib/x86_64-linux-gnu/libxcb-dri3.so.0.0.0
7f5c51f8d000-7f5c51f8e000 r--p 00001000 08:03 34258686                   /usr/lib/x86_64-linux-gnu/libxcb-dri3.so.0.0.0
7f5c51f8e000-7f5c51f8f000 rw-p 00002000 08:03 34258686                   /usr/lib/x86_64-linux-gnu/libxcb-dri3.so.0.0.0
7f5c51f8f000-7f5c51ffd000 r-xp 00000000 08:03 33570033                   /lib/x86_64-linux-gnu/libpcre.so.3.13.2
7f5c51ffd000-7f5c521fd000 ---p 0006e000 08:03 33570033                   /lib/x86_64-linux-gnu/libpcre.so.3.13.2
7f5c521fd000-7f5c521fe000 r--p 0006e000 08:03 33570033                   /lib/x86_64-linux-gnu/libpcre.so.3.13.2
7f5c521fe000-7f5c521ff000 rw-p 0006f000 08:03 33570033                   /lib/x86_64-linux-gnu/libpcre.so.3.13.2
7f5c521ff000-7f5c52206000 r-xp 00000000 08:03 33648829                   /usr/lib/x86_64-linux-gnu/libffi.so.6.0.4
7f5c52206000-7f5c52405000 ---p 00007000 08:03 33648829                   /usr/lib/x86_64-linux-gnu/libffi.so.6.0.4
7f5c52405000-7f5c52406000 r--p 00006000 08:03 33648829                   /usr/lib/x86_64-linux-gnu/libffi.so.6.0.4
7f5c52406000-7f5c52407000 rw-p 00007000 08:03 33648829                   /usr/lib/x86_64-linux-gnu/libffi.so.6.0.4
7f5c52407000-7f5c5242d000 r-xp 00000000 08:03 33922161                   /lib/x86_64-linux-gnu/libexpat.so.1.6.0
7f5c5242d000-7f5c5262d000 ---p 00026000 08:03 33922161                   /lib/x86_64-linux-gnu/libexpat.so.1.6.0
7f5c5262d000-7f5c5262f000 r--p 00026000 08:03 33922161                   /lib/x86_64-linux-gnu/libexpat.so.1.6.0
7f5c5262f000-7f5c52630000 rw-p 00028000 08:03 33922161                   /lib/x86_64-linux-gnu/libexpat.so.1.6.0
7f5c52630000-7f5c52638000 r-xp 00000000 08:03 34154444                   /usr/lib/x86_64-linux-gnu/libthai.so.0.2.4
7f5c52638000-7f5c52837000 ---p 00008000 08:03 34154444                   /usr/lib/x86_64-linux-gnu/libthai.so.0.2.4
7f5c52837000-7f5c52838000 r--p 00007000 08:03 34154444                   /usr/lib/x86_64-linux-gnu/libthai.so.0.2.4
7f5c52838000-7f5c52839000 rw-p 00008000 08:03 34154444                   /usr/lib/x86_64-linux-gnu/libthai.so.0.2.4
7f5c52839000-7f5c5285a000 r-xp 00000000 08:03 34035901                   /usr/lib/x86_64-linux-gnu/libxcb.so.1.1.0
7f5c5285a000-7f5c52a59000 ---p 00021000 08:03 34035901                   /usr/lib/x86_64-linux-gnu/libxcb.so.1.1.0
7f5c52a59000-7f5c52a5a000 r--p 00020000 08:03 34035901                   /usr/lib/x86_64-linux-gnu/libxcb.so.1.1.0
7f5c52a5a000-7f5c52a5b000 rw-p 00021000 08:03 34035901                   /usr/lib/x86_64-linux-gnu/libxcb.so.1.1.0
7f5c52a5b000-7f5c52a63000 r-xp 00000000 08:03 34080400                   /usr/lib/x86_64-linux-gnu/libxcb-render.so.0.0.0
7f5c52a63000-7f5c52c63000 ---p 00008000 08:03 34080400                   /usr/lib/x86_64-linux-gnu/libxcb-render.so.0.0.0
7f5c52c63000-7f5c52c64000 r--p 00008000 08:03 34080400                   /usr/lib/x86_64-linux-gnu/libxcb-render.so.0.0.0
7f5c52c64000-7f5c52c65000 rw-p 00009000 08:03 34080400                   /usr/lib/x86_64-linux-gnu/libxcb-render.so.0.0.0
7f5c52c65000-7f5c52c67000 r-xp 00000000 08:03 34080404                   /usr/lib/x86_64-linux-gnu/libxcb-shm.so.0.0.0
7f5c52c67000-7f5c52e67000 ---p 00002000 08:03 34080404                   /usr/lib/x86_64-linux-gnu/libxcb-shm.so.0.0.0
7f5c52e67000-7f5c52e68000 r--p 00002000 08:03 34080404                   /usr/lib/x86_64-linux-gnu/libxcb-shm.so.0.0.0
7f5c52e68000-7f5c52e69000 rw-p 00003000 08:03 34080404                   /usr/lib/x86_64-linux-gnu/libxcb-shm.so.0.0.0
7f5c52e69000-7f5c52e8d000 r-xp 00000000 08:03 33687915                   /lib/x86_64-linux-gnu/libpng12.so.0.54.0
7f5c52e8d000-7f5c5308c000 ---p 00024000 08:03 33687915                   /lib/x86_64-linux-gnu/libpng12.so.0.54.0
7f5c5308c000-7f5c5308d000 r--p 00023000 08:03 33687915                   /lib/x86_64-linux-gnu/libpng12.so.0.54.0
7f5c5308d000-7f5c5308e000 rw-p 00024000 08:03 33687915                   /lib/x86_64-linux-gnu/libpng12.so.0.54.0
7f5c5308e000-7f5c5312d000 r-xp 00000000 08:03 34080395                   /usr/lib/x86_64-linux-gnu/libpixman-1.so.0.33.6
7f5c5312d000-7f5c5332d000 ---p 0009f000 08:03 34080395                   /usr/lib/x86_64-linux-gnu/libpixman-1.so.0.33.6
7f5c5332d000-7f5c53335000 r--p 0009f000 08:03 34080395                   /usr/lib/x86_64-linux-gnu/libpixman-1.so.0.33.6
7f5c53335000-7f5c53336000 rw-p 000a7000 08:03 34080395                   /usr/lib/x86_64-linux-gnu/libpixman-1.so.0.33.6
7f5c53336000-7f5c53392000 r-xp 00000000 08:03 34154460                   /usr/lib/x86_64-linux-gnu/libharfbuzz.so.0.10000.1
7f5c53392000-7f5c53592000 ---p 0005c000 08:03 34154460                   /usr/lib/x86_64-linux-gnu/libharfbuzz.so.0.10000.1
7f5c53592000-7f5c53593000 r--p 0005c000 08:03 34154460                   /usr/lib/x86_64-linux-gnu/libharfbuzz.so.0.10000.1
7f5c53593000-7f5c53594000 rw-p 0005d000 08:03 34154460                   /usr/lib/x86_64-linux-gnu/libharfbuzz.so.0.10000.1
7f5c53594000-7f5c535ab000 r-xp 00000000 08:03 33570503                   /lib/x86_64-linux-gnu/libresolv-2.23.so
7f5c535ab000-7f5c537ab000 ---p 00017000 08:03 33570503                   /lib/x86_64-linux-gnu/libresolv-2.23.so
7f5c537ab000-7f5c537ac000 r--p 00017000 08:03 33570503                   /lib/x86_64-linux-gnu/libresolv-2.23.so
7f5c537ac000-7f5c537ad000 rw-p 00018000 08:03 33570503                   /lib/x86_64-linux-gnu/libresolv-2.23.so
7f5c537ad000-7f5c537af000 rw-p 00000000 00:00 0 
7f5c537af000-7f5c537ce000 r-xp 00000000 08:03 33570049                   /lib/x86_64-linux-gnu/libselinux.so.1
7f5c537ce000-7f5c539cd000 ---p 0001f000 08:03 33570049                   /lib/x86_64-linux-gnu/libselinux.so.1
7f5c539cd000-7f5c539ce000 r--p 0001e000 08:03 33570049                   /lib/x86_64-linux-gnu/libselinux.so.1
7f5c539ce000-7f5c539cf000 rw-p 0001f000 08:03 33570049                   /lib/x86_64-linux-gnu/libselinux.so.1
7f5c539cf000-7f5c539d1000 rw-p 00000000 00:00 0 
7f5c539d1000-7f5c539ea000 r-xp 00000000 08:03 33570329                   /lib/x86_64-linux-gnu/libz.so.1.2.8
7f5c539ea000-7f5c53be9000 ---p 00019000 08:03 33570329                   /lib/x86_64-linux-gnu/libz.so.1.2.8
7f5c53be9000-7f5c53bea000 r--p 00018000 08:03 33570329                   /lib/x86_64-linux-gnu/libz.so.1.2.8
7f5c53bea000-7f5c53beb000 rw-p 00019000 08:03 33570329                   /lib/x86_64-linux-gnu/libz.so.1.2.8
7f5c53beb000-7f5c53bfc000 r-xp 00000000 08:03 34034192                   /usr/lib/x86_64-linux-gnu/libXext.so.6.4.0
7f5c53bfc000-7f5c53dfb000 ---p 00011000 08:03 34034192                   /usr/lib/x86_64-linux-gnu/libXext.so.6.4.0
7f5c53dfb000-7f5c53dfc000 r--p 00010000 08:03 34034192                   /usr/lib/x86_64-linux-gnu/libXext.so.6.4.0
7f5c53dfc000-7f5c53dfd000 rw-p 00011000 08:03 34034192                   /usr/lib/x86_64-linux-gnu/libXext.so.6.4.0
7f5c53dfd000-7f5c53dff000 r-xp 00000000 08:03 34344623                   /usr/lib/x86_64-linux-gnu/libXdamage.so.1.1.0
7f5c53dff000-7f5c53ffe000 ---p 00002000 08:03 34344623                   /usr/lib/x86_64-linux-gnu/libXdamage.so.1.1.0
7f5c53ffe000-7f5c53fff000 r--p 00001000 08:03 34344623                   /usr/lib/x86_64-linux-gnu/libXdamage.so.1.1.0
7f5c53fff000-7f5c54000000 rw-p 00002000 08:03 34344623                   /usr/lib/x86_64-linux-gnu/libXdamage.so.1.1.0
7f5c54000000-7f5c58000000 rw-p 00000000 00:00 0 
7f5c58001000-7f5c58005000 r--s 00000000 08:03 37737490                   /var/cache/fontconfig/385c0604a188198f04d133e54aba7fe7-le64.cache-6
7f5c58005000-7f5c5801b000 r--s 00000000 08:03 41371486                   /var/cache/fontconfig/e13b20fdb08344e0e664864cc2ede53d-le64.cache-6
7f5c5801b000-7f5c5803c000 r--s 00000000 08:03 37593926                   /var/cache/fontconfig/467c019e582ee353435ea5c21d137ef6-le64.cache-6
7f5c5803c000-7f5c580bc000 rw-s 125d17000 00:06 330                       /dev/dri/card0
7f5c580bc000-7f5c580be000 r-xp 00000000 08:03 34344619                   /usr/lib/x86_64-linux-gnu/libXcomposite.so.1.0.0
7f5c580be000-7f5c582bd000 ---p 00002000 08:03 34344619                   /usr/lib/x86_64-linux-gnu/libXcomposite.so.1.0.0
7f5c582bd000-7f5c582be000 r--p 00001000 08:03 34344619                   /usr/lib/x86_64-linux-gnu/libXcomposite.so.1.0.0
7f5c582be000-7f5c582bf000 rw-p 00002000 08:03 34344619                   /usr/lib/x86_64-linux-gnu/libXcomposite.so.1.0.0
7f5c582bf000-7f5c582c8000 r-xp 00000000 08:03 34344629                   /usr/lib/x86_64-linux-gnu/libXcursor.so.1.0.2
7f5c582c8000-7f5c584c7000 ---p 00009000 08:03 34344629                   /usr/lib/x86_64-linux-gnu/libXcursor.so.1.0.2
7f5c584c7000-7f5c584c8000 r--p 00008000 08:03 34344629                   /usr/lib/x86_64-linux-gnu/libXcursor.so.1.0.2
7f5c584c8000-7f5c584c9000 rw-p 00009000 08:03 34344629                   /usr/lib/x86_64-linux-gnu/libXcursor.so.1.0.2
7f5c584c9000-7f5c584d3000 r-xp 00000000 08:03 34344650                   /usr/lib/x86_64-linux-gnu/libXrandr.so.2.2.0
7f5c584d3000-7f5c586d2000 ---p 0000a000 08:03 34344650                   /usr/lib/x86_64-linux-gnu/libXrandr.so.2.2.0
7f5c586d2000-7f5c586d3000 r--p 00009000 08:03 34344650                   /usr/lib/x86_64-linux-gnu/libXrandr.so.2.2.0
7f5c586d3000-7f5c586d4000 rw-p 0000a000 08:03 34344650                   /usr/lib/x86_64-linux-gnu/libXrandr.so.2.2.0
7f5c586d4000-7f5c586e3000 r-xp 00000000 08:03 34344639                   /usr/lib/x86_64-linux-gnu/libXi.so.6.1.0
7f5c586e3000-7f5c588e2000 ---p 0000f000 08:03 34344639                   /usr/lib/x86_64-linux-gnu/libXi.so.6.1.0
7f5c588e2000-7f5c588e3000 r--p 0000e000 08:03 34344639                   /usr/lib/x86_64-linux-gnu/libXi.so.6.1.0
7f5c588e3000-7f5c588e4000 rw-p 0000f000 08:03 34344639                   /usr/lib/x86_64-linux-gnu/libXi.so.6.1.0
7f5c588e4000-7f5c588e6000 r-xp 00000000 08:03 34344633                   /usr/lib/x86_64-linux-gnu/libXinerama.so.1.0.0
7f5c588e6000-7f5c58ae5000 ---p 00002000 08:03 34344633                   /usr/lib/x86_64-linux-gnu/libXinerama.so.1.0.0
7f5c58ae5000-7f5c58ae6000 r--p 00001000 08:03 34344633                   /usr/lib/x86_64-linux-gnu/libXinerama.so.1.0.0
7f5c58ae6000-7f5c58ae7000 rw-p 00002000 08:03 34344633                   /usr/lib/x86_64-linux-gnu/libXinerama.so.1.0.0
7f5c58ae7000-7f5c58af0000 r-xp 00000000 08:03 34080407                   /usr/lib/x86_64-linux-gnu/libXrender.so.1.3.0
7f5c58af0000-7f5c58cef000 ---p 00009000 08:03 34080407                   /usr/lib/x86_64-linux-gnu/libXrender.so.1.3.0
7f5c58cef000-7f5c58cf0000 r--p 00008000 08:03 34080407                   /usr/lib/x86_64-linux-gnu/libXrender.so.1.3.0
7f5c58cf0000-7f5c58cf1000 rw-p 00009000 08:03 34080407                   /usr/lib/x86_64-linux-gnu/libXrender.so.1.3.0
7f5c58cf1000-7f5c58cf6000 r-xp 00000000 08:03 34344613                   /usr/lib/x86_64-linux-gnu/libXfixes.so.3.1.0
7f5c58cf6000-7f5c58ef5000 ---p 00005000 08:03 34344613                   /usr/lib/x86_64-linux-gnu/libXfixes.so.3.1.0
7f5c58ef5000-7f5c58ef6000 r--p 00004000 08:03 34344613                   /usr/lib/x86_64-linux-gnu/libXfixes.so.3.1.0
7f5c58ef6000-7f5c58ef7000 rw-p 00005000 08:03 34344613                   /usr/lib/x86_64-linux-gnu/libXfixes.so.3.1.0
7f5c58ef7000-7f5c58f0d000 r-xp 00000000 08:03 33569974                   /lib/x86_64-linux-gnu/libgcc_s.so.1
7f5c58f0d000-7f5c5910c000 ---p 00016000 08:03 33569974                   /lib/x86_64-linux-gnu/libgcc_s.so.1
7f5c5910c000-7f5c5910d000 rw-p 00015000 08:03 33569974                   /lib/x86_64-linux-gnu/libgcc_s.so.1
7f5c5910d000-7f5c5927f000 r-xp 00000000 08:03 33646122                   /usr/lib/x86_64-linux-gnu/libstdc++.so.6.0.21
7f5c5927f000-7f5c5947f000 ---p 00172000 08:03 33646122                   /usr/lib/x86_64-linux-gnu/libstdc++.so.6.0.21
7f5c5947f000-7f5c59489000 r--p 00172000 08:03 33646122                   /usr/lib/x86_64-linux-gnu/libstdc++.so.6.0.21
7f5c59489000-7f5c5948b000 rw-p 0017c000 08:03 33646122                   /usr/lib/x86_64-linux-gnu/libstdc++.so.6.0.21
7f5c5948b000-7f5c5948f000 rw-p 00000000 00:00 0 
7f5c5948f000-7f5c594fd000 r-xp 00000000 08:03 71358372                   /usr/lib/x86_64-linux-gnu/mesa/libGL.so.1.2.0
7f5c594fd000-7f5c596fc000 ---p 0006e000 08:03 71358372                   /usr/lib/x86_64-linux-gnu/mesa/libGL.so.1.2.0
7f5c596fc000-7f5c596ff000 r--p 0006d000 08:03 71358372                   /usr/lib/x86_64-linux-gnu/mesa/libGL.so.1.2.0
7f5c596ff000-7f5c59700000 rw-p 00070000 08:03 71358372                   /usr/lib/x86_64-linux-gnu/mesa/libGL.so.1.2.0
7f5c59700000-7f5c59701000 rw-p 00000000 00:00 0 
7f5c59701000-7f5c59706000 r-xp 00000000 08:03 34421024                   /usr/lib/x86_64-linux-gnu/libXxf86vm.so.1.0.0
7f5c59706000-7f5c59905000 ---p 00005000 08:03 34421024                   /usr/lib/x86_64-linux-gnu/libXxf86vm.so.1.0.0
7f5c59905000-7f5c59906000 r--p 00004000 08:03 34421024                   /usr/lib/x86_64-linux-gnu/libXxf86vm.so.1.0.0
7f5c59906000-7f5c59907000 rw-p 00005000 08:03 34421024                   /usr/lib/x86_64-linux-gnu/libXxf86vm.so.1.0.0
7f5c59907000-7f5c59a3c000 r-xp 00000000 08:03 34034189                   /usr/lib/x86_64-linux-gnu/libX11.so.6.3.0
7f5c59a3c000-7f5c59c3c000 ---p 00135000 08:03 34034189                   /usr/lib/x86_64-linux-gnu/libX11.so.6.3.0
7f5c59c3c000-7f5c59c3d000 r--p 00135000 08:03 34034189                   /usr/lib/x86_64-linux-gnu/libX11.so.6.3.0
7f5c59c3d000-7f5c59c41000 rw-p 00136000 08:03 34034189                   /usr/lib/x86_64-linux-gnu/libX11.so.6.3.0
7f5c59c41000-7f5c59c46000 r-xp 00000000 08:03 34640110                   /usr/lib/x86_64-linux-gnu/libXtst.so.6.1.0
7f5c59c46000-7f5c59e45000 ---p 00005000 08:03 34640110                   /usr/lib/x86_64-linux-gnu/libXtst.so.6.1.0
7f5c59e45000-7f5c59e46000 r--p 00004000 08:03 34640110                   /usr/lib/x86_64-linux-gnu/libXtst.so.6.1.0
7f5c59e46000-7f5c59e47000 rw-p 00005000 08:03 34640110                   /usr/lib/x86_64-linux-gnu/libXtst.so.6.1.0
7f5c59e47000-7f5c59f56000 r-xp 00000000 08:03 33570867                   /lib/x86_64-linux-gnu/libglib-2.0.so.0.4800.2
7f5c59f56000-7f5c5a155000 ---p 0010f000 08:03 33570867                   /lib/x86_64-linux-gnu/libglib-2.0.so.0.4800.2
7f5c5a155000-7f5c5a156000 r--p 0010e000 08:03 33570867                   /lib/x86_64-linux-gnu/libglib-2.0.so.0.4800.2
7f5c5a156000-7f5c5a157000 rw-p 0010f000 08:03 33570867                   /lib/x86_64-linux-gnu/libglib-2.0.so.0.4800.2
7f5c5a157000-7f5c5a158000 rw-p 00000000 00:00 0 
7f5c5a158000-7f5c5a159000 r-xp 00000000 08:03 33570869                   /usr/lib/x86_64-linux-gnu/libgthread-2.0.so.0.4800.2
7f5c5a159000-7f5c5a358000 ---p 00001000 08:03 33570869                   /usr/lib/x86_64-linux-gnu/libgthread-2.0.so.0.4800.2
7f5c5a358000-7f5c5a359000 r--p 00000000 08:03 33570869                   /usr/lib/x86_64-linux-gnu/libgthread-2.0.so.0.4800.2
7f5c5a359000-7f5c5a35a000 rw-p 00001000 08:03 33570869                   /usr/lib/x86_64-linux-gnu/libgthread-2.0.so.0.4800.2
7f5c5a35a000-7f5c5a35d000 r-xp 00000000 08:03 33570868                   /usr/lib/x86_64-linux-gnu/libgmodule-2.0.so.0.4800.2
7f5c5a35d000-7f5c5a55c000 ---p 00003000 08:03 33570868                   /usr/lib/x86_64-linux-gnu/libgmodule-2.0.so.0.4800.2
7f5c5a55c000-7f5c5a55d000 r--p 00002000 08:03 33570868                   /usr/lib/x86_64-linux-gnu/libgmodule-2.0.so.0.4800.2
7f5c5a55d000-7f5c5a55e000 rw-p 00003000 08:03 33570868                   /usr/lib/x86_64-linux-gnu/libgmodule-2.0.so.0.4800.2
7f5c5a55e000-7f5c5a5b0000 r-xp 00000000 08:03 33570870                   /usr/lib/x86_64-linux-gnu/libgobject-2.0.so.0.4800.2
7f5c5a5b0000-7f5c5a7af000 ---p 00052000 08:03 33570870                   /usr/lib/x86_64-linux-gnu/libgobject-2.0.so.0.4800.2
7f5c5a7af000-7f5c5a7b0000 r--p 00051000 08:03 33570870                   /usr/lib/x86_64-linux-gnu/libgobject-2.0.so.0.4800.2
7f5c5a7b0000-7f5c5a7b1000 rw-p 00052000 08:03 33570870                   /usr/lib/x86_64-linux-gnu/libgobject-2.0.so.0.4800.2
7f5c5a7b1000-7f5c5a7ee000 r-xp 00000000 08:03 34075569                   /usr/lib/x86_64-linux-gnu/libfontconfig.so.1.9.0
7f5c5a7ee000-7f5c5a9ed000 ---p 0003d000 08:03 34075569                   /usr/lib/x86_64-linux-gnu/libfontconfig.so.1.9.0
7f5c5a9ed000-7f5c5a9ef000 r--p 0003c000 08:03 34075569                   /usr/lib/x86_64-linux-gnu/libfontconfig.so.1.9.0
7f5c5a9ef000-7f5c5a9f4000 rw-p 0003e000 08:03 34075569                   /usr/lib/x86_64-linux-gnu/libfontconfig.so.1.9.0
7f5c5a9f4000-7f5c5aa98000 r-xp 00000000 08:03 34075575                   /usr/lib/x86_64-linux-gnu/libfreetype.so.6.12.1
7f5c5aa98000-7f5c5ac97000 ---p 000a4000 08:03 34075575                   /usr/lib/x86_64-linux-gnu/libfreetype.so.6.12.1
7f5c5ac97000-7f5c5ac9d000 r--p 000a3000 08:03 34075575                   /usr/lib/x86_64-linux-gnu/libfreetype.so.6.12.1
7f5c5ac9d000-7f5c5ac9e000 rw-p 000a9000 08:03 34075575                   /usr/lib/x86_64-linux-gnu/libfreetype.so.6.12.1
7f5c5ac9e000-7f5c5ace7000 r-xp 00000000 08:03 34154450                   /usr/lib/x86_64-linux-gnu/libpango-1.0.so.0.3800.1
7f5c5ace7000-7f5c5aee7000 ---p 00049000 08:03 34154450                   /usr/lib/x86_64-linux-gnu/libpango-1.0.so.0.3800.1
7f5c5aee7000-7f5c5aee9000 r--p 00049000 08:03 34154450                   /usr/lib/x86_64-linux-gnu/libpango-1.0.so.0.3800.1
7f5c5aee9000-7f5c5aeea000 rw-p 0004b000 08:03 34154450                   /usr/lib/x86_64-linux-gnu/libpango-1.0.so.0.3800.1
7f5c5aeea000-7f5c5aff8000 r-xp 00000000 08:03 34080413                   /usr/lib/x86_64-linux-gnu/libcairo.so.2.11400.6
7f5c5aff8000-7f5c5b1f8000 ---p 0010e000 08:03 34080413                   /usr/lib/x86_64-linux-gnu/libcairo.so.2.11400.6
7f5c5b1f8000-7f5c5b1fb000 r--p 0010e000 08:03 34080413                   /usr/lib/x86_64-linux-gnu/libcairo.so.2.11400.6
7f5c5b1fb000-7f5c5b1fc000 rw-p 00111000 08:03 34080413                   /usr/lib/x86_64-linux-gnu/libcairo.so.2.11400.6
7f5c5b1fc000-7f5c5b1fe000 rw-p 00000000 00:00 0 
7f5c5b1fe000-7f5c5b20a000 r-xp 00000000 08:03 34158089                   /usr/lib/x86_64-linux-gnu/libpangocairo-1.0.so.0.3800.1
7f5c5b20a000-7f5c5b409000 ---p 0000c000 08:03 34158089                   /usr/lib/x86_64-linux-gnu/libpangocairo-1.0.so.0.3800.1
7f5c5b409000-7f5c5b40a000 r--p 0000b000 08:03 34158089                   /usr/lib/x86_64-linux-gnu/libpangocairo-1.0.so.0.3800.1
7f5c5b40a000-7f5c5b40b000 rw-p 0000c000 08:03 34158089                   /usr/lib/x86_64-linux-gnu/libpangocairo-1.0.so.0.3800.1
7f5c5b40b000-7f5c5b42c000 r-xp 00000000 08:03 33583084                   /usr/lib/x86_64-linux-gnu/libgdk_pixbuf-2.0.so.0.3200.2
7f5c5b42c000-7f5c5b62b000 ---p 00021000 08:03 33583084                   /usr/lib/x86_64-linux-gnu/libgdk_pixbuf-2.0.so.0.3200.2
7f5c5b62b000-7f5c5b62c000 r--p 00020000 08:03 33583084                   /usr/lib/x86_64-linux-gnu/libgdk_pixbuf-2.0.so.0.3200.2
7f5c5b62c000-7f5c5b62d000 rw-p 00021000 08:03 33583084                   /usr/lib/x86_64-linux-gnu/libgdk_pixbuf-2.0.so.0.3200.2
7f5c5b62d000-7f5c5b7ad000 r-xp 00000000 08:03 33570871                   /usr/lib/x86_64-linux-gnu/libgio-2.0.so.0.4800.2
7f5c5b7ad000-7f5c5b9ad000 ---p 00180000 08:03 33570871                   /usr/lib/x86_64-linux-gnu/libgio-2.0.so.0.4800.2
7f5c5b9ad000-7f5c5b9b1000 r--p 00180000 08:03 33570871                   /usr/lib/x86_64-linux-gnu/libgio-2.0.so.0.4800.2
7f5c5b9b1000-7f5c5b9b3000 rw-p 00184000 08:03 33570871                   /usr/lib/x86_64-linux-gnu/libgio-2.0.so.0.4800.2
7f5c5b9b3000-7f5c5b9b5000 rw-p 00000000 00:00 0 
7f5c5b9b5000-7f5c5bdf3000 r-xp 00000000 08:03 34393737                   /usr/lib/x86_64-linux-gnu/libgtk-x11-2.0.so.0.2400.30
7f5c5bdf3000-7f5c5bff2000 ---p 0043e000 08:03 34393737                   /usr/lib/x86_64-linux-gnu/libgtk-x11-2.0.so.0.2400.30
7f5c5bff2000-7f5c5bff9000 r--p 0043d000 08:03 34393737                   /usr/lib/x86_64-linux-gnu/libgtk-x11-2.0.so.0.2400.30
7f5c5bff9000-7f5c5bffd000 rw-p 00444000 08:03 34393737                   /usr/lib/x86_64-linux-gnu/libgtk-x11-2.0.so.0.2400.30
7f5c5bffd000-7f5c5c000000 rw-p 00000000 00:00 0 
7f5c5c000000-7f5c5c021000 rw-p 00000000 00:00 0 
7f5c5c021000-7f5c60000000 ---p 00000000 00:00 0 
7f5c60000000-7f5c60021000 rw-p 00000000 00:00 0 
7f5c60021000-7f5c64000000 ---p 00000000 00:00 0 
7f5c64000000-7f5c65c64000 rw-p 00000000 00:00 0 
7f5c65c64000-7f5c68000000 ---p 00000000 00:00 0 
7f5c68000000-7f5c6840f000 rw-p 00000000 00:00 0 
7f5c6840f000-7f5c6c000000 ---p 00000000 00:00 0 
7f5c6c000000-7f5c6cb52000 rw-p 00000000 00:00 0 
7f5c6cb52000-7f5c70000000 ---p 00000000 00:00 0 
7f5c70000000-7f5c711f9000 rw-p 00000000 00:00 0 
7f5c711f9000-7f5c74000000 ---p 00000000 00:00 0 
7f5c74000000-7f5c74021000 rw-p 00000000 00:00 0 
7f5c74021000-7f5c78000000 ---p 00000000 00:00 0 
7f5c78000000-7f5c78021000 rw-p 00000000 00:00 0 
7f5c78021000-7f5c7c000000 ---p 00000000 00:00 0 
7f5c7c000000-7f5c7c021000 rw-p 00000000 00:00 0 
7f5c7c021000-7f5c80000000 ---p 00000000 00:00 0 
7f5c80001000-7f5c80004000 r--s 00000000 08:03 37737488                   /var/cache/fontconfig/767a8244fc0220cfb567a839d0392e0b-le64.cache-6
7f5c80004000-7f5c8002f000 r--p 00000000 08:03 37754511                   /usr/share/locale-langpack/fr/LC_MESSAGES/gtk20-properties.mo
7f5c8002f000-7f5c80055000 r--p 00000000 08:03 34047513                   /usr/share/locale-langpack/fr/LC_MESSAGES/libc.mo
7f5c80055000-7f5c80069000 r-xp 00000000 08:03 34158081                   /usr/lib/x86_64-linux-gnu/libpangoft2-1.0.so.0.3800.1
7f5c80069000-7f5c80269000 ---p 00014000 08:03 34158081                   /usr/lib/x86_64-linux-gnu/libpangoft2-1.0.so.0.3800.1
7f5c80269000-7f5c8026a000 r--p 00014000 08:03 34158081                   /usr/lib/x86_64-linux-gnu/libpangoft2-1.0.so.0.3800.1
7f5c8026a000-7f5c8026b000 rw-p 00015000 08:03 34158081                   /usr/lib/x86_64-linux-gnu/libpangoft2-1.0.so.0.3800.1
7f5c8026b000-7f5c8031b000 r-xp 00000000 08:03 34391839                   /usr/lib/x86_64-linux-gnu/libgdk-x11-2.0.so.0.2400.30
7f5c8031b000-7f5c8051a000 ---p 000b0000 08:03 34391839                   /usr/lib/x86_64-linux-gnu/libgdk-x11-2.0.so.0.2400.30
7f5c8051a000-7f5c8051e000 r--p 000af000 08:03 34391839                   /usr/lib/x86_64-linux-gnu/libgdk-x11-2.0.so.0.2400.30
7f5c8051e000-7f5c80520000 rw-p 000b3000 08:03 34391839                   /usr/lib/x86_64-linux-gnu/libgdk-x11-2.0.so.0.2400.30
7f5c80520000-7f5c90000000 rw-p 00000000 00:00 0 
7f5c90000000-7f5c90021000 rw-p 00000000 00:00 0 
7f5c90021000-7f5c94000000 ---p 00000000 00:00 0 
7f5c94000000-7f5c94021000 rw-p 00000000 00:00 0 
7f5c94021000-7f5c98000000 ---p 00000000 00:00 0 
7f5c98000000-7f5c98021000 rw-p 00000000 00:00 0 
7f5c98021000-7f5c9c000000 ---p 00000000 00:00 0 
7f5c9c000000-7f5c9c021000 rw-p 00000000 00:00 0 
7f5c9c021000-7f5ca0000000 ---p 00000000 00:00 0 
7f5ca0000000-7f5ca0001000 r--s 00000000 08:03 37737494                   /var/cache/fontconfig/0d8c3b2ac0904cb8a57a757ad11a4a08-le64.cache-6
7f5ca0001000-7f5ca000c000 r--s 00000000 08:03 37737476                   /var/cache/fontconfig/d589a48862398ed80a3d6066f4f56f4c-le64.cache-6
7f5ca000c000-7f5ca002e000 r-xp 00000000 08:03 34244691                   /usr/lib/x86_64-linux-gnu/libatk-1.0.so.0.21809.1
7f5ca002e000-7f5ca022d000 ---p 00022000 08:03 34244691                   /usr/lib/x86_64-linux-gnu/libatk-1.0.so.0.21809.1
7f5ca022d000-7f5ca0230000 r--p 00021000 08:03 34244691                   /usr/lib/x86_64-linux-gnu/libatk-1.0.so.0.21809.1
7f5ca0230000-7f5ca0231000 rw-p 00024000 08:03 34244691                   /usr/lib/x86_64-linux-gnu/libatk-1.0.so.0.21809.1
7f5ca0231000-7f5ca0232000 r--s 00000000 08:03 37737491                   /var/cache/fontconfig/1ac9eb803944fde146138c791f5cc56a-le64.cache-6
7f5ca0232000-7f5ca0237000 r--s 00000000 08:03 37737485                   /var/cache/fontconfig/8801497958630a81b71ace7c5f9b32a8-le64.cache-6
7f5ca0237000-7f5ca0242000 r--s 00000000 08:03 37737472                   /var/cache/fontconfig/83bf95040141907cd45bb53cf7c1c148-le64.cache-6
7f5ca0242000-7f5ca0251000 r--p 00000000 08:03 37754517                   /usr/share/locale-langpack/fr/LC_MESSAGES/gtk20.mo
7f5ca0251000-7f5ca025d000 r-xp 00000000 08:03 71303457                   /usr/share/jdk1.8.0_91/jre/lib/amd64/libprism_es2.so
7f5ca025d000-7f5ca045c000 ---p 0000c000 08:03 71303457                   /usr/share/jdk1.8.0_91/jre/lib/amd64/libprism_es2.so
7f5ca045c000-7f5ca045d000 rw-p 0000b000 08:03 71303457                   /usr/share/jdk1.8.0_91/jre/lib/amd64/libprism_es2.so
7f5ca045d000-7f5ca0460000 ---p 00000000 00:00 0 
7f5ca0460000-7f5ca055e000 rw-p 00000000 00:00 0 
7f5ca055e000-7f5ca05f3000 r--s 01103000 08:03 102835431                  /usr/share/jdk1.8.0_91/jre/lib/ext/jfxrt.jar
7f5ca05f3000-7f5ca05f4000 ---p 00000000 00:00 0 
7f5ca05f4000-7f5ca06f4000 rw-p 00000000 00:00 0 
7f5ca06f4000-7f5ca06f7000 ---p 00000000 00:00 0 
7f5ca06f7000-7f5ca07f5000 rw-p 00000000 00:00 0 
7f5ca07f5000-7f5ca07f8000 ---p 00000000 00:00 0 
7f5ca07f8000-7f5ca08f6000 rw-p 00000000 00:00 0 
7f5ca08f6000-7f5ca08f9000 ---p 00000000 00:00 0 
7f5ca08f9000-7f5ca09f7000 rw-p 00000000 00:00 0 
7f5ca09f7000-7f5ca09fa000 ---p 00000000 00:00 0 
7f5ca09fa000-7f5ca0af8000 rw-p 00000000 00:00 0 
7f5ca0af8000-7f5ca0afb000 ---p 00000000 00:00 0 
7f5ca0afb000-7f5ca0bf9000 rw-p 00000000 00:00 0 
7f5ca0bf9000-7f5ca0bfc000 ---p 00000000 00:00 0 
7f5ca0bfc000-7f5ca0cfa000 rw-p 00000000 00:00 0 
7f5ca0cfa000-7f5ca0fd7000 r--p 00000000 08:03 67144637                   /usr/lib/locale/locale-archive
7f5ca0fd7000-7f5ca0fda000 ---p 00000000 00:00 0 
7f5ca0fda000-7f5ca10d8000 rw-p 00000000 00:00 0 
7f5ca10d8000-7f5ca10db000 ---p 00000000 00:00 0 
7f5ca10db000-7f5ca11d9000 rw-p 00000000 00:00 0 
7f5ca11d9000-7f5ca11da000 ---p 00000000 00:00 0 
7f5ca11da000-7f5ca2e79000 rw-p 00000000 00:00 0 
7f5ca2e79000-7f5ca3052000 r--s 03d1f000 08:03 71304087                   /usr/share/jdk1.8.0_91/jre/lib/rt.jar
7f5ca3052000-7f5ca4000000 rw-p 00000000 00:00 0 
7f5ca4000000-7f5ca4021000 rw-p 00000000 00:00 0 
7f5ca4021000-7f5ca8000000 ---p 00000000 00:00 0 
7f5ca8000000-7f5ca8021000 rw-p 00000000 00:00 0 
7f5ca8021000-7f5cac000000 ---p 00000000 00:00 0 
7f5cac000000-7f5cac021000 rw-p 00000000 00:00 0 
7f5cac021000-7f5cb0000000 ---p 00000000 00:00 0 
7f5cb0000000-7f5cb0021000 rw-p 00000000 00:00 0 
7f5cb0021000-7f5cb4000000 ---p 00000000 00:00 0 
7f5cb4000000-7f5cb4021000 rw-p 00000000 00:00 0 
7f5cb4021000-7f5cb8000000 ---p 00000000 00:00 0 
7f5cb8000000-7f5cb800d000 r--s 00000000 08:03 37593928                   /var/cache/fontconfig/8f02d4cb045bd6ce15663e43f347c9f8-le64.cache-6
7f5cb800d000-7f5cb89fa000 rw-p 00000000 00:00 0 
7f5cb89fa000-7f5cb89fb000 ---p 00000000 00:00 0 
7f5cb89fb000-7f5cb8afb000 rw-p 00000000 00:00 0 
7f5cb8afb000-7f5cb8afc000 ---p 00000000 00:00 0 
7f5cb8afc000-7f5cb8bfc000 rw-p 00000000 00:00 0 
7f5cb8bfc000-7f5cb8bfd000 ---p 00000000 00:00 0 
7f5cb8bfd000-7f5cb8cfd000 rw-p 00000000 00:00 0 
7f5cb8cfd000-7f5cb8cfe000 ---p 00000000 00:00 0 
7f5cb8cfe000-7f5cb8dfe000 rw-p 00000000 00:00 0 
7f5cb8dfe000-7f5cb8dff000 ---p 00000000 00:00 0 
7f5cb8dff000-7f5cb8eff000 rw-p 00000000 00:00 0 
7f5cb8eff000-7f5cb8f00000 ---p 00000000 00:00 0 
7f5cb8f00000-7f5cb9000000 rw-p 00000000 00:00 0 
7f5cb9000000-7f5cb9900000 rwxp 00000000 00:00 0 
7f5cb9900000-7f5cc8000000 ---p 00000000 00:00 0 
7f5cc8000000-7f5cc8413000 rw-p 00000000 00:00 0 
7f5cc8413000-7f5ccc000000 ---p 00000000 00:00 0 
7f5ccc000000-7f5ccc006000 r--s 00000000 08:03 37737479                   /var/cache/fontconfig/b47c4e1ecd0709278f4910c18777a504-le64.cache-6
7f5ccc006000-7f5ccc007000 ---p 00000000 00:00 0 
7f5ccc007000-7f5ccc107000 rw-p 00000000 00:00 0 
7f5ccc107000-7f5ccc108000 ---p 00000000 00:00 0 
7f5ccc108000-7f5ccc2b0000 rw-p 00000000 00:00 0 
7f5ccc2b0000-7f5cccc7c000 ---p 00000000 00:00 0 
7f5cccc7c000-7f5cccd24000 rw-p 00000000 00:00 0 
7f5cccd24000-7f5ccd6f0000 ---p 00000000 00:00 0 
7f5ccd6f0000-7f5ccd7f0000 rw-p 00000000 00:00 0 
7f5ccd7f0000-7f5ccdc2a000 ---p 00000000 00:00 0 
7f5ccdc2a000-7f5ccdc4f000 rw-p 00000000 00:00 0 
7f5ccdc4f000-7f5ccdfeb000 ---p 00000000 00:00 0 
7f5ccdfeb000-7f5cce005000 r-xp 00000000 08:03 71303463                   /usr/share/jdk1.8.0_91/jre/lib/amd64/libzip.so
7f5cce005000-7f5cce205000 ---p 0001a000 08:03 71303463                   /usr/share/jdk1.8.0_91/jre/lib/amd64/libzip.so
7f5cce205000-7f5cce206000 rw-p 0001a000 08:03 71303463                   /usr/share/jdk1.8.0_91/jre/lib/amd64/libzip.so
7f5cce206000-7f5cce230000 r-xp 00000000 08:03 71174144                   /usr/share/jdk1.8.0_91/jre/lib/amd64/libjava.so
7f5cce230000-7f5cce430000 ---p 0002a000 08:03 71174144                   /usr/share/jdk1.8.0_91/jre/lib/amd64/libjava.so
7f5cce430000-7f5cce432000 rw-p 0002a000 08:03 71174144                   /usr/share/jdk1.8.0_91/jre/lib/amd64/libjava.so
7f5cce432000-7f5cce43f000 r-xp 00000000 08:03 71303472                   /usr/share/jdk1.8.0_91/jre/lib/amd64/libverify.so
7f5cce43f000-7f5cce63f000 ---p 0000d000 08:03 71303472                   /usr/share/jdk1.8.0_91/jre/lib/amd64/libverify.so
7f5cce63f000-7f5cce641000 rw-p 0000d000 08:03 71303472                   /usr/share/jdk1.8.0_91/jre/lib/amd64/libverify.so
7f5cce641000-7f5cce648000 r-xp 00000000 08:03 33570494                   /lib/x86_64-linux-gnu/librt-2.23.so
7f5cce648000-7f5cce847000 ---p 00007000 08:03 33570494                   /lib/x86_64-linux-gnu/librt-2.23.so
7f5cce847000-7f5cce848000 r--p 00006000 08:03 33570494                   /lib/x86_64-linux-gnu/librt-2.23.so
7f5cce848000-7f5cce849000 rw-p 00007000 08:03 33570494                   /lib/x86_64-linux-gnu/librt-2.23.so
7f5cce849000-7f5cce951000 r-xp 00000000 08:03 33570506                   /lib/x86_64-linux-gnu/libm-2.23.so
7f5cce951000-7f5cceb50000 ---p 00108000 08:03 33570506                   /lib/x86_64-linux-gnu/libm-2.23.so
7f5cceb50000-7f5cceb51000 r--p 00107000 08:03 33570506                   /lib/x86_64-linux-gnu/libm-2.23.so
7f5cceb51000-7f5cceb52000 rw-p 00108000 08:03 33570506                   /lib/x86_64-linux-gnu/libm-2.23.so
7f5cceb52000-7f5ccf812000 r-xp 00000000 08:03 2682248                    /usr/share/jdk1.8.0_91/jre/lib/amd64/server/libjvm.so
7f5ccf812000-7f5ccfa12000 ---p 00cc0000 08:03 2682248                    /usr/share/jdk1.8.0_91/jre/lib/amd64/server/libjvm.so
7f5ccfa12000-7f5ccfaea000 rw-p 00cc0000 08:03 2682248                    /usr/share/jdk1.8.0_91/jre/lib/amd64/server/libjvm.so
7f5ccfaea000-7f5ccfb35000 rw-p 00000000 00:00 0 
7f5ccfb35000-7f5ccfcf5000 r-xp 00000000 08:03 33570512                   /lib/x86_64-linux-gnu/libc-2.23.so
7f5ccfcf5000-7f5ccfef5000 ---p 001c0000 08:03 33570512                   /lib/x86_64-linux-gnu/libc-2.23.so
7f5ccfef5000-7f5ccfef9000 r--p 001c0000 08:03 33570512                   /lib/x86_64-linux-gnu/libc-2.23.so
7f5ccfef9000-7f5ccfefb000 rw-p 001c4000 08:03 33570512                   /lib/x86_64-linux-gnu/libc-2.23.so
7f5ccfefb000-7f5ccfeff000 rw-p 00000000 00:00 0 
7f5ccfeff000-7f5ccff02000 r-xp 00000000 08:03 33570500                   /lib/x86_64-linux-gnu/libdl-2.23.so
7f5ccff02000-7f5cd0101000 ---p 00003000 08:03 33570500                   /lib/x86_64-linux-gnu/libdl-2.23.so
7f5cd0101000-7f5cd0102000 r--p 00002000 08:03 33570500                   /lib/x86_64-linux-gnu/libdl-2.23.so
7f5cd0102000-7f5cd0103000 rw-p 00003000 08:03 33570500                   /lib/x86_64-linux-gnu/libdl-2.23.so
7f5cd0103000-7f5cd0118000 r-xp 00000000 08:03 38453224                   /usr/share/jdk1.8.0_91/lib/amd64/jli/libjli.so
7f5cd0118000-7f5cd0318000 ---p 00015000 08:03 38453224                   /usr/share/jdk1.8.0_91/lib/amd64/jli/libjli.so
7f5cd0318000-7f5cd0319000 rw-p 00015000 08:03 38453224                   /usr/share/jdk1.8.0_91/lib/amd64/jli/libjli.so
7f5cd0319000-7f5cd0331000 r-xp 00000000 08:03 33570491                   /lib/x86_64-linux-gnu/libpthread-2.23.so
7f5cd0331000-7f5cd0530000 ---p 00018000 08:03 33570491                   /lib/x86_64-linux-gnu/libpthread-2.23.so
7f5cd0530000-7f5cd0531000 r--p 00017000 08:03 33570491                   /lib/x86_64-linux-gnu/libpthread-2.23.so
7f5cd0531000-7f5cd0532000 rw-p 00018000 08:03 33570491                   /lib/x86_64-linux-gnu/libpthread-2.23.so
7f5cd0532000-7f5cd0536000 rw-p 00000000 00:00 0 
7f5cd0536000-7f5cd055c000 r-xp 00000000 08:03 33569962                   /lib/x86_64-linux-gnu/ld-2.23.so
7f5cd055c000-7f5cd055d000 r--s 00000000 08:03 37737489                   /var/cache/fontconfig/dc05db6664285cc2f12bf69c139ae4c3-le64.cache-6
7f5cd055d000-7f5cd055e000 r--s 00000000 08:03 37737487                   /var/cache/fontconfig/4794a0821666d79190d59a36cb4f44b5-le64.cache-6
7f5cd055e000-7f5cd055f000 r--s 00000000 08:03 37737484                   /var/cache/fontconfig/bab58bb527bb656aaa9f116d68a48d89-le64.cache-6
7f5cd055f000-7f5cd0560000 r--s 00000000 08:03 37737481                   /var/cache/fontconfig/56cf4f4769d0f4abc89a4895d7bd3ae1-le64.cache-6
7f5cd0560000-7f5cd0561000 r--s 00000000 08:03 37737480                   /var/cache/fontconfig/b9d506c9ac06c20b433354fa67a72993-le64.cache-6
7f5cd0561000-7f5cd0562000 r--s 00000000 08:03 37737477                   /var/cache/fontconfig/551ecf3b0e8b0bca0f25c0944f561853-le64.cache-6
7f5cd0562000-7f5cd05ff000 rw-p 00000000 00:00 0 
7f5cd05ff000-7f5cd0634000 r--s 00000000 08:03 36752293                   /var/cache/nscd/passwd
7f5cd0634000-7f5cd0637000 ---p 00000000 00:00 0 
7f5cd0637000-7f5cd0739000 rw-p 00000000 00:00 0 
7f5cd0739000-7f5cd073a000 r--s 00000000 08:03 37737475                   /var/cache/fontconfig/30829fa25452a46451e813d634d7f916-le64.cache-6
7f5cd073a000-7f5cd073b000 r--s 00000000 08:03 37737513                   /var/cache/fontconfig/0c9eb80ebd1c36541ebe2852d3bb0c49-le64.cache-6
7f5cd073b000-7f5cd073e000 r--s 00000000 08:03 37737473                   /var/cache/fontconfig/75114ca45c98e8a441da0ff356701271-le64.cache-6
7f5cd073e000-7f5cd0742000 r--s 00000000 08:03 37737502                   /var/cache/fontconfig/7ef2298fde41cc6eeb7af42e48b7d293-le64.cache-6
7f5cd0742000-7f5cd0744000 r--s 00000000 08:03 37593929                   /var/cache/fontconfig/16326683038b281783a0ef8c680e3a10-le64.cache-6
7f5cd0744000-7f5cd0745000 r--s 00000000 08:03 37593927                   /var/cache/fontconfig/e0aa53bcfa504e64f87823c16bc01eb6-le64.cache-6
7f5cd0745000-7f5cd0746000 r--s 00008000 08:03 82441433                   /opt/eclipse/plugins/org.eclipse.fx.ide.css.jfx8_2.4.0.201605112122.jar
7f5cd0746000-7f5cd0747000 rw-s 00000000 00:05 1797930                    /memfd:xshmfence (deleted)
7f5cd0747000-7f5cd0748000 rw-s 125f17000 00:06 330                       /dev/dri/card0
7f5cd0748000-7f5cd074f000 r--s 00000000 08:03 309579                     /usr/lib/x86_64-linux-gnu/gconv/gconv-modules.cache
7f5cd074f000-7f5cd0757000 rw-s 00000000 08:06 67109365                   /tmp/hsperfdata_ribb0001/6948
7f5cd0757000-7f5cd0758000 rw-p 00000000 00:00 0 
7f5cd0758000-7f5cd0759000 r--p 00000000 00:00 0 
7f5cd0759000-7f5cd075b000 rw-p 00000000 00:00 0 
7f5cd075b000-7f5cd075c000 r--p 00025000 08:03 33569962                   /lib/x86_64-linux-gnu/ld-2.23.so
7f5cd075c000-7f5cd075d000 rw-p 00026000 08:03 33569962                   /lib/x86_64-linux-gnu/ld-2.23.so
7f5cd075d000-7f5cd075e000 rw-p 00000000 00:00 0 
7fff37270000-7fff37291000 rw-p 00000000 00:00 0                          [stack]
7fff3734a000-7fff3734c000 r--p 00000000 00:00 0                          [vvar]
7fff3734c000-7fff3734e000 r-xp 00000000 00:00 0                          [vdso]
ffffffffff600000-ffffffffff601000 r-xp 00000000 00:00 0                  [vsyscall]

VM Arguments:
jvm_args: -Dfile.encoding=UTF-8 
java_command: quota.Main
java_class_path (initial): /home/Etudiants/ribb0001/workspace/Quota/bin:/opt/eclipse/plugins/org.eclipse.fx.ide.css.jfx8_2.4.0.201605112122.jar
Launcher Type: SUN_STANDARD

Environment Variables:
JAVA_HOME=/usr/share/jdk1.8.0_91/
PATH=/opt/oracle/instantclient_12_1:/usr/local/sbin:/usr/local/bin:/usr/sbin:/usr/bin:/sbin:/bin:/usr/games:/usr/local/games:/opt/android-sdk/tools:/opt/android-sdk/platform-tools:/snap/bin:/usr/share/jdk1.8.0_91/bin/
LD_LIBRARY_PATH=/opt/oracle/instantclient_12_1:
SHELL=/bin/bash
DISPLAY=:0.0

Signal Handlers:
SIGSEGV: [libjvm.so+0xabca10], sa_mask[0]=11111111011111111101111111111110, sa_flags=SA_RESTART|SA_SIGINFO
SIGBUS: [libjvm.so+0xabca10], sa_mask[0]=11111111011111111101111111111110, sa_flags=SA_RESTART|SA_SIGINFO
SIGFPE: [libjvm.so+0x919a20], sa_mask[0]=11111111011111111101111111111110, sa_flags=SA_RESTART|SA_SIGINFO
SIGPIPE: SIG_IGN, sa_mask[0]=00000000000010000000000000000000, sa_flags=SA_RESTART
SIGXFSZ: [libjvm.so+0x919a20], sa_mask[0]=11111111011111111101111111111110, sa_flags=SA_RESTART|SA_SIGINFO
SIGILL: [libjvm.so+0x919a20], sa_mask[0]=11111111011111111101111111111110, sa_flags=SA_RESTART|SA_SIGINFO
SIGUSR1: SIG_DFL, sa_mask[0]=00000000000000000000000000000000, sa_flags=none
SIGUSR2: [libjvm.so+0x91b050], sa_mask[0]=00100000000000000000000000000000, sa_flags=SA_RESTART|SA_SIGINFO
SIGHUP: [libjvm.so+0x91c450], sa_mask[0]=11111111011111111101111111111110, sa_flags=SA_RESTART|SA_SIGINFO
SIGINT: [libjvm.so+0x91c450], sa_mask[0]=11111111011111111101111111111110, sa_flags=SA_RESTART|SA_SIGINFO
SIGTERM: [libjvm.so+0x91c450], sa_mask[0]=11111111011111111101111111111110, sa_flags=SA_RESTART|SA_SIGINFO
SIGQUIT: [libjvm.so+0x91c450], sa_mask[0]=11111111011111111101111111111110, sa_flags=SA_RESTART|SA_SIGINFO


---------------  S Y S T E M  ---------------

OS:DISTRIB_ID=Ubuntu
DISTRIB_RELEASE=16.04
DISTRIB_CODENAME=xenial
DISTRIB_DESCRIPTION="Ubuntu 16.04.3 LTS"

uname:Linux 4.4.0-98-generic #121-Ubuntu SMP Tue Oct 10 14:24:03 UTC 2017 x86_64
libc:glibc 2.23 NPTL 2.23 
rlimit: STACK 8192k, CORE 0k, NPROC 128270, NOFILE 1048576, AS infinity
load average:1,89 2,69 4,93

/proc/meminfo:
MemTotal:       32877824 kB
MemFree:        22546736 kB
MemAvailable:   23993052 kB
Buffers:            2328 kB
Cached:          1662884 kB
SwapCached:            0 kB
Active:          8900864 kB
Inactive:         729044 kB
Active(anon):    7965744 kB
Inactive(anon):    55992 kB
Active(file):     935120 kB
Inactive(file):   673052 kB
Unevictable:          32 kB
Mlocked:              32 kB
SwapTotal:       3998716 kB
SwapFree:        3998716 kB
Dirty:                72 kB
Writeback:             0 kB
AnonPages:       7970888 kB
Mapped:           395032 kB
Shmem:             57040 kB
Slab:             304276 kB
SReclaimable:     242440 kB
SUnreclaim:        61836 kB
KernelStack:       13184 kB
PageTables:        49064 kB
NFS_Unstable:          0 kB
Bounce:                0 kB
WritebackTmp:          0 kB
CommitLimit:    20437628 kB
Committed_AS:    8726496 kB
VmallocTotal:   34359738367 kB
VmallocUsed:           0 kB
VmallocChunk:          0 kB
HardwareCorrupted:     0 kB
AnonHugePages:   2353152 kB
CmaTotal:              0 kB
CmaFree:               0 kB
HugePages_Total:       0
HugePages_Free:        0
HugePages_Rsvd:        0
HugePages_Surp:        0
Hugepagesize:       2048 kB
DirectMap4k:      127336 kB
DirectMap2M:     6094848 kB
DirectMap1G:    28311552 kB


CPU:total 8 (4 cores per cpu, 2 threads per core) family 6 model 94 stepping 3, cmov, cx8, fxsr, mmx, sse, sse2, sse3, ssse3, sse4.1, sse4.2, popcnt, avx, avx2, aes, clmul, erms, rtm, 3dnowpref, lzcnt, ht, tsc, tscinvbit, bmi1, bmi2, adx

/proc/cpuinfo:
processor	: 0
vendor_id	: GenuineIntel
cpu family	: 6
model		: 94
model name	: Intel(R) Core(TM) i7-6700 CPU @ 3.40GHz
stepping	: 3
microcode	: 0xb2
cpu MHz		: 3712.640
cache size	: 8192 KB
physical id	: 0
siblings	: 8
core id		: 0
cpu cores	: 4
apicid		: 0
initial apicid	: 0
fpu		: yes
fpu_exception	: yes
cpuid level	: 22
wp		: yes
flags		: fpu vme de pse tsc msr pae mce cx8 apic sep mtrr pge mca cmov pat pse36 clflush dts acpi mmx fxsr sse sse2 ss ht tm pbe syscall nx pdpe1gb rdtscp lm constant_tsc art arch_perfmon pebs bts rep_good nopl xtopology nonstop_tsc aperfmperf eagerfpu pni pclmulqdq dtes64 monitor ds_cpl vmx smx est tm2 ssse3 sdbg fma cx16 xtpr pdcm pcid sse4_1 sse4_2 x2apic movbe popcnt tsc_deadline_timer aes xsave avx f16c rdrand lahf_lm abm 3dnowprefetch epb intel_pt tpr_shadow vnmi flexpriority ept vpid fsgsbase tsc_adjust bmi1 hle avx2 smep bmi2 erms invpcid rtm mpx rdseed adx smap clflushopt xsaveopt xsavec xgetbv1 dtherm ida arat pln pts hwp hwp_notify hwp_act_window hwp_epp
bugs		:
bogomips	: 6816.61
clflush size	: 64
cache_alignment	: 64
address sizes	: 39 bits physical, 48 bits virtual
power management:

processor	: 1
vendor_id	: GenuineIntel
cpu family	: 6
model		: 94
model name	: Intel(R) Core(TM) i7-6700 CPU @ 3.40GHz
stepping	: 3
microcode	: 0xb2
cpu MHz		: 3699.890
cache size	: 8192 KB
physical id	: 0
siblings	: 8
core id		: 1
cpu cores	: 4
apicid		: 2
initial apicid	: 2
fpu		: yes
fpu_exception	: yes
cpuid level	: 22
wp		: yes
flags		: fpu vme de pse tsc msr pae mce cx8 apic sep mtrr pge mca cmov pat pse36 clflush dts acpi mmx fxsr sse sse2 ss ht tm pbe syscall nx pdpe1gb rdtscp lm constant_tsc art arch_perfmon pebs bts rep_good nopl xtopology nonstop_tsc aperfmperf eagerfpu pni pclmulqdq dtes64 monitor ds_cpl vmx smx est tm2 ssse3 sdbg fma cx16 xtpr pdcm pcid sse4_1 sse4_2 x2apic movbe popcnt tsc_deadline_timer aes xsave avx f16c rdrand lahf_lm abm 3dnowprefetch epb intel_pt tpr_shadow vnmi flexpriority ept vpid fsgsbase tsc_adjust bmi1 hle avx2 smep bmi2 erms invpcid rtm mpx rdseed adx smap clflushopt xsaveopt xsavec xgetbv1 dtherm ida arat pln pts hwp hwp_notify hwp_act_window hwp_epp
bugs		:
bogomips	: 6816.61
clflush size	: 64
cache_alignment	: 64
address sizes	: 39 bits physical, 48 bits virtual
power management:

processor	: 2
vendor_id	: GenuineIntel
cpu family	: 6
model		: 94
model name	: Intel(R) Core(TM) i7-6700 CPU @ 3.40GHz
stepping	: 3
microcode	: 0xb2
cpu MHz		: 3701.351
cache size	: 8192 KB
physical id	: 0
siblings	: 8
core id		: 2
cpu cores	: 4
apicid		: 4
initial apicid	: 4
fpu		: yes
fpu_exception	: yes
cpuid level	: 22
wp		: yes
flags		: fpu vme de pse tsc msr pae mce cx8 apic sep mtrr pge mca cmov pat pse36 clflush dts acpi mmx fxsr sse sse2 ss ht tm pbe syscall nx pdpe1gb rdtscp lm constant_tsc art arch_perfmon pebs bts rep_good nopl xtopology nonstop_tsc aperfmperf eagerfpu pni pclmulqdq dtes64 monitor ds_cpl vmx smx est tm2 ssse3 sdbg fma cx16 xtpr pdcm pcid sse4_1 sse4_2 x2apic movbe popcnt tsc_deadline_timer aes xsave avx f16c rdrand lahf_lm abm 3dnowprefetch epb intel_pt tpr_shadow vnmi flexpriority ept vpid fsgsbase tsc_adjust bmi1 hle avx2 smep bmi2 erms invpcid rtm mpx rdseed adx smap clflushopt xsaveopt xsavec xgetbv1 dtherm ida arat pln pts hwp hwp_notify hwp_act_window hwp_epp
bugs		:
bogomips	: 6816.61
clflush size	: 64
cache_alignment	: 64
address sizes	: 39 bits physical, 48 bits virtual
power management:

processor	: 3
vendor_id	: GenuineIntel
cpu family	: 6
model		: 94
model name	: Intel(R) Core(TM) i7-6700 CPU @ 3.40GHz
stepping	: 3
microcode	: 0xb2
cpu MHz		: 3712.109
cache size	: 8192 KB
physical id	: 0
siblings	: 8
core id		: 3
cpu cores	: 4
apicid		: 6
initial apicid	: 6
fpu		: yes
fpu_exception	: yes
cpuid level	: 22
wp		: yes
flags		: fpu vme de pse tsc msr pae mce cx8 apic sep mtrr pge mca cmov pat pse36 clflush dts acpi mmx fxsr sse sse2 ss ht tm pbe syscall nx pdpe1gb rdtscp lm constant_tsc art arch_perfmon pebs bts rep_good nopl xtopology nonstop_tsc aperfmperf eagerfpu pni pclmulqdq dtes64 monitor ds_cpl vmx smx est tm2 ssse3 sdbg fma cx16 xtpr pdcm pcid sse4_1 sse4_2 x2apic movbe popcnt tsc_deadline_timer aes xsave avx f16c rdrand lahf_lm abm 3dnowprefetch epb intel_pt tpr_shadow vnmi flexpriority ept vpid fsgsbase tsc_adjust bmi1 hle avx2 smep bmi2 erms invpcid rtm mpx rdseed adx smap clflushopt xsaveopt xsavec xgetbv1 dtherm ida arat pln pts hwp hwp_notify hwp_act_window hwp_epp
bugs		:
bogomips	: 6816.61
clflush size	: 64
cache_alignment	: 64
address sizes	: 39 bits physical, 48 bits virtual
power management:

processor	: 4
vendor_id	: GenuineIntel
cpu family	: 6
model		: 94
model name	: Intel(R) Core(TM) i7-6700 CPU @ 3.40GHz
stepping	: 3
microcode	: 0xb2
cpu MHz		: 3700.953
cache size	: 8192 KB
physical id	: 0
siblings	: 8
core id		: 0
cpu cores	: 4
apicid		: 1
initial apicid	: 1
fpu		: yes
fpu_exception	: yes
cpuid level	: 22
wp		: yes
flags		: fpu vme de pse tsc msr pae mce cx8 apic sep mtrr pge mca cmov pat pse36 clflush dts acpi mmx fxsr sse sse2 ss ht tm pbe syscall nx pdpe1gb rdtscp lm constant_tsc art arch_perfmon pebs bts rep_good nopl xtopology nonstop_tsc aperfmperf eagerfpu pni pclmulqdq dtes64 monitor ds_cpl vmx smx est tm2 ssse3 sdbg fma cx16 xtpr pdcm pcid sse4_1 sse4_2 x2apic movbe popcnt tsc_deadline_timer aes xsave avx f16c rdrand lahf_lm abm 3dnowprefetch epb intel_pt tpr_shadow vnmi flexpriority ept vpid fsgsbase tsc_adjust bmi1 hle avx2 smep bmi2 erms invpcid rtm mpx rdseed adx smap clflushopt xsaveopt xsavec xgetbv1 dtherm ida arat pln pts hwp hwp_notify hwp_act_window hwp_epp
bugs		:
bogomips	: 6816.61
clflush size	: 64
cache_alignment	: 64
address sizes	: 39 bits physical, 48 bits virtual
power management:

processor	: 5
vendor_id	: GenuineIntel
cpu family	: 6
model		: 94
model name	: Intel(R) Core(TM) i7-6700 CPU @ 3.40GHz
stepping	: 3
microcode	: 0xb2
cpu MHz		: 3711.179
cache size	: 8192 KB
physical id	: 0
siblings	: 8
core id		: 1
cpu cores	: 4
apicid		: 3
initial apicid	: 3
fpu		: yes
fpu_exception	: yes
cpuid level	: 22
wp		: yes
flags		: fpu vme de pse tsc msr pae mce cx8 apic sep mtrr pge mca cmov pat pse36 clflush dts acpi mmx fxsr sse sse2 ss ht tm pbe syscall nx pdpe1gb rdtscp lm constant_tsc art arch_perfmon pebs bts rep_good nopl xtopology nonstop_tsc aperfmperf eagerfpu pni pclmulqdq dtes64 monitor ds_cpl vmx smx est tm2 ssse3 sdbg fma cx16 xtpr pdcm pcid sse4_1 sse4_2 x2apic movbe popcnt tsc_deadline_timer aes xsave avx f16c rdrand lahf_lm abm 3dnowprefetch epb intel_pt tpr_shadow vnmi flexpriority ept vpid fsgsbase tsc_adjust bmi1 hle avx2 smep bmi2 erms invpcid rtm mpx rdseed adx smap clflushopt xsaveopt xsavec xgetbv1 dtherm ida arat pln pts hwp hwp_notify hwp_act_window hwp_epp
bugs		:
bogomips	: 6816.61
clflush size	: 64
cache_alignment	: 64
address sizes	: 39 bits physical, 48 bits virtual
power management:

processor	: 6
vendor_id	: GenuineIntel
cpu family	: 6
model		: 94
model name	: Intel(R) Core(TM) i7-6700 CPU @ 3.40GHz
stepping	: 3
microcode	: 0xb2
cpu MHz		: 3700.953
cache size	: 8192 KB
physical id	: 0
siblings	: 8
core id		: 2
cpu cores	: 4
apicid		: 5
initial apicid	: 5
fpu		: yes
fpu_exception	: yes
cpuid level	: 22
wp		: yes
flags		: fpu vme de pse tsc msr pae mce cx8 apic sep mtrr pge mca cmov pat pse36 clflush dts acpi mmx fxsr sse sse2 ss ht tm pbe syscall nx pdpe1gb rdtscp lm constant_tsc art arch_perfmon pebs bts rep_good nopl xtopology nonstop_tsc aperfmperf eagerfpu pni pclmulqdq dtes64 monitor ds_cpl vmx smx est tm2 ssse3 sdbg fma cx16 xtpr pdcm pcid sse4_1 sse4_2 x2apic movbe popcnt tsc_deadline_timer aes xsave avx f16c rdrand lahf_lm abm 3dnowprefetch epb intel_pt tpr_shadow vnmi flexpriority ept vpid fsgsbase tsc_adjust bmi1 hle avx2 smep bmi2 erms invpcid rtm mpx rdseed adx smap clflushopt xsaveopt xsavec xgetbv1 dtherm ida arat pln pts hwp hwp_notify hwp_act_window hwp_epp
bugs		:
bogomips	: 6816.61
clflush size	: 64
cache_alignment	: 64
address sizes	: 39 bits physical, 48 bits virtual
power management:

processor	: 7
vendor_id	: GenuineIntel
cpu family	: 6
model		: 94
model name	: Intel(R) Core(TM) i7-6700 CPU @ 3.40GHz
stepping	: 3
microcode	: 0xb2
cpu MHz		: 3756.601
cache size	: 8192 KB
physical id	: 0
siblings	: 8
core id		: 3
cpu cores	: 4
apicid		: 7
initial apicid	: 7
fpu		: yes
fpu_exception	: yes
cpuid level	: 22
wp		: yes
flags		: fpu vme de pse tsc msr pae mce cx8 apic sep mtrr pge mca cmov pat pse36 clflush dts acpi mmx fxsr sse sse2 ss ht tm pbe syscall nx pdpe1gb rdtscp lm constant_tsc art arch_perfmon pebs bts rep_good nopl xtopology nonstop_tsc aperfmperf eagerfpu pni pclmulqdq dtes64 monitor ds_cpl vmx smx est tm2 ssse3 sdbg fma cx16 xtpr pdcm pcid sse4_1 sse4_2 x2apic movbe popcnt tsc_deadline_timer aes xsave avx f16c rdrand lahf_lm abm 3dnowprefetch epb intel_pt tpr_shadow vnmi flexpriority ept vpid fsgsbase tsc_adjust bmi1 hle avx2 smep bmi2 erms invpcid rtm mpx rdseed adx smap clflushopt xsaveopt xsavec xgetbv1 dtherm ida arat pln pts hwp hwp_notify hwp_act_window hwp_epp
bugs		:
bogomips	: 6816.61
clflush size	: 64
cache_alignment	: 64
address sizes	: 39 bits physical, 48 bits virtual
power management:



Memory: 4k page, physical 32877824k(22546736k free), swap 3998716k(3998716k free)

vm_info: Java HotSpot(TM) 64-Bit Server VM (25.91-b14) for linux-amd64 JRE (1.8.0_91-b14), built on Apr  1 2016 00:57:21 by "java_re" with gcc 4.3.0 20080428 (Red Hat 4.3.0-8)

time: Fri Nov 17 09:24:13 2017
elapsed time: 5 seconds (0d 0h 0m 5s)

